C:\Program Files (x86)\Microsoft Visual Studio\2019\Enterprise\MSBuild\Microsoft\VC\v160\Microsoft.CppBuild.targets(491,5): warning MSB8028: The intermediate directory (Debug_LIB\) contains files shared from another project (acctst.vcxproj, ca.vcxproj, caconntest.vcxproj, caRepeater.vcxproj, casw.vcxproj, catime.vcxproj).  This can lead to incorrect clean and rebuild behavior.
  caEventRate.cpp
  caEventRateMain.cpp
  Generating Code...
ca.lib(access.obj) : warning LNK4099: PDB 'cavc142.pdb' was not found with 'ca.lib(access.obj)' or at 'C:\Users\ktn98257\repos\epics.dotnet\Debug_LIB\cavc142.pdb'; linking object as if no debug info
ca.lib(baseNMIU.obj) : warning LNK4099: PDB 'cavc142.pdb' was not found with 'ca.lib(baseNMIU.obj)' or at 'C:\Users\ktn98257\repos\epics.dotnet\Debug_LIB\cavc142.pdb'; linking object as if no debug info
ca.lib(bhe.obj) : warning LNK4099: PDB 'cavc142.pdb' was not found with 'ca.lib(bhe.obj)' or at 'C:\Users\ktn98257\repos\epics.dotnet\Debug_LIB\cavc142.pdb'; linking object as if no debug info
ca.lib(cac.obj) : warning LNK4099: PDB 'cavc142.pdb' was not found with 'ca.lib(cac.obj)' or at 'C:\Users\ktn98257\repos\epics.dotnet\Debug_LIB\cavc142.pdb'; linking object as if no debug info
ca.lib(cacChannel.obj) : warning LNK4099: PDB 'cavc142.pdb' was not found with 'ca.lib(cacChannel.obj)' or at 'C:\Users\ktn98257\repos\epics.dotnet\Debug_LIB\cavc142.pdb'; linking object as if no debug info
ca.lib(cacChannelNotify.obj) : warning LNK4099: PDB 'cavc142.pdb' was not found with 'ca.lib(cacChannelNotify.obj)' or at 'C:\Users\ktn98257\repos\epics.dotnet\Debug_LIB\cavc142.pdb'; linking object as if no debug info
ca.lib(cacContextNotify.obj) : warning LNK4099: PDB 'cavc142.pdb' was not found with 'ca.lib(cacContextNotify.obj)' or at 'C:\Users\ktn98257\repos\epics.dotnet\Debug_LIB\cavc142.pdb'; linking object as if no debug info
ca.lib(cacReadNotify.obj) : warning LNK4099: PDB 'cavc142.pdb' was not found with 'ca.lib(cacReadNotify.obj)' or at 'C:\Users\ktn98257\repos\epics.dotnet\Debug_LIB\cavc142.pdb'; linking object as if no debug info
ca.lib(cacStateNotify.obj) : warning LNK4099: PDB 'cavc142.pdb' was not found with 'ca.lib(cacStateNotify.obj)' or at 'C:\Users\ktn98257\repos\epics.dotnet\Debug_LIB\cavc142.pdb'; linking object as if no debug info
ca.lib(cacWriteNotify.obj) : warning LNK4099: PDB 'cavc142.pdb' was not found with 'ca.lib(cacWriteNotify.obj)' or at 'C:\Users\ktn98257\repos\epics.dotnet\Debug_LIB\cavc142.pdb'; linking object as if no debug info
ca.lib(CASG.obj) : warning LNK4099: PDB 'cavc142.pdb' was not found with 'ca.lib(CASG.obj)' or at 'C:\Users\ktn98257\repos\epics.dotnet\Debug_LIB\cavc142.pdb'; linking object as if no debug info
ca.lib(ca_client_context.obj) : warning LNK4099: PDB 'cavc142.pdb' was not found with 'ca.lib(ca_client_context.obj)' or at 'C:\Users\ktn98257\repos\epics.dotnet\Debug_LIB\cavc142.pdb'; linking object as if no debug info
ca.lib(comBuf.obj) : warning LNK4099: PDB 'cavc142.pdb' was not found with 'ca.lib(comBuf.obj)' or at 'C:\Users\ktn98257\repos\epics.dotnet\Debug_LIB\cavc142.pdb'; linking object as if no debug info
ca.lib(comQueRecv.obj) : warning LNK4099: PDB 'cavc142.pdb' was not found with 'ca.lib(comQueRecv.obj)' or at 'C:\Users\ktn98257\repos\epics.dotnet\Debug_LIB\cavc142.pdb'; linking object as if no debug info
ca.lib(comQueSend.obj) : warning LNK4099: PDB 'cavc142.pdb' was not found with 'ca.lib(comQueSend.obj)' or at 'C:\Users\ktn98257\repos\epics.dotnet\Debug_LIB\cavc142.pdb'; linking object as if no debug info
ca.lib(convert.obj) : warning LNK4099: PDB 'cavc142.pdb' was not found with 'ca.lib(convert.obj)' or at 'C:\Users\ktn98257\repos\epics.dotnet\Debug_LIB\cavc142.pdb'; linking object as if no debug info
ca.lib(disconnectGovernorTimer.obj) : warning LNK4099: PDB 'cavc142.pdb' was not found with 'ca.lib(disconnectGovernorTimer.obj)' or at 'C:\Users\ktn98257\repos\epics.dotnet\Debug_LIB\cavc142.pdb'; linking object as if no debug info
ca.lib(getCallback.obj) : warning LNK4099: PDB 'cavc142.pdb' was not found with 'ca.lib(getCallback.obj)' or at 'C:\Users\ktn98257\repos\epics.dotnet\Debug_LIB\cavc142.pdb'; linking object as if no debug info
ca.lib(getCopy.obj) : warning LNK4099: PDB 'cavc142.pdb' was not found with 'ca.lib(getCopy.obj)' or at 'C:\Users\ktn98257\repos\epics.dotnet\Debug_LIB\cavc142.pdb'; linking object as if no debug info
ca.lib(hostNameCache.obj) : warning LNK4099: PDB 'cavc142.pdb' was not found with 'ca.lib(hostNameCache.obj)' or at 'C:\Users\ktn98257\repos\epics.dotnet\Debug_LIB\cavc142.pdb'; linking object as if no debug info
ca.lib(iocinf.obj) : warning LNK4099: PDB 'cavc142.pdb' was not found with 'ca.lib(iocinf.obj)' or at 'C:\Users\ktn98257\repos\epics.dotnet\Debug_LIB\cavc142.pdb'; linking object as if no debug info
ca.lib(localHostName.obj) : warning LNK4099: PDB 'cavc142.pdb' was not found with 'ca.lib(localHostName.obj)' or at 'C:\Users\ktn98257\repos\epics.dotnet\Debug_LIB\cavc142.pdb'; linking object as if no debug info
ca.lib(msgForMultiplyDefinedPV.obj) : warning LNK4099: PDB 'cavc142.pdb' was not found with 'ca.lib(msgForMultiplyDefinedPV.obj)' or at 'C:\Users\ktn98257\repos\epics.dotnet\Debug_LIB\cavc142.pdb'; linking object as if no debug info
ca.lib(nciu.obj) : warning LNK4099: PDB 'cavc142.pdb' was not found with 'ca.lib(nciu.obj)' or at 'C:\Users\ktn98257\repos\epics.dotnet\Debug_LIB\cavc142.pdb'; linking object as if no debug info
ca.lib(netiiu.obj) : warning LNK4099: PDB 'cavc142.pdb' was not found with 'ca.lib(netiiu.obj)' or at 'C:\Users\ktn98257\repos\epics.dotnet\Debug_LIB\cavc142.pdb'; linking object as if no debug info
ca.lib(netReadNotifyIO.obj) : warning LNK4099: PDB 'cavc142.pdb' was not found with 'ca.lib(netReadNotifyIO.obj)' or at 'C:\Users\ktn98257\repos\epics.dotnet\Debug_LIB\cavc142.pdb'; linking object as if no debug info
ca.lib(netSubscription.obj) : warning LNK4099: PDB 'cavc142.pdb' was not found with 'ca.lib(netSubscription.obj)' or at 'C:\Users\ktn98257\repos\epics.dotnet\Debug_LIB\cavc142.pdb'; linking object as if no debug info
ca.lib(netWriteNotifyIO.obj) : warning LNK4099: PDB 'cavc142.pdb' was not found with 'ca.lib(netWriteNotifyIO.obj)' or at 'C:\Users\ktn98257\repos\epics.dotnet\Debug_LIB\cavc142.pdb'; linking object as if no debug info
ca.lib(noopiiu.obj) : warning LNK4099: PDB 'cavc142.pdb' was not found with 'ca.lib(noopiiu.obj)' or at 'C:\Users\ktn98257\repos\epics.dotnet\Debug_LIB\cavc142.pdb'; linking object as if no debug info
ca.lib(oldChannelNotify.obj) : warning LNK4099: PDB 'cavc142.pdb' was not found with 'ca.lib(oldChannelNotify.obj)' or at 'C:\Users\ktn98257\repos\epics.dotnet\Debug_LIB\cavc142.pdb'; linking object as if no debug info
ca.lib(oldSubscription.obj) : warning LNK4099: PDB 'cavc142.pdb' was not found with 'ca.lib(oldSubscription.obj)' or at 'C:\Users\ktn98257\repos\epics.dotnet\Debug_LIB\cavc142.pdb'; linking object as if no debug info
ca.lib(putCallback.obj) : warning LNK4099: PDB 'cavc142.pdb' was not found with 'ca.lib(putCallback.obj)' or at 'C:\Users\ktn98257\repos\epics.dotnet\Debug_LIB\cavc142.pdb'; linking object as if no debug info
ca.lib(repeater.obj) : warning LNK4099: PDB 'cavc142.pdb' was not found with 'ca.lib(repeater.obj)' or at 'C:\Users\ktn98257\repos\epics.dotnet\Debug_LIB\cavc142.pdb'; linking object as if no debug info
ca.lib(repeaterSubscribeTimer.obj) : warning LNK4099: PDB 'cavc142.pdb' was not found with 'ca.lib(repeaterSubscribeTimer.obj)' or at 'C:\Users\ktn98257\repos\epics.dotnet\Debug_LIB\cavc142.pdb'; linking object as if no debug info
ca.lib(searchTimer.obj) : warning LNK4099: PDB 'cavc142.pdb' was not found with 'ca.lib(searchTimer.obj)' or at 'C:\Users\ktn98257\repos\epics.dotnet\Debug_LIB\cavc142.pdb'; linking object as if no debug info
ca.lib(syncGroupNotify.obj) : warning LNK4099: PDB 'cavc142.pdb' was not found with 'ca.lib(syncGroupNotify.obj)' or at 'C:\Users\ktn98257\repos\epics.dotnet\Debug_LIB\cavc142.pdb'; linking object as if no debug info
ca.lib(syncGroupReadNotify.obj) : warning LNK4099: PDB 'cavc142.pdb' was not found with 'ca.lib(syncGroupReadNotify.obj)' or at 'C:\Users\ktn98257\repos\epics.dotnet\Debug_LIB\cavc142.pdb'; linking object as if no debug info
ca.lib(syncGroupWriteNotify.obj) : warning LNK4099: PDB 'cavc142.pdb' was not found with 'ca.lib(syncGroupWriteNotify.obj)' or at 'C:\Users\ktn98257\repos\epics.dotnet\Debug_LIB\cavc142.pdb'; linking object as if no debug info
ca.lib(tcpiiu.obj) : warning LNK4099: PDB 'cavc142.pdb' was not found with 'ca.lib(tcpiiu.obj)' or at 'C:\Users\ktn98257\repos\epics.dotnet\Debug_LIB\cavc142.pdb'; linking object as if no debug info
ca.lib(tcpRecvWatchdog.obj) : warning LNK4099: PDB 'cavc142.pdb' was not found with 'ca.lib(tcpRecvWatchdog.obj)' or at 'C:\Users\ktn98257\repos\epics.dotnet\Debug_LIB\cavc142.pdb'; linking object as if no debug info
ca.lib(tcpSendWatchdog.obj) : warning LNK4099: PDB 'cavc142.pdb' was not found with 'ca.lib(tcpSendWatchdog.obj)' or at 'C:\Users\ktn98257\repos\epics.dotnet\Debug_LIB\cavc142.pdb'; linking object as if no debug info
ca.lib(udpiiu.obj) : warning LNK4099: PDB 'cavc142.pdb' was not found with 'ca.lib(udpiiu.obj)' or at 'C:\Users\ktn98257\repos\epics.dotnet\Debug_LIB\cavc142.pdb'; linking object as if no debug info
  caEventRate.vcxproj -> C:\Users\ktn98257\repos\epics.dotnet\Debug_LIB\caEventRate.exe
