  Performing Custom Build Tools
  caChannel.cpp
C:\Users\ktn98257\repos\epics.dotnet\base-7.0.3.1\modules\pvAccess\src\ca\channelConnectThread.h(13,10): fatal error C1083: Cannot open include file: 'cadef.h': No such file or directory
  caProvider.cpp
C:\Users\ktn98257\repos\epics.dotnet\base-7.0.3.1\modules\pvAccess\src\ca\caProvider.cpp(7,10): fatal error C1083: Cannot open include file: 'cadef.h': No such file or directory
  channelConnectThread.cpp
C:\Users\ktn98257\repos\epics.dotnet\base-7.0.3.1\modules\pvAccess\src\ca\caChannel.h(22,10): fatal error C1083: Cannot open include file: 'cadef.h': No such file or directory
  dbdToPv.cpp
C:\Users\ktn98257\repos\epics.dotnet\base-7.0.3.1\modules\pvAccess\src\ca\caChannel.h(22,10): fatal error C1083: Cannot open include file: 'cadef.h': No such file or directory
  getDoneThread.cpp
C:\Users\ktn98257\repos\epics.dotnet\base-7.0.3.1\modules\pvAccess\src\ca\caChannel.h(22,10): fatal error C1083: Cannot open include file: 'cadef.h': No such file or directory
  monitorEventThread.cpp
C:\Users\ktn98257\repos\epics.dotnet\base-7.0.3.1\modules\pvAccess\src\ca\caChannel.h(22,10): fatal error C1083: Cannot open include file: 'cadef.h': No such file or directory
  putDoneThread.cpp
C:\Users\ktn98257\repos\epics.dotnet\base-7.0.3.1\modules\pvAccess\src\ca\caChannel.h(22,10): fatal error C1083: Cannot open include file: 'cadef.h': No such file or directory
  client.cpp
  clientGet.cpp
  clientInfo.cpp
  clientMonitor.cpp
  clientPut.cpp
  clientRPC.cpp
  clientSync.cpp
  monitor.cpp
  pvAccess.cpp
  ChannelAccessFactory.cpp
  PVAClientRegister.cpp
  PVAServerRegister.cpp
  reftrackioc.cpp
C:\Users\ktn98257\repos\epics.dotnet\base-7.0.3.1\modules\pvAccess\src\ioc\reftrackioc.cpp(28,20): warning C4477: 'printf' : format string '%zd' requires an argument of type 'unsigned __int64', but variadic argument 3 has type 'const long'
C:\Users\ktn98257\repos\epics.dotnet\base-7.0.3.1\modules\pvAccess\src\ioc\reftrackioc.cpp(28,20): message : consider using '%ld' in the format string
  Generating Code...
  Compiling...
  pipelineServer.cpp
  clientFactory.cpp
  pvaVersion.cpp
  clientContextImpl.cpp
  abstractResponseHandler.cpp
  beaconHandler.cpp
  blockingTCPAcceptor.cpp
  blockingTCPConnector.cpp
  blockingUDPConnector.cpp
  blockingUDPTransport.cpp
  channelSearchManager.cpp
  codec.cpp
  security.cpp
  serializationHelper.cpp
  transportRegistry.cpp
  rpcClient.cpp
C:\Users\ktn98257\repos\epics.dotnet\base-7.0.3.1\modules\pvAccess\src\rpcClient\rpcClient.cpp(70,50): warning C4390: ';': empty controlled statement found; is this the intent?
  rpcServer.cpp
  rpcService.cpp
  baseChannelRequester.cpp
  beaconEmitter.cpp
  Generating Code...
  Compiling...
  beaconServerStatusProvider.cpp
  responseHandlers.cpp
  server.cpp
  serverChannelImpl.cpp
  serverContext.cpp
  sharedstate_channel.cpp
  sharedstate_put.cpp
  sharedstate_pv.cpp
  sharedstate_rpc.cpp
  configuration.cpp
  getgroups.cpp
  hexDump.cpp
  inetAddressUtil.cpp
  introspectionRegistry.cpp
  logger.cpp
  referenceCountingLock.cpp
  requester.cpp
  wildcard.cpp
  Generating Code...
