  ntaggregate.cpp
  ntattribute.cpp
  ntcontinuum.cpp
  ntenum.cpp
  ntfield.cpp
  nthistogram.cpp
  ntid.cpp
  ntmatrix.cpp
  ntmultiChannel.cpp
  ntnameValue.cpp
  ntndarray.cpp
  ntndarrayAttribute.cpp
  ntscalar.cpp
  ntscalarArray.cpp
  ntscalarMultiChannel.cpp
  nttable.cpp
  ntunion.cpp
  nturi.cpp
  ntutils.cpp
  Generating Code...
     Creating library C:\Users\ktn98257\repos\epics.dotnet\Debug_DLL\nt.lib and object C:\Users\ktn98257\repos\epics.dotnet\Debug_DLL\nt.exp
  nt.vcxproj -> C:\Users\ktn98257\repos\epics.dotnet\Debug_DLL\nt.dll
