  Performing Custom Build Tools
  Can't open perl script "C:\Users\ktn98257\repos\epics.dotnet\Debug_DLL\dbdToRecordtypeH.pl": No such file or directory
  Performing Custom Build Tools
  Can't open perl script "C:\Users\ktn98257\repos\epics.dotnet\Debug_DLL\dbdToRecordtypeH.pl": No such file or directory
  Performing Custom Build Tools
  Can't open perl script "C:\Users\ktn98257\repos\epics.dotnet\Debug_DLL\dbdToRecordtypeH.pl": No such file or directory
  Performing Custom Build Tools
  Performing Custom Build Tools
  Performing Custom Build Tools
  Performing Custom Build Tools
  Performing Custom Build Tools
  Performing Custom Build Tools
  Can't open perl script "C:\Users\ktn98257\repos\epics.dotnet\Debug_DLL\dbdToRecordtypeH.pl": No such file or directory
  Performing Custom Build Tools
  Can't open perl script "C:\Users\ktn98257\repos\epics.dotnet\Debug_DLL\dbdToRecordtypeH.pl": No such file or directory
  Performing Custom Build Tools
  Can't open perl script "C:\Users\ktn98257\repos\epics.dotnet\Debug_DLL\dbdToRecordtypeH.pl": No such file or directory
  Performing Custom Build Tools
  Performing Custom Build Tools
  Performing Custom Build Tools
  Performing Custom Build Tools
  Performing Custom Build Tools
  Performing Custom Build Tools
  Performing Custom Build Tools
  Performing Custom Build Tools
  Performing Custom Build Tools
  Performing Custom Build Tools
  Performing Custom Build Tools
  Performing Custom Build Tools
  Performing Custom Build Tools
  Performing Custom Build Tools
  Performing Custom Build Tools
  Performing Custom Build Tools
  Performing Custom Build Tools
  Performing Custom Build Tools
  Performing Custom Build Tools
  Performing Custom Build Tools
  Performing Custom Build Tools
  Performing Custom Build Tools
  Performing Custom Build Tools
  Performing Custom Build Tools
  Performing Custom Build Tools
  Performing Custom Build Tools
  Can't open perl script "C:\Users\ktn98257\repos\epics.dotnet\Debug_DLL\dbdToRecordtypeH.pl": No such file or directory
  Performing Custom Build Tools
  Can't open perl script "C:\Users\ktn98257\repos\epics.dotnet\Debug_DLL\dbdToRecordtypeH.pl": No such file or directory
  Performing Custom Build Tools
  Can't open perl script "C:\Users\ktn98257\repos\epics.dotnet\Debug_DLL\dbdToRecordtypeH.pl": No such file or directory
  Performing Custom Build Tools
  Can't open perl script "C:\Users\ktn98257\repos\epics.dotnet\Debug_DLL\dbdToRecordtypeH.pl": No such file or directory
  Performing Custom Build Tools
  Can't open perl script "C:\Users\ktn98257\repos\epics.dotnet\Debug_DLL\dbdToRecordtypeH.pl": No such file or directory
  Performing Custom Build Tools
  Can't open perl script "C:\Users\ktn98257\repos\epics.dotnet\Debug_DLL\dbdToRecordtypeH.pl": No such file or directory
  Performing Custom Build Tools
  Can't open perl script "C:\Users\ktn98257\repos\epics.dotnet\Debug_DLL\dbdToRecordtypeH.pl": No such file or directory
  Performing Custom Build Tools
  Can't open perl script "C:\Users\ktn98257\repos\epics.dotnet\Debug_DLL\dbdToRecordtypeH.pl": No such file or directory
  Performing Custom Build Tools
  Can't open perl script "C:\Users\ktn98257\repos\epics.dotnet\Debug_DLL\dbdToRecordtypeH.pl": No such file or directory
  Performing Custom Build Tools
  Can't open perl script "C:\Users\ktn98257\repos\epics.dotnet\Debug_DLL\dbdToRecordtypeH.pl": No such file or directory
  Performing Custom Build Tools
  Can't open perl script "C:\Users\ktn98257\repos\epics.dotnet\Debug_DLL\dbdToRecordtypeH.pl": No such file or directory
  Performing Custom Build Tools
  Can't open perl script "C:\Users\ktn98257\repos\epics.dotnet\Debug_DLL\dbdToRecordtypeH.pl": No such file or directory
  Performing Custom Build Tools
  Can't open perl script "C:\Users\ktn98257\repos\epics.dotnet\Debug_DLL\dbdToRecordtypeH.pl": No such file or directory
  Performing Custom Build Tools
  Can't open perl script "C:\Users\ktn98257\repos\epics.dotnet\Debug_DLL\dbdToRecordtypeH.pl": No such file or directory
  Performing Custom Build Tools
  Can't open perl script "C:\Users\ktn98257\repos\epics.dotnet\Debug_DLL\dbdToRecordtypeH.pl": No such file or directory
  Performing Custom Build Tools
  Can't open perl script "C:\Users\ktn98257\repos\epics.dotnet\Debug_DLL\dbdToRecordtypeH.pl": No such file or directory
  Performing Custom Build Tools
  Can't open perl script "C:\Users\ktn98257\repos\epics.dotnet\Debug_DLL\dbdToRecordtypeH.pl": No such file or directory
  Performing Custom Build Tools
  Can't open perl script "C:\Users\ktn98257\repos\epics.dotnet\Debug_DLL\dbdToRecordtypeH.pl": No such file or directory
  Performing Custom Build Tools
  Can't open perl script "C:\Users\ktn98257\repos\epics.dotnet\Debug_DLL\dbdToRecordtypeH.pl": No such file or directory
  Performing Custom Build Tools
  Can't open perl script "C:\Users\ktn98257\repos\epics.dotnet\Debug_DLL\dbdToRecordtypeH.pl": No such file or directory
  Performing Custom Build Tools
  Can't open perl script "C:\Users\ktn98257\repos\epics.dotnet\Debug_DLL\dbdToRecordtypeH.pl": No such file or directory
  Performing Custom Build Tools
  Can't open perl script "C:\Users\ktn98257\repos\epics.dotnet\Debug_DLL\dbdToRecordtypeH.pl": No such file or directory
  Performing Custom Build Tools
  Can't open perl script "C:\Users\ktn98257\repos\epics.dotnet\Debug_DLL\dbdToRecordtypeH.pl": No such file or directory
  Performing Custom Build Tools
  Can't open perl script "C:\Users\ktn98257\repos\epics.dotnet\Debug_DLL\dbdToRecordtypeH.pl": No such file or directory
  Performing Custom Build Tools
  Can't open perl script "C:\Users\ktn98257\repos\epics.dotnet\Debug_DLL\dbdToRecordtypeH.pl": No such file or directory
  Performing Custom Build Tools
  Can't open perl script "C:\Users\ktn98257\repos\epics.dotnet\Debug_DLL\dbdToRecordtypeH.pl": No such file or directory
  Performing Custom Build Tools
  Can't open perl script "C:\Users\ktn98257\repos\epics.dotnet\Debug_DLL\dbdToRecordtypeH.pl": No such file or directory
  Performing Custom Build Tools
  Can't open perl script "C:\Users\ktn98257\repos\epics.dotnet\Debug_DLL\dbdToRecordtypeH.pl": No such file or directory
C:\Program Files (x86)\Microsoft Visual Studio\2019\Enterprise\MSBuild\Microsoft\VC\v160\Microsoft.CppCommon.targets(234,5): warning MSB8065: Custom build for item "rec\aaiRecord.dbd" succeeded, but specified output "c:\users\ktn98257\repos\epics.dotnet\base-7.0.3.1\modules\database\src\std\o.common\aairecord.h" has not been created. This may cause incremental build to work incorrectly.
C:\Program Files (x86)\Microsoft Visual Studio\2019\Enterprise\MSBuild\Microsoft\VC\v160\Microsoft.CppCommon.targets(234,5): warning MSB8065: Custom build for item "rec\aaoRecord.dbd" succeeded, but specified output "c:\users\ktn98257\repos\epics.dotnet\base-7.0.3.1\modules\database\src\std\o.common\aaorecord.h" has not been created. This may cause incremental build to work incorrectly.
C:\Program Files (x86)\Microsoft Visual Studio\2019\Enterprise\MSBuild\Microsoft\VC\v160\Microsoft.CppCommon.targets(234,5): warning MSB8065: Custom build for item "rec\histogramRecord.dbd" succeeded, but specified output "c:\users\ktn98257\repos\epics.dotnet\base-7.0.3.1\modules\database\src\std\o.common\histogramrecord.h" has not been created. This may cause incremental build to work incorrectly.
C:\Program Files (x86)\Microsoft Visual Studio\2019\Enterprise\MSBuild\Microsoft\VC\v160\Microsoft.CppCommon.targets(234,5): warning MSB8065: Custom build for item "rec\lsiRecord.dbd" succeeded, but specified output "c:\users\ktn98257\repos\epics.dotnet\base-7.0.3.1\modules\database\src\std\o.common\lsirecord.h" has not been created. This may cause incremental build to work incorrectly.
C:\Program Files (x86)\Microsoft Visual Studio\2019\Enterprise\MSBuild\Microsoft\VC\v160\Microsoft.CppCommon.targets(234,5): warning MSB8065: Custom build for item "rec\lsoRecord.dbd" succeeded, but specified output "c:\users\ktn98257\repos\epics.dotnet\base-7.0.3.1\modules\database\src\std\o.common\lsorecord.h" has not been created. This may cause incremental build to work incorrectly.
C:\Program Files (x86)\Microsoft Visual Studio\2019\Enterprise\MSBuild\Microsoft\VC\v160\Microsoft.CppCommon.targets(234,5): warning MSB8065: Custom build for item "rec\printfRecord.dbd" succeeded, but specified output "c:\users\ktn98257\repos\epics.dotnet\base-7.0.3.1\modules\database\src\std\o.common\printfrecord.h" has not been created. This may cause incremental build to work incorrectly.
C:\Program Files (x86)\Microsoft Visual Studio\2019\Enterprise\MSBuild\Microsoft\VC\v160\Microsoft.CppCommon.targets(234,5): warning MSB8065: Custom build for item "O.Common\aiRecord.dbd" succeeded, but specified output "c:\users\ktn98257\repos\epics.dotnet\base-7.0.3.1\modules\database\src\std\o.common\airecord.h" has not been created. This may cause incremental build to work incorrectly.
C:\Program Files (x86)\Microsoft Visual Studio\2019\Enterprise\MSBuild\Microsoft\VC\v160\Microsoft.CppCommon.targets(234,5): warning MSB8065: Custom build for item "O.Common\aoRecord.dbd" succeeded, but specified output "c:\users\ktn98257\repos\epics.dotnet\base-7.0.3.1\modules\database\src\std\o.common\aorecord.h" has not been created. This may cause incremental build to work incorrectly.
C:\Program Files (x86)\Microsoft Visual Studio\2019\Enterprise\MSBuild\Microsoft\VC\v160\Microsoft.CppCommon.targets(234,5): warning MSB8065: Custom build for item "O.Common\aSubRecord.dbd" succeeded, but specified output "c:\users\ktn98257\repos\epics.dotnet\base-7.0.3.1\modules\database\src\std\o.common\asubrecord.h" has not been created. This may cause incremental build to work incorrectly.
C:\Program Files (x86)\Microsoft Visual Studio\2019\Enterprise\MSBuild\Microsoft\VC\v160\Microsoft.CppCommon.targets(234,5): warning MSB8065: Custom build for item "O.Common\compressRecord.dbd" succeeded, but specified output "c:\users\ktn98257\repos\epics.dotnet\base-7.0.3.1\modules\database\src\std\o.common\compressrecord.h" has not been created. This may cause incremental build to work incorrectly.
C:\Program Files (x86)\Microsoft Visual Studio\2019\Enterprise\MSBuild\Microsoft\VC\v160\Microsoft.CppCommon.targets(234,5): warning MSB8065: Custom build for item "O.Common\waveformRecord.dbd" succeeded, but specified output "c:\users\ktn98257\repos\epics.dotnet\base-7.0.3.1\modules\database\src\std\o.common\waveformrecord.h" has not been created. This may cause incremental build to work incorrectly.
C:\Program Files (x86)\Microsoft Visual Studio\2019\Enterprise\MSBuild\Microsoft\VC\v160\Microsoft.CppCommon.targets(234,5): warning MSB8065: Custom build for item "O.Common\biRecord.dbd" succeeded, but specified output "c:\users\ktn98257\repos\epics.dotnet\base-7.0.3.1\modules\database\src\std\o.common\birecord.h" has not been created. This may cause incremental build to work incorrectly.
C:\Program Files (x86)\Microsoft Visual Studio\2019\Enterprise\MSBuild\Microsoft\VC\v160\Microsoft.CppCommon.targets(234,5): warning MSB8065: Custom build for item "O.Common\boRecord.dbd" succeeded, but specified output "c:\users\ktn98257\repos\epics.dotnet\base-7.0.3.1\modules\database\src\std\o.common\borecord.h" has not been created. This may cause incremental build to work incorrectly.
C:\Program Files (x86)\Microsoft Visual Studio\2019\Enterprise\MSBuild\Microsoft\VC\v160\Microsoft.CppCommon.targets(234,5): warning MSB8065: Custom build for item "O.Common\calcoutRecord.dbd" succeeded, but specified output "c:\users\ktn98257\repos\epics.dotnet\base-7.0.3.1\modules\database\src\std\o.common\calcoutrecord.h" has not been created. This may cause incremental build to work incorrectly.
C:\Program Files (x86)\Microsoft Visual Studio\2019\Enterprise\MSBuild\Microsoft\VC\v160\Microsoft.CppCommon.targets(234,5): warning MSB8065: Custom build for item "O.Common\calcRecord.dbd" succeeded, but specified output "c:\users\ktn98257\repos\epics.dotnet\base-7.0.3.1\modules\database\src\std\o.common\calcrecord.h" has not been created. This may cause incremental build to work incorrectly.
C:\Program Files (x86)\Microsoft Visual Studio\2019\Enterprise\MSBuild\Microsoft\VC\v160\Microsoft.CppCommon.targets(234,5): warning MSB8065: Custom build for item "O.Common\dfanoutRecord.dbd" succeeded, but specified output "c:\users\ktn98257\repos\epics.dotnet\base-7.0.3.1\modules\database\src\std\o.common\dfanoutrecord.h" has not been created. This may cause incremental build to work incorrectly.
C:\Program Files (x86)\Microsoft Visual Studio\2019\Enterprise\MSBuild\Microsoft\VC\v160\Microsoft.CppCommon.targets(234,5): warning MSB8065: Custom build for item "O.Common\int64inRecord.dbd" succeeded, but specified output "c:\users\ktn98257\repos\epics.dotnet\base-7.0.3.1\modules\database\src\std\o.common\int64inrecord.h" has not been created. This may cause incremental build to work incorrectly.
C:\Program Files (x86)\Microsoft Visual Studio\2019\Enterprise\MSBuild\Microsoft\VC\v160\Microsoft.CppCommon.targets(234,5): warning MSB8065: Custom build for item "O.Common\int64outRecord.dbd" succeeded, but specified output "c:\users\ktn98257\repos\epics.dotnet\base-7.0.3.1\modules\database\src\std\o.common\int64outrecord.h" has not been created. This may cause incremental build to work incorrectly.
C:\Program Files (x86)\Microsoft Visual Studio\2019\Enterprise\MSBuild\Microsoft\VC\v160\Microsoft.CppCommon.targets(234,5): warning MSB8065: Custom build for item "O.Common\eventRecord.dbd" succeeded, but specified output "c:\users\ktn98257\repos\epics.dotnet\base-7.0.3.1\modules\database\src\std\o.common\eventrecord.h" has not been created. This may cause incremental build to work incorrectly.
C:\Program Files (x86)\Microsoft Visual Studio\2019\Enterprise\MSBuild\Microsoft\VC\v160\Microsoft.CppCommon.targets(234,5): warning MSB8065: Custom build for item "O.Common\fanoutRecord.dbd" succeeded, but specified output "c:\users\ktn98257\repos\epics.dotnet\base-7.0.3.1\modules\database\src\std\o.common\fanoutrecord.h" has not been created. This may cause incremental build to work incorrectly.
C:\Program Files (x86)\Microsoft Visual Studio\2019\Enterprise\MSBuild\Microsoft\VC\v160\Microsoft.CppCommon.targets(234,5): warning MSB8065: Custom build for item "O.Common\longinRecord.dbd" succeeded, but specified output "c:\users\ktn98257\repos\epics.dotnet\base-7.0.3.1\modules\database\src\std\o.common\longinrecord.h" has not been created. This may cause incremental build to work incorrectly.
C:\Program Files (x86)\Microsoft Visual Studio\2019\Enterprise\MSBuild\Microsoft\VC\v160\Microsoft.CppCommon.targets(234,5): warning MSB8065: Custom build for item "O.Common\longoutRecord.dbd" succeeded, but specified output "c:\users\ktn98257\repos\epics.dotnet\base-7.0.3.1\modules\database\src\std\o.common\longoutrecord.h" has not been created. This may cause incremental build to work incorrectly.
C:\Program Files (x86)\Microsoft Visual Studio\2019\Enterprise\MSBuild\Microsoft\VC\v160\Microsoft.CppCommon.targets(234,5): warning MSB8065: Custom build for item "O.Common\mbbiDirectRecord.dbd" succeeded, but specified output "c:\users\ktn98257\repos\epics.dotnet\base-7.0.3.1\modules\database\src\std\o.common\mbbidirectrecord.h" has not been created. This may cause incremental build to work incorrectly.
C:\Program Files (x86)\Microsoft Visual Studio\2019\Enterprise\MSBuild\Microsoft\VC\v160\Microsoft.CppCommon.targets(234,5): warning MSB8065: Custom build for item "O.Common\mbbiRecord.dbd" succeeded, but specified output "c:\users\ktn98257\repos\epics.dotnet\base-7.0.3.1\modules\database\src\std\o.common\mbbirecord.h" has not been created. This may cause incremental build to work incorrectly.
C:\Program Files (x86)\Microsoft Visual Studio\2019\Enterprise\MSBuild\Microsoft\VC\v160\Microsoft.CppCommon.targets(234,5): warning MSB8065: Custom build for item "O.Common\mbboDirectRecord.dbd" succeeded, but specified output "c:\users\ktn98257\repos\epics.dotnet\base-7.0.3.1\modules\database\src\std\o.common\mbbodirectrecord.h" has not been created. This may cause incremental build to work incorrectly.
C:\Program Files (x86)\Microsoft Visual Studio\2019\Enterprise\MSBuild\Microsoft\VC\v160\Microsoft.CppCommon.targets(234,5): warning MSB8065: Custom build for item "O.Common\mbboRecord.dbd" succeeded, but specified output "c:\users\ktn98257\repos\epics.dotnet\base-7.0.3.1\modules\database\src\std\o.common\mbborecord.h" has not been created. This may cause incremental build to work incorrectly.
C:\Program Files (x86)\Microsoft Visual Studio\2019\Enterprise\MSBuild\Microsoft\VC\v160\Microsoft.CppCommon.targets(234,5): warning MSB8065: Custom build for item "O.Common\permissiveRecord.dbd" succeeded, but specified output "c:\users\ktn98257\repos\epics.dotnet\base-7.0.3.1\modules\database\src\std\o.common\permissiverecord.h" has not been created. This may cause incremental build to work incorrectly.
C:\Program Files (x86)\Microsoft Visual Studio\2019\Enterprise\MSBuild\Microsoft\VC\v160\Microsoft.CppCommon.targets(234,5): warning MSB8065: Custom build for item "O.Common\selRecord.dbd" succeeded, but specified output "c:\users\ktn98257\repos\epics.dotnet\base-7.0.3.1\modules\database\src\std\o.common\selrecord.h" has not been created. This may cause incremental build to work incorrectly.
C:\Program Files (x86)\Microsoft Visual Studio\2019\Enterprise\MSBuild\Microsoft\VC\v160\Microsoft.CppCommon.targets(234,5): warning MSB8065: Custom build for item "O.Common\seqRecord.dbd" succeeded, but specified output "c:\users\ktn98257\repos\epics.dotnet\base-7.0.3.1\modules\database\src\std\o.common\seqrecord.h" has not been created. This may cause incremental build to work incorrectly.
C:\Program Files (x86)\Microsoft Visual Studio\2019\Enterprise\MSBuild\Microsoft\VC\v160\Microsoft.CppCommon.targets(234,5): warning MSB8065: Custom build for item "O.Common\stateRecord.dbd" succeeded, but specified output "c:\users\ktn98257\repos\epics.dotnet\base-7.0.3.1\modules\database\src\std\o.common\staterecord.h" has not been created. This may cause incremental build to work incorrectly.
C:\Program Files (x86)\Microsoft Visual Studio\2019\Enterprise\MSBuild\Microsoft\VC\v160\Microsoft.CppCommon.targets(234,5): warning MSB8065: Custom build for item "O.Common\stringinRecord.dbd" succeeded, but specified output "c:\users\ktn98257\repos\epics.dotnet\base-7.0.3.1\modules\database\src\std\o.common\stringinrecord.h" has not been created. This may cause incremental build to work incorrectly.
C:\Program Files (x86)\Microsoft Visual Studio\2019\Enterprise\MSBuild\Microsoft\VC\v160\Microsoft.CppCommon.targets(234,5): warning MSB8065: Custom build for item "O.Common\stringoutRecord.dbd" succeeded, but specified output "c:\users\ktn98257\repos\epics.dotnet\base-7.0.3.1\modules\database\src\std\o.common\stringoutrecord.h" has not been created. This may cause incremental build to work incorrectly.
C:\Program Files (x86)\Microsoft Visual Studio\2019\Enterprise\MSBuild\Microsoft\VC\v160\Microsoft.CppCommon.targets(234,5): warning MSB8065: Custom build for item "O.Common\subArrayRecord.dbd" succeeded, but specified output "c:\users\ktn98257\repos\epics.dotnet\base-7.0.3.1\modules\database\src\std\o.common\subarrayrecord.h" has not been created. This may cause incremental build to work incorrectly.
C:\Program Files (x86)\Microsoft Visual Studio\2019\Enterprise\MSBuild\Microsoft\VC\v160\Microsoft.CppCommon.targets(234,5): warning MSB8065: Custom build for item "O.Common\subRecord.dbd" succeeded, but specified output "c:\users\ktn98257\repos\epics.dotnet\base-7.0.3.1\modules\database\src\std\o.common\subrecord.h" has not been created. This may cause incremental build to work incorrectly.
  asSubRecordFunctions.c
  devAaiSoft.c
  devAaoSoft.c
  devAiSoft.c
  devAiSoftCallback.c
  devAiSoftRaw.c
  devAoSoft.c
  devAoSoftCallback.c
  devAoSoftRaw.c
  devBiDbState.c
  devBiSoft.c
  devBiSoftCallback.c
  devBiSoftRaw.c
  devBoDbState.c
  devBoSoft.c
  devBoSoftCallback.c
  devBoSoftRaw.c
  devCalcoutSoft.c
  devCalcoutSoftCallback.c
  devEnviron.c
  Generating Code...
  Compiling...
  devEventSoft.c
  devGeneralTime.c
  devHistogramSoft.c
  devI64inSoft.c
  devI64inSoftCallback.c
  devI64outSoft.c
  devI64outSoftCallback.c
  devLiSoft.c
  devLiSoftCallback.c
  devLoSoft.c
  devLoSoftCallback.c
  devLsiSoft.c
  devLsoSoft.c
  devLsoSoftCallback.c
  devMbbiDirectSoft.c
  devMbbiDirectSoftCallback.c
  devMbbiDirectSoftRaw.c
  devMbbiSoft.c
  devMbbiSoftCallback.c
  devMbbiSoftRaw.c
  Generating Code...
  Compiling...
  devMbboDirectSoft.c
  devMbboDirectSoftCallback.c
  devMbboDirectSoftRaw.c
  devMbboSoft.c
  devMbboSoftCallback.c
  devMbboSoftRaw.c
  devPrintfSoft.c
  devPrintfSoftCallback.c
  devSASoft.c
  devSiSoft.c
  devSiSoftCallback.c
  devSoSoft.c
  devSoSoftCallback.c
  devStdio.c
  devTimestamp.c
  devWfSoft.c
  arr.c
  dbnd.c
  decimate.c
  sync.c
  Generating Code...
  Compiling...
  ts.c
  lnkCalc.c
  lnkConst.c
  lnkDebug.c
  lnkState.c
  aaiRecord.c
  aaoRecord.c
  aiRecord.c
  aoRecord.c
  aSubRecord.c
  biRecord.c
  boRecord.c
  calcoutRecord.c
  calcRecord.c
  compressRecord.c
  dfanoutRecord.c
  eventRecord.c
  fanoutRecord.c
  histogramRecord.c
  int64inRecord.c
  Generating Code...
  Compiling...
  int64outRecord.c
  longinRecord.c
  longoutRecord.c
  lsiRecord.c
C:\Users\ktn98257\repos\epics.dotnet\base-7.0.3.1\modules\database\src\std\rec\lsiRecord.c(50,30): warning C4267: '=': conversion from 'size_t' to 'epicsUInt16', possible loss of data
  lsoRecord.c
C:\Users\ktn98257\repos\epics.dotnet\base-7.0.3.1\modules\database\src\std\rec\lsoRecord.c(54,30): warning C4267: '=': conversion from 'size_t' to 'epicsUInt16', possible loss of data
  mbbiDirectRecord.c
  mbbiRecord.c
  mbboDirectRecord.c
  mbboRecord.c
  permissiveRecord.c
  printfRecord.c
C:\Users\ktn98257\repos\epics.dotnet\base-7.0.3.1\modules\database\src\std\rec\printfRecord.c(327,30): warning C4267: '=': conversion from 'size_t' to 'epicsUInt16', possible loss of data
  selRecord.c
  seqRecord.c
  stateRecord.c
  stringinRecord.c
  stringoutRecord.c
  subArrayRecord.c
  subRecord.c
  waveformRecord.c
  Generating Code...
     Creating library C:\Users\ktn98257\repos\epics.dotnet\Debug_DLL\dbRecStd.lib and object C:\Users\ktn98257\repos\epics.dotnet\Debug_DLL\dbRecStd.exp
  dbRecStd.vcxproj -> C:\Users\ktn98257\repos\epics.dotnet\Debug_DLL\dbRecStd.dll
  File not found - *.h
  Can't open perl script "C:\Users\ktn98257\repos\epics.dotnet\Debug_DLL\makeIncludeDbd.pl": No such file or directory
  30 File(s) copied
