  Performing Custom Build Tools
          1 file(s) moved.
  Performing Custom Build Tools
          1 file(s) moved.
  Performing Custom Build Tools
  Performing Custom Build Tools
  Performing Custom Build Tools
  Performing Custom Build Tools
  Performing Custom Build Tools
  Performing Custom Build Tools
  Performing Custom Build Tools
  Performing Custom Build Tools
  Performing Custom Build Tools
  Performing Custom Build Tools
          1 file(s) moved.
  Performing Custom Build Tools
          1 file(s) moved.
  Performing Custom Build Tools
  Performing Custom Build Tools
  Performing Custom Build Tools
  Performing Custom Build Tools
  Performing Custom Build Tools
  Performing Custom Build Tools
  Performing Custom Build Tools
  asCa.c
  asDbLib.c
  asIocRegister.c
  dbPvdLib.c
  dbStaticIocRegister.c
  dbStaticLib.c
  dbStaticRun.c
  dbtoolsIocRegister.c
  callback.c
  chfPlugin.c
  cvtBpt.c
  dbAccess.c
C:\Users\ktn98257\repos\epics.dotnet\base-3.15.6\src\ioc\db\dbAccess.c(474,1): warning C4133: 'initializing': incompatible types - from 'typed_rset *' to 'rset *'
  dbBkpt.c
  dbCa.c
C:\Users\ktn98257\repos\epics.dotnet\base-3.15.6\src\ioc\db\dbCa.c(140,9): error C2039: 'precord': is not a member of 'pv_link'
C:\Users\ktn98257\repos\epics.dotnet\include\link.h(82): message : see declaration of 'pv_link'
C:\Users\ktn98257\repos\epics.dotnet\base-3.15.6\src\ioc\db\dbCa.c(190,48): error C2039: 'precord': is not a member of 'pv_link'
C:\Users\ktn98257\repos\epics.dotnet\include\link.h(82): message : see declaration of 'pv_link'
C:\Users\ktn98257\repos\epics.dotnet\base-3.15.6\src\ioc\db\dbCa.c(637,39): error C2039: 'precord': is not a member of 'pv_link'
C:\Users\ktn98257\repos\epics.dotnet\include\link.h(82): message : see declaration of 'pv_link'
C:\Users\ktn98257\repos\epics.dotnet\base-3.15.6\src\ioc\db\dbCa.c(717,36): error C2039: 'precord': is not a member of 'pv_link'
C:\Users\ktn98257\repos\epics.dotnet\include\link.h(82): message : see declaration of 'pv_link'
C:\Users\ktn98257\repos\epics.dotnet\base-3.15.6\src\ioc\db\dbCa.c(834,25): error C2039: 'precord': is not a member of 'pv_link'
C:\Users\ktn98257\repos\epics.dotnet\include\link.h(82): message : see declaration of 'pv_link'
C:\Users\ktn98257\repos\epics.dotnet\base-3.15.6\src\ioc\db\dbCa.c(865,50): error C2039: 'precord': is not a member of 'pv_link'
C:\Users\ktn98257\repos\epics.dotnet\include\link.h(82): message : see declaration of 'pv_link'
C:\Users\ktn98257\repos\epics.dotnet\base-3.15.6\src\ioc\db\dbCa.c(936,21): error C2039: 'precord': is not a member of 'pv_link'
C:\Users\ktn98257\repos\epics.dotnet\include\link.h(82): message : see declaration of 'pv_link'
C:\Users\ktn98257\repos\epics.dotnet\base-3.15.6\src\ioc\db\dbCa.c(945,21): error C2039: 'precord': is not a member of 'pv_link'
C:\Users\ktn98257\repos\epics.dotnet\include\link.h(82): message : see declaration of 'pv_link'
C:\Users\ktn98257\repos\epics.dotnet\base-3.15.6\src\ioc\db\dbCa.c(967,21): error C2039: 'precord': is not a member of 'pv_link'
C:\Users\ktn98257\repos\epics.dotnet\include\link.h(82): message : see declaration of 'pv_link'
C:\Users\ktn98257\repos\epics.dotnet\base-3.15.6\src\ioc\db\dbCa.c(990,21): error C2039: 'precord': is not a member of 'pv_link'
C:\Users\ktn98257\repos\epics.dotnet\include\link.h(82): message : see declaration of 'pv_link'
C:\Users\ktn98257\repos\epics.dotnet\base-3.15.6\src\ioc\db\dbCa.c(1004,21): error C2039: 'precord': is not a member of 'pv_link'
C:\Users\ktn98257\repos\epics.dotnet\include\link.h(82): message : see declaration of 'pv_link'
C:\Users\ktn98257\repos\epics.dotnet\base-3.15.6\src\ioc\db\dbCa.c(1022,21): error C2039: 'precord': is not a member of 'pv_link'
C:\Users\ktn98257\repos\epics.dotnet\include\link.h(82): message : see declaration of 'pv_link'
C:\Users\ktn98257\repos\epics.dotnet\base-3.15.6\src\ioc\db\dbCa.c(1035,21): error C2039: 'precord': is not a member of 'pv_link'
C:\Users\ktn98257\repos\epics.dotnet\include\link.h(82): message : see declaration of 'pv_link'
  dbCaTest.c
  dbChannel.c
C:\Users\ktn98257\repos\epics.dotnet\base-3.15.6\src\ioc\db\dbChannel.c(244,79): warning C4028: formal parameter 2 different from declaration
C:\Users\ktn98257\repos\epics.dotnet\base-3.15.6\src\ioc\db\dbChannel.c(247,33): error C2061: syntax error: identifier 'chf_config'
C:\Users\ktn98257\repos\epics.dotnet\base-3.15.6\src\ioc\db\dbChannel.c(247,33): error C2059: syntax error: ';'
C:\Users\ktn98257\repos\epics.dotnet\base-3.15.6\src\ioc\db\dbChannel.c(247,44): error C2513: ' ': no variable declared before '='
C:\Users\ktn98257\repos\epics.dotnet\base-3.15.6\src\ioc\db\dbChannel.c(272,60): error C2065: 'chf_config': undeclared identifier
C:\Users\ktn98257\repos\epics.dotnet\base-3.15.6\src\ioc\db\dbChannel.c(272,60): warning C4133: 'function': incompatible types - from 'int *' to 'yajl_alloc_funcs *'
C:\Users\ktn98257\repos\epics.dotnet\base-3.15.6\src\ioc\db\dbChannel.c(272,72): warning C4090: 'function': different 'const' qualifiers
C:\Users\ktn98257\repos\epics.dotnet\base-3.15.6\src\ioc\db\dbChannel.c(272,74): warning C4020: 'yajl_alloc': too many actual parameters
C:\Users\ktn98257\repos\epics.dotnet\base-3.15.6\src\ioc\db\dbChannel.c(282,44): error C2065: 'yajl_status_insufficient_data': undeclared identifier
C:\Users\ktn98257\repos\epics.dotnet\base-3.15.6\src\ioc\db\dbChannel.c(283,33): warning C4013: 'yajl_parse_complete' undefined; assuming extern returning int
  dbConvert.c
  dbEvent.c
  dbExtractArray.c
  dbFastLinkConv.c
  Generating Code...
  Compiling...
  dbIocRegister.c
  dbLink.c
C:\Users\ktn98257\repos\epics.dotnet\base-3.15.6\src\ioc\db\dbLink.c(82,59): error C2039: 'precord': is not a member of 'pv_link'
C:\Users\ktn98257\repos\epics.dotnet\include\link.h(82): message : see declaration of 'pv_link'
C:\Users\ktn98257\repos\epics.dotnet\base-3.15.6\src\ioc\db\dbLink.c(239,41): error C2039: 'precord': is not a member of 'pv_link'
C:\Users\ktn98257\repos\epics.dotnet\include\link.h(82): message : see declaration of 'pv_link'
C:\Users\ktn98257\repos\epics.dotnet\base-3.15.6\src\ioc\db\dbLink.c(239,19): error C2198: 'dbLockSetMerge': too few arguments for call
C:\Users\ktn98257\repos\epics.dotnet\base-3.15.6\src\ioc\db\dbLink.c(259,41): error C2039: 'precord': is not a member of 'pv_link'
C:\Users\ktn98257\repos\epics.dotnet\include\link.h(82): message : see declaration of 'pv_link'
C:\Users\ktn98257\repos\epics.dotnet\base-3.15.6\src\ioc\db\dbLink.c(259,19): error C2198: 'dbLockSetMerge': too few arguments for call
C:\Users\ktn98257\repos\epics.dotnet\base-3.15.6\src\ioc\db\dbLink.c(270,41): error C2039: 'precord': is not a member of 'pv_link'
C:\Users\ktn98257\repos\epics.dotnet\include\link.h(82): message : see declaration of 'pv_link'
C:\Users\ktn98257\repos\epics.dotnet\base-3.15.6\src\ioc\db\dbLink.c(270,19): error C2198: 'dbLockSetSplit': too few arguments for call
C:\Users\ktn98257\repos\epics.dotnet\base-3.15.6\src\ioc\db\dbLink.c(298,46): error C2039: 'precord': is not a member of 'pv_link'
C:\Users\ktn98257\repos\epics.dotnet\include\link.h(82): message : see declaration of 'pv_link'
C:\Users\ktn98257\repos\epics.dotnet\base-3.15.6\src\ioc\db\dbLink.c(464,40): error C2039: 'precord': is not a member of 'pv_link'
C:\Users\ktn98257\repos\epics.dotnet\include\link.h(82): message : see declaration of 'pv_link'
C:\Users\ktn98257\repos\epics.dotnet\base-3.15.6\src\ioc\db\dbLink.c(495,46): error C2039: 'precord': is not a member of 'pv_link'
C:\Users\ktn98257\repos\epics.dotnet\include\link.h(82): message : see declaration of 'pv_link'
C:\Users\ktn98257\repos\epics.dotnet\base-3.15.6\src\ioc\db\dbLink.c(511,26): error C2039: 'precord': is not a member of 'pv_link'
C:\Users\ktn98257\repos\epics.dotnet\include\link.h(82): message : see declaration of 'pv_link'
C:\Users\ktn98257\repos\epics.dotnet\base-3.15.6\src\ioc\db\dbLink.c(545,26): error C2039: 'precord': is not a member of 'pv_link'
C:\Users\ktn98257\repos\epics.dotnet\include\link.h(82): message : see declaration of 'pv_link'
C:\Users\ktn98257\repos\epics.dotnet\base-3.15.6\src\ioc\db\dbLink.c(632,53): error C2039: 'precord': is not a member of 'pv_link'
C:\Users\ktn98257\repos\epics.dotnet\include\link.h(82): message : see declaration of 'pv_link'
C:\Users\ktn98257\repos\epics.dotnet\base-3.15.6\src\ioc\db\dbLink.c(762,57): error C2039: 'precord': is not a member of 'pv_link'
C:\Users\ktn98257\repos\epics.dotnet\include\link.h(82): message : see declaration of 'pv_link'
  dbLock.c
  dbNotify.c
  dbScan.c
  dbServer.c
  dbState.c
  dbTest.c
  dbUnitTest.c
  db_access.c
  db_test.c
  initHooks.c
  recGbl.c
C:\Users\ktn98257\repos\epics.dotnet\base-3.15.6\src\ioc\db\recGbl.c(251,49): error C2065: 'pvlOptTSELisTime': undeclared identifier
C:\Users\ktn98257\repos\epics.dotnet\base-3.15.6\src\ioc\db\recGbl.c(280,46): error C2065: 'pvlOptTSELisTime': undeclared identifier
  dlload.c
  epicsRelease.c
  iocInit.c
C:\Users\ktn98257\repos\epics.dotnet\base-3.15.6\src\ioc\misc\iocInit.c(191,14): warning C4013: 'rsrv_init' undefined; assuming extern returning int
C:\Users\ktn98257\repos\epics.dotnet\base-3.15.6\src\ioc\misc\iocInit.c(234,13): warning C4013: 'rsrv_run' undefined; assuming extern returning int
C:\Users\ktn98257\repos\epics.dotnet\base-3.15.6\src\ioc\misc\iocInit.c(255,15): warning C4013: 'rsrv_pause' undefined; assuming extern returning int
C:\Users\ktn98257\repos\epics.dotnet\base-3.15.6\src\ioc\misc\iocInit.c(397,43): warning C4133: '=': incompatible types - from 'typed_rset *' to 'rset *'
C:\Users\ktn98257\repos\epics.dotnet\base-3.15.6\src\ioc\misc\iocInit.c(486,26): warning C4133: '=': incompatible types - from 'rset *' to 'typed_rset *'
C:\Users\ktn98257\repos\epics.dotnet\base-3.15.6\src\ioc\misc\iocInit.c(531,31): warning C4133: 'function': incompatible types - from 'dbCommon *' to 'link *'
C:\Users\ktn98257\repos\epics.dotnet\base-3.15.6\src\ioc\misc\iocInit.c(531,38): warning C4047: 'function': 'short' differs in levels of indirection from 'DBLINK *'
C:\Users\ktn98257\repos\epics.dotnet\base-3.15.6\src\ioc\misc\iocInit.c(531,33): warning C4024: 'dbInitLink': different types for formal and actual parameter 2
C:\Users\ktn98257\repos\epics.dotnet\base-3.15.6\src\ioc\misc\iocInit.c(531,49): warning C4020: 'dbInitLink': too many actual parameters
C:\Users\ktn98257\repos\epics.dotnet\base-3.15.6\src\ioc\misc\iocInit.c(656,33): warning C4133: 'function': incompatible types - from 'DBLINK *' to 'dbLocker *'
C:\Users\ktn98257\repos\epics.dotnet\base-3.15.6\src\ioc\misc\iocInit.c(656,27): error C2198: 'dbCaRemoveLink': too few arguments for call
  iocshRegisterCommon.c
  miscIocRegister.c
  dbLoadTemplate.c
dbtemplate/dbLoadTemplate_lex.l(223,1): warning C4013: 'read' undefined; assuming extern returning int
  registryCommon.c
  Generating Code...
  Compiling...
  registryDeviceSupport.c
  registryDriverSupport.c
  registryFunction.c
  registryIocRegister.c
  registryRecordType.c
  camessage.c
  camsgtask.c
  caserverio.c
  caservertask.c
  cast_server.c
  online_notify.c
  rsrvIocRegister.c
  Generating Code...
