c:\users\ktn98257\repos\epics.dotnet\base-3.15.6\src\ioc\o.common\dbloadtemplate.c
c:\users\ktn98257\repos\epics.dotnet\base-3.15.6\src\ioc\o.common\dbloadtemplate_lex.c
c:\users\ktn98257\repos\epics.dotnet\base-3.15.6\src\ioc\o.common\dbcommon.h
c:\users\ktn98257\repos\epics.dotnet\base-3.15.6\src\ioc\o.common\menualarmstat.h
c:\users\ktn98257\repos\epics.dotnet\base-3.15.6\src\ioc\o.common\menuftype.h
c:\users\ktn98257\repos\epics.dotnet\base-3.15.6\src\ioc\o.common\menuivoa.h
c:\users\ktn98257\repos\epics.dotnet\base-3.15.6\src\ioc\o.common\menuomsl.h
c:\users\ktn98257\repos\epics.dotnet\base-3.15.6\src\ioc\o.common\menupini.h
c:\users\ktn98257\repos\epics.dotnet\base-3.15.6\src\ioc\o.common\menupriority.h
c:\users\ktn98257\repos\epics.dotnet\base-3.15.6\src\ioc\o.common\menuscan.h
c:\users\ktn98257\repos\epics.dotnet\base-3.15.6\src\ioc\o.common\menuyesno.h
c:\users\ktn98257\repos\epics.dotnet\base-3.15.6\src\ioc\o.common\dbyacc.c
c:\users\ktn98257\repos\epics.dotnet\base-3.15.6\src\ioc\o.common\dblex.c
c:\users\ktn98257\repos\epics.dotnet\base-3.15.6\src\ioc\o.common\dbcore.h
c:\users\ktn98257\repos\epics.dotnet\base-3.15.6\src\ioc\o.common\dlload.h
c:\users\ktn98257\repos\epics.dotnet\base-3.15.6\src\ioc\o.common\system.h
c:\users\ktn98257\repos\epics.dotnet\base-3.15.6\src\ioc\o.common\menualarmsevr.dbd
c:\users\ktn98257\repos\epics.dotnet\base-3.15.6\src\ioc\o.common\menupost.h
c:\users\ktn98257\repos\epics.dotnet\base-3.15.6\src\ioc\o.common\menusimm.dbd
c:\users\ktn98257\repos\epics.dotnet\base-3.15.6\src\ioc\o.common\menusimm.h
c:\users\ktn98257\repos\epics.dotnet\base-3.15.6\src\ioc\debug_lib\asca.obj
c:\users\ktn98257\repos\epics.dotnet\base-3.15.6\src\ioc\debug_lib\asdblib.obj
c:\users\ktn98257\repos\epics.dotnet\base-3.15.6\src\ioc\debug_lib\asiocregister.obj
c:\users\ktn98257\repos\epics.dotnet\base-3.15.6\src\ioc\debug_lib\callback.obj
c:\users\ktn98257\repos\epics.dotnet\base-3.15.6\src\ioc\debug_lib\camessage.obj
c:\users\ktn98257\repos\epics.dotnet\base-3.15.6\src\ioc\debug_lib\camsgtask.obj
c:\users\ktn98257\repos\epics.dotnet\base-3.15.6\src\ioc\debug_lib\caserverio.obj
c:\users\ktn98257\repos\epics.dotnet\base-3.15.6\src\ioc\debug_lib\caservertask.obj
c:\users\ktn98257\repos\epics.dotnet\base-3.15.6\src\ioc\debug_lib\cast_server.obj
c:\users\ktn98257\repos\epics.dotnet\base-3.15.6\src\ioc\debug_lib\chfplugin.obj
c:\users\ktn98257\repos\epics.dotnet\base-3.15.6\src\ioc\debug_lib\cvtbpt.obj
c:\users\ktn98257\repos\epics.dotnet\base-3.15.6\src\ioc\debug_lib\dbaccess.obj
c:\users\ktn98257\repos\epics.dotnet\base-3.15.6\src\ioc\debug_lib\dbbkpt.obj
c:\users\ktn98257\repos\epics.dotnet\base-3.15.6\src\ioc\debug_lib\dbcatest.obj
c:\users\ktn98257\repos\epics.dotnet\base-3.15.6\src\ioc\debug_lib\dbconvert.obj
c:\users\ktn98257\repos\epics.dotnet\base-3.15.6\src\ioc\debug_lib\dbevent.obj
c:\users\ktn98257\repos\epics.dotnet\base-3.15.6\src\ioc\debug_lib\dbextractarray.obj
c:\users\ktn98257\repos\epics.dotnet\base-3.15.6\src\ioc\debug_lib\dbfastlinkconv.obj
c:\users\ktn98257\repos\epics.dotnet\base-3.15.6\src\ioc\debug_lib\dbiocregister.obj
c:\users\ktn98257\repos\epics.dotnet\base-3.15.6\src\ioc\debug_lib\dbloadtemplate.obj
c:\users\ktn98257\repos\epics.dotnet\base-3.15.6\src\ioc\debug_lib\dblock.obj
c:\users\ktn98257\repos\epics.dotnet\base-3.15.6\src\ioc\debug_lib\dbnotify.obj
c:\users\ktn98257\repos\epics.dotnet\base-3.15.6\src\ioc\debug_lib\dbpvdlib.obj
c:\users\ktn98257\repos\epics.dotnet\base-3.15.6\src\ioc\debug_lib\dbscan.obj
c:\users\ktn98257\repos\epics.dotnet\base-3.15.6\src\ioc\debug_lib\dbserver.obj
c:\users\ktn98257\repos\epics.dotnet\base-3.15.6\src\ioc\debug_lib\dbstate.obj
c:\users\ktn98257\repos\epics.dotnet\base-3.15.6\src\ioc\debug_lib\dbstaticiocregister.obj
c:\users\ktn98257\repos\epics.dotnet\base-3.15.6\src\ioc\debug_lib\dbstaticlib.obj
c:\users\ktn98257\repos\epics.dotnet\base-3.15.6\src\ioc\debug_lib\dbstaticrun.obj
c:\users\ktn98257\repos\epics.dotnet\base-3.15.6\src\ioc\debug_lib\dbtest.obj
c:\users\ktn98257\repos\epics.dotnet\base-3.15.6\src\ioc\debug_lib\dbtoolsiocregister.obj
c:\users\ktn98257\repos\epics.dotnet\base-3.15.6\src\ioc\debug_lib\dbunittest.obj
c:\users\ktn98257\repos\epics.dotnet\base-3.15.6\src\ioc\debug_lib\db_access.obj
c:\users\ktn98257\repos\epics.dotnet\base-3.15.6\src\ioc\debug_lib\db_test.obj
c:\users\ktn98257\repos\epics.dotnet\base-3.15.6\src\ioc\debug_lib\dlload.obj
c:\users\ktn98257\repos\epics.dotnet\base-3.15.6\src\ioc\debug_lib\epicsrelease.obj
c:\users\ktn98257\repos\epics.dotnet\base-3.15.6\src\ioc\debug_lib\inithooks.obj
c:\users\ktn98257\repos\epics.dotnet\base-3.15.6\src\ioc\debug_lib\iocshregistercommon.obj
c:\users\ktn98257\repos\epics.dotnet\base-3.15.6\src\ioc\debug_lib\misciocregister.obj
c:\users\ktn98257\repos\epics.dotnet\base-3.15.6\src\ioc\debug_lib\online_notify.obj
c:\users\ktn98257\repos\epics.dotnet\base-3.15.6\src\ioc\debug_lib\registrycommon.obj
c:\users\ktn98257\repos\epics.dotnet\base-3.15.6\src\ioc\debug_lib\registrydevicesupport.obj
c:\users\ktn98257\repos\epics.dotnet\base-3.15.6\src\ioc\debug_lib\registrydriversupport.obj
c:\users\ktn98257\repos\epics.dotnet\base-3.15.6\src\ioc\debug_lib\registryfunction.obj
c:\users\ktn98257\repos\epics.dotnet\base-3.15.6\src\ioc\debug_lib\registryiocregister.obj
c:\users\ktn98257\repos\epics.dotnet\base-3.15.6\src\ioc\debug_lib\registryrecordtype.obj
c:\users\ktn98257\repos\epics.dotnet\base-3.15.6\src\ioc\debug_lib\rsrviocregister.obj
c:\users\ktn98257\repos\epics.dotnet\base-3.15.6\src\ioc\debug_lib\dbcore.idb
c:\users\ktn98257\repos\epics.dotnet\base-3.15.6\src\ioc\debug_lib\dbcore.pdb
c:\users\ktn98257\repos\epics.dotnet\base-3.15.6\src\ioc\debug_lib\asca.sbr
c:\users\ktn98257\repos\epics.dotnet\base-3.15.6\src\ioc\debug_lib\asdblib.sbr
c:\users\ktn98257\repos\epics.dotnet\base-3.15.6\src\ioc\debug_lib\asiocregister.sbr
c:\users\ktn98257\repos\epics.dotnet\base-3.15.6\src\ioc\debug_lib\callback.sbr
c:\users\ktn98257\repos\epics.dotnet\base-3.15.6\src\ioc\debug_lib\camessage.sbr
c:\users\ktn98257\repos\epics.dotnet\base-3.15.6\src\ioc\debug_lib\camsgtask.sbr
c:\users\ktn98257\repos\epics.dotnet\base-3.15.6\src\ioc\debug_lib\caserverio.sbr
c:\users\ktn98257\repos\epics.dotnet\base-3.15.6\src\ioc\debug_lib\caservertask.sbr
c:\users\ktn98257\repos\epics.dotnet\base-3.15.6\src\ioc\debug_lib\cast_server.sbr
c:\users\ktn98257\repos\epics.dotnet\base-3.15.6\src\ioc\debug_lib\chfplugin.sbr
c:\users\ktn98257\repos\epics.dotnet\base-3.15.6\src\ioc\debug_lib\cvtbpt.sbr
c:\users\ktn98257\repos\epics.dotnet\base-3.15.6\src\ioc\debug_lib\dbaccess.sbr
c:\users\ktn98257\repos\epics.dotnet\base-3.15.6\src\ioc\debug_lib\dbbkpt.sbr
c:\users\ktn98257\repos\epics.dotnet\base-3.15.6\src\ioc\debug_lib\dbca.sbr
c:\users\ktn98257\repos\epics.dotnet\base-3.15.6\src\ioc\debug_lib\dbcatest.sbr
c:\users\ktn98257\repos\epics.dotnet\base-3.15.6\src\ioc\debug_lib\dbchannel.sbr
c:\users\ktn98257\repos\epics.dotnet\base-3.15.6\src\ioc\debug_lib\dbconvert.sbr
c:\users\ktn98257\repos\epics.dotnet\base-3.15.6\src\ioc\debug_lib\dbevent.sbr
c:\users\ktn98257\repos\epics.dotnet\base-3.15.6\src\ioc\debug_lib\dbextractarray.sbr
c:\users\ktn98257\repos\epics.dotnet\base-3.15.6\src\ioc\debug_lib\dbfastlinkconv.sbr
c:\users\ktn98257\repos\epics.dotnet\base-3.15.6\src\ioc\debug_lib\dbiocregister.sbr
c:\users\ktn98257\repos\epics.dotnet\base-3.15.6\src\ioc\debug_lib\dblink.sbr
c:\users\ktn98257\repos\epics.dotnet\base-3.15.6\src\ioc\debug_lib\dbloadtemplate.sbr
c:\users\ktn98257\repos\epics.dotnet\base-3.15.6\src\ioc\debug_lib\dblock.sbr
c:\users\ktn98257\repos\epics.dotnet\base-3.15.6\src\ioc\debug_lib\dbnotify.sbr
c:\users\ktn98257\repos\epics.dotnet\base-3.15.6\src\ioc\debug_lib\dbpvdlib.sbr
c:\users\ktn98257\repos\epics.dotnet\base-3.15.6\src\ioc\debug_lib\dbscan.sbr
c:\users\ktn98257\repos\epics.dotnet\base-3.15.6\src\ioc\debug_lib\dbserver.sbr
c:\users\ktn98257\repos\epics.dotnet\base-3.15.6\src\ioc\debug_lib\dbstate.sbr
c:\users\ktn98257\repos\epics.dotnet\base-3.15.6\src\ioc\debug_lib\dbstaticiocregister.sbr
c:\users\ktn98257\repos\epics.dotnet\base-3.15.6\src\ioc\debug_lib\dbstaticlib.sbr
c:\users\ktn98257\repos\epics.dotnet\base-3.15.6\src\ioc\debug_lib\dbstaticrun.sbr
c:\users\ktn98257\repos\epics.dotnet\base-3.15.6\src\ioc\debug_lib\dbtest.sbr
c:\users\ktn98257\repos\epics.dotnet\base-3.15.6\src\ioc\debug_lib\dbtoolsiocregister.sbr
c:\users\ktn98257\repos\epics.dotnet\base-3.15.6\src\ioc\debug_lib\dbunittest.sbr
c:\users\ktn98257\repos\epics.dotnet\base-3.15.6\src\ioc\debug_lib\db_access.sbr
c:\users\ktn98257\repos\epics.dotnet\base-3.15.6\src\ioc\debug_lib\db_test.sbr
c:\users\ktn98257\repos\epics.dotnet\base-3.15.6\src\ioc\debug_lib\dlload.sbr
c:\users\ktn98257\repos\epics.dotnet\base-3.15.6\src\ioc\debug_lib\epicsrelease.sbr
c:\users\ktn98257\repos\epics.dotnet\base-3.15.6\src\ioc\debug_lib\inithooks.sbr
c:\users\ktn98257\repos\epics.dotnet\base-3.15.6\src\ioc\debug_lib\iocinit.sbr
c:\users\ktn98257\repos\epics.dotnet\base-3.15.6\src\ioc\debug_lib\iocshregistercommon.sbr
c:\users\ktn98257\repos\epics.dotnet\base-3.15.6\src\ioc\debug_lib\misciocregister.sbr
c:\users\ktn98257\repos\epics.dotnet\base-3.15.6\src\ioc\debug_lib\online_notify.sbr
c:\users\ktn98257\repos\epics.dotnet\base-3.15.6\src\ioc\debug_lib\recgbl.sbr
c:\users\ktn98257\repos\epics.dotnet\base-3.15.6\src\ioc\debug_lib\registrycommon.sbr
c:\users\ktn98257\repos\epics.dotnet\base-3.15.6\src\ioc\debug_lib\registrydevicesupport.sbr
c:\users\ktn98257\repos\epics.dotnet\base-3.15.6\src\ioc\debug_lib\registrydriversupport.sbr
c:\users\ktn98257\repos\epics.dotnet\base-3.15.6\src\ioc\debug_lib\registryfunction.sbr
c:\users\ktn98257\repos\epics.dotnet\base-3.15.6\src\ioc\debug_lib\registryiocregister.sbr
c:\users\ktn98257\repos\epics.dotnet\base-3.15.6\src\ioc\debug_lib\registryrecordtype.sbr
c:\users\ktn98257\repos\epics.dotnet\base-3.15.6\src\ioc\debug_lib\rsrviocregister.sbr
c:\users\ktn98257\repos\epics.dotnet\base-3.15.6\src\ioc\debug_lib\dbcore.tlog\cl.command.1.tlog
c:\users\ktn98257\repos\epics.dotnet\base-3.15.6\src\ioc\debug_lib\dbcore.tlog\custombuild.command.1.tlog
c:\users\ktn98257\repos\epics.dotnet\base-3.15.6\src\ioc\debug_lib\dbcore.tlog\custombuild.read.1.tlog
c:\users\ktn98257\repos\epics.dotnet\base-3.15.6\src\ioc\debug_lib\dbcore.tlog\custombuild.write.1.tlog
