c:\users\ktn98257\repos\epics.dotnet\base-3.15.6\src\ca\legacy\gdd\debug_lib\aithelpers.obj
c:\users\ktn98257\repos\epics.dotnet\base-3.15.6\src\ca\legacy\gdd\debug_lib\gdd.obj
c:\users\ktn98257\repos\epics.dotnet\base-3.15.6\src\ca\legacy\gdd\debug_lib\gddappdefs.obj
c:\users\ktn98257\repos\epics.dotnet\base-3.15.6\src\ca\legacy\gdd\debug_lib\gddapptable.obj
c:\users\ktn98257\repos\epics.dotnet\base-3.15.6\src\ca\legacy\gdd\debug_lib\gddarray.obj
c:\users\ktn98257\repos\epics.dotnet\base-3.15.6\src\ca\legacy\gdd\debug_lib\gddcontainer.obj
c:\users\ktn98257\repos\epics.dotnet\base-3.15.6\src\ca\legacy\gdd\debug_lib\gddenumstringtable.obj
c:\users\ktn98257\repos\epics.dotnet\base-3.15.6\src\ca\legacy\gdd\debug_lib\gdderrorcodes.obj
c:\users\ktn98257\repos\epics.dotnet\base-3.15.6\src\ca\legacy\gdd\debug_lib\gddnewdel.obj
c:\users\ktn98257\repos\epics.dotnet\base-3.15.6\src\ca\legacy\gdd\debug_lib\gddtest.obj
c:\users\ktn98257\repos\epics.dotnet\base-3.15.6\src\ca\legacy\gdd\debug_lib\gddutils.obj
c:\users\ktn98257\repos\epics.dotnet\base-3.15.6\src\ca\legacy\gdd\debug_lib\gddvc142.idb
c:\users\ktn98257\repos\epics.dotnet\base-3.15.6\src\ca\legacy\gdd\debug_lib\gddvc142.pdb
c:\users\ktn98257\repos\epics.dotnet\base-3.15.6\src\ca\legacy\gdd\debug_lib\aithelpers.sbr
c:\users\ktn98257\repos\epics.dotnet\base-3.15.6\src\ca\legacy\gdd\debug_lib\gdd.sbr
c:\users\ktn98257\repos\epics.dotnet\base-3.15.6\src\ca\legacy\gdd\debug_lib\gddappdefs.sbr
c:\users\ktn98257\repos\epics.dotnet\base-3.15.6\src\ca\legacy\gdd\debug_lib\gddapptable.sbr
c:\users\ktn98257\repos\epics.dotnet\base-3.15.6\src\ca\legacy\gdd\debug_lib\gddarray.sbr
c:\users\ktn98257\repos\epics.dotnet\base-3.15.6\src\ca\legacy\gdd\debug_lib\gddcontainer.sbr
c:\users\ktn98257\repos\epics.dotnet\base-3.15.6\src\ca\legacy\gdd\debug_lib\gddenumstringtable.sbr
c:\users\ktn98257\repos\epics.dotnet\base-3.15.6\src\ca\legacy\gdd\debug_lib\gdderrorcodes.sbr
c:\users\ktn98257\repos\epics.dotnet\base-3.15.6\src\ca\legacy\gdd\debug_lib\gddnewdel.sbr
c:\users\ktn98257\repos\epics.dotnet\base-3.15.6\src\ca\legacy\gdd\debug_lib\gddtest.sbr
c:\users\ktn98257\repos\epics.dotnet\base-3.15.6\src\ca\legacy\gdd\debug_lib\gddutils.sbr
c:\users\ktn98257\repos\epics.dotnet\base-3.15.6\src\ca\legacy\gdd\debug_lib\gdd.tlog\cl.command.1.tlog
