  Performing Custom Build Tools
          1 file(s) moved.
  Performing Custom Build Tools
          1 file(s) moved.
  Performing Custom Build Tools
  Can't open perl script "C:\Users\ktn98257\repos\epics.dotnet\Debug_DLL\dbdToRecordtypeH.pl": No such file or directory
  Performing Custom Build Tools
  Can't open perl script "C:\Users\ktn98257\repos\epics.dotnet\Debug_DLL\dbdToMenuH.pl": No such file or directory
  Performing Custom Build Tools
  Can't open perl script "C:\Users\ktn98257\repos\epics.dotnet\Debug_DLL\dbdToMenuH.pl": No such file or directory
  Performing Custom Build Tools
  Can't open perl script "C:\Users\ktn98257\repos\epics.dotnet\Debug_DLL\dbdToMenuH.pl": No such file or directory
  Performing Custom Build Tools
          1 file(s) moved.
  Performing Custom Build Tools
          1 file(s) moved.
  Performing Custom Build Tools
  Can't open perl script "C:\Users\ktn98257\repos\epics.dotnet\Debug_DLL\dbdToMenuH.pl": No such file or directory
  Performing Custom Build Tools
  Can't open perl script "C:\Users\ktn98257\repos\epics.dotnet\Debug_DLL\dbdToMenuH.pl": No such file or directory
  Performing Custom Build Tools
  Can't open perl script "C:\Users\ktn98257\repos\epics.dotnet\Debug_DLL\dbdToMenuH.pl": No such file or directory
  Performing Custom Build Tools
  Performing Custom Build Tools
  Can't open perl script "C:\Users\ktn98257\repos\epics.dotnet\Debug_DLL\dbdToMenuH.pl": No such file or directory
  Performing Custom Build Tools
  Performing Custom Build Tools
  Performing Custom Build Tools
  Performing Custom Build Tools
  Performing Custom Build Tools
  Performing Custom Build Tools
  Performing Custom Build Tools
  Performing Custom Build Tools
  Can't open perl script "C:\Users\ktn98257\repos\epics.dotnet\Debug_DLL\dbdToMenuH.pl": No such file or directory
  Performing Custom Build Tools
  Can't open perl script "C:\Users\ktn98257\repos\epics.dotnet\Debug_DLL\dbdToMenuH.pl": No such file or directory
  Performing Custom Build Tools
  Can't open perl script "C:\Users\ktn98257\repos\epics.dotnet\Debug_DLL\dbdToMenuH.pl": No such file or directory
  Performing Custom Build Tools
  Can't open perl script "C:\Users\ktn98257\repos\epics.dotnet\Debug_DLL\dbdToMenuH.pl": No such file or directory
  Performing Custom Build Tools
  Can't open perl script "C:\Users\ktn98257\repos\epics.dotnet\Debug_DLL\dbdToMenuH.pl": No such file or directory
  Performing Custom Build Tools
  Can't open perl script "C:\Users\ktn98257\repos\epics.dotnet\Debug_DLL\dbdToMenuH.pl": No such file or directory
  Performing Custom Build Tools
  Can't open perl script "C:\Users\ktn98257\repos\epics.dotnet\Debug_DLL\dbdToMenuH.pl": No such file or directory
  Performing Custom Build Tools
  Can't open perl script "C:\Users\ktn98257\repos\epics.dotnet\Debug_DLL\dbdToMenuH.pl": No such file or directory
  Performing Custom Build Tools
  Can't open perl script "C:\Users\ktn98257\repos\epics.dotnet\Debug_DLL\dbdToMenuH.pl": No such file or directory
  Performing Custom Build Tools
  Can't open perl script "C:\Users\ktn98257\repos\epics.dotnet\Debug_DLL\dbdToMenuH.pl": No such file or directory
C:\Program Files (x86)\Microsoft Visual Studio\2019\Enterprise\MSBuild\Microsoft\VC\v160\Microsoft.CppCommon.targets(234,5): warning MSB8065: Custom build for item "db\dbCommonRecord.dbd" succeeded, but specified output "c:\users\ktn98257\repos\epics.dotnet\base-7.0.3.1\modules\database\src\ioc\o.common\dbcommon.h" has not been created. This may cause incremental build to work incorrectly.
C:\Program Files (x86)\Microsoft Visual Studio\2019\Enterprise\MSBuild\Microsoft\VC\v160\Microsoft.CppCommon.targets(234,5): warning MSB8065: Custom build for item "db\menuPini.dbd" succeeded, but specified output "c:\users\ktn98257\repos\epics.dotnet\base-7.0.3.1\modules\database\src\ioc\o.common\menupini.h" has not been created. This may cause incremental build to work incorrectly.
C:\Program Files (x86)\Microsoft Visual Studio\2019\Enterprise\MSBuild\Microsoft\VC\v160\Microsoft.CppCommon.targets(234,5): warning MSB8065: Custom build for item "db\menuPriority.dbd" succeeded, but specified output "c:\users\ktn98257\repos\epics.dotnet\base-7.0.3.1\modules\database\src\ioc\o.common\menupriority.h" has not been created. This may cause incremental build to work incorrectly.
C:\Program Files (x86)\Microsoft Visual Studio\2019\Enterprise\MSBuild\Microsoft\VC\v160\Microsoft.CppCommon.targets(234,5): warning MSB8065: Custom build for item "db\menuYesNo.dbd" succeeded, but specified output "c:\users\ktn98257\repos\epics.dotnet\base-7.0.3.1\modules\database\src\ioc\o.common\menuyesno.h" has not been created. This may cause incremental build to work incorrectly.
C:\Program Files (x86)\Microsoft Visual Studio\2019\Enterprise\MSBuild\Microsoft\VC\v160\Microsoft.CppCommon.targets(234,5): warning MSB8065: Custom build for item "misc\dbCore.dbd" succeeded, but specified output "c:\users\ktn98257\repos\epics.dotnet\base-7.0.3.1\modules\database\src\ioc\o.common\dbcore.h" has not been created. This may cause incremental build to work incorrectly.
C:\Program Files (x86)\Microsoft Visual Studio\2019\Enterprise\MSBuild\Microsoft\VC\v160\Microsoft.CppCommon.targets(234,5): warning MSB8065: Custom build for item "misc\dlload.dbd" succeeded, but specified output "c:\users\ktn98257\repos\epics.dotnet\base-7.0.3.1\modules\database\src\ioc\o.common\dlload.h" has not been created. This may cause incremental build to work incorrectly.
C:\Program Files (x86)\Microsoft Visual Studio\2019\Enterprise\MSBuild\Microsoft\VC\v160\Microsoft.CppCommon.targets(234,5): warning MSB8065: Custom build for item "misc\system.dbd" succeeded, but specified output "c:\users\ktn98257\repos\epics.dotnet\base-7.0.3.1\modules\database\src\ioc\o.common\system.h" has not been created. This may cause incremental build to work incorrectly.
C:\Program Files (x86)\Microsoft Visual Studio\2019\Enterprise\MSBuild\Microsoft\VC\v160\Microsoft.CppCommon.targets(234,5): warning MSB8065: Custom build for item "db\menuPost.dbd" succeeded, but specified output "c:\users\ktn98257\repos\epics.dotnet\base-7.0.3.1\modules\database\src\ioc\o.common\menupost.h" has not been created. This may cause incremental build to work incorrectly.
C:\Program Files (x86)\Microsoft Visual Studio\2019\Enterprise\MSBuild\Microsoft\VC\v160\Microsoft.CppCommon.targets(234,5): warning MSB8064: Custom build for item "O.Common\menuConvert.dbd" succeeded, but specified dependency "c:\users\ktn98257\repos\epics.dotnet\base-7.0.3.1\modules\database\src\ioc\o.common\menuconvert.dbd" does not exist. This may cause incremental build to work incorrectly.
C:\Program Files (x86)\Microsoft Visual Studio\2019\Enterprise\MSBuild\Microsoft\VC\v160\Microsoft.CppCommon.targets(234,5): warning MSB8065: Custom build for item "O.Common\menuConvert.dbd" succeeded, but specified output "c:\users\ktn98257\repos\epics.dotnet\base-7.0.3.1\modules\database\src\ioc\o.common\menuconvert.h" has not been created. This may cause incremental build to work incorrectly.
C:\Program Files (x86)\Microsoft Visual Studio\2019\Enterprise\MSBuild\Microsoft\VC\v160\Microsoft.CppCommon.targets(234,5): warning MSB8065: Custom build for item "O.Common\menuGlobal.dbd" succeeded, but specified output "c:\users\ktn98257\repos\epics.dotnet\base-7.0.3.1\modules\database\src\ioc\o.common\menuglobal.h" has not been created. This may cause incremental build to work incorrectly.
C:\Program Files (x86)\Microsoft Visual Studio\2019\Enterprise\MSBuild\Microsoft\VC\v160\Microsoft.CppCommon.targets(234,5): warning MSB8065: Custom build for item "O.Common\menuAlarmSevr.dbd" succeeded, but specified output "c:\users\ktn98257\repos\epics.dotnet\base-7.0.3.1\modules\database\src\ioc\o.common\menualarmsevr.h" has not been created. This may cause incremental build to work incorrectly.
C:\Program Files (x86)\Microsoft Visual Studio\2019\Enterprise\MSBuild\Microsoft\VC\v160\Microsoft.CppCommon.targets(234,5): warning MSB8065: Custom build for item "O.Common\menuSimm.dbd" succeeded, but specified output "c:\users\ktn98257\repos\epics.dotnet\base-7.0.3.1\modules\database\src\ioc\o.common\menusimm.h" has not been created. This may cause incremental build to work incorrectly.
C:\Program Files (x86)\Microsoft Visual Studio\2019\Enterprise\MSBuild\Microsoft\VC\v160\Microsoft.CppCommon.targets(234,5): warning MSB8065: Custom build for item "O.Common\menuScan.dbd" succeeded, but specified output "c:\users\ktn98257\repos\epics.dotnet\base-7.0.3.1\modules\database\src\ioc\o.common\menuscan.h" has not been created. This may cause incremental build to work incorrectly.
C:\Program Files (x86)\Microsoft Visual Studio\2019\Enterprise\MSBuild\Microsoft\VC\v160\Microsoft.CppCommon.targets(234,5): warning MSB8065: Custom build for item "O.Common\menuAlarmStat.dbd" succeeded, but specified output "c:\users\ktn98257\repos\epics.dotnet\base-7.0.3.1\modules\database\src\ioc\o.common\menualarmstat.h" has not been created. This may cause incremental build to work incorrectly.
C:\Program Files (x86)\Microsoft Visual Studio\2019\Enterprise\MSBuild\Microsoft\VC\v160\Microsoft.CppCommon.targets(234,5): warning MSB8065: Custom build for item "O.Common\menuFtype.dbd" succeeded, but specified output "c:\users\ktn98257\repos\epics.dotnet\base-7.0.3.1\modules\database\src\ioc\o.common\menuftype.h" has not been created. This may cause incremental build to work incorrectly.
C:\Program Files (x86)\Microsoft Visual Studio\2019\Enterprise\MSBuild\Microsoft\VC\v160\Microsoft.CppCommon.targets(234,5): warning MSB8065: Custom build for item "O.Common\menuIvoa.dbd" succeeded, but specified output "c:\users\ktn98257\repos\epics.dotnet\base-7.0.3.1\modules\database\src\ioc\o.common\menuivoa.h" has not been created. This may cause incremental build to work incorrectly.
C:\Program Files (x86)\Microsoft Visual Studio\2019\Enterprise\MSBuild\Microsoft\VC\v160\Microsoft.CppCommon.targets(234,5): warning MSB8065: Custom build for item "O.Common\menuOmsl.dbd" succeeded, but specified output "c:\users\ktn98257\repos\epics.dotnet\base-7.0.3.1\modules\database\src\ioc\o.common\menuomsl.h" has not been created. This may cause incremental build to work incorrectly.
C:\Program Files (x86)\Microsoft Visual Studio\2019\Enterprise\MSBuild\Microsoft\VC\v160\Microsoft.CppCommon.targets(234,5): warning MSB8065: Custom build for item "O.Common\menuYesNo.dbd" succeeded, but specified output "c:\users\ktn98257\repos\epics.dotnet\base-7.0.3.1\modules\database\src\ioc\o.common\menuyesno.h" has not been created. This may cause incremental build to work incorrectly.
  asCa.c
  asDbLib.c
  asIocRegister.c
  dbPvdLib.c
  dbStaticIocRegister.c
  dbStaticLib.c
  dbStaticRun.c
  dbtoolsIocRegister.c
  callback.c
  chfPlugin.c
  cvtBpt.c
  dbAccess.c
C:\Users\ktn98257\repos\epics.dotnet\base-7.0.3.1\modules\database\src\ioc\db\dbAccess.c(463,1): warning C4133: 'initializing': incompatible types - from 'typed_rset *' to 'rset *'
  dbBkpt.c
  dbCa.c
  dbCaTest.c
  dbChannel.c
  dbConstLink.c
  dbConvert.c
  dbConvertJSON.c
  dbDbLink.c
  Generating Code...
  Compiling...
  dbEvent.c
  dbExtractArray.c
  dbFastLinkConv.c
  dbIocRegister.c
  dbJLink.c
  dbLink.c
  dbLock.c
  dbNotify.c
  dbScan.c
  dbServer.c
  dbState.c
  dbTest.c
  dbUnitTest.c
  db_access.c
  db_test.c
  recGbl.c
  dlload.c
  epicsRelease.c
  iocInit.c
C:\Users\ktn98257\repos\epics.dotnet\base-7.0.3.1\modules\database\src\ioc\misc\iocInit.c(416,43): warning C4133: '=': incompatible types - from 'typed_rset *' to 'rset *'
C:\Users\ktn98257\repos\epics.dotnet\base-7.0.3.1\modules\database\src\ioc\misc\iocInit.c(499,26): warning C4133: '=': incompatible types - from 'rset *' to 'typed_rset *'
  iocshRegisterCommon.c
  Generating Code...
  Compiling...
  miscIocRegister.c
  dbLoadTemplate.c
dbtemplate/dbLoadTemplate_lex.l(223,1): warning C4013: 'read' undefined; assuming extern returning int
  registryCommon.c
  registryDeviceSupport.c
  registryDriverSupport.c
  registryFunction.c
  registryIocRegister.c
  registryJLinks.c
  registryRecordType.c
  camessage.c
C:\Users\ktn98257\repos\epics.dotnet\base-7.0.3.1\modules\database\src\ioc\rsrv\camessage.c(366,23): warning C4013: 'CA_VSUPPORTED' undefined; assuming extern returning int
  camsgtask.c
  caserverio.c
  caservertask.c
  cast_server.c
  online_notify.c
  rsrvIocRegister.c
  Generating Code...
  dbChannelIO.cpp
  dbContext.cpp
C:\Users\ktn98257\repos\epics.dotnet\base-7.0.3.1\modules\database\src\ioc\db\dbChannelNOOP.h(83,24): warning C4138: '*/' found outside of comment
  dbContextReadNotifyCache.cpp
  dbPutNotifyBlocker.cpp
  dbSubscriptionIO.cpp
  Generating Code...
  dbYacc.c
     Creating library C:\Users\ktn98257\repos\epics.dotnet\Debug_DLL\dbCore.lib and object C:\Users\ktn98257\repos\epics.dotnet\Debug_DLL\dbCore.exp
camessage.obj : error LNK2019: unresolved external symbol _CA_VSUPPORTED referenced in function _tcp_version_action
C:\Users\ktn98257\repos\epics.dotnet\Debug_DLL\dbCore.dll : fatal error LNK1120: 1 unresolved externals
