c:\users\ktn98257\repos\epics.dotnet\support\asyn-r4-40-1\asyn\o.common\asynrecord.h
c:\users\ktn98257\repos\epics.dotnet\support\asyn-r4-40-1\asyn\debug_lib\asyncommonsyncio.obj
c:\users\ktn98257\repos\epics.dotnet\support\asyn-r4-40-1\asyn\debug_lib\asynenumbase.obj
c:\users\ktn98257\repos\epics.dotnet\support\asyn-r4-40-1\asyn\debug_lib\asynenumsyncio.obj
c:\users\ktn98257\repos\epics.dotnet\support\asyn-r4-40-1\asyn\debug_lib\asynepicsutils.obj
c:\users\ktn98257\repos\epics.dotnet\support\asyn-r4-40-1\asyn\debug_lib\asynfloat32arraybase.obj
c:\users\ktn98257\repos\epics.dotnet\support\asyn-r4-40-1\asyn\debug_lib\asynfloat32arraysyncio.obj
c:\users\ktn98257\repos\epics.dotnet\support\asyn-r4-40-1\asyn\debug_lib\asynfloat64arraybase.obj
c:\users\ktn98257\repos\epics.dotnet\support\asyn-r4-40-1\asyn\debug_lib\asynfloat64arraysyncio.obj
c:\users\ktn98257\repos\epics.dotnet\support\asyn-r4-40-1\asyn\debug_lib\asynfloat64base.obj
c:\users\ktn98257\repos\epics.dotnet\support\asyn-r4-40-1\asyn\debug_lib\asynfloat64syncio.obj
c:\users\ktn98257\repos\epics.dotnet\support\asyn-r4-40-1\asyn\debug_lib\asyngenericpointerbase.obj
c:\users\ktn98257\repos\epics.dotnet\support\asyn-r4-40-1\asyn\debug_lib\asyngenericpointersyncio.obj
c:\users\ktn98257\repos\epics.dotnet\support\asyn-r4-40-1\asyn\debug_lib\asyngpib.obj
c:\users\ktn98257\repos\epics.dotnet\support\asyn-r4-40-1\asyn\debug_lib\asynint16arraybase.obj
c:\users\ktn98257\repos\epics.dotnet\support\asyn-r4-40-1\asyn\debug_lib\asynint16arraysyncio.obj
c:\users\ktn98257\repos\epics.dotnet\support\asyn-r4-40-1\asyn\debug_lib\asynint32arraybase.obj
c:\users\ktn98257\repos\epics.dotnet\support\asyn-r4-40-1\asyn\debug_lib\asynint32arraysyncio.obj
c:\users\ktn98257\repos\epics.dotnet\support\asyn-r4-40-1\asyn\debug_lib\asynint32base.obj
c:\users\ktn98257\repos\epics.dotnet\support\asyn-r4-40-1\asyn\debug_lib\asynint32syncio.obj
c:\users\ktn98257\repos\epics.dotnet\support\asyn-r4-40-1\asyn\debug_lib\asynint64arraybase.obj
c:\users\ktn98257\repos\epics.dotnet\support\asyn-r4-40-1\asyn\debug_lib\asynint64arraysyncio.obj
c:\users\ktn98257\repos\epics.dotnet\support\asyn-r4-40-1\asyn\debug_lib\asynint64base.obj
c:\users\ktn98257\repos\epics.dotnet\support\asyn-r4-40-1\asyn\debug_lib\asynint64syncio.obj
c:\users\ktn98257\repos\epics.dotnet\support\asyn-r4-40-1\asyn\debug_lib\asynint8arraybase.obj
c:\users\ktn98257\repos\epics.dotnet\support\asyn-r4-40-1\asyn\debug_lib\asynint8arraysyncio.obj
c:\users\ktn98257\repos\epics.dotnet\support\asyn-r4-40-1\asyn\debug_lib\asyninterposecom.obj
c:\users\ktn98257\repos\epics.dotnet\support\asyn-r4-40-1\asyn\debug_lib\asyninterposedelay.obj
c:\users\ktn98257\repos\epics.dotnet\support\asyn-r4-40-1\asyn\debug_lib\asyninterposeecho.obj
c:\users\ktn98257\repos\epics.dotnet\support\asyn-r4-40-1\asyn\debug_lib\asyninterposeeos.obj
c:\users\ktn98257\repos\epics.dotnet\support\asyn-r4-40-1\asyn\debug_lib\asyninterposeflush.obj
c:\users\ktn98257\repos\epics.dotnet\support\asyn-r4-40-1\asyn\debug_lib\asynmanager.obj
c:\users\ktn98257\repos\epics.dotnet\support\asyn-r4-40-1\asyn\debug_lib\asynoctetbase.obj
c:\users\ktn98257\repos\epics.dotnet\support\asyn-r4-40-1\asyn\debug_lib\asynoctetsyncio.obj
c:\users\ktn98257\repos\epics.dotnet\support\asyn-r4-40-1\asyn\debug_lib\asynoptionsyncio.obj
c:\users\ktn98257\repos\epics.dotnet\support\asyn-r4-40-1\asyn\debug_lib\asynportclient.obj
c:\users\ktn98257\repos\epics.dotnet\support\asyn-r4-40-1\asyn\debug_lib\asynportdriver.obj
c:\users\ktn98257\repos\epics.dotnet\support\asyn-r4-40-1\asyn\debug_lib\asynrecord.obj
c:\users\ktn98257\repos\epics.dotnet\support\asyn-r4-40-1\asyn\debug_lib\asynshellcommands.obj
c:\users\ktn98257\repos\epics.dotnet\support\asyn-r4-40-1\asyn\debug_lib\asynstandardinterfacesbase.obj
c:\users\ktn98257\repos\epics.dotnet\support\asyn-r4-40-1\asyn\debug_lib\asynuint32digitalbase.obj
c:\users\ktn98257\repos\epics.dotnet\support\asyn-r4-40-1\asyn\debug_lib\asynuint32digitalsyncio.obj
c:\users\ktn98257\repos\epics.dotnet\support\asyn-r4-40-1\asyn\debug_lib\bosrqonoff.obj
c:\users\ktn98257\repos\epics.dotnet\support\asyn-r4-40-1\asyn\debug_lib\devasynfloat32array.obj
c:\users\ktn98257\repos\epics.dotnet\support\asyn-r4-40-1\asyn\debug_lib\devasynfloat64.obj
c:\users\ktn98257\repos\epics.dotnet\support\asyn-r4-40-1\asyn\debug_lib\devasynfloat64array.obj
c:\users\ktn98257\repos\epics.dotnet\support\asyn-r4-40-1\asyn\debug_lib\devasynfloat64timeseries.obj
c:\users\ktn98257\repos\epics.dotnet\support\asyn-r4-40-1\asyn\debug_lib\devasynint16array.obj
c:\users\ktn98257\repos\epics.dotnet\support\asyn-r4-40-1\asyn\debug_lib\devasynint32.obj
c:\users\ktn98257\repos\epics.dotnet\support\asyn-r4-40-1\asyn\debug_lib\devasynint32array.obj
c:\users\ktn98257\repos\epics.dotnet\support\asyn-r4-40-1\asyn\debug_lib\devasynint32timeseries.obj
c:\users\ktn98257\repos\epics.dotnet\support\asyn-r4-40-1\asyn\debug_lib\devasynint64.obj
c:\users\ktn98257\repos\epics.dotnet\support\asyn-r4-40-1\asyn\debug_lib\devasynint64array.obj
c:\users\ktn98257\repos\epics.dotnet\support\asyn-r4-40-1\asyn\debug_lib\devasynint64timeseries.obj
c:\users\ktn98257\repos\epics.dotnet\support\asyn-r4-40-1\asyn\debug_lib\devasynint8array.obj
c:\users\ktn98257\repos\epics.dotnet\support\asyn-r4-40-1\asyn\debug_lib\devasynoctet.obj
c:\users\ktn98257\repos\epics.dotnet\support\asyn-r4-40-1\asyn\debug_lib\devasynuint32digital.obj
c:\users\ktn98257\repos\epics.dotnet\support\asyn-r4-40-1\asyn\debug_lib\devcommongpib.obj
c:\users\ktn98257\repos\epics.dotnet\support\asyn-r4-40-1\asyn\debug_lib\devsupportgpib.obj
c:\users\ktn98257\repos\epics.dotnet\support\asyn-r4-40-1\asyn\debug_lib\drvasyn.obj
c:\users\ktn98257\repos\epics.dotnet\support\asyn-r4-40-1\asyn\debug_lib\drvasynipport.obj
c:\users\ktn98257\repos\epics.dotnet\support\asyn-r4-40-1\asyn\debug_lib\drvasynipserverport.obj
c:\users\ktn98257\repos\epics.dotnet\support\asyn-r4-40-1\asyn\debug_lib\drvasynserialportwin32.obj
c:\users\ktn98257\repos\epics.dotnet\support\asyn-r4-40-1\asyn\debug_lib\drvni1014.obj
c:\users\ktn98257\repos\epics.dotnet\support\asyn-r4-40-1\asyn\debug_lib\drvvxi11win32.obj
c:\users\ktn98257\repos\epics.dotnet\support\asyn-r4-40-1\asyn\debug_lib\e2050reboot.obj
c:\users\ktn98257\repos\epics.dotnet\support\asyn-r4-40-1\asyn\debug_lib\e5810reboot.obj
c:\users\ktn98257\repos\epics.dotnet\support\asyn-r4-40-1\asyn\debug_lib\epicsinterruptiblesyscall.obj
c:\users\ktn98257\repos\epics.dotnet\support\asyn-r4-40-1\asyn\debug_lib\paramlistinvalidindex.obj
c:\users\ktn98257\repos\epics.dotnet\support\asyn-r4-40-1\asyn\debug_lib\paramlistparamnotfound.obj
c:\users\ktn98257\repos\epics.dotnet\support\asyn-r4-40-1\asyn\debug_lib\paramval.obj
c:\users\ktn98257\repos\epics.dotnet\support\asyn-r4-40-1\asyn\debug_lib\paramvalnotdefined.obj
c:\users\ktn98257\repos\epics.dotnet\support\asyn-r4-40-1\asyn\debug_lib\paramvalstringsizerequesttoobig.obj
c:\users\ktn98257\repos\epics.dotnet\support\asyn-r4-40-1\asyn\debug_lib\paramvalvaluenotchanged.obj
c:\users\ktn98257\repos\epics.dotnet\support\asyn-r4-40-1\asyn\debug_lib\paramvalwrongtype.obj
c:\users\ktn98257\repos\epics.dotnet\support\asyn-r4-40-1\asyn\debug_lib\tds3000reboot.obj
c:\users\ktn98257\repos\epics.dotnet\support\asyn-r4-40-1\asyn\debug_lib\asyn.idb
c:\users\ktn98257\repos\epics.dotnet\support\asyn-r4-40-1\asyn\debug_lib\asyn.pdb
c:\users\ktn98257\repos\epics.dotnet\debug_lib\asyn.lib
c:\users\ktn98257\repos\epics.dotnet\support\asyn-r4-40-1\asyn\debug_lib\asyn.tlog\cl.command.1.tlog
c:\users\ktn98257\repos\epics.dotnet\support\asyn-r4-40-1\asyn\debug_lib\asyn.tlog\custombuild.command.1.tlog
c:\users\ktn98257\repos\epics.dotnet\support\asyn-r4-40-1\asyn\debug_lib\asyn.tlog\custombuild.read.1.tlog
c:\users\ktn98257\repos\epics.dotnet\support\asyn-r4-40-1\asyn\debug_lib\asyn.tlog\custombuild.write.1.tlog
c:\users\ktn98257\repos\epics.dotnet\support\asyn-r4-40-1\asyn\debug_lib\asyn.tlog\lib.command.1.tlog
