  Performing Custom Build Tools
          1 file(s) moved.
  Performing Custom Build Tools
          1 file(s) moved.
  Performing Custom Build Tools
  Performing Custom Build Tools
  Performing Custom Build Tools
  Performing Custom Build Tools
  Performing Custom Build Tools
          1 file(s) moved.
  Performing Custom Build Tools
          1 file(s) moved.
  Performing Custom Build Tools
  Performing Custom Build Tools
  Performing Custom Build Tools
  Performing Custom Build Tools
  Performing Custom Build Tools
  Performing Custom Build Tools
  Performing Custom Build Tools
  Performing Custom Build Tools
  Performing Custom Build Tools
  Performing Custom Build Tools
  Performing Custom Build Tools
  Performing Custom Build Tools
  Performing Custom Build Tools
  Performing Custom Build Tools
  Performing Custom Build Tools
  Performing Custom Build Tools
  Performing Custom Build Tools
  Performing Custom Build Tools
  Performing Custom Build Tools
  Performing Custom Build Tools
  Performing Custom Build Tools
  Performing Custom Build Tools
C:\Program Files (x86)\Microsoft Visual Studio\2019\Enterprise\MSBuild\Microsoft\VC\v160\Microsoft.CppCommon.targets(234,5): warning MSB8064: Custom build for item "O.Common\menuConvert.dbd" succeeded, but specified dependency "c:\users\ktn98257\repos\epics.dotnet\base-7.0.3.1\modules\database\src\ioc\o.common\menuconvert.dbd" does not exist. This may cause incremental build to work incorrectly.
  asCa.c
  asDbLib.c
  asIocRegister.c
  dbPvdLib.c
  dbStaticIocRegister.c
  dbStaticLib.c
  dbStaticRun.c
  dbtoolsIocRegister.c
  callback.c
  chfPlugin.c
  cvtBpt.c
  dbAccess.c
C:\Users\ktn98257\repos\epics.dotnet\base-7.0.3.1\modules\database\src\ioc\db\dbAccess.c(463,1): warning C4133: 'initializing': incompatible types - from 'typed_rset *' to 'rset *'
  dbBkpt.c
  dbCa.c
  dbCaTest.c
  dbChannel.c
  dbConstLink.c
  dbConvert.c
  dbConvertJSON.c
  dbDbLink.c
  Generating Code...
  Compiling...
  dbEvent.c
  dbExtractArray.c
  dbFastLinkConv.c
  dbIocRegister.c
  dbJLink.c
  dbLink.c
  dbLock.c
  dbNotify.c
  dbScan.c
  dbServer.c
  dbState.c
  dbTest.c
  dbUnitTest.c
  db_access.c
  db_test.c
  recGbl.c
  dlload.c
  epicsRelease.c
  iocInit.c
C:\Users\ktn98257\repos\epics.dotnet\base-7.0.3.1\modules\database\src\ioc\misc\iocInit.c(416,43): warning C4133: '=': incompatible types - from 'typed_rset *' to 'rset *'
C:\Users\ktn98257\repos\epics.dotnet\base-7.0.3.1\modules\database\src\ioc\misc\iocInit.c(499,26): warning C4133: '=': incompatible types - from 'rset *' to 'typed_rset *'
  iocshRegisterCommon.c
  Generating Code...
  Compiling...
  miscIocRegister.c
  dbLoadTemplate.c
dbtemplate/dbLoadTemplate_lex.l(223,1): warning C4013: 'read' undefined; assuming extern returning int
  registryCommon.c
  registryDeviceSupport.c
  registryDriverSupport.c
  registryFunction.c
  registryIocRegister.c
  registryJLinks.c
  registryRecordType.c
  camessage.c
C:\Users\ktn98257\repos\epics.dotnet\base-7.0.3.1\modules\database\src\ioc\rsrv\camessage.c(366,23): warning C4013: 'CA_VSUPPORTED' undefined; assuming extern returning int
  camsgtask.c
  caserverio.c
  caservertask.c
  cast_server.c
  online_notify.c
  rsrvIocRegister.c
  Generating Code...
  dbChannelIO.cpp
  dbContext.cpp
C:\Users\ktn98257\repos\epics.dotnet\base-7.0.3.1\modules\database\src\ioc\db\dbChannelNOOP.h(83,24): warning C4138: '*/' found outside of comment
  dbContextReadNotifyCache.cpp
  dbPutNotifyBlocker.cpp
  dbSubscriptionIO.cpp
  Generating Code...
  dbYacc.c
  dbCore.vcxproj -> C:\Users\ktn98257\repos\epics.dotnet\Debug_LIB\dbCore.lib
