make: Entering directory 'D:/epics/support/areaDetector'
make -C \epics/support/areaDetector/ADSupport install 
make[1]: Entering directory 'D:/epics/support/areaDetector/ADSupport'
make -C ./configure install 
make[2]: Entering directory 'D:/epics/support/areaDetector/ADSupport/configure'
make -C O.win32-x86-static -f ../Makefile TOP=../.. \
    T_A=win32-x86-static install
make[3]: Entering directory 'D:/epics/support/areaDetector/ADSupport/configure/O.win32-x86-static'
perl -CSD D:/epics/base/bin/win32-x86-static/convertRelease.pl checkRelease
make[3]: Leaving directory 'D:/epics/support/areaDetector/ADSupport/configure/O.win32-x86-static'
make[2]: Leaving directory 'D:/epics/support/areaDetector/ADSupport/configure'
make -C ./supportApp install 
make[2]: Entering directory 'D:/epics/support/areaDetector/ADSupport/supportApp'
make -C ./netCDFSrc install 
make[3]: Entering directory 'D:/epics/support/areaDetector/ADSupport/supportApp/netCDFSrc'
make -C O.win32-x86-static -f ../Makefile TOP=../../.. \
    T_A=win32-x86-static install
make[4]: Entering directory 'D:/epics/support/areaDetector/ADSupport/supportApp/netCDFSrc/O.win32-x86-static'
make[4]: Nothing to be done for 'install'.
make[4]: Leaving directory 'D:/epics/support/areaDetector/ADSupport/supportApp/netCDFSrc/O.win32-x86-static'
make[3]: Leaving directory 'D:/epics/support/areaDetector/ADSupport/supportApp/netCDFSrc'
make -C ./jpegSrc install 
make[3]: Entering directory 'D:/epics/support/areaDetector/ADSupport/supportApp/jpegSrc'
make -C O.win32-x86-static -f ../Makefile TOP=../../.. \
    T_A=win32-x86-static install
make[4]: Entering directory 'D:/epics/support/areaDetector/ADSupport/supportApp/jpegSrc/O.win32-x86-static'
make[4]: Nothing to be done for 'install'.
make[4]: Leaving directory 'D:/epics/support/areaDetector/ADSupport/supportApp/jpegSrc/O.win32-x86-static'
make[3]: Leaving directory 'D:/epics/support/areaDetector/ADSupport/supportApp/jpegSrc'
make -C ./zlibSrc install 
make[3]: Entering directory 'D:/epics/support/areaDetector/ADSupport/supportApp/zlibSrc'
make -C O.win32-x86-static -f ../Makefile TOP=../../.. \
    T_A=win32-x86-static install
make[4]: Entering directory 'D:/epics/support/areaDetector/ADSupport/supportApp/zlibSrc/O.win32-x86-static'
perl -CSD D:/epics/base/bin/win32-x86-static/mkmf.pl  -m ftgzip.d -I. -I../O.Common -I. -I. -I../os/WIN32 -I../os/default -I.. -I../../../include/compiler/msvc -I../../../include/os/WIN32 -I../../../include       -I\epics/base/include/compiler/msvc -I\epics/base/include/os/WIN32 -I\epics/base/include   -I\epics/support/asyn/include   -I\epics/support/calc/include   -I\epics/support/busy/include   -I\epics/support/sscan/include  -I\epics/support/autosave/include/os/WIN32 -I\epics/support/autosave/include        -I\epics/support/areaDetector/ADSupport/include/os/WIN32 -I\epics/support/areaDetector/ADSupport/include   -I\epics/support/areaDetector/ADCore/include                          ftgzip.obj ../ftgzip.c
cl                -nologo -D__STDC__=0 -D_CRT_SECURE_NO_DEPRECATE -D_CRT_NONSTDC_NO_DEPRECATE   -Ox -Oy-   -W3        -MT    -I. -I../O.Common -I. -I. -I../os/WIN32 -I../os/default -I.. -I../../../include/compiler/msvc -I../../../include/os/WIN32 -I../../../include       -I\epics/base/include/compiler/msvc -I\epics/base/include/os/WIN32 -I\epics/base/include   -I\epics/support/asyn/include   -I\epics/support/calc/include   -I\epics/support/busy/include   -I\epics/support/sscan/include  -I\epics/support/autosave/include/os/WIN32 -I\epics/support/autosave/include        -I\epics/support/areaDetector/ADSupport/include/os/WIN32 -I\epics/support/areaDetector/ADSupport/include   -I\epics/support/areaDetector/ADCore/include                          -c ../ftgzip.c
ftgzip.c
../ftgzip.c(24) : error C2006: '#include' : expected a filename, found 'identifier'
../ftgzip.c(24) : fatal error C1083: Cannot open include file: '': No such file or directory
\epics/base/configure/RULES_BUILD:229: recipe for target 'ftgzip.obj' failed
make[4]: *** [ftgzip.obj] Error 2
make[4]: Leaving directory 'D:/epics/support/areaDetector/ADSupport/supportApp/zlibSrc/O.win32-x86-static'
\epics/base/configure/RULES_ARCHS:58: recipe for target 'install.win32-x86-static' failed
make[3]: *** [install.win32-x86-static] Error 2
make[3]: Leaving directory 'D:/epics/support/areaDetector/ADSupport/supportApp/zlibSrc'
\epics/base/configure/RULES_DIRS:84: recipe for target 'zlibSrc.install' failed
make[2]: *** [zlibSrc.install] Error 2
make[2]: Leaving directory 'D:/epics/support/areaDetector/ADSupport/supportApp'
\epics/base/configure/RULES_DIRS:84: recipe for target 'supportApp.install' failed
make[1]: *** [supportApp.install] Error 2
make[1]: Leaving directory 'D:/epics/support/areaDetector/ADSupport'
\epics/base/configure/RULES_DIRS:84: recipe for target '\epics/support/areaDetector/ADSupport.install' failed
make: *** [\epics/support/areaDetector/ADSupport.install] Error 2
make: Leaving directory 'D:/epics/support/areaDetector'
