make -C /usr/local/epics/support/areaDetector/current/ADSupport install 
make[1]: Entering directory `/media/sf_epics/support/areaDetectorR2-5/ADSupport'
make -C ./configure install 
make[2]: Entering directory `/media/sf_epics/support/areaDetectorR2-5/ADSupport/configure'
make -C O.linux-x86_64 -f ../Makefile TOP=../.. \
    T_A=linux-x86_64 install
make[3]: Entering directory `/media/sf_epics/support/areaDetectorR2-5/ADSupport/configure/O.linux-x86_64'
perl -CSD /usr/local/epics/base/bin/linux-x86_64/convertRelease.pl checkRelease
make[3]: Leaving directory `/media/sf_epics/support/areaDetectorR2-5/ADSupport/configure/O.linux-x86_64'
make[2]: Leaving directory `/media/sf_epics/support/areaDetectorR2-5/ADSupport/configure'
make -C ./supportApp install 
make[2]: Entering directory `/media/sf_epics/support/areaDetectorR2-5/ADSupport/supportApp'
make -C ./netCDFSrc install 
make[3]: Entering directory `/media/sf_epics/support/areaDetectorR2-5/ADSupport/supportApp/netCDFSrc'
make -C O.linux-x86_64 -f ../Makefile TOP=../../.. \
    T_A=linux-x86_64 install
make[4]: Entering directory `/media/sf_epics/support/areaDetectorR2-5/ADSupport/supportApp/netCDFSrc/O.linux-x86_64'
make[4]: Nothing to be done for `install'.
make[4]: Leaving directory `/media/sf_epics/support/areaDetectorR2-5/ADSupport/supportApp/netCDFSrc/O.linux-x86_64'
make[3]: Leaving directory `/media/sf_epics/support/areaDetectorR2-5/ADSupport/supportApp/netCDFSrc'
make -C ./jpegSrc install 
make[3]: Entering directory `/media/sf_epics/support/areaDetectorR2-5/ADSupport/supportApp/jpegSrc'
make -C O.linux-x86_64 -f ../Makefile TOP=../../.. \
    T_A=linux-x86_64 install
make[4]: Entering directory `/media/sf_epics/support/areaDetectorR2-5/ADSupport/supportApp/jpegSrc/O.linux-x86_64'
make[4]: Nothing to be done for `install'.
make[4]: Leaving directory `/media/sf_epics/support/areaDetectorR2-5/ADSupport/supportApp/jpegSrc/O.linux-x86_64'
make[3]: Leaving directory `/media/sf_epics/support/areaDetectorR2-5/ADSupport/supportApp/jpegSrc'
make -C ./zlibSrc install 
make[3]: Entering directory `/media/sf_epics/support/areaDetectorR2-5/ADSupport/supportApp/zlibSrc'
make -C O.linux-x86_64 -f ../Makefile TOP=../../.. \
    T_A=linux-x86_64 install
make[4]: Entering directory `/media/sf_epics/support/areaDetectorR2-5/ADSupport/supportApp/zlibSrc/O.linux-x86_64'
make[4]: Nothing to be done for `install'.
make[4]: Leaving directory `/media/sf_epics/support/areaDetectorR2-5/ADSupport/supportApp/zlibSrc/O.linux-x86_64'
make[3]: Leaving directory `/media/sf_epics/support/areaDetectorR2-5/ADSupport/supportApp/zlibSrc'
make -C ./tiffSrc install 
make[3]: Entering directory `/media/sf_epics/support/areaDetectorR2-5/ADSupport/supportApp/tiffSrc'
make -C O.linux-x86_64 -f ../Makefile TOP=../../.. \
    T_A=linux-x86_64 install
make[4]: Entering directory `/media/sf_epics/support/areaDetectorR2-5/ADSupport/supportApp/tiffSrc/O.linux-x86_64'
make[4]: Nothing to be done for `install'.
make[4]: Leaving directory `/media/sf_epics/support/areaDetectorR2-5/ADSupport/supportApp/tiffSrc/O.linux-x86_64'
make[3]: Leaving directory `/media/sf_epics/support/areaDetectorR2-5/ADSupport/supportApp/tiffSrc'
make -C ./xml2Src install 
make[3]: Entering directory `/media/sf_epics/support/areaDetectorR2-5/ADSupport/supportApp/xml2Src'
make -C O.linux-x86_64 -f ../Makefile TOP=../../.. \
    T_A=linux-x86_64 install
make[4]: Entering directory `/media/sf_epics/support/areaDetectorR2-5/ADSupport/supportApp/xml2Src/O.linux-x86_64'
make[4]: Nothing to be done for `install'.
make[4]: Leaving directory `/media/sf_epics/support/areaDetectorR2-5/ADSupport/supportApp/xml2Src/O.linux-x86_64'
make[3]: Leaving directory `/media/sf_epics/support/areaDetectorR2-5/ADSupport/supportApp/xml2Src'
make -C ./szipSrc install 
make[3]: Entering directory `/media/sf_epics/support/areaDetectorR2-5/ADSupport/supportApp/szipSrc'
make -C O.linux-x86_64 -f ../Makefile TOP=../../.. \
    T_A=linux-x86_64 install
make[4]: Entering directory `/media/sf_epics/support/areaDetectorR2-5/ADSupport/supportApp/szipSrc/O.linux-x86_64'
make[4]: Nothing to be done for `install'.
make[4]: Leaving directory `/media/sf_epics/support/areaDetectorR2-5/ADSupport/supportApp/szipSrc/O.linux-x86_64'
make[3]: Leaving directory `/media/sf_epics/support/areaDetectorR2-5/ADSupport/supportApp/szipSrc'
make -C ./hdf5Src install 
make[3]: Entering directory `/media/sf_epics/support/areaDetectorR2-5/ADSupport/supportApp/hdf5Src'
make -C O.linux-x86_64 -f ../Makefile TOP=../../.. \
    T_A=linux-x86_64 install
make[4]: Entering directory `/media/sf_epics/support/areaDetectorR2-5/ADSupport/supportApp/hdf5Src/O.linux-x86_64'
make[4]: Nothing to be done for `install'.
make[4]: Leaving directory `/media/sf_epics/support/areaDetectorR2-5/ADSupport/supportApp/hdf5Src/O.linux-x86_64'
make[3]: Leaving directory `/media/sf_epics/support/areaDetectorR2-5/ADSupport/supportApp/hdf5Src'
make -C ./nexusSrc install 
make[3]: Entering directory `/media/sf_epics/support/areaDetectorR2-5/ADSupport/supportApp/nexusSrc'
make -C O.linux-x86_64 -f ../Makefile TOP=../../.. \
    T_A=linux-x86_64 install
make[4]: Entering directory `/media/sf_epics/support/areaDetectorR2-5/ADSupport/supportApp/nexusSrc/O.linux-x86_64'
make[4]: Nothing to be done for `install'.
make[4]: Leaving directory `/media/sf_epics/support/areaDetectorR2-5/ADSupport/supportApp/nexusSrc/O.linux-x86_64'
make[3]: Leaving directory `/media/sf_epics/support/areaDetectorR2-5/ADSupport/supportApp/nexusSrc'
make -C ./GraphicsMagick install 
make[3]: Entering directory `/media/sf_epics/support/areaDetectorR2-5/ADSupport/supportApp/GraphicsMagick'
make -C ./bzlib install 
make[4]: Entering directory `/media/sf_epics/support/areaDetectorR2-5/ADSupport/supportApp/GraphicsMagick/bzlib'
make -C O.linux-x86_64 -f ../Makefile TOP=../../../.. \
    T_A=linux-x86_64 install
make[5]: Entering directory `/media/sf_epics/support/areaDetectorR2-5/ADSupport/supportApp/GraphicsMagick/bzlib/O.linux-x86_64'
make[5]: Nothing to be done for `install'.
make[5]: Leaving directory `/media/sf_epics/support/areaDetectorR2-5/ADSupport/supportApp/GraphicsMagick/bzlib/O.linux-x86_64'
make[4]: Leaving directory `/media/sf_epics/support/areaDetectorR2-5/ADSupport/supportApp/GraphicsMagick/bzlib'
make -C ./lcms install 
make[4]: Entering directory `/media/sf_epics/support/areaDetectorR2-5/ADSupport/supportApp/GraphicsMagick/lcms'
make -C ./src install 
make[5]: Entering directory `/media/sf_epics/support/areaDetectorR2-5/ADSupport/supportApp/GraphicsMagick/lcms/src'
make -C O.linux-x86_64 -f ../Makefile TOP=../../../../.. \
    T_A=linux-x86_64 install
make[6]: Entering directory `/media/sf_epics/support/areaDetectorR2-5/ADSupport/supportApp/GraphicsMagick/lcms/src/O.linux-x86_64'
make[6]: Nothing to be done for `install'.
make[6]: Leaving directory `/media/sf_epics/support/areaDetectorR2-5/ADSupport/supportApp/GraphicsMagick/lcms/src/O.linux-x86_64'
make[5]: Leaving directory `/media/sf_epics/support/areaDetectorR2-5/ADSupport/supportApp/GraphicsMagick/lcms/src'
make[4]: Leaving directory `/media/sf_epics/support/areaDetectorR2-5/ADSupport/supportApp/GraphicsMagick/lcms'
make -C ./ttf install 
make[4]: Entering directory `/media/sf_epics/support/areaDetectorR2-5/ADSupport/supportApp/GraphicsMagick/ttf'
make -C ./builds install 
make[5]: Entering directory `/media/sf_epics/support/areaDetectorR2-5/ADSupport/supportApp/GraphicsMagick/ttf/builds'
make -C ./windows install 
make[6]: Entering directory `/media/sf_epics/support/areaDetectorR2-5/ADSupport/supportApp/GraphicsMagick/ttf/builds/windows'
make -C O.linux-x86_64 -f ../Makefile TOP=../../../../../.. \
    T_A=linux-x86_64 install
make[7]: Entering directory `/media/sf_epics/support/areaDetectorR2-5/ADSupport/supportApp/GraphicsMagick/ttf/builds/windows/O.linux-x86_64'
make[7]: Nothing to be done for `install'.
make[7]: Leaving directory `/media/sf_epics/support/areaDetectorR2-5/ADSupport/supportApp/GraphicsMagick/ttf/builds/windows/O.linux-x86_64'
make[6]: Leaving directory `/media/sf_epics/support/areaDetectorR2-5/ADSupport/supportApp/GraphicsMagick/ttf/builds/windows'
make[5]: Leaving directory `/media/sf_epics/support/areaDetectorR2-5/ADSupport/supportApp/GraphicsMagick/ttf/builds'
make -C ./src install 
make[5]: Entering directory `/media/sf_epics/support/areaDetectorR2-5/ADSupport/supportApp/GraphicsMagick/ttf/src'
make -C O.linux-x86_64 -f ../Makefile TOP=../../../../.. \
    T_A=linux-x86_64 install
make[6]: Entering directory `/media/sf_epics/support/areaDetectorR2-5/ADSupport/supportApp/GraphicsMagick/ttf/src/O.linux-x86_64'
make[6]: Nothing to be done for `install'.
make[6]: Leaving directory `/media/sf_epics/support/areaDetectorR2-5/ADSupport/supportApp/GraphicsMagick/ttf/src/O.linux-x86_64'
make[5]: Leaving directory `/media/sf_epics/support/areaDetectorR2-5/ADSupport/supportApp/GraphicsMagick/ttf/src'
make[4]: Leaving directory `/media/sf_epics/support/areaDetectorR2-5/ADSupport/supportApp/GraphicsMagick/ttf'
make -C ./magick install 
make[4]: Entering directory `/media/sf_epics/support/areaDetectorR2-5/ADSupport/supportApp/GraphicsMagick/magick'
make -C O.linux-x86_64 -f ../Makefile TOP=../../../.. \
    T_A=linux-x86_64 install
make[5]: Entering directory `/media/sf_epics/support/areaDetectorR2-5/ADSupport/supportApp/GraphicsMagick/magick/O.linux-x86_64'
Installing generic include file ../../../../include/magick/magick_config.h
/usr/bin/gcc  -D_GNU_SOURCE -D_DEFAULT_SOURCE            -D_X86_64_  -DUNIX  -Dlinux     -O3 -g   -Wall     -DNeedFunctionPrototypes -D_MAGICKLIB_ -DHAVE_VSNPRINTF  -mtune=generic     -m64 -fPIC -I. -I../O.Common -I. -I. -I.. -I../../../../include/magick/compiler/gcc -I../../../../include/magick/os/Linux -I../../../../include/magick       -I/usr/local/epics/base/include/compiler/gcc -I/usr/local/epics/base/include/os/Linux -I/usr/local/epics/base/include   -I/usr/local/epics/support/asyn/current/include   -I/usr/local/epics/support/calc/current/include   -I/usr/local/epics/support/busy/current/include   -I/usr/local/epics/support/sscan/current/include  -I/usr/local/epics/support/autosave/current/include/os/Linux -I/usr/local/epics/support/autosave/current/include     -I/usr/local/epics/support/areaDetector/current/ADSupport/include/os/Linux -I/usr/local/epics/support/areaDetector/current/ADSupport/include   -I/usr/local/epics/support/areaDetector/current/ADCore/include                       -I../../../../supportApp/GraphicsMagick -I../../../../supportApp/GraphicsMagick/lcms/include -I../../../../supportApp/GraphicsMagick/ttf/include    -c ../animate.c
In file included from ../../../../supportApp/GraphicsMagick/magick/studio.h:44:0,
                 from ../animate.c:38:
/usr/local/epics/support/areaDetector/current/ADSupport/include/magick/magick_config.h:4:32: fatal error: magic_config_Linux.h: No such file or directory
 #include "magic_config_Linux.h"
                                ^
compilation terminated.
make[5]: *** [animate.o] Error 1
make[5]: Leaving directory `/media/sf_epics/support/areaDetectorR2-5/ADSupport/supportApp/GraphicsMagick/magick/O.linux-x86_64'
make[4]: *** [install.linux-x86_64] Error 2
make[4]: Leaving directory `/media/sf_epics/support/areaDetectorR2-5/ADSupport/supportApp/GraphicsMagick/magick'
make[3]: *** [magick.install] Error 2
make[3]: Leaving directory `/media/sf_epics/support/areaDetectorR2-5/ADSupport/supportApp/GraphicsMagick'
make[2]: *** [GraphicsMagick.install] Error 2
make[2]: Leaving directory `/media/sf_epics/support/areaDetectorR2-5/ADSupport/supportApp'
make[1]: *** [supportApp.install] Error 2
make[1]: Leaving directory `/media/sf_epics/support/areaDetectorR2-5/ADSupport'
make: *** [/usr/local/epics/support/areaDetector/current/ADSupport.install] Error 2
