make: Entering directory 'D:/epics/support/areaDetector'
make -C \epics/support/areaDetector/ADCore install 
make[1]: Entering directory 'D:/epics/support/areaDetector/ADCore'
make -C ./configure install 
make[2]: Entering directory 'D:/epics/support/areaDetector/ADCore/configure'
make -C O.win32-x86-static -f ../Makefile TOP=../.. \
    T_A=win32-x86-static install
make[3]: Entering directory 'D:/epics/support/areaDetector/ADCore/configure/O.win32-x86-static'
perl -CSD D:/epics/base/bin/win32-x86-static/convertRelease.pl checkRelease
make[3]: Leaving directory 'D:/epics/support/areaDetector/ADCore/configure/O.win32-x86-static'
make[2]: Leaving directory 'D:/epics/support/areaDetector/ADCore/configure'
make -C ./ADApp install 
make[2]: Entering directory 'D:/epics/support/areaDetector/ADCore/ADApp'
make -C ./Db install 
make[3]: Entering directory 'D:/epics/support/areaDetector/ADCore/ADApp/Db'
make -C O.win32-x86-static -f ../Makefile TOP=../../.. \
    T_A=win32-x86-static install
make[4]: Entering directory 'D:/epics/support/areaDetector/ADCore/ADApp/Db/O.win32-x86-static'
make[4]: Nothing to be done for 'install'.
make[4]: Leaving directory 'D:/epics/support/areaDetector/ADCore/ADApp/Db/O.win32-x86-static'
make[3]: Leaving directory 'D:/epics/support/areaDetector/ADCore/ADApp/Db'
make -C ./ADSrc install 
make[3]: Entering directory 'D:/epics/support/areaDetector/ADCore/ADApp/ADSrc'
make -C O.win32-x86-static -f ../Makefile TOP=../../.. \
    T_A=win32-x86-static install
make[4]: Entering directory 'D:/epics/support/areaDetector/ADCore/ADApp/ADSrc/O.win32-x86-static'
cl -EHsc -GR                -nologo -D__STDC__=0 -D_CRT_SECURE_NO_DEPRECATE -D_CRT_NONSTDC_NO_DEPRECATE   -Ox -GL -Oy-   -W3 -w44355        -MT  -TP  -I. -I../O.Common -I. -I. -I.. -I../../../include/compiler/msvc -I../../../include/os/WIN32 -I../../../include       -I\epics/base/include/compiler/msvc -I\epics/base/include/os/WIN32 -I\epics/base/include -I\epics/epicsV4/include/compiler/msvc -I\epics/epicsV4/include/os/WIN32 -I\epics/epicsV4/include         -I\epics/support/areaDetector/ADCore/include                             -c ../asynNDArrayDriver.cpp
asynNDArrayDriver.cpp
../asynNDArrayDriver.cpp(22) : fatal error C1083: Cannot open include file: 'asynDriver.h': No such file or directory
\epics/base/configure/RULES_BUILD:234: recipe for target 'asynNDArrayDriver.obj' failed
make[4]: *** [asynNDArrayDriver.obj] Error 2
make[4]: Leaving directory 'D:/epics/support/areaDetector/ADCore/ADApp/ADSrc/O.win32-x86-static'
\epics/base/configure/RULES_ARCHS:61: recipe for target 'install.win32-x86-static' failed
make[3]: *** [install.win32-x86-static] Error 2
make[3]: Leaving directory 'D:/epics/support/areaDetector/ADCore/ADApp/ADSrc'
\epics/base/configure/RULES_DIRS:88: recipe for target 'ADSrc.install' failed
make[2]: *** [ADSrc.install] Error 2
make[2]: Leaving directory 'D:/epics/support/areaDetector/ADCore/ADApp'
\epics/base/configure/RULES_DIRS:88: recipe for target 'ADApp.install' failed
make[1]: *** [ADApp.install] Error 2
make[1]: Leaving directory 'D:/epics/support/areaDetector/ADCore'
\epics/base/configure/RULES_DIRS:88: recipe for target '\epics/support/areaDetector/ADCore.install' failed
make: *** [\epics/support/areaDetector/ADCore.install] Error 2
make: Leaving directory 'D:/epics/support/areaDetector'
