make: Entering directory 'D:/epics/support/areaDetector'
make -C \epics/support/areaDetector/ADSupport install 
make[1]: Entering directory 'D:/epics/support/areaDetector/ADSupport'
make -C ./configure install 
make[2]: Entering directory 'D:/epics/support/areaDetector/ADSupport/configure'
make -C O.win32-x86-static -f ../Makefile TOP=../.. \
    T_A=win32-x86-static install
make[3]: Entering directory 'D:/epics/support/areaDetector/ADSupport/configure/O.win32-x86-static'
perl -CSD D:/epics/base/bin/win32-x86-static/convertRelease.pl checkRelease
make[3]: Leaving directory 'D:/epics/support/areaDetector/ADSupport/configure/O.win32-x86-static'
make[2]: Leaving directory 'D:/epics/support/areaDetector/ADSupport/configure'
make -C ./supportApp install 
make[2]: Entering directory 'D:/epics/support/areaDetector/ADSupport/supportApp'
make -C ./netCDFSrc install 
make[3]: Entering directory 'D:/epics/support/areaDetector/ADSupport/supportApp/netCDFSrc'
make -C O.win32-x86-static -f ../Makefile TOP=../../.. \
    T_A=win32-x86-static install
make[4]: Entering directory 'D:/epics/support/areaDetector/ADSupport/supportApp/netCDFSrc/O.win32-x86-static'
make[4]: Nothing to be done for 'install'.
make[4]: Leaving directory 'D:/epics/support/areaDetector/ADSupport/supportApp/netCDFSrc/O.win32-x86-static'
make[3]: Leaving directory 'D:/epics/support/areaDetector/ADSupport/supportApp/netCDFSrc'
make -C ./jpegSrc install 
make[3]: Entering directory 'D:/epics/support/areaDetector/ADSupport/supportApp/jpegSrc'
make -C O.win32-x86-static -f ../Makefile TOP=../../.. \
    T_A=win32-x86-static install
make[4]: Entering directory 'D:/epics/support/areaDetector/ADSupport/supportApp/jpegSrc/O.win32-x86-static'
make[4]: Nothing to be done for 'install'.
make[4]: Leaving directory 'D:/epics/support/areaDetector/ADSupport/supportApp/jpegSrc/O.win32-x86-static'
make[3]: Leaving directory 'D:/epics/support/areaDetector/ADSupport/supportApp/jpegSrc'
make -C ./zlibSrc install 
make[3]: Entering directory 'D:/epics/support/areaDetector/ADSupport/supportApp/zlibSrc'
make -C O.win32-x86-static -f ../Makefile TOP=../../.. \
    T_A=win32-x86-static install
make[4]: Entering directory 'D:/epics/support/areaDetector/ADSupport/supportApp/zlibSrc/O.win32-x86-static'
make[4]: Nothing to be done for 'install'.
make[4]: Leaving directory 'D:/epics/support/areaDetector/ADSupport/supportApp/zlibSrc/O.win32-x86-static'
make[3]: Leaving directory 'D:/epics/support/areaDetector/ADSupport/supportApp/zlibSrc'
make -C ./tiffSrc install 
make[3]: Entering directory 'D:/epics/support/areaDetector/ADSupport/supportApp/tiffSrc'
make -C O.win32-x86-static -f ../Makefile TOP=../../.. \
    T_A=win32-x86-static install
make[4]: Entering directory 'D:/epics/support/areaDetector/ADSupport/supportApp/tiffSrc/O.win32-x86-static'
make[4]: Nothing to be done for 'install'.
make[4]: Leaving directory 'D:/epics/support/areaDetector/ADSupport/supportApp/tiffSrc/O.win32-x86-static'
make[3]: Leaving directory 'D:/epics/support/areaDetector/ADSupport/supportApp/tiffSrc'
make -C ./xml2Src install 
make[3]: Entering directory 'D:/epics/support/areaDetector/ADSupport/supportApp/xml2Src'
make -C O.win32-x86-static -f ../Makefile TOP=../../.. \
    T_A=win32-x86-static install
make[4]: Entering directory 'D:/epics/support/areaDetector/ADSupport/supportApp/xml2Src/O.win32-x86-static'
make[4]: Nothing to be done for 'install'.
make[4]: Leaving directory 'D:/epics/support/areaDetector/ADSupport/supportApp/xml2Src/O.win32-x86-static'
make[3]: Leaving directory 'D:/epics/support/areaDetector/ADSupport/supportApp/xml2Src'
make -C ./szipSrc install 
make[3]: Entering directory 'D:/epics/support/areaDetector/ADSupport/supportApp/szipSrc'
make -C O.win32-x86-static -f ../Makefile TOP=../../.. \
    T_A=win32-x86-static install
make[4]: Entering directory 'D:/epics/support/areaDetector/ADSupport/supportApp/szipSrc/O.win32-x86-static'
make[4]: Nothing to be done for 'install'.
make[4]: Leaving directory 'D:/epics/support/areaDetector/ADSupport/supportApp/szipSrc/O.win32-x86-static'
make[3]: Leaving directory 'D:/epics/support/areaDetector/ADSupport/supportApp/szipSrc'
make -C ./hdf5Src install 
make[3]: Entering directory 'D:/epics/support/areaDetector/ADSupport/supportApp/hdf5Src'
make -C O.win32-x86-static -f ../Makefile TOP=../../.. \
    T_A=win32-x86-static install
make[4]: Entering directory 'D:/epics/support/areaDetector/ADSupport/supportApp/hdf5Src/O.win32-x86-static'
make[4]: Nothing to be done for 'install'.
make[4]: Leaving directory 'D:/epics/support/areaDetector/ADSupport/supportApp/hdf5Src/O.win32-x86-static'
make[3]: Leaving directory 'D:/epics/support/areaDetector/ADSupport/supportApp/hdf5Src'
make -C ./nexusSrc install 
make[3]: Entering directory 'D:/epics/support/areaDetector/ADSupport/supportApp/nexusSrc'
make -C O.win32-x86-static -f ../Makefile TOP=../../.. \
    T_A=win32-x86-static install
make[4]: Entering directory 'D:/epics/support/areaDetector/ADSupport/supportApp/nexusSrc/O.win32-x86-static'
make[4]: Nothing to be done for 'install'.
make[4]: Leaving directory 'D:/epics/support/areaDetector/ADSupport/supportApp/nexusSrc/O.win32-x86-static'
make[3]: Leaving directory 'D:/epics/support/areaDetector/ADSupport/supportApp/nexusSrc'
make -C ./GraphicsMagick install 
make[3]: Entering directory 'D:/epics/support/areaDetector/ADSupport/supportApp/GraphicsMagick'
make -C ./bzlib install 
make[4]: Entering directory 'D:/epics/support/areaDetector/ADSupport/supportApp/GraphicsMagick/bzlib'
make -C O.win32-x86-static -f ../Makefile TOP=../../../.. \
    T_A=win32-x86-static install
make[5]: Entering directory 'D:/epics/support/areaDetector/ADSupport/supportApp/GraphicsMagick/bzlib/O.win32-x86-static'
lib -nologo -verbose -out:bzlib.lib         blocksort.obj bzlib.obj compress.obj crctable.obj decompress.obj huffman.obj randtable.obj
Appending randtable.obj
Appending huffman.obj
Appending decompress.obj
Appending crctable.obj
Appending compress.obj
Appending bzlib.obj
Appending blocksort.obj
"Installing library ../../../../lib/win32-x86-static/bzlib.lib"
make[5]: Leaving directory 'D:/epics/support/areaDetector/ADSupport/supportApp/GraphicsMagick/bzlib/O.win32-x86-static'
make[4]: Leaving directory 'D:/epics/support/areaDetector/ADSupport/supportApp/GraphicsMagick/bzlib'
make -C ./lcms install 
make[4]: Entering directory 'D:/epics/support/areaDetector/ADSupport/supportApp/GraphicsMagick/lcms'
make -C ./src install 
make[5]: Entering directory 'D:/epics/support/areaDetector/ADSupport/supportApp/GraphicsMagick/lcms/src'
make -C O.win32-x86-static -f ../Makefile TOP=../../../../.. \
    T_A=win32-x86-static install
make[6]: Entering directory 'D:/epics/support/areaDetector/ADSupport/supportApp/GraphicsMagick/lcms/src/O.win32-x86-static'
make[6]: Nothing to be done for 'install'.
make[6]: Leaving directory 'D:/epics/support/areaDetector/ADSupport/supportApp/GraphicsMagick/lcms/src/O.win32-x86-static'
make[5]: Leaving directory 'D:/epics/support/areaDetector/ADSupport/supportApp/GraphicsMagick/lcms/src'
make[4]: Leaving directory 'D:/epics/support/areaDetector/ADSupport/supportApp/GraphicsMagick/lcms'
make -C ./ttf install 
make[4]: Entering directory 'D:/epics/support/areaDetector/ADSupport/supportApp/GraphicsMagick/ttf'
make -C ./builds install 
make[5]: Entering directory 'D:/epics/support/areaDetector/ADSupport/supportApp/GraphicsMagick/ttf/builds'
make -C ./windows install 
make[6]: Entering directory 'D:/epics/support/areaDetector/ADSupport/supportApp/GraphicsMagick/ttf/builds/windows'
make -C O.win32-x86-static -f ../Makefile TOP=../../../../../.. \
    T_A=win32-x86-static install
make[7]: Entering directory 'D:/epics/support/areaDetector/ADSupport/supportApp/GraphicsMagick/ttf/builds/windows/O.win32-x86-static'
make[7]: Nothing to be done for 'install'.
make[7]: Leaving directory 'D:/epics/support/areaDetector/ADSupport/supportApp/GraphicsMagick/ttf/builds/windows/O.win32-x86-static'
make[6]: Leaving directory 'D:/epics/support/areaDetector/ADSupport/supportApp/GraphicsMagick/ttf/builds/windows'
make[5]: Leaving directory 'D:/epics/support/areaDetector/ADSupport/supportApp/GraphicsMagick/ttf/builds'
make -C ./src install 
make[5]: Entering directory 'D:/epics/support/areaDetector/ADSupport/supportApp/GraphicsMagick/ttf/src'
make -C O.win32-x86-static -f ../Makefile TOP=../../../../.. \
    T_A=win32-x86-static install
make[6]: Entering directory 'D:/epics/support/areaDetector/ADSupport/supportApp/GraphicsMagick/ttf/src/O.win32-x86-static'
make[6]: Nothing to be done for 'install'.
make[6]: Leaving directory 'D:/epics/support/areaDetector/ADSupport/supportApp/GraphicsMagick/ttf/src/O.win32-x86-static'
make[5]: Leaving directory 'D:/epics/support/areaDetector/ADSupport/supportApp/GraphicsMagick/ttf/src'
make[4]: Leaving directory 'D:/epics/support/areaDetector/ADSupport/supportApp/GraphicsMagick/ttf'
make -C ./magick install 
make[4]: Entering directory 'D:/epics/support/areaDetector/ADSupport/supportApp/GraphicsMagick/magick'
make -C O.win32-x86-static -f ../Makefile TOP=../../../.. \
    T_A=win32-x86-static install
make[5]: Entering directory 'D:/epics/support/areaDetector/ADSupport/supportApp/GraphicsMagick/magick/O.win32-x86-static'
make[5]: Nothing to be done for 'install'.
make[5]: Leaving directory 'D:/epics/support/areaDetector/ADSupport/supportApp/GraphicsMagick/magick/O.win32-x86-static'
make[4]: Leaving directory 'D:/epics/support/areaDetector/ADSupport/supportApp/GraphicsMagick/magick'
make -C ./filters install 
make[4]: Entering directory 'D:/epics/support/areaDetector/ADSupport/supportApp/GraphicsMagick/filters'
make -C O.win32-x86-static -f ../Makefile TOP=../../../.. \
    T_A=win32-x86-static install
make[5]: Entering directory 'D:/epics/support/areaDetector/ADSupport/supportApp/GraphicsMagick/filters/O.win32-x86-static'
make[5]: Nothing to be done for 'install'.
make[5]: Leaving directory 'D:/epics/support/areaDetector/ADSupport/supportApp/GraphicsMagick/filters/O.win32-x86-static'
make[4]: Leaving directory 'D:/epics/support/areaDetector/ADSupport/supportApp/GraphicsMagick/filters'
make -C ./wmf install 
make[4]: Entering directory 'D:/epics/support/areaDetector/ADSupport/supportApp/GraphicsMagick/wmf'
make -C ./src install 
make[5]: Entering directory 'D:/epics/support/areaDetector/ADSupport/supportApp/GraphicsMagick/wmf/src'
make -C O.win32-x86-static -f ../Makefile TOP=../../../../.. \
    T_A=win32-x86-static install
make[6]: Entering directory 'D:/epics/support/areaDetector/ADSupport/supportApp/GraphicsMagick/wmf/src/O.win32-x86-static'
make[6]: Nothing to be done for 'install'.
make[6]: Leaving directory 'D:/epics/support/areaDetector/ADSupport/supportApp/GraphicsMagick/wmf/src/O.win32-x86-static'
make[5]: Leaving directory 'D:/epics/support/areaDetector/ADSupport/supportApp/GraphicsMagick/wmf/src'
make[4]: Leaving directory 'D:/epics/support/areaDetector/ADSupport/supportApp/GraphicsMagick/wmf'
make -C ./webp install 
make[4]: Entering directory 'D:/epics/support/areaDetector/ADSupport/supportApp/GraphicsMagick/webp'
make -C ./src install 
make[5]: Entering directory 'D:/epics/support/areaDetector/ADSupport/supportApp/GraphicsMagick/webp/src'
make -C O.win32-x86-static -f ../Makefile TOP=../../../../.. \
    T_A=win32-x86-static install
make[6]: Entering directory 'D:/epics/support/areaDetector/ADSupport/supportApp/GraphicsMagick/webp/src/O.win32-x86-static'
make[6]: Nothing to be done for 'install'.
make[6]: Leaving directory 'D:/epics/support/areaDetector/ADSupport/supportApp/GraphicsMagick/webp/src/O.win32-x86-static'
make[5]: Leaving directory 'D:/epics/support/areaDetector/ADSupport/supportApp/GraphicsMagick/webp/src'
make[4]: Leaving directory 'D:/epics/support/areaDetector/ADSupport/supportApp/GraphicsMagick/webp'
make -C ./png install 
make[4]: Entering directory 'D:/epics/support/areaDetector/ADSupport/supportApp/GraphicsMagick/png'
make -C O.win32-x86-static -f ../Makefile TOP=../../../.. \
    T_A=win32-x86-static install
make[5]: Entering directory 'D:/epics/support/areaDetector/ADSupport/supportApp/GraphicsMagick/png/O.win32-x86-static'
make[5]: Nothing to be done for 'install'.
make[5]: Leaving directory 'D:/epics/support/areaDetector/ADSupport/supportApp/GraphicsMagick/png/O.win32-x86-static'
make[4]: Leaving directory 'D:/epics/support/areaDetector/ADSupport/supportApp/GraphicsMagick/png'
make -C ./jp2 install 
make[4]: Entering directory 'D:/epics/support/areaDetector/ADSupport/supportApp/GraphicsMagick/jp2'
make -C ./src install 
make[5]: Entering directory 'D:/epics/support/areaDetector/ADSupport/supportApp/GraphicsMagick/jp2/src'
make -C ./libjasper install 
make[6]: Entering directory 'D:/epics/support/areaDetector/ADSupport/supportApp/GraphicsMagick/jp2/src/libjasper'
make -C O.win32-x86-static -f ../Makefile TOP=../../../../../.. \
    T_A=win32-x86-static install
make[7]: Entering directory 'D:/epics/support/areaDetector/ADSupport/supportApp/GraphicsMagick/jp2/src/libjasper/O.win32-x86-static'
make[7]: Nothing to be done for 'install'.
make[7]: Leaving directory 'D:/epics/support/areaDetector/ADSupport/supportApp/GraphicsMagick/jp2/src/libjasper/O.win32-x86-static'
make[6]: Leaving directory 'D:/epics/support/areaDetector/ADSupport/supportApp/GraphicsMagick/jp2/src/libjasper'
make[5]: Leaving directory 'D:/epics/support/areaDetector/ADSupport/supportApp/GraphicsMagick/jp2/src'
make[4]: Leaving directory 'D:/epics/support/areaDetector/ADSupport/supportApp/GraphicsMagick/jp2'
make -C ./jbig install 
make[4]: Entering directory 'D:/epics/support/areaDetector/ADSupport/supportApp/GraphicsMagick/jbig'
make -C ./libjbig install 
make[5]: Entering directory 'D:/epics/support/areaDetector/ADSupport/supportApp/GraphicsMagick/jbig/libjbig'
make -C O.win32-x86-static -f ../Makefile TOP=../../../../.. \
    T_A=win32-x86-static install
make[6]: Entering directory 'D:/epics/support/areaDetector/ADSupport/supportApp/GraphicsMagick/jbig/libjbig/O.win32-x86-static'
make[6]: Nothing to be done for 'install'.
make[6]: Leaving directory 'D:/epics/support/areaDetector/ADSupport/supportApp/GraphicsMagick/jbig/libjbig/O.win32-x86-static'
make[5]: Leaving directory 'D:/epics/support/areaDetector/ADSupport/supportApp/GraphicsMagick/jbig/libjbig'
make[4]: Leaving directory 'D:/epics/support/areaDetector/ADSupport/supportApp/GraphicsMagick/jbig'
make -C ./coders install 
make[4]: Entering directory 'D:/epics/support/areaDetector/ADSupport/supportApp/GraphicsMagick/coders'
make -C O.win32-x86-static -f ../Makefile TOP=../../../.. \
    T_A=win32-x86-static install
make[5]: Entering directory 'D:/epics/support/areaDetector/ADSupport/supportApp/GraphicsMagick/coders/O.win32-x86-static'
make[5]: Nothing to be done for 'install'.
make[5]: Leaving directory 'D:/epics/support/areaDetector/ADSupport/supportApp/GraphicsMagick/coders/O.win32-x86-static'
make[4]: Leaving directory 'D:/epics/support/areaDetector/ADSupport/supportApp/GraphicsMagick/coders'
make -C ./Magick++ install 
make[4]: Entering directory 'D:/epics/support/areaDetector/ADSupport/supportApp/GraphicsMagick/Magick++'
make -C ./lib install 
make[5]: Entering directory 'D:/epics/support/areaDetector/ADSupport/supportApp/GraphicsMagick/Magick++/lib'
make -C O.win32-x86-static -f ../Makefile TOP=../../../../.. \
    T_A=win32-x86-static install
make[6]: Entering directory 'D:/epics/support/areaDetector/ADSupport/supportApp/GraphicsMagick/Magick++/lib/O.win32-x86-static'
make[6]: Nothing to be done for 'install'.
make[6]: Leaving directory 'D:/epics/support/areaDetector/ADSupport/supportApp/GraphicsMagick/Magick++/lib/O.win32-x86-static'
make[5]: Leaving directory 'D:/epics/support/areaDetector/ADSupport/supportApp/GraphicsMagick/Magick++/lib'
make[4]: Leaving directory 'D:/epics/support/areaDetector/ADSupport/supportApp/GraphicsMagick/Magick++'
make[3]: Leaving directory 'D:/epics/support/areaDetector/ADSupport/supportApp/GraphicsMagick'
make[2]: Leaving directory 'D:/epics/support/areaDetector/ADSupport/supportApp'
make[1]: Leaving directory 'D:/epics/support/areaDetector/ADSupport'
make -C \epics/support/areaDetector/ADCore install 
make[1]: Entering directory 'D:/epics/support/areaDetector/ADCore'
make -C ./configure install 
make[2]: Entering directory 'D:/epics/support/areaDetector/ADCore/configure'
make -C O.win32-x86-static -f ../Makefile TOP=../.. \
    T_A=win32-x86-static install
make[3]: Entering directory 'D:/epics/support/areaDetector/ADCore/configure/O.win32-x86-static'
perl -CSD D:/epics/base/bin/win32-x86-static/convertRelease.pl checkRelease
make[3]: Leaving directory 'D:/epics/support/areaDetector/ADCore/configure/O.win32-x86-static'
make[2]: Leaving directory 'D:/epics/support/areaDetector/ADCore/configure'
make -C ./ADApp install 
make[2]: Entering directory 'D:/epics/support/areaDetector/ADCore/ADApp'
make -C ./Db install 
make[3]: Entering directory 'D:/epics/support/areaDetector/ADCore/ADApp/Db'
make -C O.win32-x86-static -f ../Makefile TOP=../../.. \
    T_A=win32-x86-static install
make[4]: Entering directory 'D:/epics/support/areaDetector/ADCore/ADApp/Db/O.win32-x86-static'
make[4]: Nothing to be done for 'install'.
make[4]: Leaving directory 'D:/epics/support/areaDetector/ADCore/ADApp/Db/O.win32-x86-static'
make[3]: Leaving directory 'D:/epics/support/areaDetector/ADCore/ADApp/Db'
make -C ./ADSrc install 
make[3]: Entering directory 'D:/epics/support/areaDetector/ADCore/ADApp/ADSrc'
make -C O.win32-x86-static -f ../Makefile TOP=../../.. \
    T_A=win32-x86-static install
make[4]: Entering directory 'D:/epics/support/areaDetector/ADCore/ADApp/ADSrc/O.win32-x86-static'
make[4]: Nothing to be done for 'install'.
make[4]: Leaving directory 'D:/epics/support/areaDetector/ADCore/ADApp/ADSrc/O.win32-x86-static'
make[3]: Leaving directory 'D:/epics/support/areaDetector/ADCore/ADApp/ADSrc'
make -C ./pluginSrc install 
make[3]: Entering directory 'D:/epics/support/areaDetector/ADCore/ADApp/pluginSrc'
make -C O.win32-x86-static -f ../Makefile TOP=../../.. \
    T_A=win32-x86-static install
make[4]: Entering directory 'D:/epics/support/areaDetector/ADCore/ADApp/pluginSrc/O.win32-x86-static'
make[4]: Nothing to be done for 'install'.
make[4]: Leaving directory 'D:/epics/support/areaDetector/ADCore/ADApp/pluginSrc/O.win32-x86-static'
make[3]: Leaving directory 'D:/epics/support/areaDetector/ADCore/ADApp/pluginSrc'
make -C ./pluginTests install 
make[3]: Entering directory 'D:/epics/support/areaDetector/ADCore/ADApp/pluginTests'
make -C O.win32-x86-static -f ../Makefile TOP=../../.. \
    T_A=win32-x86-static install
make[4]: Entering directory 'D:/epics/support/areaDetector/ADCore/ADApp/pluginTests/O.win32-x86-static'
make[4]: Nothing to be done for 'install'.
make[4]: Leaving directory 'D:/epics/support/areaDetector/ADCore/ADApp/pluginTests/O.win32-x86-static'
make[3]: Leaving directory 'D:/epics/support/areaDetector/ADCore/ADApp/pluginTests'
make[2]: Leaving directory 'D:/epics/support/areaDetector/ADCore/ADApp'
make[1]: Leaving directory 'D:/epics/support/areaDetector/ADCore'
make -C \epics/support/areaDetector/ADURL install 
make[1]: Entering directory 'D:/epics/support/areaDetector/ADURL'
make -C ./configure install 
make[2]: Entering directory 'D:/epics/support/areaDetector/ADURL/configure'
make -C O.win32-x86-static -f ../Makefile TOP=../.. \
    T_A=win32-x86-static install
make[3]: Entering directory 'D:/epics/support/areaDetector/ADURL/configure/O.win32-x86-static'
perl -CSD D:/epics/base/bin/win32-x86-static/convertRelease.pl checkRelease
make[3]: Leaving directory 'D:/epics/support/areaDetector/ADURL/configure/O.win32-x86-static'
make[2]: Leaving directory 'D:/epics/support/areaDetector/ADURL/configure'
make -C ./urlApp install 
make[2]: Entering directory 'D:/epics/support/areaDetector/ADURL/urlApp'
make -C ./src install 
make[3]: Entering directory 'D:/epics/support/areaDetector/ADURL/urlApp/src'
make -C O.win32-x86-static -f ../Makefile TOP=../../.. \
    T_A=win32-x86-static install
make[4]: Entering directory 'D:/epics/support/areaDetector/ADURL/urlApp/src/O.win32-x86-static'
cl -EHsc -GR                -nologo -D__STDC__=0 -D_CRT_SECURE_NO_DEPRECATE -D_CRT_NONSTDC_NO_DEPRECATE   -Ox -Oy-   -W3 -w44355 -w44344     -DWIN32 -D_LIB -D_VISUALC_    -MT  -TP  -I. -I../O.Common -I. -I. -I.. -I../../../include/compiler/msvc -I../../../include/os/WIN32 -I../../../include       -I\epics/base/include/compiler/msvc -I\epics/base/include/os/WIN32 -I\epics/base/include   -I\epics/support/asyn/include   -I\epics/support/calc/include   -I\epics/support/busy/include   -I\epics/support/sscan/include  -I\epics/support/autosave/include/os/WIN32 -I\epics/support/autosave/include        -I\epics/support/areaDetector/ADSupport/include/os/WIN32 -I\epics/support/areaDetector/ADSupport/include   -I\epics/support/areaDetector/ADCore/include                          -c ../URLDriver.cpp
URLDriver.cpp
Magick lib static interface
Magick module static interface
Magick++ lib static interface
lib -nologo -verbose -out:URLDriver.lib         URLDriver.obj
Appending URLDriver.obj
"Installing library ../../../lib/win32-x86-static/URLDriver.lib"
make[4]: Leaving directory 'D:/epics/support/areaDetector/ADURL/urlApp/src/O.win32-x86-static'
make[3]: Leaving directory 'D:/epics/support/areaDetector/ADURL/urlApp/src'
make -C ./Db install 
make[3]: Entering directory 'D:/epics/support/areaDetector/ADURL/urlApp/Db'
perl -CSD D:/epics/base/bin/win32-x86-static/makeMakefile.pl O.win32-x86-static ../../..
perl -CSD -MExtUtils::Command -e mkpath O.Common
make -C O.win32-x86-static -f ../Makefile TOP=../../.. \
    T_A=win32-x86-static install
make[4]: Entering directory 'D:/epics/support/areaDetector/ADURL/urlApp/Db/O.win32-x86-static'
make[4]: Nothing to be done for 'install'.
make[4]: Leaving directory 'D:/epics/support/areaDetector/ADURL/urlApp/Db/O.win32-x86-static'
make[3]: Leaving directory 'D:/epics/support/areaDetector/ADURL/urlApp/Db'
make[2]: Leaving directory 'D:/epics/support/areaDetector/ADURL/urlApp'
make -C ./iocs install 
make[2]: Entering directory 'D:/epics/support/areaDetector/ADURL/iocs'
make -C ./urlIOC install 
make[3]: Entering directory 'D:/epics/support/areaDetector/ADURL/iocs/urlIOC'
make -C ./configure install 
make[4]: Entering directory 'D:/epics/support/areaDetector/ADURL/iocs/urlIOC/configure'
perl -CSD D:/epics/base/bin/win32-x86-static/makeMakefile.pl O.win32-x86-static ../..
perl -CSD -MExtUtils::Command -e mkpath O.Common
make -C O.win32-x86-static -f ../Makefile TOP=../.. \
    T_A=win32-x86-static install
make[5]: Entering directory 'D:/epics/support/areaDetector/ADURL/iocs/urlIOC/configure/O.win32-x86-static'
perl -CSD D:/epics/base/bin/win32-x86-static/convertRelease.pl checkRelease
make[5]: Leaving directory 'D:/epics/support/areaDetector/ADURL/iocs/urlIOC/configure/O.win32-x86-static'
make[4]: Leaving directory 'D:/epics/support/areaDetector/ADURL/iocs/urlIOC/configure'
make -C ./urlAPP install 
make[4]: Entering directory 'D:/epics/support/areaDetector/ADURL/iocs/urlIOC/urlAPP'
make -C ./src install 
make[5]: Entering directory 'D:/epics/support/areaDetector/ADURL/iocs/urlIOC/urlAPP/src'
perl -CSD D:/epics/base/bin/win32-x86-static/makeMakefile.pl O.win32-x86-static ../../..
perl -CSD -MExtUtils::Command -e mkpath O.Common
make -C O.win32-x86-static -f ../Makefile TOP=../../.. \
    T_A=win32-x86-static install
make[6]: Entering directory 'D:/epics/support/areaDetector/ADURL/iocs/urlIOC/urlAPP/src/O.win32-x86-static'
perl -CSD D:/epics/base/bin/win32-x86-static/mkmf.pl  -m URLDriverAppMain.d -I. -I../O.Common -I. -I. -I.. -I../../../include/compiler/msvc -I../../../include/os/WIN32 -I../../../include          -I\epics/base/include/compiler/msvc -I\epics/base/include/os/WIN32 -I\epics/base/include   -I\epics/support/asyn/include   -I\epics/support/calc/include   -I\epics/support/busy/include   -I\epics/support/sscan/include  -I\epics/support/autosave/include/os/WIN32 -I\epics/support/autosave/include     -I\epics/support/areaDetector/ADSupport/include/os/WIN32 -I\epics/support/areaDetector/ADSupport/include   -I\epics/support/areaDetector/ADCore/include                          URLDriverAppMain.obj ../URLDriverAppMain.cpp
"Creating dbd file URLDriverApp.dbd"
perl -CSD D:/epics/base/bin/win32-x86-static/dbdExpand.pl   -I. -I.. -I../O.Common -I../../../dbd -I\epics/support/areaDetector/ADURL/dbd -I\epics/base/dbd -I\epics/support/asyn/dbd -I\epics/support/calc/dbd -I\epics/support/busy/dbd -I\epics/support/sscan/dbd -I\epics/support/autosave/dbd -I\epics/support/areaDetector/ADCore/dbd -o URLDriverApp.dbd URLDriverSupport.dbd base.dbd ADSupport.dbd NDPluginSupport.dbd NDFileNull.dbd NDFileTIFF.dbd NDFileJPEG.dbd NDFileMagick.dbd asyn.dbd asSupport.dbd busySupport.dbd calcSupport.dbd sscanSupport.dbd
perl -CSD D:/epics/base/bin/win32-x86-static/registerRecordDeviceDriver.pl   -I. -I.. -I../O.Common -I../../../dbd -I\epics/support/areaDetector/ADURL/dbd -I\epics/base/dbd -I\epics/support/asyn/dbd -I\epics/support/calc/dbd -I\epics/support/busy/dbd -I\epics/support/sscan/dbd -I\epics/support/autosave/dbd -I\epics/support/areaDetector/ADCore/dbd    -o URLDriverApp_registerRecordDeviceDriver.cpp ../O.Common/URLDriverApp.dbd URLDriverApp_registerRecordDeviceDriver D:/epics/support/areaDetector/ADURL/iocs/urlIOC
perl -CSD D:/epics/base/bin/win32-x86-static/mkmf.pl  -m URLDriverApp_registerRecordDeviceDriver.d -I. -I../O.Common -I. -I. -I.. -I../../../include/compiler/msvc -I../../../include/os/WIN32 -I../../../include          -I\epics/base/include/compiler/msvc -I\epics/base/include/os/WIN32 -I\epics/base/include   -I\epics/support/asyn/include   -I\epics/support/calc/include   -I\epics/support/busy/include   -I\epics/support/sscan/include  -I\epics/support/autosave/include/os/WIN32 -I\epics/support/autosave/include     -I\epics/support/areaDetector/ADSupport/include/os/WIN32 -I\epics/support/areaDetector/ADSupport/include   -I\epics/support/areaDetector/ADCore/include                          URLDriverApp_registerRecordDeviceDriver.obj URLDriverApp_registerRecordDeviceDriver.cpp
"Installing created dbd file ../../../dbd/URLDriverApp.dbd"
mkdir ../../../dbd
cl -EHsc -GR                -nologo -D__STDC__=0 -D_CRT_SECURE_NO_DEPRECATE -D_CRT_NONSTDC_NO_DEPRECATE   -Ox -Oy-   -W3 -w44355 -w44344        -MT  -TP  -I. -I../O.Common -I. -I. -I.. -I../../../include/compiler/msvc -I../../../include/os/WIN32 -I../../../include          -I\epics/base/include/compiler/msvc -I\epics/base/include/os/WIN32 -I\epics/base/include   -I\epics/support/asyn/include   -I\epics/support/calc/include   -I\epics/support/busy/include   -I\epics/support/sscan/include  -I\epics/support/autosave/include/os/WIN32 -I\epics/support/autosave/include     -I\epics/support/areaDetector/ADSupport/include/os/WIN32 -I\epics/support/areaDetector/ADSupport/include   -I\epics/support/areaDetector/ADCore/include                          -c URLDriverApp_registerRecordDeviceDriver.cpp
URLDriverApp_registerRecordDeviceDriver.cpp
cl -EHsc -GR                -nologo -D__STDC__=0 -D_CRT_SECURE_NO_DEPRECATE -D_CRT_NONSTDC_NO_DEPRECATE   -Ox -Oy-   -W3 -w44355 -w44344        -MT  -TP  -I. -I../O.Common -I. -I. -I.. -I../../../include/compiler/msvc -I../../../include/os/WIN32 -I../../../include          -I\epics/base/include/compiler/msvc -I\epics/base/include/os/WIN32 -I\epics/base/include   -I\epics/support/asyn/include   -I\epics/support/calc/include   -I\epics/support/busy/include   -I\epics/support/sscan/include  -I\epics/support/autosave/include/os/WIN32 -I\epics/support/autosave/include     -I\epics/support/areaDetector/ADSupport/include/os/WIN32 -I\epics/support/areaDetector/ADSupport/include   -I\epics/support/areaDetector/ADCore/include                          -c ../URLDriverAppMain.cpp
URLDriverAppMain.cpp
link -nologo   -incremental:no -opt:ref -release               -out:URLDriverApp.exe       URLDriverApp_registerRecordDeviceDriver.obj URLDriverAppMain.obj      \epics/support/areaDetector/ADURL/lib/win32-x86-static/URLDriver.lib  \epics/support/areaDetector/ADCore/lib/win32-x86-static/ADBase.lib  \epics/support/areaDetector/ADCore/lib/win32-x86-static/NDPlugin.lib  \epics/support/areaDetector/ADSupport/lib/win32-x86-static/tiff.lib  \epics/support/areaDetector/ADSupport/lib/win32-x86-static/jpeg.lib  \epics/support/areaDetector/ADSupport/lib/win32-x86-static/xml2.lib  \epics/support/areaDetector/ADSupport/lib/win32-x86-static/szip.lib  \epics/support/areaDetector/ADSupport/lib/win32-x86-static/zlib.lib  \epics/support/areaDetector/ADSupport/lib/win32-x86-static/Magick++.lib  \epics/support/areaDetector/ADSupport/lib/win32-x86-static/Magick.lib  \epics/support/areaDetector/ADSupport/lib/win32-x86-static/coders.lib  \epics/support/areaDetector/ADSupport/lib/win32-x86-static/jbig.lib  \epics/support/areaDetector/ADSupport/lib/win32-x86-static/jp2.lib  \epics/support/areaDetector/ADSupport/lib/win32-x86-static/bzlib.lib  \epics/support/areaDetector/ADSupport/lib/win32-x86-static/png.lib  \epics/support/areaDetector/ADSupport/lib/win32-x86-static/webp.lib  \epics/support/areaDetector/ADSupport/lib/win32-x86-static/lcms.lib  \epics/support/areaDetector/ADSupport/lib/win32-x86-static/ttf.lib  \epics/support/areaDetector/ADSupport/lib/win32-x86-static/wmf.lib  \epics/support/areaDetector/ADSupport/lib/win32-x86-static/filters.lib  \epics/support/asyn/lib/win32-x86-static/asyn.lib  \epics/support/autosave/lib/win32-x86-static/autosave.lib  \epics/support/busy/lib/win32-x86-static/busy.lib  \epics/support/calc/lib/win32-x86-static/calc.lib  \epics/support/sscan/lib/win32-x86-static/sscan.lib  \epics/base/lib/win32-x86-static/dbRecStd.lib  \epics/base/lib/win32-x86-static/dbCore.lib  \epics/base/lib/win32-x86-static/ca.lib  \epics/base/lib/win32-x86-static/Com.lib gdi32.lib oleaut32.lib psapi.lib ws2_32.lib advapi32.lib user32.lib kernel32.lib winmm.lib     
   Creating library URLDriverApp.lib and object URLDriverApp.exp
coders.lib(url.obj) : warning LNK4217: locally defined symbol _xmlFree imported in function _ReadURLImage
coders.lib(svg.obj) : warning LNK4217: locally defined symbol _xmlFree imported in function _SVGGetEntity
coders.lib(msl.obj) : warning LNK4217: locally defined symbol _xmlFree imported in function _MSLNotationDeclaration
coders.lib(svg.obj) : warning LNK4217: locally defined symbol _xmlMalloc imported in function _SVGExternalSubset
coders.lib(msl.obj) : warning LNK4217: locally defined symbol _xmlMalloc imported in function _MSLStartDocument
"Installing created executable ../../../bin/win32-x86-static/URLDriverApp.exe"
make[6]: Leaving directory 'D:/epics/support/areaDetector/ADURL/iocs/urlIOC/urlAPP/src/O.win32-x86-static'
make[5]: Leaving directory 'D:/epics/support/areaDetector/ADURL/iocs/urlIOC/urlAPP/src'
make[4]: Leaving directory 'D:/epics/support/areaDetector/ADURL/iocs/urlIOC/urlAPP'
make -C ./iocBoot install 
make[4]: Entering directory 'D:/epics/support/areaDetector/ADURL/iocs/urlIOC/iocBoot'
make -C ./iocURLDriver install 
make[5]: Entering directory 'D:/epics/support/areaDetector/ADURL/iocs/urlIOC/iocBoot/iocURLDriver'
make[5]: Nothing to be done for 'install'.
make[5]: Leaving directory 'D:/epics/support/areaDetector/ADURL/iocs/urlIOC/iocBoot/iocURLDriver'
make[4]: Leaving directory 'D:/epics/support/areaDetector/ADURL/iocs/urlIOC/iocBoot'
make[3]: Leaving directory 'D:/epics/support/areaDetector/ADURL/iocs/urlIOC'
make[2]: Leaving directory 'D:/epics/support/areaDetector/ADURL/iocs'
make[1]: Leaving directory 'D:/epics/support/areaDetector/ADURL'
make: Leaving directory 'D:/epics/support/areaDetector'
