  Performing Custom Build Tools
  caChannel.cpp
  caProvider.cpp
  channelConnectThread.cpp
  dbdToPv.cpp
  getDoneThread.cpp
  monitorEventThread.cpp
  putDoneThread.cpp
  client.cpp
  clientGet.cpp
  clientInfo.cpp
  clientMonitor.cpp
  clientPut.cpp
  clientRPC.cpp
  clientSync.cpp
  monitor.cpp
  pvAccess.cpp
  ChannelAccessFactory.cpp
  PVAClientRegister.cpp
  PVAServerRegister.cpp
  reftrackioc.cpp
  Generating Code...
  Compiling...
  pipelineServer.cpp
  clientFactory.cpp
  pvaVersion.cpp
  clientContextImpl.cpp
  abstractResponseHandler.cpp
  beaconHandler.cpp
  blockingTCPAcceptor.cpp
  blockingTCPConnector.cpp
  blockingUDPConnector.cpp
  blockingUDPTransport.cpp
  channelSearchManager.cpp
  codec.cpp
C:\Users\ktn98257\repos\epics.dotnet\base-7.0.3.1\modules\pvAccess\src\remote\codec.cpp(606,73): warning C4267: 'argument': conversion from 'size_t' to 'epics::pvData::int8', possible loss of data
  security.cpp
  serializationHelper.cpp
  transportRegistry.cpp
  rpcClient.cpp
C:\Users\ktn98257\repos\epics.dotnet\base-7.0.3.1\modules\pvAccess\src\rpcClient\rpcClient.cpp(70,50): warning C4390: ';': empty controlled statement found; is this the intent?
  rpcServer.cpp
  rpcService.cpp
  baseChannelRequester.cpp
  beaconEmitter.cpp
  Generating Code...
  Compiling...
  beaconServerStatusProvider.cpp
  responseHandlers.cpp
  server.cpp
  serverChannelImpl.cpp
  serverContext.cpp
  sharedstate_channel.cpp
  sharedstate_put.cpp
  sharedstate_pv.cpp
  sharedstate_rpc.cpp
  configuration.cpp
  getgroups.cpp
  hexDump.cpp
  inetAddressUtil.cpp
  introspectionRegistry.cpp
  logger.cpp
  referenceCountingLock.cpp
  requester.cpp
  wildcard.cpp
  Generating Code...
  pvAccess.vcxproj -> C:\Users\ktn98257\repos\epics.dotnet\Debug_LIB\pvAccess.lib
