c:\users\ktn98257\repos\epics.dotnet\base-3.15.6\src\ca\client\debug_lib\access.obj
c:\users\ktn98257\repos\epics.dotnet\base-3.15.6\src\ca\client\debug_lib\basenmiu.obj
c:\users\ktn98257\repos\epics.dotnet\base-3.15.6\src\ca\client\debug_lib\bhe.obj
c:\users\ktn98257\repos\epics.dotnet\base-3.15.6\src\ca\client\debug_lib\cac.obj
c:\users\ktn98257\repos\epics.dotnet\base-3.15.6\src\ca\client\debug_lib\cacchannel.obj
c:\users\ktn98257\repos\epics.dotnet\base-3.15.6\src\ca\client\debug_lib\cacchannelnotify.obj
c:\users\ktn98257\repos\epics.dotnet\base-3.15.6\src\ca\client\debug_lib\caccontextnotify.obj
c:\users\ktn98257\repos\epics.dotnet\base-3.15.6\src\ca\client\debug_lib\cacreadnotify.obj
c:\users\ktn98257\repos\epics.dotnet\base-3.15.6\src\ca\client\debug_lib\cacstatenotify.obj
c:\users\ktn98257\repos\epics.dotnet\base-3.15.6\src\ca\client\debug_lib\cacwritenotify.obj
c:\users\ktn98257\repos\epics.dotnet\base-3.15.6\src\ca\client\debug_lib\casg.obj
c:\users\ktn98257\repos\epics.dotnet\base-3.15.6\src\ca\client\debug_lib\ca_client_context.obj
c:\users\ktn98257\repos\epics.dotnet\base-3.15.6\src\ca\client\debug_lib\combuf.obj
c:\users\ktn98257\repos\epics.dotnet\base-3.15.6\src\ca\client\debug_lib\comquerecv.obj
c:\users\ktn98257\repos\epics.dotnet\base-3.15.6\src\ca\client\debug_lib\comquesend.obj
c:\users\ktn98257\repos\epics.dotnet\base-3.15.6\src\ca\client\debug_lib\convert.obj
c:\users\ktn98257\repos\epics.dotnet\base-3.15.6\src\ca\client\debug_lib\disconnectgovernortimer.obj
c:\users\ktn98257\repos\epics.dotnet\base-3.15.6\src\ca\client\debug_lib\getcallback.obj
c:\users\ktn98257\repos\epics.dotnet\base-3.15.6\src\ca\client\debug_lib\getcopy.obj
c:\users\ktn98257\repos\epics.dotnet\base-3.15.6\src\ca\client\debug_lib\hostnamecache.obj
c:\users\ktn98257\repos\epics.dotnet\base-3.15.6\src\ca\client\debug_lib\iocinf.obj
c:\users\ktn98257\repos\epics.dotnet\base-3.15.6\src\ca\client\debug_lib\localhostname.obj
c:\users\ktn98257\repos\epics.dotnet\base-3.15.6\src\ca\client\debug_lib\msgformultiplydefinedpv.obj
c:\users\ktn98257\repos\epics.dotnet\base-3.15.6\src\ca\client\debug_lib\nciu.obj
c:\users\ktn98257\repos\epics.dotnet\base-3.15.6\src\ca\client\debug_lib\netiiu.obj
c:\users\ktn98257\repos\epics.dotnet\base-3.15.6\src\ca\client\debug_lib\netreadnotifyio.obj
c:\users\ktn98257\repos\epics.dotnet\base-3.15.6\src\ca\client\debug_lib\netsubscription.obj
c:\users\ktn98257\repos\epics.dotnet\base-3.15.6\src\ca\client\debug_lib\netwritenotifyio.obj
c:\users\ktn98257\repos\epics.dotnet\base-3.15.6\src\ca\client\debug_lib\noopiiu.obj
c:\users\ktn98257\repos\epics.dotnet\base-3.15.6\src\ca\client\debug_lib\oldchannelnotify.obj
c:\users\ktn98257\repos\epics.dotnet\base-3.15.6\src\ca\client\debug_lib\oldsubscription.obj
c:\users\ktn98257\repos\epics.dotnet\base-3.15.6\src\ca\client\debug_lib\putcallback.obj
c:\users\ktn98257\repos\epics.dotnet\base-3.15.6\src\ca\client\debug_lib\repeater.obj
c:\users\ktn98257\repos\epics.dotnet\base-3.15.6\src\ca\client\debug_lib\repeatersubscribetimer.obj
c:\users\ktn98257\repos\epics.dotnet\base-3.15.6\src\ca\client\debug_lib\searchtimer.obj
c:\users\ktn98257\repos\epics.dotnet\base-3.15.6\src\ca\client\debug_lib\syncgroupnotify.obj
c:\users\ktn98257\repos\epics.dotnet\base-3.15.6\src\ca\client\debug_lib\syncgroupreadnotify.obj
c:\users\ktn98257\repos\epics.dotnet\base-3.15.6\src\ca\client\debug_lib\syncgroupwritenotify.obj
c:\users\ktn98257\repos\epics.dotnet\base-3.15.6\src\ca\client\debug_lib\syncgrp.obj
c:\users\ktn98257\repos\epics.dotnet\base-3.15.6\src\ca\client\debug_lib\tcpiiu.obj
c:\users\ktn98257\repos\epics.dotnet\base-3.15.6\src\ca\client\debug_lib\tcprecvthread.obj
c:\users\ktn98257\repos\epics.dotnet\base-3.15.6\src\ca\client\debug_lib\tcprecvwatchdog.obj
c:\users\ktn98257\repos\epics.dotnet\base-3.15.6\src\ca\client\debug_lib\tcpsendwatchdog.obj
c:\users\ktn98257\repos\epics.dotnet\base-3.15.6\src\ca\client\debug_lib\templateinstances.obj
c:\users\ktn98257\repos\epics.dotnet\base-3.15.6\src\ca\client\debug_lib\test_event.obj
c:\users\ktn98257\repos\epics.dotnet\base-3.15.6\src\ca\client\debug_lib\udpiiu.obj
c:\users\ktn98257\repos\epics.dotnet\base-3.15.6\src\ca\client\debug_lib\ca.res
c:\users\ktn98257\repos\epics.dotnet\base-3.15.6\src\ca\client\debug_lib\cavc142.idb
c:\users\ktn98257\repos\epics.dotnet\base-3.15.6\src\ca\client\debug_lib\cavc142.pdb
c:\users\ktn98257\repos\epics.dotnet\base-3.15.6\src\ca\client\debug_lib\access.sbr
c:\users\ktn98257\repos\epics.dotnet\base-3.15.6\src\ca\client\debug_lib\basenmiu.sbr
c:\users\ktn98257\repos\epics.dotnet\base-3.15.6\src\ca\client\debug_lib\bhe.sbr
c:\users\ktn98257\repos\epics.dotnet\base-3.15.6\src\ca\client\debug_lib\cac.sbr
c:\users\ktn98257\repos\epics.dotnet\base-3.15.6\src\ca\client\debug_lib\cacchannel.sbr
c:\users\ktn98257\repos\epics.dotnet\base-3.15.6\src\ca\client\debug_lib\cacchannelnotify.sbr
c:\users\ktn98257\repos\epics.dotnet\base-3.15.6\src\ca\client\debug_lib\caccontextnotify.sbr
c:\users\ktn98257\repos\epics.dotnet\base-3.15.6\src\ca\client\debug_lib\cacreadnotify.sbr
c:\users\ktn98257\repos\epics.dotnet\base-3.15.6\src\ca\client\debug_lib\cacstatenotify.sbr
c:\users\ktn98257\repos\epics.dotnet\base-3.15.6\src\ca\client\debug_lib\cacwritenotify.sbr
c:\users\ktn98257\repos\epics.dotnet\base-3.15.6\src\ca\client\debug_lib\casg.sbr
c:\users\ktn98257\repos\epics.dotnet\base-3.15.6\src\ca\client\debug_lib\ca_client_context.sbr
c:\users\ktn98257\repos\epics.dotnet\base-3.15.6\src\ca\client\debug_lib\combuf.sbr
c:\users\ktn98257\repos\epics.dotnet\base-3.15.6\src\ca\client\debug_lib\comquerecv.sbr
c:\users\ktn98257\repos\epics.dotnet\base-3.15.6\src\ca\client\debug_lib\comquesend.sbr
c:\users\ktn98257\repos\epics.dotnet\base-3.15.6\src\ca\client\debug_lib\convert.sbr
c:\users\ktn98257\repos\epics.dotnet\base-3.15.6\src\ca\client\debug_lib\disconnectgovernortimer.sbr
c:\users\ktn98257\repos\epics.dotnet\base-3.15.6\src\ca\client\debug_lib\getcallback.sbr
c:\users\ktn98257\repos\epics.dotnet\base-3.15.6\src\ca\client\debug_lib\getcopy.sbr
c:\users\ktn98257\repos\epics.dotnet\base-3.15.6\src\ca\client\debug_lib\hostnamecache.sbr
c:\users\ktn98257\repos\epics.dotnet\base-3.15.6\src\ca\client\debug_lib\iocinf.sbr
c:\users\ktn98257\repos\epics.dotnet\base-3.15.6\src\ca\client\debug_lib\localhostname.sbr
c:\users\ktn98257\repos\epics.dotnet\base-3.15.6\src\ca\client\debug_lib\msgformultiplydefinedpv.sbr
c:\users\ktn98257\repos\epics.dotnet\base-3.15.6\src\ca\client\debug_lib\nciu.sbr
c:\users\ktn98257\repos\epics.dotnet\base-3.15.6\src\ca\client\debug_lib\netiiu.sbr
c:\users\ktn98257\repos\epics.dotnet\base-3.15.6\src\ca\client\debug_lib\netreadnotifyio.sbr
c:\users\ktn98257\repos\epics.dotnet\base-3.15.6\src\ca\client\debug_lib\netsubscription.sbr
c:\users\ktn98257\repos\epics.dotnet\base-3.15.6\src\ca\client\debug_lib\netwritenotifyio.sbr
c:\users\ktn98257\repos\epics.dotnet\base-3.15.6\src\ca\client\debug_lib\noopiiu.sbr
c:\users\ktn98257\repos\epics.dotnet\base-3.15.6\src\ca\client\debug_lib\oldchannelnotify.sbr
c:\users\ktn98257\repos\epics.dotnet\base-3.15.6\src\ca\client\debug_lib\oldsubscription.sbr
c:\users\ktn98257\repos\epics.dotnet\base-3.15.6\src\ca\client\debug_lib\putcallback.sbr
c:\users\ktn98257\repos\epics.dotnet\base-3.15.6\src\ca\client\debug_lib\repeater.sbr
c:\users\ktn98257\repos\epics.dotnet\base-3.15.6\src\ca\client\debug_lib\repeatersubscribetimer.sbr
c:\users\ktn98257\repos\epics.dotnet\base-3.15.6\src\ca\client\debug_lib\searchtimer.sbr
c:\users\ktn98257\repos\epics.dotnet\base-3.15.6\src\ca\client\debug_lib\syncgroupnotify.sbr
c:\users\ktn98257\repos\epics.dotnet\base-3.15.6\src\ca\client\debug_lib\syncgroupreadnotify.sbr
c:\users\ktn98257\repos\epics.dotnet\base-3.15.6\src\ca\client\debug_lib\syncgroupwritenotify.sbr
c:\users\ktn98257\repos\epics.dotnet\base-3.15.6\src\ca\client\debug_lib\syncgrp.sbr
c:\users\ktn98257\repos\epics.dotnet\base-3.15.6\src\ca\client\debug_lib\tcpiiu.sbr
c:\users\ktn98257\repos\epics.dotnet\base-3.15.6\src\ca\client\debug_lib\tcprecvthread.sbr
c:\users\ktn98257\repos\epics.dotnet\base-3.15.6\src\ca\client\debug_lib\tcprecvwatchdog.sbr
c:\users\ktn98257\repos\epics.dotnet\base-3.15.6\src\ca\client\debug_lib\tcpsendwatchdog.sbr
c:\users\ktn98257\repos\epics.dotnet\base-3.15.6\src\ca\client\debug_lib\templateinstances.sbr
c:\users\ktn98257\repos\epics.dotnet\base-3.15.6\src\ca\client\debug_lib\test_event.sbr
c:\users\ktn98257\repos\epics.dotnet\base-3.15.6\src\ca\client\debug_lib\udpiiu.sbr
c:\users\ktn98257\repos\epics.dotnet\debug_lib\acctst.pdb
c:\users\ktn98257\repos\epics.dotnet\debug_lib\acctst.exe
c:\users\ktn98257\repos\epics.dotnet\debug_lib\acctst.bsc
c:\users\ktn98257\repos\epics.dotnet\debug_lib\acctst.ilk
c:\users\ktn98257\repos\epics.dotnet\base-3.15.6\src\ca\client\debug_lib\acctst.tlog\cl.command.1.tlog
c:\users\ktn98257\repos\epics.dotnet\base-3.15.6\src\ca\client\debug_lib\acctst.tlog\link.command.1.tlog
