c:\users\ktn98257\repos\epics.dotnet\base-3.15.6\src\libcom\yacc\debug_lib\antelope.obj
c:\users\ktn98257\repos\epics.dotnet\base-3.15.6\src\libcom\yacc\debug_lib\closure.obj
c:\users\ktn98257\repos\epics.dotnet\base-3.15.6\src\libcom\yacc\debug_lib\epicstempfile.obj
c:\users\ktn98257\repos\epics.dotnet\base-3.15.6\src\libcom\yacc\debug_lib\error.obj
c:\users\ktn98257\repos\epics.dotnet\base-3.15.6\src\libcom\yacc\debug_lib\lalr.obj
c:\users\ktn98257\repos\epics.dotnet\base-3.15.6\src\libcom\yacc\debug_lib\lr0.obj
c:\users\ktn98257\repos\epics.dotnet\base-3.15.6\src\libcom\yacc\debug_lib\mkpar.obj
c:\users\ktn98257\repos\epics.dotnet\base-3.15.6\src\libcom\yacc\debug_lib\output.obj
c:\users\ktn98257\repos\epics.dotnet\base-3.15.6\src\libcom\yacc\debug_lib\reader.obj
c:\users\ktn98257\repos\epics.dotnet\base-3.15.6\src\libcom\yacc\debug_lib\skeleton.obj
c:\users\ktn98257\repos\epics.dotnet\base-3.15.6\src\libcom\yacc\debug_lib\symtab.obj
c:\users\ktn98257\repos\epics.dotnet\base-3.15.6\src\libcom\yacc\debug_lib\verbose.obj
c:\users\ktn98257\repos\epics.dotnet\base-3.15.6\src\libcom\yacc\debug_lib\warshall.obj
c:\users\ktn98257\repos\epics.dotnet\base-3.15.6\src\libcom\yacc\debug_lib\vc142.idb
c:\users\ktn98257\repos\epics.dotnet\base-3.15.6\src\libcom\yacc\debug_lib\vc142.pdb
c:\users\ktn98257\repos\epics.dotnet\base-3.15.6\src\libcom\yacc\debug_lib\antelope.sbr
c:\users\ktn98257\repos\epics.dotnet\base-3.15.6\src\libcom\yacc\debug_lib\closure.sbr
c:\users\ktn98257\repos\epics.dotnet\base-3.15.6\src\libcom\yacc\debug_lib\epicstempfile.sbr
c:\users\ktn98257\repos\epics.dotnet\base-3.15.6\src\libcom\yacc\debug_lib\error.sbr
c:\users\ktn98257\repos\epics.dotnet\base-3.15.6\src\libcom\yacc\debug_lib\lalr.sbr
c:\users\ktn98257\repos\epics.dotnet\base-3.15.6\src\libcom\yacc\debug_lib\lr0.sbr
c:\users\ktn98257\repos\epics.dotnet\base-3.15.6\src\libcom\yacc\debug_lib\mkpar.sbr
c:\users\ktn98257\repos\epics.dotnet\base-3.15.6\src\libcom\yacc\debug_lib\output.sbr
c:\users\ktn98257\repos\epics.dotnet\base-3.15.6\src\libcom\yacc\debug_lib\reader.sbr
c:\users\ktn98257\repos\epics.dotnet\base-3.15.6\src\libcom\yacc\debug_lib\skeleton.sbr
c:\users\ktn98257\repos\epics.dotnet\base-3.15.6\src\libcom\yacc\debug_lib\symtab.sbr
c:\users\ktn98257\repos\epics.dotnet\base-3.15.6\src\libcom\yacc\debug_lib\verbose.sbr
c:\users\ktn98257\repos\epics.dotnet\base-3.15.6\src\libcom\yacc\debug_lib\warshall.sbr
c:\users\ktn98257\repos\epics.dotnet\debug_lib\antelope.pdb
c:\users\ktn98257\repos\epics.dotnet\debug_lib\antelope.exe
c:\users\ktn98257\repos\epics.dotnet\debug_lib\antelope.bsc
c:\users\ktn98257\repos\epics.dotnet\debug_lib\antelope.ilk
c:\users\ktn98257\repos\epics.dotnet\base-3.15.6\src\libcom\yacc\debug_lib\antelope.tlog\bscmake.command.1.tlog
c:\users\ktn98257\repos\epics.dotnet\base-3.15.6\src\libcom\yacc\debug_lib\antelope.tlog\cl.command.1.tlog
c:\users\ktn98257\repos\epics.dotnet\base-3.15.6\src\libcom\yacc\debug_lib\antelope.tlog\link.command.1.tlog
