c:\epics\debug_dll\asyn.lib
c:\epics\debug_dll\asyn.exp
c:\epics\support\asyn4-33\asyn\o.common\asynrecord.h
c:\epics\support\asyn4-33\asyn\debug_dll\asyncommonsyncio.obj
c:\epics\support\asyn4-33\asyn\debug_dll\asynenumbase.obj
c:\epics\support\asyn4-33\asyn\debug_dll\asynenumsyncio.obj
c:\epics\support\asyn4-33\asyn\debug_dll\asynepicsutils.obj
c:\epics\support\asyn4-33\asyn\debug_dll\asynfloat32arraybase.obj
c:\epics\support\asyn4-33\asyn\debug_dll\asynfloat32arraysyncio.obj
c:\epics\support\asyn4-33\asyn\debug_dll\asynfloat64arraybase.obj
c:\epics\support\asyn4-33\asyn\debug_dll\asynfloat64arraysyncio.obj
c:\epics\support\asyn4-33\asyn\debug_dll\asynfloat64base.obj
c:\epics\support\asyn4-33\asyn\debug_dll\asynfloat64syncio.obj
c:\epics\support\asyn4-33\asyn\debug_dll\asyngenericpointerbase.obj
c:\epics\support\asyn4-33\asyn\debug_dll\asyngenericpointersyncio.obj
c:\epics\support\asyn4-33\asyn\debug_dll\asyngpib.obj
c:\epics\support\asyn4-33\asyn\debug_dll\asynint16arraybase.obj
c:\epics\support\asyn4-33\asyn\debug_dll\asynint16arraysyncio.obj
c:\epics\support\asyn4-33\asyn\debug_dll\asynint32arraybase.obj
c:\epics\support\asyn4-33\asyn\debug_dll\asynint32arraysyncio.obj
c:\epics\support\asyn4-33\asyn\debug_dll\asynint32base.obj
c:\epics\support\asyn4-33\asyn\debug_dll\asynint32syncio.obj
c:\epics\support\asyn4-33\asyn\debug_dll\asynint8arraybase.obj
c:\epics\support\asyn4-33\asyn\debug_dll\asynint8arraysyncio.obj
c:\epics\support\asyn4-33\asyn\debug_dll\asyninterposecom.obj
c:\epics\support\asyn4-33\asyn\debug_dll\asyninterposeeos.obj
c:\epics\support\asyn4-33\asyn\debug_dll\asyninterposeflush.obj
c:\epics\support\asyn4-33\asyn\debug_dll\asynmanager.obj
c:\epics\support\asyn4-33\asyn\debug_dll\asynoctetbase.obj
c:\epics\support\asyn4-33\asyn\debug_dll\asynoctetsyncio.obj
c:\epics\support\asyn4-33\asyn\debug_dll\asynoptionsyncio.obj
c:\epics\support\asyn4-33\asyn\debug_dll\asynportclient.obj
c:\epics\support\asyn4-33\asyn\debug_dll\asynportdriver.obj
c:\epics\support\asyn4-33\asyn\debug_dll\asynrecord.obj
c:\epics\support\asyn4-33\asyn\debug_dll\asynshellcommands.obj
c:\epics\support\asyn4-33\asyn\debug_dll\asynstandardinterfacesbase.obj
c:\epics\support\asyn4-33\asyn\debug_dll\asynuint32digitalbase.obj
c:\epics\support\asyn4-33\asyn\debug_dll\asynuint32digitalsyncio.obj
c:\epics\support\asyn4-33\asyn\debug_dll\bosrqonoff.obj
c:\epics\support\asyn4-33\asyn\debug_dll\devasynfloat32array.obj
c:\epics\support\asyn4-33\asyn\debug_dll\devasynfloat64.obj
c:\epics\support\asyn4-33\asyn\debug_dll\devasynfloat64array.obj
c:\epics\support\asyn4-33\asyn\debug_dll\devasynfloat64timeseries.obj
c:\epics\support\asyn4-33\asyn\debug_dll\devasynint16array.obj
c:\epics\support\asyn4-33\asyn\debug_dll\devasynint32.obj
c:\epics\support\asyn4-33\asyn\debug_dll\devasynint32array.obj
c:\epics\support\asyn4-33\asyn\debug_dll\devasynint32timeseries.obj
c:\epics\support\asyn4-33\asyn\debug_dll\devasynint8array.obj
c:\epics\support\asyn4-33\asyn\debug_dll\devasynoctet.obj
c:\epics\support\asyn4-33\asyn\debug_dll\devasynuint32digital.obj
c:\epics\support\asyn4-33\asyn\debug_dll\devcommongpib.obj
c:\epics\support\asyn4-33\asyn\debug_dll\devsupportgpib.obj
c:\epics\support\asyn4-33\asyn\debug_dll\drvasyn.obj
c:\epics\support\asyn4-33\asyn\debug_dll\drvasynipport.obj
c:\epics\support\asyn4-33\asyn\debug_dll\drvasynipserverport.obj
c:\epics\support\asyn4-33\asyn\debug_dll\drvasynserialportwin32.obj
c:\epics\support\asyn4-33\asyn\debug_dll\drvni1014.obj
c:\epics\support\asyn4-33\asyn\debug_dll\epicsinterruptiblesyscall.obj
c:\epics\support\asyn4-33\asyn\debug_dll\paramlistinvalidindex.obj
c:\epics\support\asyn4-33\asyn\debug_dll\paramlistparamnotfound.obj
c:\epics\support\asyn4-33\asyn\debug_dll\paramval.obj
c:\epics\support\asyn4-33\asyn\debug_dll\paramvalnotdefined.obj
c:\epics\support\asyn4-33\asyn\debug_dll\paramvalstringsizerequesttoobig.obj
c:\epics\support\asyn4-33\asyn\debug_dll\paramvalvaluenotchanged.obj
c:\epics\support\asyn4-33\asyn\debug_dll\paramvalwrongtype.obj
c:\epics\support\asyn4-33\asyn\debug_dll\asyn.ilk
c:\epics\support\asyn4-33\asyn\debug_dll\vc142.idb
c:\epics\support\asyn4-33\asyn\debug_dll\vc142.pdb
c:\epics\debug_dll\asyn.pdb
c:\epics\debug_dll\asyn.dll
c:\epics\support\asyn4-33\asyn\debug_dll\asyn.tlog\asyn.write.1u.tlog
c:\epics\support\asyn4-33\asyn\debug_dll\asyn.tlog\cl.command.1.tlog
c:\epics\support\asyn4-33\asyn\debug_dll\asyn.tlog\custombuild.command.1.tlog
c:\epics\support\asyn4-33\asyn\debug_dll\asyn.tlog\custombuild.read.1.tlog
c:\epics\support\asyn4-33\asyn\debug_dll\asyn.tlog\custombuild.write.1.tlog
c:\epics\support\asyn4-33\asyn\debug_dll\asyn.tlog\link.command.1.tlog
