  Performing Custom Build Tools
  asynManager.c
  epicsInterruptibleSyscall.c
  asynGpib.c
  asynRecord.c
  drvAsyn.c
  asynEpicsUtils.c
  devAsynFloat32Array.c
  devAsynFloat64.c
  devAsynFloat64Array.c
  devAsynFloat64TimeSeries.c
  devAsynInt16Array.c
  devAsynInt32.c
  devAsynInt32Array.c
  devAsynInt32TimeSeries.c
  devAsynInt8Array.c
  devAsynOctet.c
  devAsynUInt32Digital.c
  boSRQonOff.c
  devCommonGpib.c
  devSupportGpib.c
  Generating Code...
  Compiling...
  drvAsynIPPort.c
  drvAsynIPServerPort.c
  drvAsynSerialPortWin32.c
  asynCommonSyncIO.c
  asynEnumBase.c
  asynEnumSyncIO.c
  asynFloat32ArrayBase.c
  asynFloat32ArraySyncIO.c
  asynFloat64ArrayBase.c
  asynFloat64ArraySyncIO.c
  asynFloat64Base.c
  asynFloat64SyncIO.c
  asynGenericPointerBase.c
  asynGenericPointerSyncIO.c
  asynInt16ArrayBase.c
  asynInt16ArraySyncIO.c
  asynInt32ArrayBase.c
  asynInt32ArraySyncIO.c
  asynInt32Base.c
  asynInt32SyncIO.c
  Generating Code...
  Compiling...
  asynInt8ArrayBase.c
  asynInt8ArraySyncIO.c
  asynOctetBase.c
  asynOctetSyncIO.c
  asynOptionSyncIO.c
  asynStandardInterfacesBase.c
  asynUInt32DigitalBase.c
  asynUInt32DigitalSyncIO.c
  asynInterposeCom.c
  asynInterposeEos.c
  asynInterposeFlush.c
  asynShellCommands.c
  drvNi1014.c
  Generating Code...
  asynPortClient.cpp
  asynPortDriver.cpp
  ParamListInvalidIndex.cpp
  ParamListParamNotFound.cpp
  ParamValNotDefined.cpp
  ParamValStringSizeRequestTooBig.cpp
  ParamValValueNotChanged.cpp
  ParamValWrongType.cpp
  paramVal.cpp
  Generating Code...
     Creating library C:\epics\Debug_DLL\asyn.lib and object C:\epics\Debug_DLL\asyn.exp
  asyn.vcxproj -> C:\epics\Debug_DLL\asyn.dll
