CA.Client.Exception...............................................
    Warning: "Identical process variable names on multiple servers"
    Context: "Channel: "TURBO:3:WarningTemperature", Connecting to: F5938.CCFEPC.CCFE.AC.UK:5064, Ignored: 192.168.56.1:5064"
    Source File: ../cac.cpp line 1298
    Current Time: Fri Jan 09 2015 10:30:34.994856339
..................................................................
CA.Client.Exception...............................................
    Warning: "Identical process variable names on multiple servers"
    Context: "Channel: "TURBO:4:WarningTemperature", Connecting to: F5938.CCFEPC.CCFE.AC.UK:5064, Ignored: 192.168.56.1:5064"
    Source File: ../cac.cpp line 1298
    Current Time: Fri Jan 09 2015 10:30:34.995375026
..................................................................
CA.Client.Exception...............................................
    Warning: "Identical process variable names on multiple servers"
    Context: "Channel: "TURBO:5:WarningTemperature", Connecting to: F5938.CCFEPC.CCFE.AC.UK:5064, Ignored: 192.168.56.1:5064"
    Source File: ../cac.cpp line 1298
    Current Time: Fri Jan 09 2015 10:30:34.995444141
..................................................................
CA.Client.Exception...............................................
    Warning: "Identical process variable names on multiple servers"
    Context: "Channel: "TURBO:1:WarningHighLoad", Connecting to: F5938.CCFEPC.CCFE.AC.UK:5064, Ignored: 192.168.56.1:5064"
    Source File: ../cac.cpp line 1298
    Current Time: Fri Jan 09 2015 10:30:34.995503337
..................................................................
CA.Client.Exception...............................................
    Warning: "Identical process variable names on multiple servers"
    Context: "Channel: "TURBO:2:WarningHighLoad", Connecting to: F5938.CCFEPC.CCFE.AC.UK:5064, Ignored: 192.168.56.1:5064"
    Source File: ../cac.cpp line 1298
"
    Source File: ../cac.cpp line 1298
    Current Time: Fri Jan 09 2015 10:30:34.995728922
..................................................................
    Current Time: Fri Jan 09 2015 10:30:34.995565733
CA.Client.Exception...............................................
    Warning: "Identical process variable names on multiple servers"
..................................................................
    Context: "Channel: "TURBO:5:WarningHighLoad", Connecting to: F5938.CCFEPC.CCFE.AC.UK:5064, Ignored: 192.168.56.1:5064CA.Client.Exception...............................................
"
    Source File: ../cac.cpp line 1298
    Warning: "Identical process variable names on multiple servers"
    Current Time: Fri Jan 09 2015 10:30:34.995832595
..................................................................
CA.Client.Exception...............................................
    Warning: "Identical process variable names on multiple servers"
    Context: "Channel: "TURBO:1:StatorFrequency", Connecting to: F5938.CCFEPC.CCFE.AC.UK:5064, Ignored: 192.168.56.1:5064"
    Source File: ../cac.cpp line 1298
    Current Time: Fri Jan 09 2015 10:30:34.995896271
..................................................................
CA.Client.Exception...............................................
    Warning: "Identical process variable names on multiple servers"
    Context: "Channel: "TURBO:2:StatorFrequency", Connecting to: F5938.CCFEPC.CCFE.AC.UK:5064, Ignored: 192.168.56.1:5064"
    Source File: ../cac.cpp line 1298
    Context: "Channel: "TURBO:3:WarningHighLoad", Connecting to: F5938.CCFEPC.CCFE.AC.UK:5064, Ignored: 192.168.56.1:5064..................................................................
"
    Source File: ../cac.cpp line 1298
    Current Time: Fri Jan 09 2015 10:30:34.995654047
..................................................................
CA.Client.Exception...............................................
    Warning: "Identical process variable names on multiple servers"
    Context: "Channel: "TURBO:4:WarningHighLoad", Connecting to: F5938.CCFEPC.CCFE.AC.UK:5064, Ignored: 192.168.56.1:5064    Warning: "Identical process variable names on multiple servers"
    Context: "Channel: "TURBO:4:StatorFrequency", Connecting to: F5938.CCFEPC.CCFE.AC.UK:5064, Ignored: 192.168.56.1:5064"
    Source File: ../cac.cpp line 1298
    Current Time: Fri Jan 09 2015 10:30:34.996079295
..................................................................
CA.Client.Exception...............................................
    Warning: "Identical process variable names on multiple servers"
    Context: "Channel: "TURBO:5:StatorFrequency", Connecting to: F5938.CCFEPC.CCFE.AC.UK:5064, Ignored: 192.168.56.1:5064"
    Source File: ../cac.cpp line 1298
    Current Time: Fri Jan 09 2015 10:30:34.996119612
..................................................................
CA.Client.Exception...............................................
    Warning: "Identical process variable names on multiple servers"
    Context: "Channel: "TURBO:1:ConverterTemperature", Connecting to: F5938.CCFEPC.CCFE.AC.UK:5064, Ignored: 192.168.56.1:5064"
    Source File: ../cac.cpp line 1298
    Current Time: Fri Jan 09 2015 10:30:34.996159929
..................................................................
    Current Time: Fri Jan 09 2015 10:30:34.995947147
"
    Source File: ../cac.cpp line 1298
CA.Client.Exception...............................................
    Warning: "Identical process variable names on multiple servers"
    Current Time: Fri Jan 09 2015 10:30:34.996199926
..................................................................
CA.Client.Exception...............................................
    Context: "    Warning: "Identical process variable names on multiple servers"
Channel: "TURBO:3:StatorFrequency", Connecting to: F5938.CCFEPC.CCFE.AC.UK:5064, Ignored: 192.168.56.1:5064"
    Source File: ../cac.cpp line 1298
    Source File: ../cac.cpp line 1298
    Current Time: Fri Jan 09 2015 10:30:34.996035138
..................................................................
CA.Client.Exception...............................................
CA.Client.Exception...............................................
    Warning: "Identical process variable names on multiple servers"
    Context: "Channel: "TURBO:2:ConverterTemperature", Connecting to: F5938.CCFEPC.CCFE.AC.UK:5064, Ignored: 192.168.56.1:5064    Context: "Channel: "TURBO:1:Running", Connecting to: F5938.CCFEPC.CCFE.AC.UK:5064, Ignored: F5938.CCFEPC.CCFE.AC.UK:5064"
    Current Time: Fri Jan 09 2015 10:30:34.996353836
..................................................................
CA.Client.Exception...............................................
    Warning: "Identical process variable names on multiple servers"
    Context: "Channel: "TURBO:3:ConverterTemperature", Connecting to: F5938.CCFEPC.CCFE.AC.UK:5064, Ignored: 192.168.56.1:5064    Source File: ../cac.cpp line 1298
"
    Source File: ../cac.cpp line 1298
    Current Time: Fri Jan 09 2015 10:30:34.996399593
..................................................................
CA.Client.Exception...............................................
    Warning: "Identical process variable names on multiple servers"
    Context: "Channel: "TURBO:5:ConverterTemperature", Connecting to: F5938.CCFEPC.CCFE.AC.UK:5064, Ignored: 192.168.56.1:5064"
    Current Time: Fri Jan 09 2015 10:30:34.996497187
..................................................................
    Context: "CA.Client.Exception...............................................
    Warning: "Identical process variable names on multiple servers"
    Context: "Channel: "TURBO:1:MotorCurrent", Connecting to: F5938.CCFEPC.CCFE.AC.UK:5064, Ignored: 192.168.56.1:5064"
    Source File: ../cac.cpp line 1298
    Current Time: Fri Jan 09 2015 10:30:34.996533344
..................................................................
CA.Client.Exception...............................................
    Warning: "Identical process variable names on multiple servers"
"
Channel: "TURBO:2:Running", Connecting to: F5938.CCFEPC.CCFE.AC.UK:5064, Ignored: F5938.CCFEPC.CCFE.AC.UK:5064    Context: "Channel: "TURBO:4:MotorCurrent", Connecting to: F5938.CCFEPC.CCFE.AC.UK:5064, Ignored: 192.168.56.1:5064"
    Source File: ../cac.cpp line 1298
    Current Time: Fri Jan 09 2015 10:30:34.996709332
..................................................................
CA.Client.Exception...............................................
    Warning: "Identical process variable names on multiple servers"
    Context: "Channel: "TURBO:5:MotorCurrent", Connecting to: F5938.CCFEPC.CCFE.AC.UK:5064, Ignored: 192.168.56.1:5064"
    Source File: ../cac.cpp line 1298
    Current Time: Fri Jan 09 2015 10:30:34.996750289
..................................................................
errlog: 60 messages were discarded
    Source File: ../cac.cpp line 1298
CA.Client.Exception...............................................
    Current Time: Fri Jan 09 2015 10:30:34.996623898
..................................................................
    Warning: "Identical process variable names on multiple servers"
CA.Client.Exception...............................................
    Warning: "Identical process variable names on multiple servers"
"
    Context: "Channel: "TURBO:2:MotorCurrent", Connecting to: F5938.CCFEPC.CCFE.AC.UK:5064, Ignored: 192.168.56.1:5064"
    Source File: ../cac.cpp line 1298
    Current Time: Fri Jan 09 2015 10:30:34.996663575
    Warning: "Identical process variable names on multiple servers"
..................................................................
"
CA.Client.Exception...............................................
    Source File: ../cac.cpp line 1298
    Warning: "Identical process variable names on multiple servers"
    Context: "Channel: "TURBO:1:PumpTemperature", Connecting to: F5938.CCFEPC.CCFE.AC.UK:5064, Ignored: 192.168.56.1:5064    Source File: ../cac.cpp line 1298
    Current Time: Fri Jan 09 2015 10:30:34.996869321
    Context: "Channel: "TURBO:3:PumpTemperature", Connecting to: F5938.CCFEPC.CCFE.AC.UK:5064, Ignored: 192.168.56.1:5064"
    Source File: ../cac.cpp line 1298
    Current Time: Fri Jan 09 2015 10:30:34.996968834
..................................................................
..................................................................
CA.Client.Exception...............................................
    Context: "    Context: "Channel: "TURBO:2:PumpTemperature", Connecting to: F5938.CCFEPC.CCFE.AC.UK:5064, Ignored: 192.168.56.1:5064"
    Source File: ../cac.cpp line 1298
    Current Time: Fri Jan 09 2015 10:30:34.996926917
..................................................................
..................................................................
CA.Client.Exception...............................................
    Warning: "Identical process variable names on multiple servers"
CA.Client.Exception...............................................
    Warning: "Identical process variable names on multiple servers"
    Context: "Channel: "TURBO:1:CircuitVoltage", Connecting to: F5938.CCFEPC.CCFE.AC.UK:5064, Ignored: 192.168.56.1:5064"
    Source File: ../cac.cpp line 1298
    Current Time: Fri Jan 09 2015 10:30:34.997088186
..................................................................
CA.Client.Exception...............................................
    Warning: "Identical process variable names on multiple servers"
    Context: "Channel: "TURBO:2:CircuitVoltage", Connecting to: F5938.CCFEPC.CCFE.AC.UK:5064, Ignored: 192.168.56.1:5064"
    Source File: ../cac.cpp line 1298
    Warning: "Identical process variable names on multiple servers"
    Current Time: Fri Jan 09 2015 10:30:34.997131063
..................................................................
CA.Client.Exception...............................................
    Warning: "Identical process variable names on multiple servers"
    Context: "Channel: "TURBO:3:CircuitVoltage", Connecting to: F5938.CCFEPC.CCFE.AC.UK:5064, Ignored: 192.168.56.1:5064"
    Source File: ../cac.cpp line 1298
Channel: "TURBO:4:PumpTemperature", Connecting to: F5938.CCFEPC.CCFE.AC.UK:5064, Ignored: 192.168.56.1:5064    Current Time: Fri Jan 09 2015 10:30:34.997181939
..................................................................
    Current Time: Fri Jan 09 2015 10:30:34.997015231
    Warning: "Identical process variable names on multiple servers"
CA.Client.Exception...............................................
    Warning: "Identical process variable names on multiple servers"
"
    Source File: ../cac.cpp line 1298
    Current Time: Fri Jan 09 2015 10:30:34.997231856
..................................................................
    Context: "    Warning: "Identical process variable names on multiple servers"
Channel: "TURBO:5:PumpTemperature", Connecting to: F5938.CCFEPC.CCFE.AC.UK:5064, Ignored: 192.168.56.1:5064"
"
    Source File: ../cac.cpp line 1298
    Current Time: Fri Jan 09 2015 10:30:34.997276653
..................................................................
    Source File: ../cac.cpp line 1298
CA.Client.Exception...............................................
    Warning: "Identical process variable names on multiple servers"
    Context: "Channel: "TURBO:3:Running", Connecting to: F5938.CCFEPC.CCFE.AC.UK:5064, Ignored: F5938.CCFEPC.CCFE.AC.UK:5064"
    Source File: ../cac.cpp line 1298
    Current Time: Fri Jan 09 2015 10:30:34.997365927
..................................................................
    Current Time: Fri Jan 09 2015 10:30:34.997048829
..................................................................
CA.Client.Exception...............................................
CA.Client.Exception...............................................
    Context: "Channel: "TURBO:4:CircuitVoltage", Connecting to: F5938.CCFEPC.CCFE.AC.UK:5064, Ignored: 192.168.56.1:5064CA.Client.Exception...............................................
    Context: "Channel: "TURBO:5:CircuitVoltage", Connecting to: F5938.CCFEPC.CCFE.AC.UK:5064, Ignored: 192.168.56.1:5064errlog: 71 messages were discarded
CA.Client.Exception...............................................
    Warning: "Identical process variable names on multiple servers"
    Context: "Channel: "TURBO:4:Running", Connecting to: F5938.CCFEPC.CCFE.AC.UK:5064, Ignored: F5938.CCFEPC.CCFE.AC.UK:5064"
    Source File: ../cac.cpp line 1298
    Current Time: Fri Jan 09 2015 10:30:34.997641430
..................................................................
    Current Time: Fri Jan 09 2015 10:30:34.998019007
..................................................................
CA.Client.Exception...............................................
    Warning: "Identical process variable names on multiple servers"
    Context: "Channel: "TURBO:2:Reset", Connecting to: F5938.CCFEPC.CCFE.AC.UK:5064, Ignored: F5938.CCFEPC.CCFE.AC.UK:5064"
    Source File: ../cac.cpp line 1298
    Current Time: Fri Jan 09 2015 10:30:34.998266031
..................................................................
CA.Client.Exception...............................................
    Warning: "Identical process variable names on multiple servers"
    Context: "Channel: "TURBO:5:Running", Connecting to: F5938.CCFEPC.CCFE.AC.UK:5064, Ignored: F5938.CCFEPC.CCFE.AC.UK:5064"
    Source File: ../cac.cpp line 1298
    Current Time: Fri Jan 09 2015 10:30:34.997839498
..................................................................
CA.Client.Exception...............................................
    Warning: "Identical process variable names on multiple servers"
    Context: "Channel: "TURBO:1:Reset", Connecting to: F5938.CCFEPC.CCFE.AC.UK:5064, Ignored: F5938.CCFEPC.CCFE.AC.UK:5064"
    Source File: ../cac.cpp line 1298
errlog: 10 messages were discarded
CA.Client.Exception...............................................
    Warning: "Identical process variable names on multiple servers"
    Context: "Channel: "TURBO:3:Reset", Connecting to: F5938.CCFEPC.CCFE.AC.UK:5064, Ignored: F5938.CCFEPC.CCFE.AC.UK:5064"
    Source File: ../cac.cpp line 1298
    Current Time: Fri Jan 09 2015 10:30:34.998542812
..................................................................
CA.Client.Exception...............................................
    Warning: "Identical process variable names on multiple servers"
    Context: "Channel: "TURBO:4:Reset", Connecting to: F5938.CCFEPC.CCFE.AC.UK:5064, Ignored: F5938.CCFEPC.CCFE.AC.UK:5064"
    Source File: ../cac.cpp line 1298
    Current Time: Fri Jan 09 2015 10:30:34.998852233
..................................................................
CA.Client.Exception...............................................
    Warning: "Identical process variable names on multiple servers"
    Context: "Channel: "TURBO:5:Reset", Connecting to: F5938.CCFEPC.CCFE.AC.UK:5064, Ignored: F5938.CCFEPC.CCFE.AC.UK:5064"
    Source File: ../cac.cpp line 1298
    Current Time: Fri Jan 09 2015 10:30:35.058677475
..................................................................
CA.Client.Exception...............................................
    Warning: "Identical process variable names on multiple servers"
    Context: "Channel: "TURBO:1:Fault", Connecting to: F5938.CCFEPC.CCFE.AC.UK:5064, Ignored: F5938.CCFEPC.CCFE.AC.UK:5064"
    Source File: ../cac.cpp line 1298
    Current Time: Fri Jan 09 2015 10:30:35.186856422
..................................................................
CA.Client.Exception...............................................
    Warning: "Identical process variable names on multiple servers"
    Context: "Channel: "TURBO:2:Fault", Connecting to: F5938.CCFEPC.CCFE.AC.UK:5064, Ignored: F5938.CCFEPC.CCFE.AC.UK:5064"
    Source File: ../cac.cpp line 1298
    Current Time: Fri Jan 09 2015 10:30:35.187127445
..................................................................
CA.Client.Exception...............................................
    Warning: "Identical process variable names on multiple servers"
    Context: "Channel: "TURBO:3:Fault", Connecting to: F5938.CCFEPC.CCFE.AC.UK:5064, Ignored: F5938.CCFEPC.CCFE.AC.UK:5064"
    Source File: ../cac.cpp line 1298
    Current Time: Fri Jan 09 2015 10:30:35.187283915
..................................................................
CA.Client.Exception...............................................
    Warning: "Identical process variable names on multiple servers"
    Context: "Channel: "TURBO:4:Fault", Connecting to: F5938.CCFEPC.CCFE.AC.UK:5064, Ignored: F5938.CCFEPC.CCFE.AC.UK:5064"
    Source File: ../cac.cpp line 1298
    Current Time: Fri Jan 09 2015 10:30:35.187389828
..................................................................
CA.Client.Exception...............................................
    Warning: "Identical process variable names on multiple servers"
    Context: "Channel: "TURBO:5:Fault", Connecting to: F5938.CCFEPC.CCFE.AC.UK:5064, Ignored: F5938.CCFEPC.CCFE.AC.UK:5064"
    Source File: ../cac.cpp line 1298
    Current Time: Fri Jan 09 2015 10:30:35.187486782
..................................................................
CA.Client.Exception...............................................
    Warning: "Identical process variable names on multiple servers"
    Context: "Channel: "TURBO:1:WarningTemperature", Connecting to: F5938.CCFEPC.CCFE.AC.UK:5064, Ignored: F5938.CCFEPC.CCFE.AC.UK:5064"
    Source File: ../cac.cpp line 1298
    Current Time: Fri Jan 09 2015 10:30:35.187583416
..................................................................
CA.Client.Exception...............................................
    Warning: "Identical process variable names on multiple servers"
    Context: "Channel: "TURBO:2:WarningTemperature", Connecting to: F5938.CCFEPC.CCFE.AC.UK:5064, Ignored: F5938.CCFEPC.CCFE.AC.UK:5064"
    Source File: ../cac.cpp line 1298
    Current Time: Fri Jan 09 2015 10:30:35.187681010
..................................................................
CA.Client.Exception...............................................
    Warning: "Identical process variable names on multiple servers"
    Context: "Channel: "TURBO:4:ConverterTemperature", Connecting to: F5938.CCFEPC.CCFE.AC.UK:5064, Ignored: F5938.CCFEPC.CCFE.AC.UK:5064"
    Source File: ../cac.cpp line 1298
    Current Time: Fri Jan 09 2015 10:30:35.187776684
..................................................................
CA.Client.Exception...............................................
    Warning: "Identical process variable names on multiple servers"
    Context: "Channel: "TURBO:3:MotorCurrent", Connecting to: F5938.CCFEPC.CCFE.AC.UK:5064, Ignored: F5938.CCFEPC.CCFE.AC.UK:5064"
    Source File: ../cac.cpp line 1298
    Current Time: Fri Jan 09 2015 10:30:35.187883877
..................................................................
