make: Entering directory 'D:/epics/support/areaDetector'
make -C ./configure install 
make[1]: Entering directory 'D:/epics/support/areaDetector/configure'
perl -CSD D:/EPICS/base/bin/win32-x86/makeMakefile.pl O.win32-x86 ../..
perl -CSD -MExtUtils::Command -e mkpath O.Common
make -C O.win32-x86 -f ../Makefile TOP=../.. \
    T_A=win32-x86 install
make[2]: Entering directory 'D:/epics/support/areaDetector/configure/O.win32-x86'
perl -CSD D:/EPICS/base/bin/win32-x86/convertRelease.pl checkRelease
make[2]: Leaving directory 'D:/epics/support/areaDetector/configure/O.win32-x86'
make[1]: Leaving directory 'D:/epics/support/areaDetector/configure'
make -C ./ADApp install 
make[1]: Entering directory 'D:/epics/support/areaDetector/ADApp'
make -C ./ADSrc install 
make[2]: Entering directory 'D:/epics/support/areaDetector/ADApp/ADSrc'
perl -CSD D:/EPICS/base/bin/win32-x86/makeMakefile.pl O.win32-x86 ../../..
perl -CSD -MExtUtils::Command -e mkpath O.Common
make -C O.win32-x86 -f ../Makefile TOP=../../.. \
    T_A=win32-x86 install
make[3]: Entering directory 'D:/epics/support/areaDetector/ADApp/ADSrc/O.win32-x86'
perl -CSD D:/EPICS/base/bin/win32-x86/mkmf.pl  -m parseAreaPrefixes.d -I. -I../O.Common -I. -I. -I.. -I../../../include/compiler/msvc -I../../../include/os/WIN32 -I../../../include         -I\EPICS/support/asyn/include   -I\EPICS/support/calc/include   -I\EPICS/support/busy/include   -I\EPICS/support/sscan/include  -I\EPICS/support/autosave/include/os/WIN32 -I\EPICS/support/autosave/include    -I\EPICS/base/include/compiler/msvc -I\EPICS/base/include/os/WIN32 -I\EPICS/base/include        parseAreaPrefixes.d ../parseAreaPrefixes.c
perl -CSD D:/EPICS/base/bin/win32-x86/mkmf.pl  -m tinyxmlerror.d -I. -I../O.Common -I. -I. -I.. -I../../../include/compiler/msvc -I../../../include/os/WIN32 -I../../../include         -I\EPICS/support/asyn/include   -I\EPICS/support/calc/include   -I\EPICS/support/busy/include   -I\EPICS/support/sscan/include  -I\EPICS/support/autosave/include/os/WIN32 -I\EPICS/support/autosave/include    -I\EPICS/base/include/compiler/msvc -I\EPICS/base/include/os/WIN32 -I\EPICS/base/include        tinyxmlerror.d ../tinyxmlerror.cpp
perl -CSD D:/EPICS/base/bin/win32-x86/mkmf.pl  -m tinyxmlparser.d -I. -I../O.Common -I. -I. -I.. -I../../../include/compiler/msvc -I../../../include/os/WIN32 -I../../../include         -I\EPICS/support/asyn/include   -I\EPICS/support/calc/include   -I\EPICS/support/busy/include   -I\EPICS/support/sscan/include  -I\EPICS/support/autosave/include/os/WIN32 -I\EPICS/support/autosave/include    -I\EPICS/base/include/compiler/msvc -I\EPICS/base/include/os/WIN32 -I\EPICS/base/include        tinyxmlparser.d ../tinyxmlparser.cpp
perl -CSD D:/EPICS/base/bin/win32-x86/mkmf.pl  -m tinystr.d -I. -I../O.Common -I. -I. -I.. -I../../../include/compiler/msvc -I../../../include/os/WIN32 -I../../../include         -I\EPICS/support/asyn/include   -I\EPICS/support/calc/include   -I\EPICS/support/busy/include   -I\EPICS/support/sscan/include  -I\EPICS/support/autosave/include/os/WIN32 -I\EPICS/support/autosave/include    -I\EPICS/base/include/compiler/msvc -I\EPICS/base/include/os/WIN32 -I\EPICS/base/include        tinystr.d ../tinystr.cpp
perl -CSD D:/EPICS/base/bin/win32-x86/mkmf.pl  -m tinyxml.d -I. -I../O.Common -I. -I. -I.. -I../../../include/compiler/msvc -I../../../include/os/WIN32 -I../../../include         -I\EPICS/support/asyn/include   -I\EPICS/support/calc/include   -I\EPICS/support/busy/include   -I\EPICS/support/sscan/include  -I\EPICS/support/autosave/include/os/WIN32 -I\EPICS/support/autosave/include    -I\EPICS/base/include/compiler/msvc -I\EPICS/base/include/os/WIN32 -I\EPICS/base/include        tinyxml.d ../tinyxml.cpp
perl -CSD D:/EPICS/base/bin/win32-x86/mkmf.pl  -m paramAttribute.d -I. -I../O.Common -I. -I. -I.. -I../../../include/compiler/msvc -I../../../include/os/WIN32 -I../../../include         -I\EPICS/support/asyn/include   -I\EPICS/support/calc/include   -I\EPICS/support/busy/include   -I\EPICS/support/sscan/include  -I\EPICS/support/autosave/include/os/WIN32 -I\EPICS/support/autosave/include    -I\EPICS/base/include/compiler/msvc -I\EPICS/base/include/os/WIN32 -I\EPICS/base/include        paramAttribute.d ../paramAttribute.cpp
perl -CSD D:/EPICS/base/bin/win32-x86/mkmf.pl  -m PVAttribute.d -I. -I../O.Common -I. -I. -I.. -I../../../include/compiler/msvc -I../../../include/os/WIN32 -I../../../include         -I\EPICS/support/asyn/include   -I\EPICS/support/calc/include   -I\EPICS/support/busy/include   -I\EPICS/support/sscan/include  -I\EPICS/support/autosave/include/os/WIN32 -I\EPICS/support/autosave/include    -I\EPICS/base/include/compiler/msvc -I\EPICS/base/include/os/WIN32 -I\EPICS/base/include        PVAttribute.d ../PVAttribute.cpp
perl -CSD D:/EPICS/base/bin/win32-x86/mkmf.pl  -m ADDriver.d -I. -I../O.Common -I. -I. -I.. -I../../../include/compiler/msvc -I../../../include/os/WIN32 -I../../../include         -I\EPICS/support/asyn/include   -I\EPICS/support/calc/include   -I\EPICS/support/busy/include   -I\EPICS/support/sscan/include  -I\EPICS/support/autosave/include/os/WIN32 -I\EPICS/support/autosave/include    -I\EPICS/base/include/compiler/msvc -I\EPICS/base/include/os/WIN32 -I\EPICS/base/include        ADDriver.d ../ADDriver.cpp
perl -CSD D:/EPICS/base/bin/win32-x86/mkmf.pl  -m asynNDArrayDriver.d -I. -I../O.Common -I. -I. -I.. -I../../../include/compiler/msvc -I../../../include/os/WIN32 -I../../../include         -I\EPICS/support/asyn/include   -I\EPICS/support/calc/include   -I\EPICS/support/busy/include   -I\EPICS/support/sscan/include  -I\EPICS/support/autosave/include/os/WIN32 -I\EPICS/support/autosave/include    -I\EPICS/base/include/compiler/msvc -I\EPICS/base/include/os/WIN32 -I\EPICS/base/include        asynNDArrayDriver.d ../asynNDArrayDriver.cpp
perl -CSD D:/EPICS/base/bin/win32-x86/mkmf.pl  -m NDArray.d -I. -I../O.Common -I. -I. -I.. -I../../../include/compiler/msvc -I../../../include/os/WIN32 -I../../../include         -I\EPICS/support/asyn/include   -I\EPICS/support/calc/include   -I\EPICS/support/busy/include   -I\EPICS/support/sscan/include  -I\EPICS/support/autosave/include/os/WIN32 -I\EPICS/support/autosave/include    -I\EPICS/base/include/compiler/msvc -I\EPICS/base/include/os/WIN32 -I\EPICS/base/include        NDArray.d ../NDArray.cpp
"Installing dbd file ../../../dbd/ADSupport.dbd"
mkdir ../../../dbd
"Installing dbd file ../../../dbd/commonDriverSupport.dbd"
"Installing generic include file ../../../include/NDArray.h"
mkdir ../../../include
"Installing generic include file ../../../include/PVAttribute.h"
"Installing generic include file ../../../include/paramAttribute.h"
"Installing generic include file ../../../include/asynNDArrayDriver.h"
"Installing generic include file ../../../include/ADDriver.h"
"Installing generic include file ../../../include/tinyxml.h"
"Installing generic include file ../../../include/tinystr.h"
cl -EHsc -GR                -nologo -D__STDC__=0 -D_CRT_SECURE_NO_DEPRECATE -D_CRT_NONSTDC_NO_DEPRECATE   -Ox -GL -Oy-   -W3 -w44355        -MD -DEPICS_BUILD_DLL -DEPICS_CALL_DLL -TP  -I. -I../O.Common -I. -I. -I.. -I../../../include/compiler/msvc -I../../../include/os/WIN32 -I../../../include         -I\EPICS/support/asyn/include   -I\EPICS/support/calc/include   -I\EPICS/support/busy/include   -I\EPICS/support/sscan/include  -I\EPICS/support/autosave/include/os/WIN32 -I\EPICS/support/autosave/include   -I\EPICS/support/areaDetector/include -I\EPICS/base/include/compiler/msvc -I\EPICS/base/include/os/WIN32 -I\EPICS/base/include        -c ../NDArray.cpp
NDArray.cpp
cl -EHsc -GR                -nologo -D__STDC__=0 -D_CRT_SECURE_NO_DEPRECATE -D_CRT_NONSTDC_NO_DEPRECATE   -Ox -GL -Oy-   -W3 -w44355        -MD -DEPICS_BUILD_DLL -DEPICS_CALL_DLL -TP  -I. -I../O.Common -I. -I. -I.. -I../../../include/compiler/msvc -I../../../include/os/WIN32 -I../../../include         -I\EPICS/support/asyn/include   -I\EPICS/support/calc/include   -I\EPICS/support/busy/include   -I\EPICS/support/sscan/include  -I\EPICS/support/autosave/include/os/WIN32 -I\EPICS/support/autosave/include   -I\EPICS/support/areaDetector/include -I\EPICS/base/include/compiler/msvc -I\EPICS/base/include/os/WIN32 -I\EPICS/base/include        -c ../asynNDArrayDriver.cpp
asynNDArrayDriver.cpp
cl -EHsc -GR                -nologo -D__STDC__=0 -D_CRT_SECURE_NO_DEPRECATE -D_CRT_NONSTDC_NO_DEPRECATE   -Ox -GL -Oy-   -W3 -w44355        -MD -DEPICS_BUILD_DLL -DEPICS_CALL_DLL -TP  -I. -I../O.Common -I. -I. -I.. -I../../../include/compiler/msvc -I../../../include/os/WIN32 -I../../../include         -I\EPICS/support/asyn/include   -I\EPICS/support/calc/include   -I\EPICS/support/busy/include   -I\EPICS/support/sscan/include  -I\EPICS/support/autosave/include/os/WIN32 -I\EPICS/support/autosave/include   -I\EPICS/support/areaDetector/include -I\EPICS/base/include/compiler/msvc -I\EPICS/base/include/os/WIN32 -I\EPICS/base/include        -c ../ADDriver.cpp
ADDriver.cpp
cl -EHsc -GR                -nologo -D__STDC__=0 -D_CRT_SECURE_NO_DEPRECATE -D_CRT_NONSTDC_NO_DEPRECATE   -Ox -GL -Oy-   -W3 -w44355        -MD -DEPICS_BUILD_DLL -DEPICS_CALL_DLL -TP  -I. -I../O.Common -I. -I. -I.. -I../../../include/compiler/msvc -I../../../include/os/WIN32 -I../../../include         -I\EPICS/support/asyn/include   -I\EPICS/support/calc/include   -I\EPICS/support/busy/include   -I\EPICS/support/sscan/include  -I\EPICS/support/autosave/include/os/WIN32 -I\EPICS/support/autosave/include   -I\EPICS/support/areaDetector/include -I\EPICS/base/include/compiler/msvc -I\EPICS/base/include/os/WIN32 -I\EPICS/base/include        -c ../PVAttribute.cpp
PVAttribute.cpp
cl -EHsc -GR                -nologo -D__STDC__=0 -D_CRT_SECURE_NO_DEPRECATE -D_CRT_NONSTDC_NO_DEPRECATE   -Ox -GL -Oy-   -W3 -w44355        -MD -DEPICS_BUILD_DLL -DEPICS_CALL_DLL -TP  -I. -I../O.Common -I. -I. -I.. -I../../../include/compiler/msvc -I../../../include/os/WIN32 -I../../../include         -I\EPICS/support/asyn/include   -I\EPICS/support/calc/include   -I\EPICS/support/busy/include   -I\EPICS/support/sscan/include  -I\EPICS/support/autosave/include/os/WIN32 -I\EPICS/support/autosave/include   -I\EPICS/support/areaDetector/include -I\EPICS/base/include/compiler/msvc -I\EPICS/base/include/os/WIN32 -I\EPICS/base/include        -c ../paramAttribute.cpp
paramAttribute.cpp
cl -EHsc -GR                -nologo -D__STDC__=0 -D_CRT_SECURE_NO_DEPRECATE -D_CRT_NONSTDC_NO_DEPRECATE   -Ox -GL -Oy-   -W3 -w44355        -MD -DEPICS_BUILD_DLL -DEPICS_CALL_DLL -TP  -I. -I../O.Common -I. -I. -I.. -I../../../include/compiler/msvc -I../../../include/os/WIN32 -I../../../include         -I\EPICS/support/asyn/include   -I\EPICS/support/calc/include   -I\EPICS/support/busy/include   -I\EPICS/support/sscan/include  -I\EPICS/support/autosave/include/os/WIN32 -I\EPICS/support/autosave/include   -I\EPICS/support/areaDetector/include -I\EPICS/base/include/compiler/msvc -I\EPICS/base/include/os/WIN32 -I\EPICS/base/include        -c ../tinyxml.cpp
tinyxml.cpp
cl -EHsc -GR                -nologo -D__STDC__=0 -D_CRT_SECURE_NO_DEPRECATE -D_CRT_NONSTDC_NO_DEPRECATE   -Ox -GL -Oy-   -W3 -w44355        -MD -DEPICS_BUILD_DLL -DEPICS_CALL_DLL -TP  -I. -I../O.Common -I. -I. -I.. -I../../../include/compiler/msvc -I../../../include/os/WIN32 -I../../../include         -I\EPICS/support/asyn/include   -I\EPICS/support/calc/include   -I\EPICS/support/busy/include   -I\EPICS/support/sscan/include  -I\EPICS/support/autosave/include/os/WIN32 -I\EPICS/support/autosave/include   -I\EPICS/support/areaDetector/include -I\EPICS/base/include/compiler/msvc -I\EPICS/base/include/os/WIN32 -I\EPICS/base/include        -c ../tinystr.cpp
tinystr.cpp
cl -EHsc -GR                -nologo -D__STDC__=0 -D_CRT_SECURE_NO_DEPRECATE -D_CRT_NONSTDC_NO_DEPRECATE   -Ox -GL -Oy-   -W3 -w44355        -MD -DEPICS_BUILD_DLL -DEPICS_CALL_DLL -TP  -I. -I../O.Common -I. -I. -I.. -I../../../include/compiler/msvc -I../../../include/os/WIN32 -I../../../include         -I\EPICS/support/asyn/include   -I\EPICS/support/calc/include   -I\EPICS/support/busy/include   -I\EPICS/support/sscan/include  -I\EPICS/support/autosave/include/os/WIN32 -I\EPICS/support/autosave/include   -I\EPICS/support/areaDetector/include -I\EPICS/base/include/compiler/msvc -I\EPICS/base/include/os/WIN32 -I\EPICS/base/include        -c ../tinyxmlparser.cpp
tinyxmlparser.cpp
cl -EHsc -GR                -nologo -D__STDC__=0 -D_CRT_SECURE_NO_DEPRECATE -D_CRT_NONSTDC_NO_DEPRECATE   -Ox -GL -Oy-   -W3 -w44355        -MD -DEPICS_BUILD_DLL -DEPICS_CALL_DLL -TP  -I. -I../O.Common -I. -I. -I.. -I../../../include/compiler/msvc -I../../../include/os/WIN32 -I../../../include         -I\EPICS/support/asyn/include   -I\EPICS/support/calc/include   -I\EPICS/support/busy/include   -I\EPICS/support/sscan/include  -I\EPICS/support/autosave/include/os/WIN32 -I\EPICS/support/autosave/include   -I\EPICS/support/areaDetector/include -I\EPICS/base/include/compiler/msvc -I\EPICS/base/include/os/WIN32 -I\EPICS/base/include        -c ../tinyxmlerror.cpp
tinyxmlerror.cpp
cl                -nologo -D__STDC__=0 -D_CRT_SECURE_NO_DEPRECATE -D_CRT_NONSTDC_NO_DEPRECATE   -Ox -GL -Oy-   -W3 -w44355        -MD -DEPICS_BUILD_DLL -DEPICS_CALL_DLL   -I. -I../O.Common -I. -I. -I.. -I../../../include/compiler/msvc -I../../../include/os/WIN32 -I../../../include         -I\EPICS/support/asyn/include   -I\EPICS/support/calc/include   -I\EPICS/support/busy/include   -I\EPICS/support/sscan/include  -I\EPICS/support/autosave/include/os/WIN32 -I\EPICS/support/autosave/include   -I\EPICS/support/areaDetector/include -I\EPICS/base/include/compiler/msvc -I\EPICS/base/include/os/WIN32 -I\EPICS/base/include        -c ../parseAreaPrefixes.c
parseAreaPrefixes.c
link -nologo /subsystem:windows /dll -LTCG -incremental:no -opt:ref -release       -out:ADBase.dll -implib:ADBase.lib         NDArray.obj asynNDArrayDriver.obj ADDriver.obj PVAttribute.obj paramAttribute.obj tinyxml.obj tinystr.obj tinyxmlparser.obj tinyxmlerror.obj parseAreaPrefixes.obj      \EPICS/support/asyn/lib/win32-x86/asyn.lib  \EPICS/base/lib/win32-x86/dbRecStd.lib  \EPICS/base/lib/win32-x86/dbCore.lib  \EPICS/base/lib/win32-x86/ca.lib  \EPICS/base/lib/win32-x86/Com.lib 
   Creating library ADBase.lib and object ADBase.exp
Generating code
Finished generating code
"Installing shared library ../../../bin/win32-x86/ADBase.dll"
mkdir ../../../bin/win32-x86
"Installing library ../../../lib/win32-x86/ADBase.lib"
mkdir ../../../lib/win32-x86
make[3]: Leaving directory 'D:/epics/support/areaDetector/ADApp/ADSrc/O.win32-x86'
make[2]: Leaving directory 'D:/epics/support/areaDetector/ADApp/ADSrc'
make -C ./netCDFSrc install 
make[2]: Entering directory 'D:/epics/support/areaDetector/ADApp/netCDFSrc'
perl -CSD D:/EPICS/base/bin/win32-x86/makeMakefile.pl O.win32-x86 ../../..
perl -CSD -MExtUtils::Command -e mkpath O.Common
make -C O.win32-x86 -f ../Makefile TOP=../../.. \
    T_A=win32-x86 install
make[3]: Entering directory 'D:/epics/support/areaDetector/ADApp/netCDFSrc/O.win32-x86'
perl -CSD D:/EPICS/base/bin/win32-x86/mkmf.pl  -m stub.d -I. -I../O.Common -I. -I. -I.. -I../../../ADApp/netCDFSrc/inc -I../../../ADApp/netCDFSrc/libsrc -I../../../ADApp/netCDFSrc/libdispatch -I../../../ADApp/netCDFSrc/liblib -I../../../include/compiler/msvc -I../../../include/os/WIN32 -I../../../include         -I\EPICS/support/asyn/include   -I\EPICS/support/calc/include   -I\EPICS/support/busy/include   -I\EPICS/support/sscan/include  -I\EPICS/support/autosave/include/os/WIN32 -I\EPICS/support/autosave/include   -I\EPICS/support/areaDetector/include -I\EPICS/base/include/compiler/msvc -I\EPICS/base/include/os/WIN32 -I\EPICS/base/include        stub.d ../../../ADApp/netCDFSrc/liblib/stub.c
perl -CSD D:/EPICS/base/bin/win32-x86/mkmf.pl  -m var1.d -I. -I../O.Common -I. -I. -I.. -I../../../ADApp/netCDFSrc/inc -I../../../ADApp/netCDFSrc/libsrc -I../../../ADApp/netCDFSrc/libdispatch -I../../../ADApp/netCDFSrc/liblib -I../../../include/compiler/msvc -I../../../include/os/WIN32 -I../../../include         -I\EPICS/support/asyn/include   -I\EPICS/support/calc/include   -I\EPICS/support/busy/include   -I\EPICS/support/sscan/include  -I\EPICS/support/autosave/include/os/WIN32 -I\EPICS/support/autosave/include   -I\EPICS/support/areaDetector/include -I\EPICS/base/include/compiler/msvc -I\EPICS/base/include/os/WIN32 -I\EPICS/base/include        var1.d ../../../ADApp/netCDFSrc/libdispatch/var1.c
perl -CSD D:/EPICS/base/bin/win32-x86/mkmf.pl  -m nc_uri.d -I. -I../O.Common -I. -I. -I.. -I../../../ADApp/netCDFSrc/inc -I../../../ADApp/netCDFSrc/libsrc -I../../../ADApp/netCDFSrc/libdispatch -I../../../ADApp/netCDFSrc/liblib -I../../../include/compiler/msvc -I../../../include/os/WIN32 -I../../../include         -I\EPICS/support/asyn/include   -I\EPICS/support/calc/include   -I\EPICS/support/busy/include   -I\EPICS/support/sscan/include  -I\EPICS/support/autosave/include/os/WIN32 -I\EPICS/support/autosave/include   -I\EPICS/support/areaDetector/include -I\EPICS/base/include/compiler/msvc -I\EPICS/base/include/os/WIN32 -I\EPICS/base/include        nc_uri.d ../../../ADApp/netCDFSrc/libdispatch/nc_uri.c
perl -CSD D:/EPICS/base/bin/win32-x86/mkmf.pl  -m file.d -I. -I../O.Common -I. -I. -I.. -I../../../ADApp/netCDFSrc/inc -I../../../ADApp/netCDFSrc/libsrc -I../../../ADApp/netCDFSrc/libdispatch -I../../../ADApp/netCDFSrc/liblib -I../../../include/compiler/msvc -I../../../include/os/WIN32 -I../../../include         -I\EPICS/support/asyn/include   -I\EPICS/support/calc/include   -I\EPICS/support/busy/include   -I\EPICS/support/sscan/include  -I\EPICS/support/autosave/include/os/WIN32 -I\EPICS/support/autosave/include   -I\EPICS/support/areaDetector/include -I\EPICS/base/include/compiler/msvc -I\EPICS/base/include/os/WIN32 -I\EPICS/base/include        file.d ../../../ADApp/netCDFSrc/libdispatch/file.c
perl -CSD D:/EPICS/base/bin/win32-x86/mkmf.pl  -m error.d -I. -I../O.Common -I. -I. -I.. -I../../../ADApp/netCDFSrc/inc -I../../../ADApp/netCDFSrc/libsrc -I../../../ADApp/netCDFSrc/libdispatch -I../../../ADApp/netCDFSrc/liblib -I../../../include/compiler/msvc -I../../../include/os/WIN32 -I../../../include         -I\EPICS/support/asyn/include   -I\EPICS/support/calc/include   -I\EPICS/support/busy/include   -I\EPICS/support/sscan/include  -I\EPICS/support/autosave/include/os/WIN32 -I\EPICS/support/autosave/include   -I\EPICS/support/areaDetector/include -I\EPICS/base/include/compiler/msvc -I\EPICS/base/include/os/WIN32 -I\EPICS/base/include        error.d ../../../ADApp/netCDFSrc/libdispatch/error.c
perl -CSD D:/EPICS/base/bin/win32-x86/mkmf.pl  -m dispatch.d -I. -I../O.Common -I. -I. -I.. -I../../../ADApp/netCDFSrc/inc -I../../../ADApp/netCDFSrc/libsrc -I../../../ADApp/netCDFSrc/libdispatch -I../../../ADApp/netCDFSrc/liblib -I../../../include/compiler/msvc -I../../../include/os/WIN32 -I../../../include         -I\EPICS/support/asyn/include   -I\EPICS/support/calc/include   -I\EPICS/support/busy/include   -I\EPICS/support/sscan/include  -I\EPICS/support/autosave/include/os/WIN32 -I\EPICS/support/autosave/include   -I\EPICS/support/areaDetector/include -I\EPICS/base/include/compiler/msvc -I\EPICS/base/include/os/WIN32 -I\EPICS/base/include        dispatch.d ../../../ADApp/netCDFSrc/libdispatch/dispatch.c
perl -CSD D:/EPICS/base/bin/win32-x86/mkmf.pl  -m dim1.d -I. -I../O.Common -I. -I. -I.. -I../../../ADApp/netCDFSrc/inc -I../../../ADApp/netCDFSrc/libsrc -I../../../ADApp/netCDFSrc/libdispatch -I../../../ADApp/netCDFSrc/liblib -I../../../include/compiler/msvc -I../../../include/os/WIN32 -I../../../include         -I\EPICS/support/asyn/include   -I\EPICS/support/calc/include   -I\EPICS/support/busy/include   -I\EPICS/support/sscan/include  -I\EPICS/support/autosave/include/os/WIN32 -I\EPICS/support/autosave/include   -I\EPICS/support/areaDetector/include -I\EPICS/base/include/compiler/msvc -I\EPICS/base/include/os/WIN32 -I\EPICS/base/include        dim1.d ../../../ADApp/netCDFSrc/libdispatch/dim1.c
perl -CSD D:/EPICS/base/bin/win32-x86/mkmf.pl  -m att.d -I. -I../O.Common -I. -I. -I.. -I../../../ADApp/netCDFSrc/inc -I../../../ADApp/netCDFSrc/libsrc -I../../../ADApp/netCDFSrc/libdispatch -I../../../ADApp/netCDFSrc/liblib -I../../../include/compiler/msvc -I../../../include/os/WIN32 -I../../../include         -I\EPICS/support/asyn/include   -I\EPICS/support/calc/include   -I\EPICS/support/busy/include   -I\EPICS/support/sscan/include  -I\EPICS/support/autosave/include/os/WIN32 -I\EPICS/support/autosave/include   -I\EPICS/support/areaDetector/include -I\EPICS/base/include/compiler/msvc -I\EPICS/base/include/os/WIN32 -I\EPICS/base/include        att.d ../../../ADApp/netCDFSrc/libdispatch/att.c
perl -CSD D:/EPICS/base/bin/win32-x86/mkmf.pl  -m var.d -I. -I../O.Common -I. -I. -I.. -I../../../ADApp/netCDFSrc/inc -I../../../ADApp/netCDFSrc/libsrc -I../../../ADApp/netCDFSrc/libdispatch -I../../../ADApp/netCDFSrc/liblib -I../../../include/compiler/msvc -I../../../include/os/WIN32 -I../../../include         -I\EPICS/support/asyn/include   -I\EPICS/support/calc/include   -I\EPICS/support/busy/include   -I\EPICS/support/sscan/include  -I\EPICS/support/autosave/include/os/WIN32 -I\EPICS/support/autosave/include   -I\EPICS/support/areaDetector/include -I\EPICS/base/include/compiler/msvc -I\EPICS/base/include/os/WIN32 -I\EPICS/base/include        var.d ../../../ADApp/netCDFSrc/libsrc/var.c
perl -CSD D:/EPICS/base/bin/win32-x86/mkmf.pl  -m v1hpg.d -I. -I../O.Common -I. -I. -I.. -I../../../ADApp/netCDFSrc/inc -I../../../ADApp/netCDFSrc/libsrc -I../../../ADApp/netCDFSrc/libdispatch -I../../../ADApp/netCDFSrc/liblib -I../../../include/compiler/msvc -I../../../include/os/WIN32 -I../../../include         -I\EPICS/support/asyn/include   -I\EPICS/support/calc/include   -I\EPICS/support/busy/include   -I\EPICS/support/sscan/include  -I\EPICS/support/autosave/include/os/WIN32 -I\EPICS/support/autosave/include   -I\EPICS/support/areaDetector/include -I\EPICS/base/include/compiler/msvc -I\EPICS/base/include/os/WIN32 -I\EPICS/base/include        v1hpg.d ../../../ADApp/netCDFSrc/libsrc/v1hpg.c
perl -CSD D:/EPICS/base/bin/win32-x86/mkmf.pl  -m utf8proc.d -I. -I../O.Common -I. -I. -I.. -I../../../ADApp/netCDFSrc/inc -I../../../ADApp/netCDFSrc/libsrc -I../../../ADApp/netCDFSrc/libdispatch -I../../../ADApp/netCDFSrc/liblib -I../../../include/compiler/msvc -I../../../include/os/WIN32 -I../../../include         -I\EPICS/support/asyn/include   -I\EPICS/support/calc/include   -I\EPICS/support/busy/include   -I\EPICS/support/sscan/include  -I\EPICS/support/autosave/include/os/WIN32 -I\EPICS/support/autosave/include   -I\EPICS/support/areaDetector/include -I\EPICS/base/include/compiler/msvc -I\EPICS/base/include/os/WIN32 -I\EPICS/base/include        utf8proc.d ../../../ADApp/netCDFSrc/libsrc/utf8proc.c
perl -CSD D:/EPICS/base/bin/win32-x86/mkmf.pl  -m string.d -I. -I../O.Common -I. -I. -I.. -I../../../ADApp/netCDFSrc/inc -I../../../ADApp/netCDFSrc/libsrc -I../../../ADApp/netCDFSrc/libdispatch -I../../../ADApp/netCDFSrc/liblib -I../../../include/compiler/msvc -I../../../include/os/WIN32 -I../../../include         -I\EPICS/support/asyn/include   -I\EPICS/support/calc/include   -I\EPICS/support/busy/include   -I\EPICS/support/sscan/include  -I\EPICS/support/autosave/include/os/WIN32 -I\EPICS/support/autosave/include   -I\EPICS/support/areaDetector/include -I\EPICS/base/include/compiler/msvc -I\EPICS/base/include/os/WIN32 -I\EPICS/base/include        string.d ../../../ADApp/netCDFSrc/libsrc/string.c
perl -CSD D:/EPICS/base/bin/win32-x86/mkmf.pl  -m putget.d -I. -I../O.Common -I. -I. -I.. -I../../../ADApp/netCDFSrc/inc -I../../../ADApp/netCDFSrc/libsrc -I../../../ADApp/netCDFSrc/libdispatch -I../../../ADApp/netCDFSrc/liblib -I../../../include/compiler/msvc -I../../../include/os/WIN32 -I../../../include         -I\EPICS/support/asyn/include   -I\EPICS/support/calc/include   -I\EPICS/support/busy/include   -I\EPICS/support/sscan/include  -I\EPICS/support/autosave/include/os/WIN32 -I\EPICS/support/autosave/include   -I\EPICS/support/areaDetector/include -I\EPICS/base/include/compiler/msvc -I\EPICS/base/include/os/WIN32 -I\EPICS/base/include        putget.d ../../../ADApp/netCDFSrc/libsrc/putget.c
perl -CSD D:/EPICS/base/bin/win32-x86/mkmf.pl  -m posixio.d -I. -I../O.Common -I. -I. -I.. -I../../../ADApp/netCDFSrc/inc -I../../../ADApp/netCDFSrc/libsrc -I../../../ADApp/netCDFSrc/libdispatch -I../../../ADApp/netCDFSrc/liblib -I../../../include/compiler/msvc -I../../../include/os/WIN32 -I../../../include         -I\EPICS/support/asyn/include   -I\EPICS/support/calc/include   -I\EPICS/support/busy/include   -I\EPICS/support/sscan/include  -I\EPICS/support/autosave/include/os/WIN32 -I\EPICS/support/autosave/include   -I\EPICS/support/areaDetector/include -I\EPICS/base/include/compiler/msvc -I\EPICS/base/include/os/WIN32 -I\EPICS/base/include        posixio.d ../../../ADApp/netCDFSrc/libsrc/posixio.c
perl -CSD D:/EPICS/base/bin/win32-x86/mkmf.pl  -m ncx.d -I. -I../O.Common -I. -I. -I.. -I../../../ADApp/netCDFSrc/inc -I../../../ADApp/netCDFSrc/libsrc -I../../../ADApp/netCDFSrc/libdispatch -I../../../ADApp/netCDFSrc/liblib -I../../../include/compiler/msvc -I../../../include/os/WIN32 -I../../../include         -I\EPICS/support/asyn/include   -I\EPICS/support/calc/include   -I\EPICS/support/busy/include   -I\EPICS/support/sscan/include  -I\EPICS/support/autosave/include/os/WIN32 -I\EPICS/support/autosave/include   -I\EPICS/support/areaDetector/include -I\EPICS/base/include/compiler/msvc -I\EPICS/base/include/os/WIN32 -I\EPICS/base/include        ncx.d ../../../ADApp/netCDFSrc/libsrc/ncx.c
perl -CSD D:/EPICS/base/bin/win32-x86/mkmf.pl  -m nclistmgr.d -I. -I../O.Common -I. -I. -I.. -I../../../ADApp/netCDFSrc/inc -I../../../ADApp/netCDFSrc/libsrc -I../../../ADApp/netCDFSrc/libdispatch -I../../../ADApp/netCDFSrc/liblib -I../../../include/compiler/msvc -I../../../include/os/WIN32 -I../../../include         -I\EPICS/support/asyn/include   -I\EPICS/support/calc/include   -I\EPICS/support/busy/include   -I\EPICS/support/sscan/include  -I\EPICS/support/autosave/include/os/WIN32 -I\EPICS/support/autosave/include   -I\EPICS/support/areaDetector/include -I\EPICS/base/include/compiler/msvc -I\EPICS/base/include/os/WIN32 -I\EPICS/base/include        nclistmgr.d ../../../ADApp/netCDFSrc/libsrc/nclistmgr.c
perl -CSD D:/EPICS/base/bin/win32-x86/mkmf.pl  -m nc3dispatch.d -I. -I../O.Common -I. -I. -I.. -I../../../ADApp/netCDFSrc/inc -I../../../ADApp/netCDFSrc/libsrc -I../../../ADApp/netCDFSrc/libdispatch -I../../../ADApp/netCDFSrc/liblib -I../../../include/compiler/msvc -I../../../include/os/WIN32 -I../../../include         -I\EPICS/support/asyn/include   -I\EPICS/support/calc/include   -I\EPICS/support/busy/include   -I\EPICS/support/sscan/include  -I\EPICS/support/autosave/include/os/WIN32 -I\EPICS/support/autosave/include   -I\EPICS/support/areaDetector/include -I\EPICS/base/include/compiler/msvc -I\EPICS/base/include/os/WIN32 -I\EPICS/base/include        nc3dispatch.d ../../../ADApp/netCDFSrc/libsrc/nc3dispatch.c
perl -CSD D:/EPICS/base/bin/win32-x86/mkmf.pl  -m nc.d -I. -I../O.Common -I. -I. -I.. -I../../../ADApp/netCDFSrc/inc -I../../../ADApp/netCDFSrc/libsrc -I../../../ADApp/netCDFSrc/libdispatch -I../../../ADApp/netCDFSrc/liblib -I../../../include/compiler/msvc -I../../../include/os/WIN32 -I../../../include         -I\EPICS/support/asyn/include   -I\EPICS/support/calc/include   -I\EPICS/support/busy/include   -I\EPICS/support/sscan/include  -I\EPICS/support/autosave/include/os/WIN32 -I\EPICS/support/autosave/include   -I\EPICS/support/areaDetector/include -I\EPICS/base/include/compiler/msvc -I\EPICS/base/include/os/WIN32 -I\EPICS/base/include        nc.d ../../../ADApp/netCDFSrc/libsrc/nc.c
perl -CSD D:/EPICS/base/bin/win32-x86/mkmf.pl  -m lookup3.d -I. -I../O.Common -I. -I. -I.. -I../../../ADApp/netCDFSrc/inc -I../../../ADApp/netCDFSrc/libsrc -I../../../ADApp/netCDFSrc/libdispatch -I../../../ADApp/netCDFSrc/liblib -I../../../include/compiler/msvc -I../../../include/os/WIN32 -I../../../include         -I\EPICS/support/asyn/include   -I\EPICS/support/calc/include   -I\EPICS/support/busy/include   -I\EPICS/support/sscan/include  -I\EPICS/support/autosave/include/os/WIN32 -I\EPICS/support/autosave/include   -I\EPICS/support/areaDetector/include -I\EPICS/base/include/compiler/msvc -I\EPICS/base/include/os/WIN32 -I\EPICS/base/include        lookup3.d ../../../ADApp/netCDFSrc/libsrc/lookup3.c
perl -CSD D:/EPICS/base/bin/win32-x86/mkmf.pl  -m dim.d -I. -I../O.Common -I. -I. -I.. -I../../../ADApp/netCDFSrc/inc -I../../../ADApp/netCDFSrc/libsrc -I../../../ADApp/netCDFSrc/libdispatch -I../../../ADApp/netCDFSrc/liblib -I../../../include/compiler/msvc -I../../../include/os/WIN32 -I../../../include         -I\EPICS/support/asyn/include   -I\EPICS/support/calc/include   -I\EPICS/support/busy/include   -I\EPICS/support/sscan/include  -I\EPICS/support/autosave/include/os/WIN32 -I\EPICS/support/autosave/include   -I\EPICS/support/areaDetector/include -I\EPICS/base/include/compiler/msvc -I\EPICS/base/include/os/WIN32 -I\EPICS/base/include        dim.d ../../../ADApp/netCDFSrc/libsrc/dim.c
perl -CSD D:/EPICS/base/bin/win32-x86/mkmf.pl  -m attr.d -I. -I../O.Common -I. -I. -I.. -I../../../ADApp/netCDFSrc/inc -I../../../ADApp/netCDFSrc/libsrc -I../../../ADApp/netCDFSrc/libdispatch -I../../../ADApp/netCDFSrc/liblib -I../../../include/compiler/msvc -I../../../include/os/WIN32 -I../../../include         -I\EPICS/support/asyn/include   -I\EPICS/support/calc/include   -I\EPICS/support/busy/include   -I\EPICS/support/sscan/include  -I\EPICS/support/autosave/include/os/WIN32 -I\EPICS/support/autosave/include   -I\EPICS/support/areaDetector/include -I\EPICS/base/include/compiler/msvc -I\EPICS/base/include/os/WIN32 -I\EPICS/base/include        attr.d ../../../ADApp/netCDFSrc/libsrc/attr.c
"Installing generic include file ../../../include/netcdf.h"
cl                -nologo -D__STDC__=0 -D_CRT_SECURE_NO_DEPRECATE -D_CRT_NONSTDC_NO_DEPRECATE   -Ox -GL -Oy-   -W3 -w44355     -DHAVE_CONFIG_H    -MD -DEPICS_BUILD_DLL -DEPICS_CALL_DLL   -I. -I../O.Common -I. -I. -I.. -I../../../ADApp/netCDFSrc/inc -I../../../ADApp/netCDFSrc/libsrc -I../../../ADApp/netCDFSrc/libdispatch -I../../../ADApp/netCDFSrc/liblib -I../../../include/compiler/msvc -I../../../include/os/WIN32 -I../../../include         -I\EPICS/support/asyn/include   -I\EPICS/support/calc/include   -I\EPICS/support/busy/include   -I\EPICS/support/sscan/include  -I\EPICS/support/autosave/include/os/WIN32 -I\EPICS/support/autosave/include   -I\EPICS/support/areaDetector/include -I\EPICS/base/include/compiler/msvc -I\EPICS/base/include/os/WIN32 -I\EPICS/base/include        -c ../../../ADApp/netCDFSrc/libsrc/attr.c
attr.c
cl                -nologo -D__STDC__=0 -D_CRT_SECURE_NO_DEPRECATE -D_CRT_NONSTDC_NO_DEPRECATE   -Ox -GL -Oy-   -W3 -w44355     -DHAVE_CONFIG_H    -MD -DEPICS_BUILD_DLL -DEPICS_CALL_DLL   -I. -I../O.Common -I. -I. -I.. -I../../../ADApp/netCDFSrc/inc -I../../../ADApp/netCDFSrc/libsrc -I../../../ADApp/netCDFSrc/libdispatch -I../../../ADApp/netCDFSrc/liblib -I../../../include/compiler/msvc -I../../../include/os/WIN32 -I../../../include         -I\EPICS/support/asyn/include   -I\EPICS/support/calc/include   -I\EPICS/support/busy/include   -I\EPICS/support/sscan/include  -I\EPICS/support/autosave/include/os/WIN32 -I\EPICS/support/autosave/include   -I\EPICS/support/areaDetector/include -I\EPICS/base/include/compiler/msvc -I\EPICS/base/include/os/WIN32 -I\EPICS/base/include        -c ../../../ADApp/netCDFSrc/libsrc/dim.c
dim.c
../../../ADApp/netCDFSrc/libsrc/dim.c(108) : warning C4018: '>=' : signed/unsigned mismatch
../../../ADApp/netCDFSrc/libsrc/dim.c(156) : warning C4018: '>=' : signed/unsigned mismatch
cl                -nologo -D__STDC__=0 -D_CRT_SECURE_NO_DEPRECATE -D_CRT_NONSTDC_NO_DEPRECATE   -Ox -GL -Oy-   -W3 -w44355     -DHAVE_CONFIG_H    -MD -DEPICS_BUILD_DLL -DEPICS_CALL_DLL   -I. -I../O.Common -I. -I. -I.. -I../../../ADApp/netCDFSrc/inc -I../../../ADApp/netCDFSrc/libsrc -I../../../ADApp/netCDFSrc/libdispatch -I../../../ADApp/netCDFSrc/liblib -I../../../include/compiler/msvc -I../../../include/os/WIN32 -I../../../include         -I\EPICS/support/asyn/include   -I\EPICS/support/calc/include   -I\EPICS/support/busy/include   -I\EPICS/support/sscan/include  -I\EPICS/support/autosave/include/os/WIN32 -I\EPICS/support/autosave/include   -I\EPICS/support/areaDetector/include -I\EPICS/base/include/compiler/msvc -I\EPICS/base/include/os/WIN32 -I\EPICS/base/include        -c ../../../ADApp/netCDFSrc/libsrc/lookup3.c
lookup3.c
cl                -nologo -D__STDC__=0 -D_CRT_SECURE_NO_DEPRECATE -D_CRT_NONSTDC_NO_DEPRECATE   -Ox -GL -Oy-   -W3 -w44355     -DHAVE_CONFIG_H    -MD -DEPICS_BUILD_DLL -DEPICS_CALL_DLL   -I. -I../O.Common -I. -I. -I.. -I../../../ADApp/netCDFSrc/inc -I../../../ADApp/netCDFSrc/libsrc -I../../../ADApp/netCDFSrc/libdispatch -I../../../ADApp/netCDFSrc/liblib -I../../../include/compiler/msvc -I../../../include/os/WIN32 -I../../../include         -I\EPICS/support/asyn/include   -I\EPICS/support/calc/include   -I\EPICS/support/busy/include   -I\EPICS/support/sscan/include  -I\EPICS/support/autosave/include/os/WIN32 -I\EPICS/support/autosave/include   -I\EPICS/support/areaDetector/include -I\EPICS/base/include/compiler/msvc -I\EPICS/base/include/os/WIN32 -I\EPICS/base/include        -c ../../../ADApp/netCDFSrc/libsrc/nc.c
nc.c
../../../ADApp/netCDFSrc/libsrc/nc.c(469) : warning C4244: 'initializing' : conversion from '__int64' to 'size_t', possible loss of data
../../../ADApp/netCDFSrc/libsrc/nc.c(837) : warning C4018: '<' : signed/unsigned mismatch
cl                -nologo -D__STDC__=0 -D_CRT_SECURE_NO_DEPRECATE -D_CRT_NONSTDC_NO_DEPRECATE   -Ox -GL -Oy-   -W3 -w44355     -DHAVE_CONFIG_H    -MD -DEPICS_BUILD_DLL -DEPICS_CALL_DLL   -I. -I../O.Common -I. -I. -I.. -I../../../ADApp/netCDFSrc/inc -I../../../ADApp/netCDFSrc/libsrc -I../../../ADApp/netCDFSrc/libdispatch -I../../../ADApp/netCDFSrc/liblib -I../../../include/compiler/msvc -I../../../include/os/WIN32 -I../../../include         -I\EPICS/support/asyn/include   -I\EPICS/support/calc/include   -I\EPICS/support/busy/include   -I\EPICS/support/sscan/include  -I\EPICS/support/autosave/include/os/WIN32 -I\EPICS/support/autosave/include   -I\EPICS/support/areaDetector/include -I\EPICS/base/include/compiler/msvc -I\EPICS/base/include/os/WIN32 -I\EPICS/base/include        -c ../../../ADApp/netCDFSrc/libsrc/nc3dispatch.c
nc3dispatch.c
cl                -nologo -D__STDC__=0 -D_CRT_SECURE_NO_DEPRECATE -D_CRT_NONSTDC_NO_DEPRECATE   -Ox -GL -Oy-   -W3 -w44355     -DHAVE_CONFIG_H    -MD -DEPICS_BUILD_DLL -DEPICS_CALL_DLL   -I. -I../O.Common -I. -I. -I.. -I../../../ADApp/netCDFSrc/inc -I../../../ADApp/netCDFSrc/libsrc -I../../../ADApp/netCDFSrc/libdispatch -I../../../ADApp/netCDFSrc/liblib -I../../../include/compiler/msvc -I../../../include/os/WIN32 -I../../../include         -I\EPICS/support/asyn/include   -I\EPICS/support/calc/include   -I\EPICS/support/busy/include   -I\EPICS/support/sscan/include  -I\EPICS/support/autosave/include/os/WIN32 -I\EPICS/support/autosave/include   -I\EPICS/support/areaDetector/include -I\EPICS/base/include/compiler/msvc -I\EPICS/base/include/os/WIN32 -I\EPICS/base/include        -c ../../../ADApp/netCDFSrc/libsrc/nclistmgr.c
nclistmgr.c
cl                -nologo -D__STDC__=0 -D_CRT_SECURE_NO_DEPRECATE -D_CRT_NONSTDC_NO_DEPRECATE   -Ox -GL -Oy-   -W3 -w44355     -DHAVE_CONFIG_H    -MD -DEPICS_BUILD_DLL -DEPICS_CALL_DLL   -I. -I../O.Common -I. -I. -I.. -I../../../ADApp/netCDFSrc/inc -I../../../ADApp/netCDFSrc/libsrc -I../../../ADApp/netCDFSrc/libdispatch -I../../../ADApp/netCDFSrc/liblib -I../../../include/compiler/msvc -I../../../include/os/WIN32 -I../../../include         -I\EPICS/support/asyn/include   -I\EPICS/support/calc/include   -I\EPICS/support/busy/include   -I\EPICS/support/sscan/include  -I\EPICS/support/autosave/include/os/WIN32 -I\EPICS/support/autosave/include   -I\EPICS/support/areaDetector/include -I\EPICS/base/include/compiler/msvc -I\EPICS/base/include/os/WIN32 -I\EPICS/base/include        -c ../../../ADApp/netCDFSrc/libsrc/ncx.c
ncx.c
../../../ADApp/netCDFSrc/libsrc/ncx.c(370) : warning C4244: '=' : conversion from 'ix_short' to 'schar', possible loss of data
../../../ADApp/netCDFSrc/libsrc/ncx.c(381) : warning C4244: '=' : conversion from 'ix_short' to 'uchar', possible loss of data
../../../ADApp/netCDFSrc/libsrc/ncx.c(603) : warning C4244: 'initializing' : conversion from 'const float' to 'ix_short', possible loss of data
../../../ADApp/netCDFSrc/libsrc/ncx.c(613) : warning C4244: 'initializing' : conversion from 'const double' to 'ix_short', possible loss of data
../../../ADApp/netCDFSrc/libsrc/ncx.c(786) : warning C4244: '=' : conversion from 'ix_int' to 'float', possible loss of data
cl                -nologo -D__STDC__=0 -D_CRT_SECURE_NO_DEPRECATE -D_CRT_NONSTDC_NO_DEPRECATE   -Ox -GL -Oy-   -W3 -w44355     -DHAVE_CONFIG_H    -MD -DEPICS_BUILD_DLL -DEPICS_CALL_DLL   -I. -I../O.Common -I. -I. -I.. -I../../../ADApp/netCDFSrc/inc -I../../../ADApp/netCDFSrc/libsrc -I../../../ADApp/netCDFSrc/libdispatch -I../../../ADApp/netCDFSrc/liblib -I../../../include/compiler/msvc -I../../../include/os/WIN32 -I../../../include         -I\EPICS/support/asyn/include   -I\EPICS/support/calc/include   -I\EPICS/support/busy/include   -I\EPICS/support/sscan/include  -I\EPICS/support/autosave/include/os/WIN32 -I\EPICS/support/autosave/include   -I\EPICS/support/areaDetector/include -I\EPICS/base/include/compiler/msvc -I\EPICS/base/include/os/WIN32 -I\EPICS/base/include        -c ../../../ADApp/netCDFSrc/libsrc/posixio.c
posixio.c
../../../ADApp/netCDFSrc/libsrc/posixio.c(618) : warning C4244: 'function' : conversion from '__int64' to 'const size_t', possible loss of data
../../../ADApp/netCDFSrc/libsrc/posixio.c(625) : warning C4244: '=' : conversion from '__int64' to 'size_t', possible loss of data
../../../ADApp/netCDFSrc/libsrc/posixio.c(628) : warning C4244: '+=' : conversion from '__int64' to 'size_t', possible loss of data
cl                -nologo -D__STDC__=0 -D_CRT_SECURE_NO_DEPRECATE -D_CRT_NONSTDC_NO_DEPRECATE   -Ox -GL -Oy-   -W3 -w44355     -DHAVE_CONFIG_H    -MD -DEPICS_BUILD_DLL -DEPICS_CALL_DLL   -I. -I../O.Common -I. -I. -I.. -I../../../ADApp/netCDFSrc/inc -I../../../ADApp/netCDFSrc/libsrc -I../../../ADApp/netCDFSrc/libdispatch -I../../../ADApp/netCDFSrc/liblib -I../../../include/compiler/msvc -I../../../include/os/WIN32 -I../../../include         -I\EPICS/support/asyn/include   -I\EPICS/support/calc/include   -I\EPICS/support/busy/include   -I\EPICS/support/sscan/include  -I\EPICS/support/autosave/include/os/WIN32 -I\EPICS/support/autosave/include   -I\EPICS/support/areaDetector/include -I\EPICS/base/include/compiler/msvc -I\EPICS/base/include/os/WIN32 -I\EPICS/base/include        -c ../../../ADApp/netCDFSrc/libsrc/putget.c
putget.c
../../../ADApp/netCDFSrc/libsrc/putget.c(420) : warning C4244: 'function' : conversion from '__int64' to 'size_t', possible loss of data
cl                -nologo -D__STDC__=0 -D_CRT_SECURE_NO_DEPRECATE -D_CRT_NONSTDC_NO_DEPRECATE   -Ox -GL -Oy-   -W3 -w44355     -DHAVE_CONFIG_H    -MD -DEPICS_BUILD_DLL -DEPICS_CALL_DLL   -I. -I../O.Common -I. -I. -I.. -I../../../ADApp/netCDFSrc/inc -I../../../ADApp/netCDFSrc/libsrc -I../../../ADApp/netCDFSrc/libdispatch -I../../../ADApp/netCDFSrc/liblib -I../../../include/compiler/msvc -I../../../include/os/WIN32 -I../../../include         -I\EPICS/support/asyn/include   -I\EPICS/support/calc/include   -I\EPICS/support/busy/include   -I\EPICS/support/sscan/include  -I\EPICS/support/autosave/include/os/WIN32 -I\EPICS/support/autosave/include   -I\EPICS/support/areaDetector/include -I\EPICS/base/include/compiler/msvc -I\EPICS/base/include/os/WIN32 -I\EPICS/base/include        -c ../../../ADApp/netCDFSrc/libsrc/string.c
string.c
cl                -nologo -D__STDC__=0 -D_CRT_SECURE_NO_DEPRECATE -D_CRT_NONSTDC_NO_DEPRECATE   -Ox -GL -Oy-   -W3 -w44355     -DHAVE_CONFIG_H    -MD -DEPICS_BUILD_DLL -DEPICS_CALL_DLL   -I. -I../O.Common -I. -I. -I.. -I../../../ADApp/netCDFSrc/inc -I../../../ADApp/netCDFSrc/libsrc -I../../../ADApp/netCDFSrc/libdispatch -I../../../ADApp/netCDFSrc/liblib -I../../../include/compiler/msvc -I../../../include/os/WIN32 -I../../../include         -I\EPICS/support/asyn/include   -I\EPICS/support/calc/include   -I\EPICS/support/busy/include   -I\EPICS/support/sscan/include  -I\EPICS/support/autosave/include/os/WIN32 -I\EPICS/support/autosave/include   -I\EPICS/support/areaDetector/include -I\EPICS/base/include/compiler/msvc -I\EPICS/base/include/os/WIN32 -I\EPICS/base/include        -c ../../../ADApp/netCDFSrc/libsrc/utf8proc.c
utf8proc.c
../../../ADApp/netCDFSrc/libsrc/utf8proc.c(167) : warning C4244: '=' : conversion from 'int32_t' to 'uint8_t', possible loss of data
../../../ADApp/netCDFSrc/libsrc/utf8proc.c(170) : warning C4244: '=' : conversion from 'int32_t' to 'uint8_t', possible loss of data
../../../ADApp/netCDFSrc/libsrc/utf8proc.c(180) : warning C4244: '=' : conversion from 'int32_t' to 'uint8_t', possible loss of data
../../../ADApp/netCDFSrc/libsrc/utf8proc.c(185) : warning C4244: '=' : conversion from 'int32_t' to 'uint8_t', possible loss of data
cl                -nologo -D__STDC__=0 -D_CRT_SECURE_NO_DEPRECATE -D_CRT_NONSTDC_NO_DEPRECATE   -Ox -GL -Oy-   -W3 -w44355     -DHAVE_CONFIG_H    -MD -DEPICS_BUILD_DLL -DEPICS_CALL_DLL   -I. -I../O.Common -I. -I. -I.. -I../../../ADApp/netCDFSrc/inc -I../../../ADApp/netCDFSrc/libsrc -I../../../ADApp/netCDFSrc/libdispatch -I../../../ADApp/netCDFSrc/liblib -I../../../include/compiler/msvc -I../../../include/os/WIN32 -I../../../include         -I\EPICS/support/asyn/include   -I\EPICS/support/calc/include   -I\EPICS/support/busy/include   -I\EPICS/support/sscan/include  -I\EPICS/support/autosave/include/os/WIN32 -I\EPICS/support/autosave/include   -I\EPICS/support/areaDetector/include -I\EPICS/base/include/compiler/msvc -I\EPICS/base/include/os/WIN32 -I\EPICS/base/include        -c ../../../ADApp/netCDFSrc/libsrc/v1hpg.c
v1hpg.c
../../../ADApp/netCDFSrc/libsrc/v1hpg.c(1315) : warning C4244: '=' : conversion from '__int64' to 'size_t', possible loss of data
cl                -nologo -D__STDC__=0 -D_CRT_SECURE_NO_DEPRECATE -D_CRT_NONSTDC_NO_DEPRECATE   -Ox -GL -Oy-   -W3 -w44355     -DHAVE_CONFIG_H    -MD -DEPICS_BUILD_DLL -DEPICS_CALL_DLL   -I. -I../O.Common -I. -I. -I.. -I../../../ADApp/netCDFSrc/inc -I../../../ADApp/netCDFSrc/libsrc -I../../../ADApp/netCDFSrc/libdispatch -I../../../ADApp/netCDFSrc/liblib -I../../../include/compiler/msvc -I../../../include/os/WIN32 -I../../../include         -I\EPICS/support/asyn/include   -I\EPICS/support/calc/include   -I\EPICS/support/busy/include   -I\EPICS/support/sscan/include  -I\EPICS/support/autosave/include/os/WIN32 -I\EPICS/support/autosave/include   -I\EPICS/support/areaDetector/include -I\EPICS/base/include/compiler/msvc -I\EPICS/base/include/os/WIN32 -I\EPICS/base/include        -c ../../../ADApp/netCDFSrc/libsrc/var.c
var.c
../../../ADApp/netCDFSrc/libsrc/var.c(450) : warning C4244: '=' : conversion from '__int64' to 'size_t', possible loss of data
../../../ADApp/netCDFSrc/libsrc/var.c(490) : warning C4018: '<' : signed/unsigned mismatch
cl                -nologo -D__STDC__=0 -D_CRT_SECURE_NO_DEPRECATE -D_CRT_NONSTDC_NO_DEPRECATE   -Ox -GL -Oy-   -W3 -w44355     -DHAVE_CONFIG_H    -MD -DEPICS_BUILD_DLL -DEPICS_CALL_DLL   -I. -I../O.Common -I. -I. -I.. -I../../../ADApp/netCDFSrc/inc -I../../../ADApp/netCDFSrc/libsrc -I../../../ADApp/netCDFSrc/libdispatch -I../../../ADApp/netCDFSrc/liblib -I../../../include/compiler/msvc -I../../../include/os/WIN32 -I../../../include         -I\EPICS/support/asyn/include   -I\EPICS/support/calc/include   -I\EPICS/support/busy/include   -I\EPICS/support/sscan/include  -I\EPICS/support/autosave/include/os/WIN32 -I\EPICS/support/autosave/include   -I\EPICS/support/areaDetector/include -I\EPICS/base/include/compiler/msvc -I\EPICS/base/include/os/WIN32 -I\EPICS/base/include        -c ../../../ADApp/netCDFSrc/libdispatch/att.c
att.c
cl                -nologo -D__STDC__=0 -D_CRT_SECURE_NO_DEPRECATE -D_CRT_NONSTDC_NO_DEPRECATE   -Ox -GL -Oy-   -W3 -w44355     -DHAVE_CONFIG_H    -MD -DEPICS_BUILD_DLL -DEPICS_CALL_DLL   -I. -I../O.Common -I. -I. -I.. -I../../../ADApp/netCDFSrc/inc -I../../../ADApp/netCDFSrc/libsrc -I../../../ADApp/netCDFSrc/libdispatch -I../../../ADApp/netCDFSrc/liblib -I../../../include/compiler/msvc -I../../../include/os/WIN32 -I../../../include         -I\EPICS/support/asyn/include   -I\EPICS/support/calc/include   -I\EPICS/support/busy/include   -I\EPICS/support/sscan/include  -I\EPICS/support/autosave/include/os/WIN32 -I\EPICS/support/autosave/include   -I\EPICS/support/areaDetector/include -I\EPICS/base/include/compiler/msvc -I\EPICS/base/include/os/WIN32 -I\EPICS/base/include        -c ../../../ADApp/netCDFSrc/libdispatch/dim1.c
dim1.c
cl                -nologo -D__STDC__=0 -D_CRT_SECURE_NO_DEPRECATE -D_CRT_NONSTDC_NO_DEPRECATE   -Ox -GL -Oy-   -W3 -w44355     -DHAVE_CONFIG_H    -MD -DEPICS_BUILD_DLL -DEPICS_CALL_DLL   -I. -I../O.Common -I. -I. -I.. -I../../../ADApp/netCDFSrc/inc -I../../../ADApp/netCDFSrc/libsrc -I../../../ADApp/netCDFSrc/libdispatch -I../../../ADApp/netCDFSrc/liblib -I../../../include/compiler/msvc -I../../../include/os/WIN32 -I../../../include         -I\EPICS/support/asyn/include   -I\EPICS/support/calc/include   -I\EPICS/support/busy/include   -I\EPICS/support/sscan/include  -I\EPICS/support/autosave/include/os/WIN32 -I\EPICS/support/autosave/include   -I\EPICS/support/areaDetector/include -I\EPICS/base/include/compiler/msvc -I\EPICS/base/include/os/WIN32 -I\EPICS/base/include        -c ../../../ADApp/netCDFSrc/libdispatch/dispatch.c
dispatch.c
cl                -nologo -D__STDC__=0 -D_CRT_SECURE_NO_DEPRECATE -D_CRT_NONSTDC_NO_DEPRECATE   -Ox -GL -Oy-   -W3 -w44355     -DHAVE_CONFIG_H    -MD -DEPICS_BUILD_DLL -DEPICS_CALL_DLL   -I. -I../O.Common -I. -I. -I.. -I../../../ADApp/netCDFSrc/inc -I../../../ADApp/netCDFSrc/libsrc -I../../../ADApp/netCDFSrc/libdispatch -I../../../ADApp/netCDFSrc/liblib -I../../../include/compiler/msvc -I../../../include/os/WIN32 -I../../../include         -I\EPICS/support/asyn/include   -I\EPICS/support/calc/include   -I\EPICS/support/busy/include   -I\EPICS/support/sscan/include  -I\EPICS/support/autosave/include/os/WIN32 -I\EPICS/support/autosave/include   -I\EPICS/support/areaDetector/include -I\EPICS/base/include/compiler/msvc -I\EPICS/base/include/os/WIN32 -I\EPICS/base/include        -c ../../../ADApp/netCDFSrc/libdispatch/error.c
error.c
cl                -nologo -D__STDC__=0 -D_CRT_SECURE_NO_DEPRECATE -D_CRT_NONSTDC_NO_DEPRECATE   -Ox -GL -Oy-   -W3 -w44355     -DHAVE_CONFIG_H    -MD -DEPICS_BUILD_DLL -DEPICS_CALL_DLL   -I. -I../O.Common -I. -I. -I.. -I../../../ADApp/netCDFSrc/inc -I../../../ADApp/netCDFSrc/libsrc -I../../../ADApp/netCDFSrc/libdispatch -I../../../ADApp/netCDFSrc/liblib -I../../../include/compiler/msvc -I../../../include/os/WIN32 -I../../../include         -I\EPICS/support/asyn/include   -I\EPICS/support/calc/include   -I\EPICS/support/busy/include   -I\EPICS/support/sscan/include  -I\EPICS/support/autosave/include/os/WIN32 -I\EPICS/support/autosave/include   -I\EPICS/support/areaDetector/include -I\EPICS/base/include/compiler/msvc -I\EPICS/base/include/os/WIN32 -I\EPICS/base/include        -c ../../../ADApp/netCDFSrc/libdispatch/file.c
file.c
cl                -nologo -D__STDC__=0 -D_CRT_SECURE_NO_DEPRECATE -D_CRT_NONSTDC_NO_DEPRECATE   -Ox -GL -Oy-   -W3 -w44355     -DHAVE_CONFIG_H    -MD -DEPICS_BUILD_DLL -DEPICS_CALL_DLL   -I. -I../O.Common -I. -I. -I.. -I../../../ADApp/netCDFSrc/inc -I../../../ADApp/netCDFSrc/libsrc -I../../../ADApp/netCDFSrc/libdispatch -I../../../ADApp/netCDFSrc/liblib -I../../../include/compiler/msvc -I../../../include/os/WIN32 -I../../../include         -I\EPICS/support/asyn/include   -I\EPICS/support/calc/include   -I\EPICS/support/busy/include   -I\EPICS/support/sscan/include  -I\EPICS/support/autosave/include/os/WIN32 -I\EPICS/support/autosave/include   -I\EPICS/support/areaDetector/include -I\EPICS/base/include/compiler/msvc -I\EPICS/base/include/os/WIN32 -I\EPICS/base/include        -c ../../../ADApp/netCDFSrc/libdispatch/nc_uri.c
nc_uri.c
cl                -nologo -D__STDC__=0 -D_CRT_SECURE_NO_DEPRECATE -D_CRT_NONSTDC_NO_DEPRECATE   -Ox -GL -Oy-   -W3 -w44355     -DHAVE_CONFIG_H    -MD -DEPICS_BUILD_DLL -DEPICS_CALL_DLL   -I. -I../O.Common -I. -I. -I.. -I../../../ADApp/netCDFSrc/inc -I../../../ADApp/netCDFSrc/libsrc -I../../../ADApp/netCDFSrc/libdispatch -I../../../ADApp/netCDFSrc/liblib -I../../../include/compiler/msvc -I../../../include/os/WIN32 -I../../../include         -I\EPICS/support/asyn/include   -I\EPICS/support/calc/include   -I\EPICS/support/busy/include   -I\EPICS/support/sscan/include  -I\EPICS/support/autosave/include/os/WIN32 -I\EPICS/support/autosave/include   -I\EPICS/support/areaDetector/include -I\EPICS/base/include/compiler/msvc -I\EPICS/base/include/os/WIN32 -I\EPICS/base/include        -c ../../../ADApp/netCDFSrc/libdispatch/var1.c
var1.c
../../../ADApp/netCDFSrc/libdispatch/var1.c(296) : warning C4018: '<' : signed/unsigned mismatch
../../../ADApp/netCDFSrc/libdispatch/var1.c(558) : warning C4018: '<' : signed/unsigned mismatch
cl                -nologo -D__STDC__=0 -D_CRT_SECURE_NO_DEPRECATE -D_CRT_NONSTDC_NO_DEPRECATE   -Ox -GL -Oy-   -W3 -w44355     -DHAVE_CONFIG_H    -MD -DEPICS_BUILD_DLL -DEPICS_CALL_DLL   -I. -I../O.Common -I. -I. -I.. -I../../../ADApp/netCDFSrc/inc -I../../../ADApp/netCDFSrc/libsrc -I../../../ADApp/netCDFSrc/libdispatch -I../../../ADApp/netCDFSrc/liblib -I../../../include/compiler/msvc -I../../../include/os/WIN32 -I../../../include         -I\EPICS/support/asyn/include   -I\EPICS/support/calc/include   -I\EPICS/support/busy/include   -I\EPICS/support/sscan/include  -I\EPICS/support/autosave/include/os/WIN32 -I\EPICS/support/autosave/include   -I\EPICS/support/areaDetector/include -I\EPICS/base/include/compiler/msvc -I\EPICS/base/include/os/WIN32 -I\EPICS/base/include        -c ../../../ADApp/netCDFSrc/liblib/stub.c
stub.c
link -nologo /subsystem:windows /dll -LTCG -incremental:no -opt:ref -release       -out:netCDF.dll -implib:netCDF.lib         attr.obj dim.obj lookup3.obj nc.obj nc3dispatch.obj nclistmgr.obj ncx.obj posixio.obj putget.obj string.obj utf8proc.obj v1hpg.obj var.obj att.obj dim1.obj dispatch.obj error.obj file.obj nc_uri.obj var1.obj stub.obj      
Generating code
Finished generating code
"Installing shared library ../../../bin/win32-x86/netCDF.dll"
"Installing library ../../../lib/win32-x86/netCDF.lib"
installEpics.pl: No such file 'netCDF.lib' at D:/EPICS/base/bin/win32-x86/installEpics.pl line 53.
\EPICS/base/configure/RULES_BUILD:391: recipe for target '../../../lib/win32-x86/netCDF.lib' failed
make[3]: *** [../../../lib/win32-x86/netCDF.lib] Error 2
make[3]: Leaving directory 'D:/epics/support/areaDetector/ADApp/netCDFSrc/O.win32-x86'
\EPICS/base/configure/RULES_ARCHS:61: recipe for target 'install.win32-x86' failed
make[2]: *** [install.win32-x86] Error 2
make[2]: Leaving directory 'D:/epics/support/areaDetector/ADApp/netCDFSrc'
\EPICS/base/configure/RULES_DIRS:88: recipe for target 'netCDFSrc.install' failed
make[1]: *** [netCDFSrc.install] Error 2
make[1]: Leaving directory 'D:/epics/support/areaDetector/ADApp'
\EPICS/base/configure/RULES_DIRS:88: recipe for target 'ADApp.install' failed
make: *** [ADApp.install] Error 2
make: Leaving directory 'D:/epics/support/areaDetector'
