make.exe: Entering directory 'D:/epics/epicsV4'
perl tools/genRelease.pl -o RELEASE.windows-x64-debug.Common -B \epics/base
make.exe: Leaving directory 'D:/epics/epicsV4'
make.exe: Entering directory 'D:/epics/epicsV4'
perl tools/genRelease.pl -o pvCommonCPP/configure/RELEASE.windows-x64-debug.Common -B \epics/base 
make.exe: Leaving directory 'D:/epics/epicsV4'
make.exe: Entering directory 'D:/epics/epicsV4'
perl tools/genRelease.pl -o pvDataCPP/configure/RELEASE.windows-x64-debug.Common -B \epics/base pvCommonCPP 
make.exe: Leaving directory 'D:/epics/epicsV4'
make.exe: Entering directory 'D:/epics/epicsV4'
perl tools/genRelease.pl -o pvAccessCPP/configure/RELEASE.windows-x64-debug.Common -B \epics/base pvDataCPP pvCommonCPP 
make.exe: Leaving directory 'D:/epics/epicsV4'
make.exe: Entering directory 'D:/epics/epicsV4'
perl tools/genRelease.pl -o normativeTypesCPP/configure/RELEASE.windows-x64-debug.Common -B \epics/base pvDataCPP pvCommonCPP 
make.exe: Leaving directory 'D:/epics/epicsV4'
make.exe: Entering directory 'D:/epics/epicsV4'
perl tools/genRelease.pl -o pvaClientCPP/configure/RELEASE.windows-x64-debug.Common -B \epics/base pvAccessCPP pvDataCPP pvCommonCPP   normativeTypesCPP pvDataCPP pvCommonCPP 
make.exe: Leaving directory 'D:/epics/epicsV4'
make.exe: Entering directory 'D:/epics/epicsV4'
perl tools/genRelease.pl -o pvaSrv/configure/RELEASE.windows-x64-debug.Common -B \epics/base pvAccessCPP pvDataCPP pvCommonCPP 
make.exe: Leaving directory 'D:/epics/epicsV4'
make.exe: Entering directory 'D:/epics/epicsV4'
perl tools/genRelease.pl -o pvDatabaseCPP/configure/RELEASE.windows-x64-debug.Common -B \epics/base pvAccessCPP pvDataCPP pvCommonCPP 
make.exe: Leaving directory 'D:/epics/epicsV4'
make.exe: Entering directory 'D:/epics/epicsV4'
perl tools/genRelease.pl -o exampleCPP/configure/RELEASE.windows-x64-debug.Common -B \epics/base pvDatabaseCPP pvAccessCPP pvDataCPP pvCommonCPP   pvaSrv pvAccessCPP pvDataCPP pvCommonCPP   pvaClientCPP pvAccessCPP pvDataCPP pvCommonCPP   normativeTypesCPP pvDataCPP pvCommonCPP 
make.exe: Leaving directory 'D:/epics/epicsV4'
make.exe: Entering directory 'D:/epics/epicsV4'
perl tools/genRelease.pl -o pvaSrv/exampleTop/configure/RELEASE.windows-x64-debug.Common -B \epics/base pvaSrv pvAccessCPP pvDataCPP pvCommonCPP 
make.exe: Leaving directory 'D:/epics/epicsV4'
make.exe: Entering directory 'D:/epics/epicsV4'
perl tools/genRelease.pl -o pvaSrv/testTop/configure/RELEASE.windows-x64-debug.Common -B \epics/base pvaSrv pvAccessCPP pvDataCPP pvCommonCPP 
make.exe: Leaving directory 'D:/epics/epicsV4'
make.exe: Entering directory 'D:/epics/epicsV4'
perl tools/genRelease.pl -o exampleCPP/database/configure/RELEASE.windows-x64-debug.Common -B \epics/base exampleCPP pvDatabaseCPP pvAccessCPP pvDataCPP pvCommonCPP   pvaSrv pvAccessCPP pvDataCPP pvCommonCPP   pvaClientCPP pvAccessCPP pvDataCPP pvCommonCPP   normativeTypesCPP pvDataCPP pvCommonCPP 
make.exe: Leaving directory 'D:/epics/epicsV4'
make.exe: Entering directory 'D:/epics/epicsV4'
perl tools/genRelease.pl -o exampleCPP/exampleClient/configure/RELEASE.windows-x64-debug.Common -B \epics/base exampleCPP pvDatabaseCPP pvAccessCPP pvDataCPP pvCommonCPP   pvaSrv pvAccessCPP pvDataCPP pvCommonCPP   pvaClientCPP pvAccessCPP pvDataCPP pvCommonCPP   normativeTypesCPP pvDataCPP pvCommonCPP 
make.exe: Leaving directory 'D:/epics/epicsV4'
make.exe: Entering directory 'D:/epics/epicsV4'
perl tools/genRelease.pl -o exampleCPP/powerSupply/configure/RELEASE.windows-x64-debug.Common -B \epics/base exampleCPP pvDatabaseCPP pvAccessCPP pvDataCPP pvCommonCPP   pvaSrv pvAccessCPP pvDataCPP pvCommonCPP   pvaClientCPP pvAccessCPP pvDataCPP pvCommonCPP   normativeTypesCPP pvDataCPP pvCommonCPP 
make.exe: Leaving directory 'D:/epics/epicsV4'
make.exe: Entering directory 'D:/epics/epicsV4'
perl tools/genRelease.pl -o exampleCPP/exampleLink/configure/RELEASE.windows-x64-debug.Common -B \epics/base exampleCPP pvDatabaseCPP pvAccessCPP pvDataCPP pvCommonCPP   pvaSrv pvAccessCPP pvDataCPP pvCommonCPP   pvaClientCPP pvAccessCPP pvDataCPP pvCommonCPP   normativeTypesCPP pvDataCPP pvCommonCPP 
make.exe: Leaving directory 'D:/epics/epicsV4'
make.exe: Entering directory 'D:/epics/epicsV4'
perl tools/genRelease.pl -o exampleCPP/helloPutGet/configure/RELEASE.windows-x64-debug.Common -B \epics/base exampleCPP pvDatabaseCPP pvAccessCPP pvDataCPP pvCommonCPP   pvaSrv pvAccessCPP pvDataCPP pvCommonCPP   pvaClientCPP pvAccessCPP pvDataCPP pvCommonCPP   normativeTypesCPP pvDataCPP pvCommonCPP 
make.exe: Leaving directory 'D:/epics/epicsV4'
make.exe: Entering directory 'D:/epics/epicsV4'
perl tools/genRelease.pl -o exampleCPP/helloRPC/configure/RELEASE.windows-x64-debug.Common -B \epics/base exampleCPP pvDatabaseCPP pvAccessCPP pvDataCPP pvCommonCPP   pvaSrv pvAccessCPP pvDataCPP pvCommonCPP   pvaClientCPP pvAccessCPP pvDataCPP pvCommonCPP   normativeTypesCPP pvDataCPP pvCommonCPP 
make.exe: Leaving directory 'D:/epics/epicsV4'
make.exe: Entering directory 'D:/epics/epicsV4'
perl tools/genRelease.pl -o exampleCPP/arrayPerformance/configure/RELEASE.windows-x64-debug.Common -B \epics/base exampleCPP pvDatabaseCPP pvAccessCPP pvDataCPP pvCommonCPP   pvaSrv pvAccessCPP pvDataCPP pvCommonCPP   pvaClientCPP pvAccessCPP pvDataCPP pvCommonCPP   normativeTypesCPP pvDataCPP pvCommonCPP 
make.exe: Leaving directory 'D:/epics/epicsV4'
make.exe: Entering directory 'D:/epics/epicsV4'
perl tools/genRelease.pl -o exampleCPP/pvDatabaseRPC/configure/RELEASE.windows-x64-debug.Common -B \epics/base exampleCPP pvDatabaseCPP pvAccessCPP pvDataCPP pvCommonCPP   pvaSrv pvAccessCPP pvDataCPP pvCommonCPP   pvaClientCPP pvAccessCPP pvDataCPP pvCommonCPP   normativeTypesCPP pvDataCPP pvCommonCPP 
make.exe: Leaving directory 'D:/epics/epicsV4'
make.exe -C pvCommonCPP all
make.exe -C ./configure install 
make.exe -C O.windows-x64-debug -f ../Makefile TOP=../.. \
    T_A=windows-x64-debug install
make.exe[3]: Entering directory 'D:/epics/epicsV4/pvCommonCPP/configure/O.windows-x64-debug'
perl -CSD D:/epics/base/bin/windows-x64-debug/convertRelease.pl checkRelease
make.exe[3]: Leaving directory 'D:/epics/epicsV4/pvCommonCPP/configure/O.windows-x64-debug'
make.exe -C ./boostApp install 
make.exe -C O.windows-x64-debug -f ../Makefile TOP=../.. \
    T_A=windows-x64-debug install
make.exe[3]: Nothing to be done for 'install'.
make.exe -C ./mbSrc install 
make.exe -C O.windows-x64-debug -f ../Makefile TOP=../.. \
    T_A=windows-x64-debug install
make.exe[3]: Nothing to be done for 'install'.
make.exe -C ./testApp install 
make.exe -C ./boost install 
make.exe -C ./mb install 
make.exe -C O.windows-x64-debug -f ../Makefile TOP=../../.. \
    T_A=windows-x64-debug install
make.exe -C O.windows-x64-debug -f ../Makefile TOP=../../.. \
    T_A=windows-x64-debug install
make.exe[4]: Nothing to be done for 'install'.
make.exe[4]: Nothing to be done for 'install'.
make.exe -C pvDataCPP all
make.exe -C ./configure install 
make.exe -C O.windows-x64-debug -f ../Makefile TOP=../.. \
    T_A=windows-x64-debug install
make.exe[3]: Entering directory 'D:/epics/epicsV4/pvDataCPP/configure/O.windows-x64-debug'
perl -CSD D:/epics/base/bin/windows-x64-debug/convertRelease.pl checkRelease
make.exe[3]: Leaving directory 'D:/epics/epicsV4/pvDataCPP/configure/O.windows-x64-debug'
make.exe -C ./src install 
make.exe -C O.windows-x64-debug -f ../Makefile TOP=../.. \
    T_A=windows-x64-debug install
make.exe[3]: Nothing to be done for 'install'.
make.exe -C ./testApp install 
make.exe -C O.windows-x64-debug -f ../Makefile TOP=../.. \
    T_A=windows-x64-debug install
make.exe[3]: Nothing to be done for 'install'.
make.exe -C normativeTypesCPP all
make.exe -C pvAccessCPP all
make.exe -C ./configure install 
make.exe -C ./configure install 
make.exe -C O.windows-x64-debug -f ../Makefile TOP=../.. \
    T_A=windows-x64-debug install
make.exe -C O.windows-x64-debug -f ../Makefile TOP=../.. \
    T_A=windows-x64-debug install
make.exe[3]: Entering directory 'D:/epics/epicsV4/pvAccessCPP/configure/O.windows-x64-debug'
perl -CSD D:/epics/base/bin/windows-x64-debug/convertRelease.pl checkRelease
make.exe[3]: Leaving directory 'D:/epics/epicsV4/pvAccessCPP/configure/O.windows-x64-debug'
make.exe -C ./src install 
make.exe[3]: Entering directory 'D:/epics/epicsV4/normativeTypesCPP/configure/O.windows-x64-debug'
perl -CSD D:/epics/base/bin/windows-x64-debug/convertRelease.pl checkRelease
make.exe[3]: Leaving directory 'D:/epics/epicsV4/normativeTypesCPP/configure/O.windows-x64-debug'
make.exe -C ./src install 
make.exe -C O.windows-x64-debug -f ../Makefile TOP=../.. \
    T_A=windows-x64-debug install
make.exe -C O.windows-x64-debug -f ../Makefile TOP=../.. \
    T_A=windows-x64-debug install
make.exe[3]: Nothing to be done for 'install'.
make.exe -C ./test install 
make.exe -C O.windows-x64-debug -f ../Makefile TOP=../.. \
    T_A=windows-x64-debug install
make.exe[3]: Nothing to be done for 'install'.
make.exe[3]: Nothing to be done for 'install'.
make.exe -C ./pvtoolsSrc install 
make.exe -C ./testApp install 
make.exe -C O.windows-x64-debug -f ../Makefile TOP=../.. \
    T_A=windows-x64-debug install
make.exe -C O.windows-x64-debug -f ../Makefile TOP=../.. \
    T_A=windows-x64-debug install
make.exe[3]: Nothing to be done for 'install'.
make.exe[3]: Nothing to be done for 'install'.
make.exe -C pvaClientCPP all
make.exe -C pvaSrv all
make.exe -C pvDatabaseCPP all
make.exe -C ./configure install 
make.exe -C ./configure install 
make.exe -C ./configure install 
make.exe -C O.windows-x64-debug -f ../Makefile TOP=../.. \
    T_A=windows-x64-debug install
make.exe -C O.windows-x64-debug -f ../Makefile TOP=../.. \
    T_A=windows-x64-debug install
make.exe -C O.windows-x64-debug -f ../Makefile TOP=../.. \
    T_A=windows-x64-debug install
make.exe[3]: Nothing to be done for 'install'.
make.exe -C ./src install 
make.exe[3]: Nothing to be done for 'install'.
make.exe -C ./src install 
make.exe[3]: Entering directory 'D:/epics/epicsV4/pvDatabaseCPP/configure/O.windows-x64-debug'
perl -CSD D:/epics/base/bin/windows-x64-debug/convertRelease.pl checkRelease
make.exe[3]: Leaving directory 'D:/epics/epicsV4/pvDatabaseCPP/configure/O.windows-x64-debug'
make.exe -C ./src install 
make.exe -C O.windows-x64-debug -f ../Makefile TOP=../.. \
    T_A=windows-x64-debug install
make.exe -C O.windows-x64-debug -f ../Makefile TOP=../.. \
    T_A=windows-x64-debug install
make.exe -C O.windows-x64-debug -f ../Makefile TOP=../.. \
    T_A=windows-x64-debug install
make.exe[3]: Nothing to be done for 'install'.
make.exe[3]: Nothing to be done for 'install'.
make.exe -C ./exampleTop install 
make.exe -C ./testTop install 
make.exe[3]: Nothing to be done for 'install'.
make.exe -C ./test install 
make.exe -C ./configure install 
make.exe -C ./configure install 
make.exe -C O.windows-x64-debug -f ../Makefile TOP=../.. \
    T_A=windows-x64-debug install
make.exe -C O.windows-x64-debug -f ../Makefile TOP=../.. \
    T_A=windows-x64-debug install
make.exe -C O.windows-x64-debug -f ../Makefile TOP=../.. \
    T_A=windows-x64-debug install
make.exe[3]: Nothing to be done for 'install'.
make.exe[4]: Entering directory 'D:/epics/epicsV4/pvaSrv/exampleTop/configure/O.windows-x64-debug'
perl -CSD D:/epics/base/bin/windows-x64-debug/convertRelease.pl checkRelease
make.exe[4]: Leaving directory 'D:/epics/epicsV4/pvaSrv/exampleTop/configure/O.windows-x64-debug'
make.exe -C ./iocBoot install 
make.exe -C ./simpleDbPv install 
make.exe[4]: Entering directory 'D:/epics/epicsV4/pvaSrv/testTop/configure/O.windows-x64-debug'
perl -CSD D:/epics/base/bin/windows-x64-debug/convertRelease.pl checkRelease
make.exe[4]: Leaving directory 'D:/epics/epicsV4/pvaSrv/testTop/configure/O.windows-x64-debug'
make.exe -C ./iocBoot install 
make.exe -C ./dbPv install 
make.exe -C ./src install 
make.exe -C ./simpleDbPv install 
make.exe -C ./src install 
make.exe -C ./testDbPv install 
make.exe -C O.windows-x64-debug -f ../Makefile TOP=../../.. \
    T_A=windows-x64-debug install
make.exe -C O.windows-x64-debug -f ../Makefile TOP=../../.. \
    T_A=windows-x64-debug install
make.exe[4]: Entering directory 'D:/epics/epicsV4/pvaSrv/exampleTop/iocBoot/simpleDbPv'
perl -CSD D:/epics/base/bin/windows-x64-debug/convertRelease.pl -t D:/epics/epicsV4/pvaSrv/exampleTop envPaths
make.exe[4]: Leaving directory 'D:/epics/epicsV4/pvaSrv/exampleTop/iocBoot/simpleDbPv'
make.exe -C ./Db install 
make.exe[4]: Entering directory 'D:/epics/epicsV4/pvaSrv/testTop/iocBoot/testDbPv'
perl -CSD D:/epics/base/bin/windows-x64-debug/convertRelease.pl -t D:/epics/epicsV4/pvaSrv/testTop envPaths
make.exe[4]: Leaving directory 'D:/epics/epicsV4/pvaSrv/testTop/iocBoot/testDbPv'
make.exe -C ./testDbGroup install 
make.exe -C O.windows-x64-debug -f ../Makefile TOP=../../.. \
    T_A=windows-x64-debug install
make.exe[5]: Nothing to be done for 'install'.
make.exe -C ./Db install 
make.exe[4]: Entering directory 'D:/epics/epicsV4/pvaSrv/testTop/iocBoot/testDbGroup'
perl -CSD D:/epics/base/bin/windows-x64-debug/convertRelease.pl -t D:/epics/epicsV4/pvaSrv/testTop envPaths
make.exe[4]: Leaving directory 'D:/epics/epicsV4/pvaSrv/testTop/iocBoot/testDbGroup'
make.exe[5]: Nothing to be done for 'install'.
make.exe[5]: Nothing to be done for 'install'.
make.exe -C O.windows-x64-debug -f ../Makefile TOP=../../.. \
    T_A=windows-x64-debug install
make.exe[5]: Nothing to be done for 'install'.
make.exe -C exampleCPP all
make.exe -C ./configure install 
make.exe -C ./database install 
make.exe -C ./exampleClient install 
make.exe -C ./exampleLink install 
make.exe -C O.windows-x64-debug -f ../Makefile TOP=../.. \
    T_A=windows-x64-debug install
make.exe -C ./configure install 
make.exe -C ./configure install 
make.exe -C ./configure install 
make.exe -C O.windows-x64-debug -f ../Makefile TOP=../.. \
    T_A=windows-x64-debug install
make.exe -C O.windows-x64-debug -f ../Makefile TOP=../.. \
    T_A=windows-x64-debug install
make.exe -C O.windows-x64-debug -f ../Makefile TOP=../.. \
    T_A=windows-x64-debug install
make.exe[3]: Entering directory 'D:/epics/epicsV4/exampleCPP/configure/O.windows-x64-debug'
perl -CSD D:/epics/base/bin/windows-x64-debug/convertRelease.pl checkRelease
make.exe[3]: Leaving directory 'D:/epics/epicsV4/exampleCPP/configure/O.windows-x64-debug'
make.exe -C ./iocBoot install 
make.exe[4]: Entering directory 'D:/epics/epicsV4/exampleCPP/database/configure/O.windows-x64-debug'
perl -CSD D:/epics/base/bin/windows-x64-debug/convertRelease.pl checkRelease
make.exe[4]: Leaving directory 'D:/epics/epicsV4/exampleCPP/database/configure/O.windows-x64-debug'
make.exe -C ./src install 
make.exe -C ./exampleLink install 
make.exe[4]: Entering directory 'D:/epics/epicsV4/exampleCPP/exampleLink/configure/O.windows-x64-debug'
perl -CSD D:/epics/base/bin/windows-x64-debug/convertRelease.pl checkRelease
make.exe[4]: Leaving directory 'D:/epics/epicsV4/exampleCPP/exampleLink/configure/O.windows-x64-debug'
make.exe -C ./powerSupply install 
make.exe[4]: Entering directory 'D:/epics/epicsV4/exampleCPP/exampleClient/configure/O.windows-x64-debug'
perl -CSD D:/epics/base/bin/windows-x64-debug/convertRelease.pl checkRelease
make.exe[4]: Leaving directory 'D:/epics/epicsV4/exampleCPP/exampleClient/configure/O.windows-x64-debug'
make.exe -C ./src install 
make.exe -C O.windows-x64-debug -f ../Makefile TOP=../.. \
    T_A=windows-x64-debug install
make.exe -C ./configure install 
make.exe -C O.windows-x64-debug -f ../Makefile TOP=../.. \
    T_A=windows-x64-debug install
make.exe[4]: Entering directory 'D:/epics/epicsV4/exampleCPP/exampleLink/iocBoot/exampleLink'
perl -CSD D:/epics/base/bin/windows-x64-debug/convertRelease.pl -t D:/epics/epicsV4/exampleCPP/exampleLink envPaths
make.exe[4]: Leaving directory 'D:/epics/epicsV4/exampleCPP/exampleLink/iocBoot/exampleLink'
make.exe -C ./doubleArrayExternal install 
make.exe -C O.windows-x64-debug -f ../Makefile TOP=../.. \
    T_A=windows-x64-debug install
make.exe[4]: Nothing to be done for 'install'.
make.exe -C ./ioc install 
make.exe[4]: Entering directory 'D:/epics/epicsV4/exampleCPP/exampleLink/iocBoot/doubleArrayExternal'
perl -CSD D:/epics/base/bin/windows-x64-debug/convertRelease.pl -t D:/epics/epicsV4/exampleCPP/exampleLink envPaths
make.exe[4]: Leaving directory 'D:/epics/epicsV4/exampleCPP/exampleLink/iocBoot/doubleArrayExternal'
make.exe -C ./src install 
make.exe[4]: Nothing to be done for 'install'.
make.exe -C ./iocBoot install 
make.exe -C ./src install 
make.exe[4]: Entering directory 'D:/epics/epicsV4/exampleCPP/powerSupply/configure/O.windows-x64-debug'
perl -CSD D:/epics/base/bin/windows-x64-debug/convertRelease.pl checkRelease
make.exe[4]: Leaving directory 'D:/epics/epicsV4/exampleCPP/powerSupply/configure/O.windows-x64-debug'
make.exe -C ./src install 
make.exe -C O.windows-x64-debug -f ../Makefile TOP=../.. \
    T_A=windows-x64-debug install
make.exe -C ./exampleDatabase install 
make.exe -C O.windows-x64-debug -f ../Makefile TOP=../../.. \
    T_A=windows-x64-debug install
make.exe -C O.windows-x64-debug -f ../Makefile TOP=../.. \
    T_A=windows-x64-debug install
make.exe[4]: Entering directory 'D:/epics/epicsV4/exampleCPP/database/iocBoot/exampleDatabase'
perl -CSD D:/epics/base/bin/windows-x64-debug/convertRelease.pl -t D:/epics/epicsV4/exampleCPP/database envPaths
make.exe[4]: Leaving directory 'D:/epics/epicsV4/exampleCPP/database/iocBoot/exampleDatabase'
make.exe -C ./helloPutGet install 
make.exe[4]: Nothing to be done for 'install'.
make.exe -C ./ioc install 
make.exe[5]: Nothing to be done for 'install'.
make.exe -C ./Db install 
make.exe[4]: Nothing to be done for 'install'.
make.exe -C ./ioc install 
make.exe -C ./configure install 
make.exe -C ./src install 
make.exe -C ./src install 
make.exe -C O.windows-x64-debug -f ../Makefile TOP=../../.. \
    T_A=windows-x64-debug install
make.exe -C O.windows-x64-debug -f ../Makefile TOP=../.. \
    T_A=windows-x64-debug install
make.exe -C O.windows-x64-debug -f ../Makefile TOP=../../.. \
    T_A=windows-x64-debug install
make.exe -C O.windows-x64-debug -f ../Makefile TOP=../../.. \
    T_A=windows-x64-debug install
make.exe[5]: Nothing to be done for 'install'.
make.exe -C ./iocBoot install 
make.exe[4]: Entering directory 'D:/epics/epicsV4/exampleCPP/helloPutGet/configure/O.windows-x64-debug'
perl -CSD D:/epics/base/bin/windows-x64-debug/convertRelease.pl checkRelease
make.exe[4]: Leaving directory 'D:/epics/epicsV4/exampleCPP/helloPutGet/configure/O.windows-x64-debug'
make.exe -C ./iocBoot install 
make.exe -C ./powerSupply install 
make.exe[5]: Nothing to be done for 'install'.
make.exe -C ./Db install 
make.exe[5]: Nothing to be done for 'install'.
make.exe -C ./Db install 
make.exe -C ./helloPutGet install 
make.exe -C O.windows-x64-debug -f ../Makefile TOP=../../.. \
    T_A=windows-x64-debug install
make.exe -C O.windows-x64-debug -f ../Makefile TOP=../../.. \
    T_A=windows-x64-debug install
make.exe[4]: Entering directory 'D:/epics/epicsV4/exampleCPP/powerSupply/iocBoot/powerSupply'
perl -CSD D:/epics/base/bin/windows-x64-debug/convertRelease.pl -t D:/epics/epicsV4/exampleCPP/powerSupply envPaths
make.exe[4]: Leaving directory 'D:/epics/epicsV4/exampleCPP/powerSupply/iocBoot/powerSupply'
make.exe -C ./helloRPC install 
make.exe[4]: Entering directory 'D:/epics/epicsV4/exampleCPP/helloPutGet/iocBoot/helloPutGet'
perl -CSD D:/epics/base/bin/windows-x64-debug/convertRelease.pl -t D:/epics/epicsV4/exampleCPP/helloPutGet envPaths
make.exe[4]: Leaving directory 'D:/epics/epicsV4/exampleCPP/helloPutGet/iocBoot/helloPutGet'
make.exe -C ./src install 
make.exe -C ./configure install 
make.exe[5]: Nothing to be done for 'install'.
make.exe -C ./helloWorldApp install 
make.exe[5]: Nothing to be done for 'install'.
make.exe -C ./pvDatabaseRPC install 
make.exe -C O.windows-x64-debug -f ../Makefile TOP=../.. \
    T_A=windows-x64-debug install
make.exe -C O.windows-x64-debug -f ../Makefile TOP=../.. \
    T_A=windows-x64-debug install
make.exe -C O.windows-x64-debug -f ../Makefile TOP=../.. \
    T_A=windows-x64-debug install
make.exe -C ./configure install 
make.exe -C O.windows-x64-debug -f ../Makefile TOP=../.. \
    T_A=windows-x64-debug install
make.exe[4]: Nothing to be done for 'install'.
make.exe -C ./ioc install 
make.exe[4]: Nothing to be done for 'install'.
make.exe -C ./arrayPerformance install 
make.exe[4]: Entering directory 'D:/epics/epicsV4/exampleCPP/helloRPC/configure/O.windows-x64-debug'
perl -CSD D:/epics/base/bin/windows-x64-debug/convertRelease.pl checkRelease
make.exe[4]: Leaving directory 'D:/epics/epicsV4/exampleCPP/helloRPC/configure/O.windows-x64-debug'
make.exe -C ./iocBoot install 
make.exe -C ./configure install 
make.exe -C ./src install 
make.exe[4]: Nothing to be done for 'install'.
make.exe -C ./test install 
make.exe -C ./exampleRPC install 
make.exe -C O.windows-x64-debug -f ../Makefile TOP=../.. \
    T_A=windows-x64-debug install
make.exe -C O.windows-x64-debug -f ../Makefile TOP=../.. \
    T_A=windows-x64-debug install
make.exe -C O.windows-x64-debug -f ../Makefile TOP=../../.. \
    T_A=windows-x64-debug install
make.exe[4]: Entering directory 'D:/epics/epicsV4/exampleCPP/pvDatabaseRPC/iocBoot/exampleRPC'
perl -CSD D:/epics/base/bin/windows-x64-debug/convertRelease.pl -t D:/epics/epicsV4/exampleCPP/pvDatabaseRPC envPaths
make.exe[4]: Leaving directory 'D:/epics/epicsV4/exampleCPP/pvDatabaseRPC/iocBoot/exampleRPC'
make.exe -C ./src install 
make.exe[3]: Nothing to be done for 'install'.
make.exe -C ./Db install 
make.exe -C O.windows-x64-debug -f ../Makefile TOP=../.. \
    T_A=windows-x64-debug install
make.exe[4]: Entering directory 'D:/epics/epicsV4/exampleCPP/arrayPerformance/configure/O.windows-x64-debug'
perl -CSD D:/epics/base/bin/windows-x64-debug/convertRelease.pl checkRelease
make.exe[4]: Leaving directory 'D:/epics/epicsV4/exampleCPP/arrayPerformance/configure/O.windows-x64-debug'
make.exe -C ./src install 
make.exe[5]: Nothing to be done for 'install'.
make.exe -C O.windows-x64-debug -f ../Makefile TOP=../../.. \
    T_A=windows-x64-debug install
make.exe -C O.windows-x64-debug -f ../Makefile TOP=../.. \
    T_A=windows-x64-debug install
make.exe[4]: Nothing to be done for 'install'.
make.exe -C ./ioc install 
make.exe[5]: Nothing to be done for 'install'.
make.exe -C ./src install 
make.exe -C ./Db install 
make.exe[4]: Nothing to be done for 'install'.
make.exe -C O.windows-x64-debug -f ../Makefile TOP=../../.. \
    T_A=windows-x64-debug install
make.exe -C O.windows-x64-debug -f ../Makefile TOP=../../.. \
    T_A=windows-x64-debug install
make.exe[5]: Nothing to be done for 'install'.
make.exe[5]: Nothing to be done for 'install'.
