c:\users\ktn98257\repos\epics.dotnet\base-3.15.6\src\libcom\o.common\envdata.c
c:\users\ktn98257\repos\epics.dotnet\base-3.15.6\src\libcom\o.common\errsymtbl.c
c:\users\ktn98257\repos\epics.dotnet\base-3.15.6\src\libcom\o.common\aslib.c
c:\users\ktn98257\repos\epics.dotnet\base-3.15.6\src\libcom\o.common\aslib_lex.c
c:\users\ktn98257\repos\epics.dotnet\include\epicsversion.h
c:\users\ktn98257\repos\epics.dotnet\base-3.15.6\src\libcom\debug_lib\adjustment.obj
c:\users\ktn98257\repos\epics.dotnet\base-3.15.6\src\libcom\debug_lib\alarmstring.obj
c:\users\ktn98257\repos\epics.dotnet\base-3.15.6\src\libcom\debug_lib\astrapwrite.obj
c:\users\ktn98257\repos\epics.dotnet\base-3.15.6\src\libcom\debug_lib\atoipaddr.obj
c:\users\ktn98257\repos\epics.dotnet\base-3.15.6\src\libcom\debug_lib\bucketlib.obj
c:\users\ktn98257\repos\epics.dotnet\base-3.15.6\src\libcom\debug_lib\calcperform.obj
c:\users\ktn98257\repos\epics.dotnet\base-3.15.6\src\libcom\debug_lib\cantproceed.obj
c:\users\ktn98257\repos\epics.dotnet\base-3.15.6\src\libcom\debug_lib\cvtfast.obj
c:\users\ktn98257\repos\epics.dotnet\base-3.15.6\src\libcom\debug_lib\dbmf.obj
c:\users\ktn98257\repos\epics.dotnet\base-3.15.6\src\libcom\debug_lib\devlibvme.obj
c:\users\ktn98257\repos\epics.dotnet\base-3.15.6\src\libcom\debug_lib\devlibvmeosd.obj
c:\users\ktn98257\repos\epics.dotnet\base-3.15.6\src\libcom\debug_lib\elllib.obj
c:\users\ktn98257\repos\epics.dotnet\base-3.15.6\src\libcom\debug_lib\ellsort.obj
c:\users\ktn98257\repos\epics.dotnet\base-3.15.6\src\libcom\debug_lib\envdata.obj
c:\users\ktn98257\repos\epics.dotnet\base-3.15.6\src\libcom\debug_lib\envsubr.obj
c:\users\ktn98257\repos\epics.dotnet\base-3.15.6\src\libcom\debug_lib\epicsconvert.obj
c:\users\ktn98257\repos\epics.dotnet\base-3.15.6\src\libcom\debug_lib\epicsexit.obj
c:\users\ktn98257\repos\epics.dotnet\base-3.15.6\src\libcom\debug_lib\epicsgeneraltime.obj
c:\users\ktn98257\repos\epics.dotnet\base-3.15.6\src\libcom\debug_lib\epicsgetopt.obj
c:\users\ktn98257\repos\epics.dotnet\base-3.15.6\src\libcom\debug_lib\epicsreadline.obj
c:\users\ktn98257\repos\epics.dotnet\base-3.15.6\src\libcom\debug_lib\epicsringbytes.obj
c:\users\ktn98257\repos\epics.dotnet\base-3.15.6\src\libcom\debug_lib\epicsstacktrace.obj
c:\users\ktn98257\repos\epics.dotnet\base-3.15.6\src\libcom\debug_lib\epicsstdio.obj
c:\users\ktn98257\repos\epics.dotnet\base-3.15.6\src\libcom\debug_lib\epicsstdlib.obj
c:\users\ktn98257\repos\epics.dotnet\base-3.15.6\src\libcom\debug_lib\epicsstring.obj
c:\users\ktn98257\repos\epics.dotnet\base-3.15.6\src\libcom\debug_lib\epicsunittest.obj
c:\users\ktn98257\repos\epics.dotnet\base-3.15.6\src\libcom\debug_lib\errlog.obj
c:\users\ktn98257\repos\epics.dotnet\base-3.15.6\src\libcom\debug_lib\errsymlib.obj
c:\users\ktn98257\repos\epics.dotnet\base-3.15.6\src\libcom\debug_lib\freelistlib.obj
c:\users\ktn98257\repos\epics.dotnet\base-3.15.6\src\libcom\debug_lib\gphashlib.obj
c:\users\ktn98257\repos\epics.dotnet\base-3.15.6\src\libcom\debug_lib\ioclog.obj
c:\users\ktn98257\repos\epics.dotnet\base-3.15.6\src\libcom\debug_lib\libcomregister.obj
c:\users\ktn98257\repos\epics.dotnet\base-3.15.6\src\libcom\debug_lib\logclient.obj
c:\users\ktn98257\repos\epics.dotnet\base-3.15.6\src\libcom\debug_lib\maccore.obj
c:\users\ktn98257\repos\epics.dotnet\base-3.15.6\src\libcom\debug_lib\macenv.obj
c:\users\ktn98257\repos\epics.dotnet\base-3.15.6\src\libcom\debug_lib\macutil.obj
c:\users\ktn98257\repos\epics.dotnet\base-3.15.6\src\libcom\debug_lib\osdassert.obj
c:\users\ktn98257\repos\epics.dotnet\base-3.15.6\src\libcom\debug_lib\osdenv.obj
c:\users\ktn98257\repos\epics.dotnet\base-3.15.6\src\libcom\debug_lib\osdevent.obj
c:\users\ktn98257\repos\epics.dotnet\base-3.15.6\src\libcom\debug_lib\osdfindaddr.obj
c:\users\ktn98257\repos\epics.dotnet\base-3.15.6\src\libcom\debug_lib\osdfindsymbol.obj
c:\users\ktn98257\repos\epics.dotnet\base-3.15.6\src\libcom\debug_lib\osdinterrupt.obj
c:\users\ktn98257\repos\epics.dotnet\base-3.15.6\src\libcom\debug_lib\osdmutex.obj
c:\users\ktn98257\repos\epics.dotnet\base-3.15.6\src\libcom\debug_lib\osdnetintf.obj
c:\users\ktn98257\repos\epics.dotnet\base-3.15.6\src\libcom\debug_lib\osdpoolstatus.obj
c:\users\ktn98257\repos\epics.dotnet\base-3.15.6\src\libcom\debug_lib\osdprocess.obj
c:\users\ktn98257\repos\epics.dotnet\base-3.15.6\src\libcom\debug_lib\osdsock.obj
c:\users\ktn98257\repos\epics.dotnet\base-3.15.6\src\libcom\debug_lib\osdspin.obj
c:\users\ktn98257\repos\epics.dotnet\base-3.15.6\src\libcom\debug_lib\osdstdio.obj
c:\users\ktn98257\repos\epics.dotnet\base-3.15.6\src\libcom\debug_lib\osdthread.obj
c:\users\ktn98257\repos\epics.dotnet\base-3.15.6\src\libcom\debug_lib\osdthreadextra.obj
c:\users\ktn98257\repos\epics.dotnet\base-3.15.6\src\libcom\debug_lib\osdthreadhooks.obj
c:\users\ktn98257\repos\epics.dotnet\base-3.15.6\src\libcom\debug_lib\osiclocktime.obj
c:\users\ktn98257\repos\epics.dotnet\base-3.15.6\src\libcom\debug_lib\osisock.obj
c:\users\ktn98257\repos\epics.dotnet\base-3.15.6\src\libcom\debug_lib\pooljob.obj
c:\users\ktn98257\repos\epics.dotnet\base-3.15.6\src\libcom\debug_lib\postfix.obj
c:\users\ktn98257\repos\epics.dotnet\base-3.15.6\src\libcom\debug_lib\registry.obj
c:\users\ktn98257\repos\epics.dotnet\base-3.15.6\src\libcom\debug_lib\taskwd.obj
c:\users\ktn98257\repos\epics.dotnet\base-3.15.6\src\libcom\debug_lib\threadpool.obj
c:\users\ktn98257\repos\epics.dotnet\base-3.15.6\src\libcom\debug_lib\truncatefile.obj
c:\users\ktn98257\repos\epics.dotnet\base-3.15.6\src\libcom\debug_lib\yajl.obj
c:\users\ktn98257\repos\epics.dotnet\base-3.15.6\src\libcom\debug_lib\yajl_alloc.obj
c:\users\ktn98257\repos\epics.dotnet\base-3.15.6\src\libcom\debug_lib\yajl_buf.obj
c:\users\ktn98257\repos\epics.dotnet\base-3.15.6\src\libcom\debug_lib\yajl_encode.obj
c:\users\ktn98257\repos\epics.dotnet\base-3.15.6\src\libcom\debug_lib\yajl_gen.obj
c:\users\ktn98257\repos\epics.dotnet\base-3.15.6\src\libcom\debug_lib\yajl_lex.obj
c:\users\ktn98257\repos\epics.dotnet\base-3.15.6\src\libcom\debug_lib\yajl_parser.obj
c:\users\ktn98257\repos\epics.dotnet\base-3.15.6\src\libcom\debug_lib\com.idb
c:\users\ktn98257\repos\epics.dotnet\base-3.15.6\src\libcom\debug_lib\com.pdb
c:\users\ktn98257\repos\epics.dotnet\base-3.15.6\src\libcom\debug_lib\adjustment.sbr
c:\users\ktn98257\repos\epics.dotnet\base-3.15.6\src\libcom\debug_lib\alarmstring.sbr
c:\users\ktn98257\repos\epics.dotnet\base-3.15.6\src\libcom\debug_lib\astrapwrite.sbr
c:\users\ktn98257\repos\epics.dotnet\base-3.15.6\src\libcom\debug_lib\atoipaddr.sbr
c:\users\ktn98257\repos\epics.dotnet\base-3.15.6\src\libcom\debug_lib\bucketlib.sbr
c:\users\ktn98257\repos\epics.dotnet\base-3.15.6\src\libcom\debug_lib\calcperform.sbr
c:\users\ktn98257\repos\epics.dotnet\base-3.15.6\src\libcom\debug_lib\cantproceed.sbr
c:\users\ktn98257\repos\epics.dotnet\base-3.15.6\src\libcom\debug_lib\cvtfast.sbr
c:\users\ktn98257\repos\epics.dotnet\base-3.15.6\src\libcom\debug_lib\dbmf.sbr
c:\users\ktn98257\repos\epics.dotnet\base-3.15.6\src\libcom\debug_lib\devlibvme.sbr
c:\users\ktn98257\repos\epics.dotnet\base-3.15.6\src\libcom\debug_lib\devlibvmeosd.sbr
c:\users\ktn98257\repos\epics.dotnet\base-3.15.6\src\libcom\debug_lib\elllib.sbr
c:\users\ktn98257\repos\epics.dotnet\base-3.15.6\src\libcom\debug_lib\ellsort.sbr
c:\users\ktn98257\repos\epics.dotnet\base-3.15.6\src\libcom\debug_lib\envdata.sbr
c:\users\ktn98257\repos\epics.dotnet\base-3.15.6\src\libcom\debug_lib\envsubr.sbr
c:\users\ktn98257\repos\epics.dotnet\base-3.15.6\src\libcom\debug_lib\epicsconvert.sbr
c:\users\ktn98257\repos\epics.dotnet\base-3.15.6\src\libcom\debug_lib\epicsexit.sbr
c:\users\ktn98257\repos\epics.dotnet\base-3.15.6\src\libcom\debug_lib\epicsgeneraltime.sbr
c:\users\ktn98257\repos\epics.dotnet\base-3.15.6\src\libcom\debug_lib\epicsgetopt.sbr
c:\users\ktn98257\repos\epics.dotnet\base-3.15.6\src\libcom\debug_lib\epicsreadline.sbr
c:\users\ktn98257\repos\epics.dotnet\base-3.15.6\src\libcom\debug_lib\epicsringbytes.sbr
c:\users\ktn98257\repos\epics.dotnet\base-3.15.6\src\libcom\debug_lib\epicsstacktrace.sbr
c:\users\ktn98257\repos\epics.dotnet\base-3.15.6\src\libcom\debug_lib\epicsstdio.sbr
c:\users\ktn98257\repos\epics.dotnet\base-3.15.6\src\libcom\debug_lib\epicsstdlib.sbr
c:\users\ktn98257\repos\epics.dotnet\base-3.15.6\src\libcom\debug_lib\epicsstring.sbr
c:\users\ktn98257\repos\epics.dotnet\base-3.15.6\src\libcom\debug_lib\epicsunittest.sbr
c:\users\ktn98257\repos\epics.dotnet\base-3.15.6\src\libcom\debug_lib\errlog.sbr
c:\users\ktn98257\repos\epics.dotnet\base-3.15.6\src\libcom\debug_lib\errsymlib.sbr
c:\users\ktn98257\repos\epics.dotnet\base-3.15.6\src\libcom\debug_lib\errsymtbl.sbr
c:\users\ktn98257\repos\epics.dotnet\base-3.15.6\src\libcom\debug_lib\freelistlib.sbr
c:\users\ktn98257\repos\epics.dotnet\base-3.15.6\src\libcom\debug_lib\gphashlib.sbr
c:\users\ktn98257\repos\epics.dotnet\base-3.15.6\src\libcom\debug_lib\ioclog.sbr
c:\users\ktn98257\repos\epics.dotnet\base-3.15.6\src\libcom\debug_lib\libcomregister.sbr
c:\users\ktn98257\repos\epics.dotnet\base-3.15.6\src\libcom\debug_lib\logclient.sbr
c:\users\ktn98257\repos\epics.dotnet\base-3.15.6\src\libcom\debug_lib\maccore.sbr
c:\users\ktn98257\repos\epics.dotnet\base-3.15.6\src\libcom\debug_lib\macenv.sbr
c:\users\ktn98257\repos\epics.dotnet\base-3.15.6\src\libcom\debug_lib\macutil.sbr
c:\users\ktn98257\repos\epics.dotnet\base-3.15.6\src\libcom\debug_lib\osdassert.sbr
c:\users\ktn98257\repos\epics.dotnet\base-3.15.6\src\libcom\debug_lib\osdenv.sbr
c:\users\ktn98257\repos\epics.dotnet\base-3.15.6\src\libcom\debug_lib\osdevent.sbr
c:\users\ktn98257\repos\epics.dotnet\base-3.15.6\src\libcom\debug_lib\osdfindaddr.sbr
c:\users\ktn98257\repos\epics.dotnet\base-3.15.6\src\libcom\debug_lib\osdfindsymbol.sbr
c:\users\ktn98257\repos\epics.dotnet\base-3.15.6\src\libcom\debug_lib\osdinterrupt.sbr
c:\users\ktn98257\repos\epics.dotnet\base-3.15.6\src\libcom\debug_lib\osdmutex.sbr
c:\users\ktn98257\repos\epics.dotnet\base-3.15.6\src\libcom\debug_lib\osdnetintf.sbr
c:\users\ktn98257\repos\epics.dotnet\base-3.15.6\src\libcom\debug_lib\osdpoolstatus.sbr
c:\users\ktn98257\repos\epics.dotnet\base-3.15.6\src\libcom\debug_lib\osdprocess.sbr
c:\users\ktn98257\repos\epics.dotnet\base-3.15.6\src\libcom\debug_lib\osdsock.sbr
c:\users\ktn98257\repos\epics.dotnet\base-3.15.6\src\libcom\debug_lib\osdspin.sbr
c:\users\ktn98257\repos\epics.dotnet\base-3.15.6\src\libcom\debug_lib\osdstdio.sbr
c:\users\ktn98257\repos\epics.dotnet\base-3.15.6\src\libcom\debug_lib\osdthread.sbr
c:\users\ktn98257\repos\epics.dotnet\base-3.15.6\src\libcom\debug_lib\osdthreadextra.sbr
c:\users\ktn98257\repos\epics.dotnet\base-3.15.6\src\libcom\debug_lib\osdthreadhooks.sbr
c:\users\ktn98257\repos\epics.dotnet\base-3.15.6\src\libcom\debug_lib\osiclocktime.sbr
c:\users\ktn98257\repos\epics.dotnet\base-3.15.6\src\libcom\debug_lib\osisock.sbr
c:\users\ktn98257\repos\epics.dotnet\base-3.15.6\src\libcom\debug_lib\pooljob.sbr
c:\users\ktn98257\repos\epics.dotnet\base-3.15.6\src\libcom\debug_lib\postfix.sbr
c:\users\ktn98257\repos\epics.dotnet\base-3.15.6\src\libcom\debug_lib\registry.sbr
c:\users\ktn98257\repos\epics.dotnet\base-3.15.6\src\libcom\debug_lib\taskwd.sbr
c:\users\ktn98257\repos\epics.dotnet\base-3.15.6\src\libcom\debug_lib\threadpool.sbr
c:\users\ktn98257\repos\epics.dotnet\base-3.15.6\src\libcom\debug_lib\truncatefile.sbr
c:\users\ktn98257\repos\epics.dotnet\base-3.15.6\src\libcom\debug_lib\yajl.sbr
c:\users\ktn98257\repos\epics.dotnet\base-3.15.6\src\libcom\debug_lib\yajl_alloc.sbr
c:\users\ktn98257\repos\epics.dotnet\base-3.15.6\src\libcom\debug_lib\yajl_buf.sbr
c:\users\ktn98257\repos\epics.dotnet\base-3.15.6\src\libcom\debug_lib\yajl_encode.sbr
c:\users\ktn98257\repos\epics.dotnet\base-3.15.6\src\libcom\debug_lib\yajl_gen.sbr
c:\users\ktn98257\repos\epics.dotnet\base-3.15.6\src\libcom\debug_lib\yajl_lex.sbr
c:\users\ktn98257\repos\epics.dotnet\base-3.15.6\src\libcom\debug_lib\yajl_parser.sbr
c:\users\ktn98257\repos\epics.dotnet\base-3.15.6\src\libcom\debug_lib\com.tlog\cl.command.1.tlog
c:\users\ktn98257\repos\epics.dotnet\base-3.15.6\src\libcom\debug_lib\com.tlog\custombuild.command.1.tlog
c:\users\ktn98257\repos\epics.dotnet\base-3.15.6\src\libcom\debug_lib\com.tlog\custombuild.read.1.tlog
c:\users\ktn98257\repos\epics.dotnet\base-3.15.6\src\libcom\debug_lib\com.tlog\custombuild.write.1.tlog
