  Performing Custom Build Tools
  bldEnvData.pl: No value given for EPICS_BUILD_COMPILER_CLASS
  bldEnvData.pl: No value given for EPICS_BUILD_OS_CLASS
  bldEnvData.pl: No value given for EPICS_BUILD_TARGET_ARCH
  Generating envData.c
  Performing Custom Build Tools
  Performing Custom Build Tools
          1 file(s) moved.
  Performing Custom Build Tools
          1 file(s) moved.
  Performing Custom Build Tools
  Building C:\Users\ktn98257\repos\epics.dotnet\include/epicsVersion.h from ../../../configure/CONFIG_BASE_VERSION
  Found EPICS Version 7.0.3.1
  asTrapWrite.c
  bucketLib.c
  calcPerform.c
  postfix.c
  cvtFast.c
  dbmf.c
  ellLib.c
  ellSort.c
  envSubr.c
  errlog.c
  errSymLib.c
  freeListLib.c
  gpHashLib.c
  initHooks.c
  libComRegister.c
  registry.c
  iocLog.c
  logClient.c
  macCore.c
  macEnv.c
  Generating Code...
  Compiling...
  macUtil.c
  adjustment.c
  alarmString.c
  aToIPAddr.c
  cantProceed.c
  epicsConvert.c
  epicsExit.c
  epicsStdlib.c
  epicsString.c
  epicsUnitTest.c
  truncateFile.c
  envData.c
  errSymTbl.c
  devLibVME.c
  epicsGeneralTime.c
  epicsReadline.c
  epicsStackTrace.c
  epicsStdio.c
  osiClockTime.c
  osiSock.c
  Generating Code...
  Compiling...
  devLibVMEOSD.c
  osdAssert.c
  osdEnv.c
  osdFindAddr.c
  osdInterrupt.c
  osdSpin.c
  osdThreadHooks.c
  epicsGetopt.c
  osdEvent.c
  osdFindSymbol.c
  osdgetexec.c
  osdMonotonic.c
  osdMutex.c
  osdNetIntf.c
  osdPoolStatus.c
  osdProcess.c
  osdSock.c
  osdSockUnsentCount.c
  osdStdio.c
  osdThread.c
  Generating Code...
  Compiling...
  osdThreadExtra.c
  poolJob.c
  threadPool.c
  epicsRingBytes.c
  taskwd.c
  yajl.c
  yajl_alloc.c
  yajl_buf.c
  yajl_encode.c
  yajl_gen.c
  yajl_lex.c
  yajl_parser.c
  Generating Code...
  epicsSingletonMutex.cpp
  resourceLib.cpp
  fdManager.cpp
  fdmgr.cpp
  iocsh.cpp
  ipAddrToAsciiAsynchronous.cpp
  epicsEvent.cpp
  epicsMath.cpp
  epicsMessageQueue.cpp
  epicsMutex.cpp
  epicsThread.cpp
  epicsTime.cpp
  epicsAtomicOSD.cpp
  osdMessageQueue.cpp
  epicsSocketConvertErrnoToString.cpp
  epicsTempFile.cpp
  forceBadAllocException.cpp
  osdBackTrace.cpp
  osdSignal.cpp
  osdSockAddrReuse.cpp
  Generating Code...
  Compiling...
  osdTime.cpp
  setThreadName.cpp
  systemCallIntMech.cpp
  epicsRingPointer.cpp
  epicsTimer.cpp
  timer.cpp
  timerQueue.cpp
  timerQueueActive.cpp
  timerQueueActiveMgr.cpp
  timerQueuePassive.cpp
  Generating Code...
  asLib.c
     Creating library C:\Users\ktn98257\repos\epics.dotnet\Debug_DLL\Com.lib and object C:\Users\ktn98257\repos\epics.dotnet\Debug_DLL\Com.exp
  Com.vcxproj -> C:\Users\ktn98257\repos\epics.dotnet\Debug_DLL\Com.dll
