make: Entering directory 'D:/epics/support/areaDetector'
make -C \EPICS/support/areaDetector/ADBinaries install 
make[1]: Entering directory 'D:/EPICS/support/areaDetector/ADBinaries'
make -C ./configure install 
make[2]: Entering directory 'D:/EPICS/support/areaDetector/ADBinaries/configure'
perl -CSD D:/EPICS/base/bin/win32-x86/makeMakefile.pl O.win32-x86 ../..
perl -CSD -MExtUtils::Command -e mkpath O.Common
make -C O.win32-x86 -f ../Makefile TOP=../.. \
    T_A=win32-x86 install
make[3]: Entering directory 'D:/EPICS/support/areaDetector/ADBinaries/configure/O.win32-x86'
perl -CSD D:/EPICS/base/bin/win32-x86/convertRelease.pl checkRelease
make[3]: Leaving directory 'D:/EPICS/support/areaDetector/ADBinaries/configure/O.win32-x86'
make[2]: Leaving directory 'D:/EPICS/support/areaDetector/ADBinaries/configure'
make -C ./magickSupport install 
make[2]: Entering directory 'D:/EPICS/support/areaDetector/ADBinaries/magickSupport'
perl -CSD D:/EPICS/base/bin/win32-x86/makeMakefile.pl O.win32-x86 ../..
perl -CSD -MExtUtils::Command -e mkpath O.Common
make -C O.win32-x86 -f ../Makefile TOP=../.. \
    T_A=win32-x86 install
make[3]: Entering directory 'D:/EPICS/support/areaDetector/ADBinaries/magickSupport/O.win32-x86'
"Installing OS dependent include file ../../include/os/WIN32/Magick++.h"
mkdir ../../include
mkdir ../../include/os
mkdir ../../include/os/WIN32
"Installing OS dependent include file ../../include/os/WIN32/Magick++/Include.h"
mkdir ../../include/os/WIN32/Magick++
"Installing OS dependent include file ../../include/os/WIN32/Magick++/Image.h"
"Installing OS dependent include file ../../include/os/WIN32/Magick++/Blob.h"
"Installing OS dependent include file ../../include/os/WIN32/Magick++/Color.h"
"Installing OS dependent include file ../../include/os/WIN32/Magick++/Drawable.h"
"Installing OS dependent include file ../../include/os/WIN32/Magick++/Geometry.h"
"Installing OS dependent include file ../../include/os/WIN32/Magick++/Exception.h"
"Installing OS dependent include file ../../include/os/WIN32/Magick++/TypeMetric.h"
"Installing OS dependent include file ../../include/os/WIN32/Magick++/Pixels.h"
"Installing OS dependent include file ../../include/os/WIN32/Magick++/STL.h"
"Installing OS dependent include file ../../include/os/WIN32/Magick++/CoderInfo.h"
"Installing OS dependent include file ../../include/os/WIN32/Magick++/Montage.h"
"Installing OS dependent include file ../../include/os/WIN32/magick/magick_config.h"
mkdir ../../include/os/WIN32/magick
"Installing OS dependent include file ../../include/os/WIN32/magick/api.h"
"Installing OS dependent include file ../../include/os/WIN32/magick/common.h"
"Installing OS dependent include file ../../include/os/WIN32/magick/magick_types.h"
"Installing OS dependent include file ../../include/os/WIN32/magick/analyze.h"
"Installing OS dependent include file ../../include/os/WIN32/magick/image.h"
"Installing OS dependent include file ../../include/os/WIN32/magick/forward.h"
"Installing OS dependent include file ../../include/os/WIN32/Magick/colorspace.h"
"Installing OS dependent include file ../../include/os/WIN32/magick/error.h"
"Installing OS dependent include file ../../include/os/WIN32/magick/log.h"
"Installing OS dependent include file ../../include/os/WIN32/magick/timer.h"
"Installing OS dependent include file ../../include/os/WIN32/magick/attribute.h"
"Installing OS dependent include file ../../include/os/WIN32/magick/average.h"
"Installing OS dependent include file ../../include/os/WIN32/magick/blob.h"
"Installing OS dependent include file ../../include/os/WIN32/magick/cdl.h"
"Installing OS dependent include file ../../include/os/WIN32/magick/channel.h"
"Installing OS dependent include file ../../include/os/WIN32/magick/color.h"
"Installing OS dependent include file ../../include/os/WIN32/magick/color_lookup.h"
"Installing OS dependent include file ../../include/os/WIN32/magick/colormap.h"
"Installing OS dependent include file ../../include/os/WIN32/magick/command.h"
"Installing OS dependent include file ../../include/os/WIN32/magick/compare.h"
"Installing OS dependent include file ../../include/os/WIN32/magick/composite.h"
"Installing OS dependent include file ../../include/os/WIN32/magick/compress.h"
"Installing OS dependent include file ../../include/os/WIN32/magick/confirm_access.h"
"Installing OS dependent include file ../../include/os/WIN32/magick/constitute.h"
"Installing OS dependent include file ../../include/os/WIN32/magick/decorate.h"
"Installing OS dependent include file ../../include/os/WIN32/magick/delegate.h"
"Installing OS dependent include file ../../include/os/WIN32/magick/deprecate.h"
"Installing OS dependent include file ../../include/os/WIN32/magick/describe.h"
"Installing OS dependent include file ../../include/os/WIN32/magick/draw.h"
"Installing OS dependent include file ../../include/os/WIN32/magick/render.h"
"Installing OS dependent include file ../../include/os/WIN32/magick/type.h"
"Installing OS dependent include file ../../include/os/WIN32/magick/effect.h"
"Installing OS dependent include file ../../include/os/WIN32/magick/enhance.h"
"Installing OS dependent include file ../../include/os/WIN32/magick/fx.h"
"Installing OS dependent include file ../../include/os/WIN32/magick/gem.h"
"Installing OS dependent include file ../../include/os/WIN32/magick/random.h"
"Installing OS dependent include file ../../include/os/WIN32/magick/gradient.h"
"Installing OS dependent include file ../../include/os/WIN32/magick/hclut.h"
"Installing OS dependent include file ../../include/os/WIN32/magick/list.h"
"Installing OS dependent include file ../../include/os/WIN32/magick/magic.h"
"Installing OS dependent include file ../../include/os/WIN32/magick/magick.h"
"Installing OS dependent include file ../../include/os/WIN32/magick/memory.h"
"Installing OS dependent include file ../../include/os/WIN32/magick/module.h"
"Installing OS dependent include file ../../include/os/WIN32/magick/monitor.h"
"Installing OS dependent include file ../../include/os/WIN32/magick/montage.h"
"Installing OS dependent include file ../../include/os/WIN32/magick/operator.h"
"Installing OS dependent include file ../../include/os/WIN32/magick/paint.h"
"Installing OS dependent include file ../../include/os/WIN32/magick/pixel_cache.h"
"Installing OS dependent include file ../../include/os/WIN32/magick/pixel_iterator.h"
"Installing OS dependent include file ../../include/os/WIN32/magick/plasma.h"
"Installing OS dependent include file ../../include/os/WIN32/magick/profile.h"
"Installing OS dependent include file ../../include/os/WIN32/magick/quantize.h"
"Installing OS dependent include file ../../include/os/WIN32/magick/registry.h"
"Installing OS dependent include file ../../include/os/WIN32/magick/resize.h"
"Installing OS dependent include file ../../include/os/WIN32/magick/resource.h"
"Installing OS dependent include file ../../include/os/WIN32/magick/shear.h"
"Installing OS dependent include file ../../include/os/WIN32/magick/signature.h"
"Installing OS dependent include file ../../include/os/WIN32/magick/statistics.h"
"Installing OS dependent include file ../../include/os/WIN32/magick/texture.h"
"Installing OS dependent include file ../../include/os/WIN32/magick/transform.h"
"Installing OS dependent include file ../../include/os/WIN32/magick/utility.h"
"Installing OS dependent include file ../../include/os/WIN32/magick/version.h"
"Installing CORE_RL_Magick++_.lib"
mkdir ../../lib/win32-x86
"Installing CORE_RL_bzlib_.lib"
"Installing CORE_RL_coders_.lib"
"Installing CORE_RL_filters_.lib"
"Installing CORE_RL_jbig_.lib"
"Installing CORE_RL_jp2_.lib"
"Installing CORE_RL_jpeg_.lib"
"Installing CORE_RL_lcms_.lib"
"Installing CORE_RL_libxml_.lib"
"Installing CORE_RL_magick_.lib"
"Installing CORE_RL_png_.lib"
"Installing CORE_RL_tiff_.lib"
"Installing CORE_RL_ttf_.lib"
"Installing CORE_RL_wand_.lib"
"Installing CORE_RL_wmf_.lib"
"Installing CORE_RL_xlib_.lib"
"Installing CORE_RL_zlib_.lib"
make[3]: Leaving directory 'D:/EPICS/support/areaDetector/ADBinaries/magickSupport/O.win32-x86'
make[2]: Leaving directory 'D:/EPICS/support/areaDetector/ADBinaries/magickSupport'
make -C ./xml2Support install 
make[2]: Entering directory 'D:/EPICS/support/areaDetector/ADBinaries/xml2Support'
perl -CSD D:/EPICS/base/bin/win32-x86/makeMakefile.pl O.win32-x86 ../..
perl -CSD -MExtUtils::Command -e mkpath O.Common
make -C O.win32-x86 -f ../Makefile TOP=../.. \
    T_A=win32-x86 install
make[3]: Entering directory 'D:/EPICS/support/areaDetector/ADBinaries/xml2Support/O.win32-x86'
"Installing OS dependent include file ../../include/os/WIN32/libxml/DOCBparser.h"
mkdir ../../include/os/WIN32/libxml
"Installing OS dependent include file ../../include/os/WIN32/libxml/globals.h"
"Installing OS dependent include file ../../include/os/WIN32/libxml/tree.h"
"Installing OS dependent include file ../../include/os/WIN32/libxml/xmlregexp.h"
"Installing OS dependent include file ../../include/os/WIN32/libxml/HTMLparser.h"
"Installing OS dependent include file ../../include/os/WIN32/libxml/HTMLtree.h"
"Installing OS dependent include file ../../include/os/WIN32/libxml/SAX.h"
"Installing OS dependent include file ../../include/os/WIN32/libxml/SAX2.h"
"Installing OS dependent include file ../../include/os/WIN32/libxml/c14n.h"
"Installing OS dependent include file ../../include/os/WIN32/libxml/catalog.h"
"Installing OS dependent include file ../../include/os/WIN32/libxml/chvalid.h"
"Installing OS dependent include file ../../include/os/WIN32/libxml/debugXML.h"
"Installing OS dependent include file ../../include/os/WIN32/libxml/dict.h"
"Installing OS dependent include file ../../include/os/WIN32/libxml/encoding.h"
"Installing OS dependent include file ../../include/os/WIN32/libxml/entities.h"
"Installing OS dependent include file ../../include/os/WIN32/libxml/hash.h"
"Installing OS dependent include file ../../include/os/WIN32/libxml/list.h"
"Installing OS dependent include file ../../include/os/WIN32/libxml/nanoftp.h"
"Installing OS dependent include file ../../include/os/WIN32/libxml/nanohttp.h"
"Installing OS dependent include file ../../include/os/WIN32/libxml/parser.h"
"Installing OS dependent include file ../../include/os/WIN32/libxml/parserInternals.h"
"Installing OS dependent include file ../../include/os/WIN32/libxml/pattern.h"
"Installing OS dependent include file ../../include/os/WIN32/libxml/relaxng.h"
"Installing OS dependent include file ../../include/os/WIN32/libxml/schemasInternals.h"
"Installing OS dependent include file ../../include/os/WIN32/libxml/schematron.h"
"Installing OS dependent include file ../../include/os/WIN32/libxml/threads.h"
"Installing OS dependent include file ../../include/os/WIN32/libxml/uri.h"
"Installing OS dependent include file ../../include/os/WIN32/libxml/valid.h"
"Installing OS dependent include file ../../include/os/WIN32/libxml/xinclude.h"
"Installing OS dependent include file ../../include/os/WIN32/libxml/xlink.h"
"Installing OS dependent include file ../../include/os/WIN32/libxml/xmlIO.h"
"Installing OS dependent include file ../../include/os/WIN32/libxml/xmlautomata.h"
"Installing OS dependent include file ../../include/os/WIN32/libxml/xmlerror.h"
"Installing OS dependent include file ../../include/os/WIN32/libxml/xmlexports.h"
"Installing OS dependent include file ../../include/os/WIN32/libxml/xmlmemory.h"
"Installing OS dependent include file ../../include/os/WIN32/libxml/xmlreader.h"
"Installing OS dependent include file ../../include/os/WIN32/libxml/xmlsave.h"
"Installing OS dependent include file ../../include/os/WIN32/libxml/xmlschemas.h"
"Installing OS dependent include file ../../include/os/WIN32/libxml/xmlschemastypes.h"
"Installing OS dependent include file ../../include/os/WIN32/libxml/xpointer.h"
"Installing OS dependent include file ../../include/os/WIN32/libxml/xmlstring.h"
"Installing OS dependent include file ../../include/os/WIN32/libxml/xmlunicode.h"
"Installing OS dependent include file ../../include/os/WIN32/libxml/xmlversion.h"
"Installing OS dependent include file ../../include/os/WIN32/libxml/xmlwin32version.h"
"Installing OS dependent include file ../../include/os/WIN32/libxml/xmlwriter.h"
"Installing OS dependent include file ../../include/os/WIN32/libxml/xpath.h"
"Installing OS dependent include file ../../include/os/WIN32/libxml/xpathInternals.h"
"Installing OS dependent include file ../../include/os/WIN32/libxml/xmlmodule.h"
"Installing libxml2.lib"
"Installing libxml2.dll"
mkdir ../../bin/win32-x86
make[3]: Leaving directory 'D:/EPICS/support/areaDetector/ADBinaries/xml2Support/O.win32-x86'
make[2]: Leaving directory 'D:/EPICS/support/areaDetector/ADBinaries/xml2Support'
make -C ./hdf5Support install 
make[2]: Entering directory 'D:/EPICS/support/areaDetector/ADBinaries/hdf5Support'
perl -CSD D:/EPICS/base/bin/win32-x86/makeMakefile.pl O.win32-x86 ../..
perl -CSD -MExtUtils::Command -e mkpath O.Common
make -C O.win32-x86 -f ../Makefile TOP=../.. \
    T_A=win32-x86 install
make[3]: Entering directory 'D:/EPICS/support/areaDetector/ADBinaries/hdf5Support/O.win32-x86'
"Installing OS dependent include file ../../include/os/WIN32/H5ACpublic.h"
"Installing OS dependent include file ../../include/os/WIN32/H5api_adpt.h"
"Installing OS dependent include file ../../include/os/WIN32/H5Apublic.h"
"Installing OS dependent include file ../../include/os/WIN32/H5Cpublic.h"
"Installing OS dependent include file ../../include/os/WIN32/H5Dpublic.h"
"Installing OS dependent include file ../../include/os/WIN32/H5Epubgen.h"
"Installing OS dependent include file ../../include/os/WIN32/H5Epublic.h"
"Installing OS dependent include file ../../include/os/WIN32/H5FDcore.h"
"Installing OS dependent include file ../../include/os/WIN32/H5FDdirect.h"
"Installing OS dependent include file ../../include/os/WIN32/H5FDfamily.h"
"Installing OS dependent include file ../../include/os/WIN32/H5FDlog.h"
"Installing OS dependent include file ../../include/os/WIN32/H5FDmpi.h"
"Installing OS dependent include file ../../include/os/WIN32/H5FDmpio.h"
"Installing OS dependent include file ../../include/os/WIN32/H5FDmulti.h"
"Installing OS dependent include file ../../include/os/WIN32/H5FDpublic.h"
"Installing OS dependent include file ../../include/os/WIN32/H5FDsec2.h"
"Installing OS dependent include file ../../include/os/WIN32/H5FDstdio.h"
"Installing OS dependent include file ../../include/os/WIN32/H5FDwindows.h"
"Installing OS dependent include file ../../include/os/WIN32/H5Fpublic.h"
"Installing OS dependent include file ../../include/os/WIN32/H5Gpublic.h"
"Installing OS dependent include file ../../include/os/WIN32/H5Ipublic.h"
"Installing OS dependent include file ../../include/os/WIN32/H5Lpublic.h"
"Installing OS dependent include file ../../include/os/WIN32/H5MMpublic.h"
"Installing OS dependent include file ../../include/os/WIN32/H5Opublic.h"
"Installing OS dependent include file ../../include/os/WIN32/H5overflow.h"
"Installing OS dependent include file ../../include/os/WIN32/H5PLextern.h"
"Installing OS dependent include file ../../include/os/WIN32/H5PLpublic.h"
"Installing OS dependent include file ../../include/os/WIN32/H5Ppublic.h"
"Installing OS dependent include file ../../include/os/WIN32/H5public.h"
"Installing OS dependent include file ../../include/os/WIN32/H5Rpublic.h"
"Installing OS dependent include file ../../include/os/WIN32/H5Spublic.h"
"Installing OS dependent include file ../../include/os/WIN32/H5Tpublic.h"
"Installing OS dependent include file ../../include/os/WIN32/H5version.h"
"Installing OS dependent include file ../../include/os/WIN32/H5Zpublic.h"
"Installing OS dependent include file ../../include/os/WIN32/hdf5.h"
"Installing OS dependent include file ../../include/os/WIN32/H5pubconf.h"
"Installing OS dependent include file ../../include/os/WIN32/H5pubconf_32_shared.h"
"Installing OS dependent include file ../../include/os/WIN32/H5pubconf_32_static.h"
"Installing OS dependent include file ../../include/os/WIN32/H5pubconf_64_shared.h"
"Installing OS dependent include file ../../include/os/WIN32/H5pubconf_64_static.h"
"Installing hdf5.lib"
"Installing szip.lib"
"Installing zlib.lib"
"Installing libhdf5.lib"
"Installing libszip.lib"
"Installing libzlib.lib"
"Installing hdf5.dll"
"Installing szip.dll"
"Installing zlib.dll"
make[3]: Leaving directory 'D:/EPICS/support/areaDetector/ADBinaries/hdf5Support/O.win32-x86'
make[2]: Leaving directory 'D:/EPICS/support/areaDetector/ADBinaries/hdf5Support'
make[1]: Leaving directory 'D:/EPICS/support/areaDetector/ADBinaries'
make -C \EPICS/support/areaDetector/ADCore install 
make[1]: Entering directory 'D:/EPICS/support/areaDetector/ADCore'
make -C ./configure install 
make[2]: Entering directory 'D:/EPICS/support/areaDetector/ADCore/configure'
perl -CSD D:/EPICS/base/bin/win32-x86/makeMakefile.pl O.win32-x86 ../..
perl -CSD -MExtUtils::Command -e mkpath O.Common
make -C O.win32-x86 -f ../Makefile TOP=../.. \
    T_A=win32-x86 install
make[3]: Entering directory 'D:/EPICS/support/areaDetector/ADCore/configure/O.win32-x86'
perl -CSD D:/EPICS/base/bin/win32-x86/convertRelease.pl checkRelease
make[3]: Leaving directory 'D:/EPICS/support/areaDetector/ADCore/configure/O.win32-x86'
make[2]: Leaving directory 'D:/EPICS/support/areaDetector/ADCore/configure'
make -C ./ADApp install 
make[2]: Entering directory 'D:/EPICS/support/areaDetector/ADCore/ADApp'
make -C ./ADSrc install 
make[3]: Entering directory 'D:/EPICS/support/areaDetector/ADCore/ADApp/ADSrc'
perl -CSD D:/EPICS/base/bin/win32-x86/makeMakefile.pl O.win32-x86 ../../..
perl -CSD -MExtUtils::Command -e mkpath O.Common
make -C O.win32-x86 -f ../Makefile TOP=../../.. \
    T_A=win32-x86 install
make[4]: Entering directory 'D:/EPICS/support/areaDetector/ADCore/ADApp/ADSrc/O.win32-x86'
perl -CSD D:/EPICS/base/bin/win32-x86/mkmf.pl  -m tinyxmlerror.d -I. -I../O.Common -I. -I. -I.. -I../../../include/compiler/msvc -I../../../include/os/WIN32 -I../../../include       -I\EPICS/base/include/compiler/msvc -I\EPICS/base/include/os/WIN32 -I\EPICS/base/include         -I\EPICS/support/asyn/include  -I\EPICS/support/areaDetector/ADBinaries/include/os/WIN32 -I\EPICS/support/areaDetector/ADBinaries/include                                tinyxmlerror.d ../tinyxmlerror.cpp
perl -CSD D:/EPICS/base/bin/win32-x86/mkmf.pl  -m tinyxmlparser.d -I. -I../O.Common -I. -I. -I.. -I../../../include/compiler/msvc -I../../../include/os/WIN32 -I../../../include       -I\EPICS/base/include/compiler/msvc -I\EPICS/base/include/os/WIN32 -I\EPICS/base/include         -I\EPICS/support/asyn/include  -I\EPICS/support/areaDetector/ADBinaries/include/os/WIN32 -I\EPICS/support/areaDetector/ADBinaries/include                                tinyxmlparser.d ../tinyxmlparser.cpp
perl -CSD D:/EPICS/base/bin/win32-x86/mkmf.pl  -m tinystr.d -I. -I../O.Common -I. -I. -I.. -I../../../include/compiler/msvc -I../../../include/os/WIN32 -I../../../include       -I\EPICS/base/include/compiler/msvc -I\EPICS/base/include/os/WIN32 -I\EPICS/base/include         -I\EPICS/support/asyn/include  -I\EPICS/support/areaDetector/ADBinaries/include/os/WIN32 -I\EPICS/support/areaDetector/ADBinaries/include                                tinystr.d ../tinystr.cpp
perl -CSD D:/EPICS/base/bin/win32-x86/mkmf.pl  -m tinyxml.d -I. -I../O.Common -I. -I. -I.. -I../../../include/compiler/msvc -I../../../include/os/WIN32 -I../../../include       -I\EPICS/base/include/compiler/msvc -I\EPICS/base/include/os/WIN32 -I\EPICS/base/include         -I\EPICS/support/asyn/include  -I\EPICS/support/areaDetector/ADBinaries/include/os/WIN32 -I\EPICS/support/areaDetector/ADBinaries/include                                tinyxml.d ../tinyxml.cpp
perl -CSD D:/EPICS/base/bin/win32-x86/mkmf.pl  -m myAttributeFunctions.d -I. -I../O.Common -I. -I. -I.. -I../../../include/compiler/msvc -I../../../include/os/WIN32 -I../../../include       -I\EPICS/base/include/compiler/msvc -I\EPICS/base/include/os/WIN32 -I\EPICS/base/include         -I\EPICS/support/asyn/include  -I\EPICS/support/areaDetector/ADBinaries/include/os/WIN32 -I\EPICS/support/areaDetector/ADBinaries/include                                myAttributeFunctions.d ../myAttributeFunctions.cpp
perl -CSD D:/EPICS/base/bin/win32-x86/mkmf.pl  -m myTimeStampSource.d -I. -I../O.Common -I. -I. -I.. -I../../../include/compiler/msvc -I../../../include/os/WIN32 -I../../../include       -I\EPICS/base/include/compiler/msvc -I\EPICS/base/include/os/WIN32 -I\EPICS/base/include         -I\EPICS/support/asyn/include  -I\EPICS/support/areaDetector/ADBinaries/include/os/WIN32 -I\EPICS/support/areaDetector/ADBinaries/include                                myTimeStampSource.d ../myTimeStampSource.cpp
perl -CSD D:/EPICS/base/bin/win32-x86/mkmf.pl  -m parseAreaPrefixes.d -I. -I../O.Common -I. -I. -I.. -I../../../include/compiler/msvc -I../../../include/os/WIN32 -I../../../include       -I\EPICS/base/include/compiler/msvc -I\EPICS/base/include/os/WIN32 -I\EPICS/base/include         -I\EPICS/support/asyn/include  -I\EPICS/support/areaDetector/ADBinaries/include/os/WIN32 -I\EPICS/support/areaDetector/ADBinaries/include                                parseAreaPrefixes.d ../parseAreaPrefixes.c
perl -CSD D:/EPICS/base/bin/win32-x86/mkmf.pl  -m functAttribute.d -I. -I../O.Common -I. -I. -I.. -I../../../include/compiler/msvc -I../../../include/os/WIN32 -I../../../include       -I\EPICS/base/include/compiler/msvc -I\EPICS/base/include/os/WIN32 -I\EPICS/base/include         -I\EPICS/support/asyn/include  -I\EPICS/support/areaDetector/ADBinaries/include/os/WIN32 -I\EPICS/support/areaDetector/ADBinaries/include                                functAttribute.d ../functAttribute.cpp
perl -CSD D:/EPICS/base/bin/win32-x86/mkmf.pl  -m PVAttribute.d -I. -I../O.Common -I. -I. -I.. -I../../../include/compiler/msvc -I../../../include/os/WIN32 -I../../../include       -I\EPICS/base/include/compiler/msvc -I\EPICS/base/include/os/WIN32 -I\EPICS/base/include         -I\EPICS/support/asyn/include  -I\EPICS/support/areaDetector/ADBinaries/include/os/WIN32 -I\EPICS/support/areaDetector/ADBinaries/include                                PVAttribute.d ../PVAttribute.cpp
perl -CSD D:/EPICS/base/bin/win32-x86/mkmf.pl  -m paramAttribute.d -I. -I../O.Common -I. -I. -I.. -I../../../include/compiler/msvc -I../../../include/os/WIN32 -I../../../include       -I\EPICS/base/include/compiler/msvc -I\EPICS/base/include/os/WIN32 -I\EPICS/base/include         -I\EPICS/support/asyn/include  -I\EPICS/support/areaDetector/ADBinaries/include/os/WIN32 -I\EPICS/support/areaDetector/ADBinaries/include                                paramAttribute.d ../paramAttribute.cpp
perl -CSD D:/EPICS/base/bin/win32-x86/mkmf.pl  -m ADDriver.d -I. -I../O.Common -I. -I. -I.. -I../../../include/compiler/msvc -I../../../include/os/WIN32 -I../../../include       -I\EPICS/base/include/compiler/msvc -I\EPICS/base/include/os/WIN32 -I\EPICS/base/include         -I\EPICS/support/asyn/include  -I\EPICS/support/areaDetector/ADBinaries/include/os/WIN32 -I\EPICS/support/areaDetector/ADBinaries/include                                ADDriver.d ../ADDriver.cpp
perl -CSD D:/EPICS/base/bin/win32-x86/mkmf.pl  -m asynNDArrayDriver.d -I. -I../O.Common -I. -I. -I.. -I../../../include/compiler/msvc -I../../../include/os/WIN32 -I../../../include       -I\EPICS/base/include/compiler/msvc -I\EPICS/base/include/os/WIN32 -I\EPICS/base/include         -I\EPICS/support/asyn/include  -I\EPICS/support/areaDetector/ADBinaries/include/os/WIN32 -I\EPICS/support/areaDetector/ADBinaries/include                                asynNDArrayDriver.d ../asynNDArrayDriver.cpp
perl -CSD D:/EPICS/base/bin/win32-x86/mkmf.pl  -m NDArray.d -I. -I../O.Common -I. -I. -I.. -I../../../include/compiler/msvc -I../../../include/os/WIN32 -I../../../include       -I\EPICS/base/include/compiler/msvc -I\EPICS/base/include/os/WIN32 -I\EPICS/base/include         -I\EPICS/support/asyn/include  -I\EPICS/support/areaDetector/ADBinaries/include/os/WIN32 -I\EPICS/support/areaDetector/ADBinaries/include                                NDArray.d ../NDArray.cpp
perl -CSD D:/EPICS/base/bin/win32-x86/mkmf.pl  -m NDArrayPool.d -I. -I../O.Common -I. -I. -I.. -I../../../include/compiler/msvc -I../../../include/os/WIN32 -I../../../include       -I\EPICS/base/include/compiler/msvc -I\EPICS/base/include/os/WIN32 -I\EPICS/base/include         -I\EPICS/support/asyn/include  -I\EPICS/support/areaDetector/ADBinaries/include/os/WIN32 -I\EPICS/support/areaDetector/ADBinaries/include                                NDArrayPool.d ../NDArrayPool.cpp
perl -CSD D:/EPICS/base/bin/win32-x86/mkmf.pl  -m NDAttributeList.d -I. -I../O.Common -I. -I. -I.. -I../../../include/compiler/msvc -I../../../include/os/WIN32 -I../../../include       -I\EPICS/base/include/compiler/msvc -I\EPICS/base/include/os/WIN32 -I\EPICS/base/include         -I\EPICS/support/asyn/include  -I\EPICS/support/areaDetector/ADBinaries/include/os/WIN32 -I\EPICS/support/areaDetector/ADBinaries/include                                NDAttributeList.d ../NDAttributeList.cpp
perl -CSD D:/EPICS/base/bin/win32-x86/mkmf.pl  -m NDAttribute.d -I. -I../O.Common -I. -I. -I.. -I../../../include/compiler/msvc -I../../../include/os/WIN32 -I../../../include       -I\EPICS/base/include/compiler/msvc -I\EPICS/base/include/os/WIN32 -I\EPICS/base/include         -I\EPICS/support/asyn/include  -I\EPICS/support/areaDetector/ADBinaries/include/os/WIN32 -I\EPICS/support/areaDetector/ADBinaries/include                                NDAttribute.d ../NDAttribute.cpp
"Installing dbd file ../../../dbd/ADSupport.dbd"
mkdir ../../../dbd
"Installing dbd file ../../../dbd/commonDriverSupport.dbd"
"Installing generic include file ../../../include/ADCoreVersion.h"
mkdir ../../../include
"Installing generic include file ../../../include/NDAttribute.h"
"Installing generic include file ../../../include/NDAttributeList.h"
"Installing generic include file ../../../include/NDArray.h"
"Installing generic include file ../../../include/PVAttribute.h"
"Installing generic include file ../../../include/paramAttribute.h"
"Installing generic include file ../../../include/functAttribute.h"
"Installing generic include file ../../../include/asynNDArrayDriver.h"
"Installing generic include file ../../../include/ADDriver.h"
"Installing generic include file ../../../include/tinyxml.h"
"Installing generic include file ../../../include/tinystr.h"
cl -EHsc -GR                -nologo -D__STDC__=0 -D_CRT_SECURE_NO_DEPRECATE -D_CRT_NONSTDC_NO_DEPRECATE   -Ox -GL -Oy-   -W3 -w44355        -MD -DEPICS_BUILD_DLL -DEPICS_CALL_DLL -TP  -I. -I../O.Common -I. -I. -I.. -I../../../include/compiler/msvc -I../../../include/os/WIN32 -I../../../include       -I\EPICS/base/include/compiler/msvc -I\EPICS/base/include/os/WIN32 -I\EPICS/base/include         -I\EPICS/support/asyn/include  -I\EPICS/support/areaDetector/ADBinaries/include/os/WIN32 -I\EPICS/support/areaDetector/ADBinaries/include   -I\EPICS/support/areaDetector/ADCore/include                             -c ../NDAttribute.cpp
NDAttribute.cpp
cl -EHsc -GR                -nologo -D__STDC__=0 -D_CRT_SECURE_NO_DEPRECATE -D_CRT_NONSTDC_NO_DEPRECATE   -Ox -GL -Oy-   -W3 -w44355        -MD -DEPICS_BUILD_DLL -DEPICS_CALL_DLL -TP  -I. -I../O.Common -I. -I. -I.. -I../../../include/compiler/msvc -I../../../include/os/WIN32 -I../../../include       -I\EPICS/base/include/compiler/msvc -I\EPICS/base/include/os/WIN32 -I\EPICS/base/include         -I\EPICS/support/asyn/include  -I\EPICS/support/areaDetector/ADBinaries/include/os/WIN32 -I\EPICS/support/areaDetector/ADBinaries/include   -I\EPICS/support/areaDetector/ADCore/include                             -c ../NDAttributeList.cpp
NDAttributeList.cpp
cl -EHsc -GR                -nologo -D__STDC__=0 -D_CRT_SECURE_NO_DEPRECATE -D_CRT_NONSTDC_NO_DEPRECATE   -Ox -GL -Oy-   -W3 -w44355        -MD -DEPICS_BUILD_DLL -DEPICS_CALL_DLL -TP  -I. -I../O.Common -I. -I. -I.. -I../../../include/compiler/msvc -I../../../include/os/WIN32 -I../../../include       -I\EPICS/base/include/compiler/msvc -I\EPICS/base/include/os/WIN32 -I\EPICS/base/include         -I\EPICS/support/asyn/include  -I\EPICS/support/areaDetector/ADBinaries/include/os/WIN32 -I\EPICS/support/areaDetector/ADBinaries/include   -I\EPICS/support/areaDetector/ADCore/include                             -c ../NDArrayPool.cpp
NDArrayPool.cpp
cl -EHsc -GR                -nologo -D__STDC__=0 -D_CRT_SECURE_NO_DEPRECATE -D_CRT_NONSTDC_NO_DEPRECATE   -Ox -GL -Oy-   -W3 -w44355        -MD -DEPICS_BUILD_DLL -DEPICS_CALL_DLL -TP  -I. -I../O.Common -I. -I. -I.. -I../../../include/compiler/msvc -I../../../include/os/WIN32 -I../../../include       -I\EPICS/base/include/compiler/msvc -I\EPICS/base/include/os/WIN32 -I\EPICS/base/include         -I\EPICS/support/asyn/include  -I\EPICS/support/areaDetector/ADBinaries/include/os/WIN32 -I\EPICS/support/areaDetector/ADBinaries/include   -I\EPICS/support/areaDetector/ADCore/include                             -c ../NDArray.cpp
NDArray.cpp
cl -EHsc -GR                -nologo -D__STDC__=0 -D_CRT_SECURE_NO_DEPRECATE -D_CRT_NONSTDC_NO_DEPRECATE   -Ox -GL -Oy-   -W3 -w44355        -MD -DEPICS_BUILD_DLL -DEPICS_CALL_DLL -TP  -I. -I../O.Common -I. -I. -I.. -I../../../include/compiler/msvc -I../../../include/os/WIN32 -I../../../include       -I\EPICS/base/include/compiler/msvc -I\EPICS/base/include/os/WIN32 -I\EPICS/base/include         -I\EPICS/support/asyn/include  -I\EPICS/support/areaDetector/ADBinaries/include/os/WIN32 -I\EPICS/support/areaDetector/ADBinaries/include   -I\EPICS/support/areaDetector/ADCore/include                             -c ../asynNDArrayDriver.cpp
asynNDArrayDriver.cpp
../asynNDArrayDriver.cpp(126) : warning C4101: 'saveptr' : unreferenced local variable
cl -EHsc -GR                -nologo -D__STDC__=0 -D_CRT_SECURE_NO_DEPRECATE -D_CRT_NONSTDC_NO_DEPRECATE   -Ox -GL -Oy-   -W3 -w44355        -MD -DEPICS_BUILD_DLL -DEPICS_CALL_DLL -TP  -I. -I../O.Common -I. -I. -I.. -I../../../include/compiler/msvc -I../../../include/os/WIN32 -I../../../include       -I\EPICS/base/include/compiler/msvc -I\EPICS/base/include/os/WIN32 -I\EPICS/base/include         -I\EPICS/support/asyn/include  -I\EPICS/support/areaDetector/ADBinaries/include/os/WIN32 -I\EPICS/support/areaDetector/ADBinaries/include   -I\EPICS/support/areaDetector/ADCore/include                             -c ../ADDriver.cpp
ADDriver.cpp
cl -EHsc -GR                -nologo -D__STDC__=0 -D_CRT_SECURE_NO_DEPRECATE -D_CRT_NONSTDC_NO_DEPRECATE   -Ox -GL -Oy-   -W3 -w44355        -MD -DEPICS_BUILD_DLL -DEPICS_CALL_DLL -TP  -I. -I../O.Common -I. -I. -I.. -I../../../include/compiler/msvc -I../../../include/os/WIN32 -I../../../include       -I\EPICS/base/include/compiler/msvc -I\EPICS/base/include/os/WIN32 -I\EPICS/base/include         -I\EPICS/support/asyn/include  -I\EPICS/support/areaDetector/ADBinaries/include/os/WIN32 -I\EPICS/support/areaDetector/ADBinaries/include   -I\EPICS/support/areaDetector/ADCore/include                             -c ../paramAttribute.cpp
paramAttribute.cpp
cl -EHsc -GR                -nologo -D__STDC__=0 -D_CRT_SECURE_NO_DEPRECATE -D_CRT_NONSTDC_NO_DEPRECATE   -Ox -GL -Oy-   -W3 -w44355        -MD -DEPICS_BUILD_DLL -DEPICS_CALL_DLL -TP  -I. -I../O.Common -I. -I. -I.. -I../../../include/compiler/msvc -I../../../include/os/WIN32 -I../../../include       -I\EPICS/base/include/compiler/msvc -I\EPICS/base/include/os/WIN32 -I\EPICS/base/include         -I\EPICS/support/asyn/include  -I\EPICS/support/areaDetector/ADBinaries/include/os/WIN32 -I\EPICS/support/areaDetector/ADBinaries/include   -I\EPICS/support/areaDetector/ADCore/include                             -c ../PVAttribute.cpp
PVAttribute.cpp
cl -EHsc -GR                -nologo -D__STDC__=0 -D_CRT_SECURE_NO_DEPRECATE -D_CRT_NONSTDC_NO_DEPRECATE   -Ox -GL -Oy-   -W3 -w44355        -MD -DEPICS_BUILD_DLL -DEPICS_CALL_DLL -TP  -I. -I../O.Common -I. -I. -I.. -I../../../include/compiler/msvc -I../../../include/os/WIN32 -I../../../include       -I\EPICS/base/include/compiler/msvc -I\EPICS/base/include/os/WIN32 -I\EPICS/base/include         -I\EPICS/support/asyn/include  -I\EPICS/support/areaDetector/ADBinaries/include/os/WIN32 -I\EPICS/support/areaDetector/ADBinaries/include   -I\EPICS/support/areaDetector/ADCore/include                             -c ../functAttribute.cpp
functAttribute.cpp
cl                -nologo -D__STDC__=0 -D_CRT_SECURE_NO_DEPRECATE -D_CRT_NONSTDC_NO_DEPRECATE   -Ox -GL -Oy-   -W3 -w44355        -MD -DEPICS_BUILD_DLL -DEPICS_CALL_DLL   -I. -I../O.Common -I. -I. -I.. -I../../../include/compiler/msvc -I../../../include/os/WIN32 -I../../../include       -I\EPICS/base/include/compiler/msvc -I\EPICS/base/include/os/WIN32 -I\EPICS/base/include         -I\EPICS/support/asyn/include  -I\EPICS/support/areaDetector/ADBinaries/include/os/WIN32 -I\EPICS/support/areaDetector/ADBinaries/include   -I\EPICS/support/areaDetector/ADCore/include                             -c ../parseAreaPrefixes.c
parseAreaPrefixes.c
cl -EHsc -GR                -nologo -D__STDC__=0 -D_CRT_SECURE_NO_DEPRECATE -D_CRT_NONSTDC_NO_DEPRECATE   -Ox -GL -Oy-   -W3 -w44355        -MD -DEPICS_BUILD_DLL -DEPICS_CALL_DLL -TP  -I. -I../O.Common -I. -I. -I.. -I../../../include/compiler/msvc -I../../../include/os/WIN32 -I../../../include       -I\EPICS/base/include/compiler/msvc -I\EPICS/base/include/os/WIN32 -I\EPICS/base/include         -I\EPICS/support/asyn/include  -I\EPICS/support/areaDetector/ADBinaries/include/os/WIN32 -I\EPICS/support/areaDetector/ADBinaries/include   -I\EPICS/support/areaDetector/ADCore/include                             -c ../myTimeStampSource.cpp
myTimeStampSource.cpp
cl -EHsc -GR                -nologo -D__STDC__=0 -D_CRT_SECURE_NO_DEPRECATE -D_CRT_NONSTDC_NO_DEPRECATE   -Ox -GL -Oy-   -W3 -w44355        -MD -DEPICS_BUILD_DLL -DEPICS_CALL_DLL -TP  -I. -I../O.Common -I. -I. -I.. -I../../../include/compiler/msvc -I../../../include/os/WIN32 -I../../../include       -I\EPICS/base/include/compiler/msvc -I\EPICS/base/include/os/WIN32 -I\EPICS/base/include         -I\EPICS/support/asyn/include  -I\EPICS/support/areaDetector/ADBinaries/include/os/WIN32 -I\EPICS/support/areaDetector/ADBinaries/include   -I\EPICS/support/areaDetector/ADCore/include                             -c ../myAttributeFunctions.cpp
myAttributeFunctions.cpp
cl -EHsc -GR                -nologo -D__STDC__=0 -D_CRT_SECURE_NO_DEPRECATE -D_CRT_NONSTDC_NO_DEPRECATE   -Ox -GL -Oy-   -W3 -w44355        -MD -DEPICS_BUILD_DLL -DEPICS_CALL_DLL -TP  -I. -I../O.Common -I. -I. -I.. -I../../../include/compiler/msvc -I../../../include/os/WIN32 -I../../../include       -I\EPICS/base/include/compiler/msvc -I\EPICS/base/include/os/WIN32 -I\EPICS/base/include         -I\EPICS/support/asyn/include  -I\EPICS/support/areaDetector/ADBinaries/include/os/WIN32 -I\EPICS/support/areaDetector/ADBinaries/include   -I\EPICS/support/areaDetector/ADCore/include                             -c ../tinyxml.cpp
tinyxml.cpp
cl -EHsc -GR                -nologo -D__STDC__=0 -D_CRT_SECURE_NO_DEPRECATE -D_CRT_NONSTDC_NO_DEPRECATE   -Ox -GL -Oy-   -W3 -w44355        -MD -DEPICS_BUILD_DLL -DEPICS_CALL_DLL -TP  -I. -I../O.Common -I. -I. -I.. -I../../../include/compiler/msvc -I../../../include/os/WIN32 -I../../../include       -I\EPICS/base/include/compiler/msvc -I\EPICS/base/include/os/WIN32 -I\EPICS/base/include         -I\EPICS/support/asyn/include  -I\EPICS/support/areaDetector/ADBinaries/include/os/WIN32 -I\EPICS/support/areaDetector/ADBinaries/include   -I\EPICS/support/areaDetector/ADCore/include                             -c ../tinystr.cpp
tinystr.cpp
cl -EHsc -GR                -nologo -D__STDC__=0 -D_CRT_SECURE_NO_DEPRECATE -D_CRT_NONSTDC_NO_DEPRECATE   -Ox -GL -Oy-   -W3 -w44355        -MD -DEPICS_BUILD_DLL -DEPICS_CALL_DLL -TP  -I. -I../O.Common -I. -I. -I.. -I../../../include/compiler/msvc -I../../../include/os/WIN32 -I../../../include       -I\EPICS/base/include/compiler/msvc -I\EPICS/base/include/os/WIN32 -I\EPICS/base/include         -I\EPICS/support/asyn/include  -I\EPICS/support/areaDetector/ADBinaries/include/os/WIN32 -I\EPICS/support/areaDetector/ADBinaries/include   -I\EPICS/support/areaDetector/ADCore/include                             -c ../tinyxmlparser.cpp
tinyxmlparser.cpp
cl -EHsc -GR                -nologo -D__STDC__=0 -D_CRT_SECURE_NO_DEPRECATE -D_CRT_NONSTDC_NO_DEPRECATE   -Ox -GL -Oy-   -W3 -w44355        -MD -DEPICS_BUILD_DLL -DEPICS_CALL_DLL -TP  -I. -I../O.Common -I. -I. -I.. -I../../../include/compiler/msvc -I../../../include/os/WIN32 -I../../../include       -I\EPICS/base/include/compiler/msvc -I\EPICS/base/include/os/WIN32 -I\EPICS/base/include         -I\EPICS/support/asyn/include  -I\EPICS/support/areaDetector/ADBinaries/include/os/WIN32 -I\EPICS/support/areaDetector/ADBinaries/include   -I\EPICS/support/areaDetector/ADCore/include                             -c ../tinyxmlerror.cpp
tinyxmlerror.cpp
link -nologo /subsystem:windows /dll -LTCG -incremental:no -opt:ref -release       -out:ADBase.dll -implib:ADBase.lib         NDAttribute.obj NDAttributeList.obj NDArrayPool.obj NDArray.obj asynNDArrayDriver.obj ADDriver.obj paramAttribute.obj PVAttribute.obj functAttribute.obj parseAreaPrefixes.obj myTimeStampSource.obj myAttributeFunctions.obj tinyxml.obj tinystr.obj tinyxmlparser.obj tinyxmlerror.obj      \EPICS/support/asyn/lib/win32-x86/asyn.lib  \EPICS/base/lib/win32-x86/dbRecStd.lib  \EPICS/base/lib/win32-x86/dbCore.lib  \EPICS/base/lib/win32-x86/ca.lib  \EPICS/base/lib/win32-x86/Com.lib 
   Creating library ADBase.lib and object ADBase.exp
Generating code
Finished generating code
"Installing shared library ../../../bin/win32-x86/ADBase.dll"
mkdir ../../../bin/win32-x86
"Installing library ../../../lib/win32-x86/ADBase.lib"
mkdir ../../../lib/win32-x86
make[4]: Leaving directory 'D:/EPICS/support/areaDetector/ADCore/ADApp/ADSrc/O.win32-x86'
make[3]: Leaving directory 'D:/EPICS/support/areaDetector/ADCore/ADApp/ADSrc'
make -C ./netCDFSrc install 
make[3]: Entering directory 'D:/EPICS/support/areaDetector/ADCore/ADApp/netCDFSrc'
perl -CSD D:/EPICS/base/bin/win32-x86/makeMakefile.pl O.win32-x86 ../../..
perl -CSD -MExtUtils::Command -e mkpath O.Common
make -C O.win32-x86 -f ../Makefile TOP=../../.. \
    T_A=win32-x86 install
make[4]: Entering directory 'D:/EPICS/support/areaDetector/ADCore/ADApp/netCDFSrc/O.win32-x86'
perl -CSD D:/EPICS/base/bin/win32-x86/mkmf.pl  -m stub.d -I. -I../O.Common -I. -I. -I.. -I../../../ADApp/netCDFSrc/inc -I../../../ADApp/netCDFSrc/libsrc -I../../../ADApp/netCDFSrc/libdispatch -I../../../ADApp/netCDFSrc/liblib -I../../../include/compiler/msvc -I../../../include/os/WIN32 -I../../../include       -I\EPICS/base/include/compiler/msvc -I\EPICS/base/include/os/WIN32 -I\EPICS/base/include         -I\EPICS/support/asyn/include  -I\EPICS/support/areaDetector/ADBinaries/include/os/WIN32 -I\EPICS/support/areaDetector/ADBinaries/include   -I\EPICS/support/areaDetector/ADCore/include                             stub.d ../../../ADApp/netCDFSrc/liblib/stub.c
perl -CSD D:/EPICS/base/bin/win32-x86/mkmf.pl  -m var1.d -I. -I../O.Common -I. -I. -I.. -I../../../ADApp/netCDFSrc/inc -I../../../ADApp/netCDFSrc/libsrc -I../../../ADApp/netCDFSrc/libdispatch -I../../../ADApp/netCDFSrc/liblib -I../../../include/compiler/msvc -I../../../include/os/WIN32 -I../../../include       -I\EPICS/base/include/compiler/msvc -I\EPICS/base/include/os/WIN32 -I\EPICS/base/include         -I\EPICS/support/asyn/include  -I\EPICS/support/areaDetector/ADBinaries/include/os/WIN32 -I\EPICS/support/areaDetector/ADBinaries/include   -I\EPICS/support/areaDetector/ADCore/include                             var1.d ../../../ADApp/netCDFSrc/libdispatch/var1.c
perl -CSD D:/EPICS/base/bin/win32-x86/mkmf.pl  -m nc_uri.d -I. -I../O.Common -I. -I. -I.. -I../../../ADApp/netCDFSrc/inc -I../../../ADApp/netCDFSrc/libsrc -I../../../ADApp/netCDFSrc/libdispatch -I../../../ADApp/netCDFSrc/liblib -I../../../include/compiler/msvc -I../../../include/os/WIN32 -I../../../include       -I\EPICS/base/include/compiler/msvc -I\EPICS/base/include/os/WIN32 -I\EPICS/base/include         -I\EPICS/support/asyn/include  -I\EPICS/support/areaDetector/ADBinaries/include/os/WIN32 -I\EPICS/support/areaDetector/ADBinaries/include   -I\EPICS/support/areaDetector/ADCore/include                             nc_uri.d ../../../ADApp/netCDFSrc/libdispatch/nc_uri.c
perl -CSD D:/EPICS/base/bin/win32-x86/mkmf.pl  -m file.d -I. -I../O.Common -I. -I. -I.. -I../../../ADApp/netCDFSrc/inc -I../../../ADApp/netCDFSrc/libsrc -I../../../ADApp/netCDFSrc/libdispatch -I../../../ADApp/netCDFSrc/liblib -I../../../include/compiler/msvc -I../../../include/os/WIN32 -I../../../include       -I\EPICS/base/include/compiler/msvc -I\EPICS/base/include/os/WIN32 -I\EPICS/base/include         -I\EPICS/support/asyn/include  -I\EPICS/support/areaDetector/ADBinaries/include/os/WIN32 -I\EPICS/support/areaDetector/ADBinaries/include   -I\EPICS/support/areaDetector/ADCore/include                             file.d ../../../ADApp/netCDFSrc/libdispatch/file.c
perl -CSD D:/EPICS/base/bin/win32-x86/mkmf.pl  -m error.d -I. -I../O.Common -I. -I. -I.. -I../../../ADApp/netCDFSrc/inc -I../../../ADApp/netCDFSrc/libsrc -I../../../ADApp/netCDFSrc/libdispatch -I../../../ADApp/netCDFSrc/liblib -I../../../include/compiler/msvc -I../../../include/os/WIN32 -I../../../include       -I\EPICS/base/include/compiler/msvc -I\EPICS/base/include/os/WIN32 -I\EPICS/base/include         -I\EPICS/support/asyn/include  -I\EPICS/support/areaDetector/ADBinaries/include/os/WIN32 -I\EPICS/support/areaDetector/ADBinaries/include   -I\EPICS/support/areaDetector/ADCore/include                             error.d ../../../ADApp/netCDFSrc/libdispatch/error.c
perl -CSD D:/EPICS/base/bin/win32-x86/mkmf.pl  -m dispatch.d -I. -I../O.Common -I. -I. -I.. -I../../../ADApp/netCDFSrc/inc -I../../../ADApp/netCDFSrc/libsrc -I../../../ADApp/netCDFSrc/libdispatch -I../../../ADApp/netCDFSrc/liblib -I../../../include/compiler/msvc -I../../../include/os/WIN32 -I../../../include       -I\EPICS/base/include/compiler/msvc -I\EPICS/base/include/os/WIN32 -I\EPICS/base/include         -I\EPICS/support/asyn/include  -I\EPICS/support/areaDetector/ADBinaries/include/os/WIN32 -I\EPICS/support/areaDetector/ADBinaries/include   -I\EPICS/support/areaDetector/ADCore/include                             dispatch.d ../../../ADApp/netCDFSrc/libdispatch/dispatch.c
perl -CSD D:/EPICS/base/bin/win32-x86/mkmf.pl  -m dim1.d -I. -I../O.Common -I. -I. -I.. -I../../../ADApp/netCDFSrc/inc -I../../../ADApp/netCDFSrc/libsrc -I../../../ADApp/netCDFSrc/libdispatch -I../../../ADApp/netCDFSrc/liblib -I../../../include/compiler/msvc -I../../../include/os/WIN32 -I../../../include       -I\EPICS/base/include/compiler/msvc -I\EPICS/base/include/os/WIN32 -I\EPICS/base/include         -I\EPICS/support/asyn/include  -I\EPICS/support/areaDetector/ADBinaries/include/os/WIN32 -I\EPICS/support/areaDetector/ADBinaries/include   -I\EPICS/support/areaDetector/ADCore/include                             dim1.d ../../../ADApp/netCDFSrc/libdispatch/dim1.c
perl -CSD D:/EPICS/base/bin/win32-x86/mkmf.pl  -m att.d -I. -I../O.Common -I. -I. -I.. -I../../../ADApp/netCDFSrc/inc -I../../../ADApp/netCDFSrc/libsrc -I../../../ADApp/netCDFSrc/libdispatch -I../../../ADApp/netCDFSrc/liblib -I../../../include/compiler/msvc -I../../../include/os/WIN32 -I../../../include       -I\EPICS/base/include/compiler/msvc -I\EPICS/base/include/os/WIN32 -I\EPICS/base/include         -I\EPICS/support/asyn/include  -I\EPICS/support/areaDetector/ADBinaries/include/os/WIN32 -I\EPICS/support/areaDetector/ADBinaries/include   -I\EPICS/support/areaDetector/ADCore/include                             att.d ../../../ADApp/netCDFSrc/libdispatch/att.c
perl -CSD D:/EPICS/base/bin/win32-x86/mkmf.pl  -m var.d -I. -I../O.Common -I. -I. -I.. -I../../../ADApp/netCDFSrc/inc -I../../../ADApp/netCDFSrc/libsrc -I../../../ADApp/netCDFSrc/libdispatch -I../../../ADApp/netCDFSrc/liblib -I../../../include/compiler/msvc -I../../../include/os/WIN32 -I../../../include       -I\EPICS/base/include/compiler/msvc -I\EPICS/base/include/os/WIN32 -I\EPICS/base/include         -I\EPICS/support/asyn/include  -I\EPICS/support/areaDetector/ADBinaries/include/os/WIN32 -I\EPICS/support/areaDetector/ADBinaries/include   -I\EPICS/support/areaDetector/ADCore/include                             var.d ../../../ADApp/netCDFSrc/libsrc/var.c
perl -CSD D:/EPICS/base/bin/win32-x86/mkmf.pl  -m v1hpg.d -I. -I../O.Common -I. -I. -I.. -I../../../ADApp/netCDFSrc/inc -I../../../ADApp/netCDFSrc/libsrc -I../../../ADApp/netCDFSrc/libdispatch -I../../../ADApp/netCDFSrc/liblib -I../../../include/compiler/msvc -I../../../include/os/WIN32 -I../../../include       -I\EPICS/base/include/compiler/msvc -I\EPICS/base/include/os/WIN32 -I\EPICS/base/include         -I\EPICS/support/asyn/include  -I\EPICS/support/areaDetector/ADBinaries/include/os/WIN32 -I\EPICS/support/areaDetector/ADBinaries/include   -I\EPICS/support/areaDetector/ADCore/include                             v1hpg.d ../../../ADApp/netCDFSrc/libsrc/v1hpg.c
perl -CSD D:/EPICS/base/bin/win32-x86/mkmf.pl  -m utf8proc.d -I. -I../O.Common -I. -I. -I.. -I../../../ADApp/netCDFSrc/inc -I../../../ADApp/netCDFSrc/libsrc -I../../../ADApp/netCDFSrc/libdispatch -I../../../ADApp/netCDFSrc/liblib -I../../../include/compiler/msvc -I../../../include/os/WIN32 -I../../../include       -I\EPICS/base/include/compiler/msvc -I\EPICS/base/include/os/WIN32 -I\EPICS/base/include         -I\EPICS/support/asyn/include  -I\EPICS/support/areaDetector/ADBinaries/include/os/WIN32 -I\EPICS/support/areaDetector/ADBinaries/include   -I\EPICS/support/areaDetector/ADCore/include                             utf8proc.d ../../../ADApp/netCDFSrc/libsrc/utf8proc.c
perl -CSD D:/EPICS/base/bin/win32-x86/mkmf.pl  -m string.d -I. -I../O.Common -I. -I. -I.. -I../../../ADApp/netCDFSrc/inc -I../../../ADApp/netCDFSrc/libsrc -I../../../ADApp/netCDFSrc/libdispatch -I../../../ADApp/netCDFSrc/liblib -I../../../include/compiler/msvc -I../../../include/os/WIN32 -I../../../include       -I\EPICS/base/include/compiler/msvc -I\EPICS/base/include/os/WIN32 -I\EPICS/base/include         -I\EPICS/support/asyn/include  -I\EPICS/support/areaDetector/ADBinaries/include/os/WIN32 -I\EPICS/support/areaDetector/ADBinaries/include   -I\EPICS/support/areaDetector/ADCore/include                             string.d ../../../ADApp/netCDFSrc/libsrc/string.c
perl -CSD D:/EPICS/base/bin/win32-x86/mkmf.pl  -m putget.d -I. -I../O.Common -I. -I. -I.. -I../../../ADApp/netCDFSrc/inc -I../../../ADApp/netCDFSrc/libsrc -I../../../ADApp/netCDFSrc/libdispatch -I../../../ADApp/netCDFSrc/liblib -I../../../include/compiler/msvc -I../../../include/os/WIN32 -I../../../include       -I\EPICS/base/include/compiler/msvc -I\EPICS/base/include/os/WIN32 -I\EPICS/base/include         -I\EPICS/support/asyn/include  -I\EPICS/support/areaDetector/ADBinaries/include/os/WIN32 -I\EPICS/support/areaDetector/ADBinaries/include   -I\EPICS/support/areaDetector/ADCore/include                             putget.d ../../../ADApp/netCDFSrc/libsrc/putget.c
perl -CSD D:/EPICS/base/bin/win32-x86/mkmf.pl  -m posixio.d -I. -I../O.Common -I. -I. -I.. -I../../../ADApp/netCDFSrc/inc -I../../../ADApp/netCDFSrc/libsrc -I../../../ADApp/netCDFSrc/libdispatch -I../../../ADApp/netCDFSrc/liblib -I../../../include/compiler/msvc -I../../../include/os/WIN32 -I../../../include       -I\EPICS/base/include/compiler/msvc -I\EPICS/base/include/os/WIN32 -I\EPICS/base/include         -I\EPICS/support/asyn/include  -I\EPICS/support/areaDetector/ADBinaries/include/os/WIN32 -I\EPICS/support/areaDetector/ADBinaries/include   -I\EPICS/support/areaDetector/ADCore/include                             posixio.d ../../../ADApp/netCDFSrc/libsrc/posixio.c
perl -CSD D:/EPICS/base/bin/win32-x86/mkmf.pl  -m ncx.d -I. -I../O.Common -I. -I. -I.. -I../../../ADApp/netCDFSrc/inc -I../../../ADApp/netCDFSrc/libsrc -I../../../ADApp/netCDFSrc/libdispatch -I../../../ADApp/netCDFSrc/liblib -I../../../include/compiler/msvc -I../../../include/os/WIN32 -I../../../include       -I\EPICS/base/include/compiler/msvc -I\EPICS/base/include/os/WIN32 -I\EPICS/base/include         -I\EPICS/support/asyn/include  -I\EPICS/support/areaDetector/ADBinaries/include/os/WIN32 -I\EPICS/support/areaDetector/ADBinaries/include   -I\EPICS/support/areaDetector/ADCore/include                             ncx.d ../../../ADApp/netCDFSrc/libsrc/ncx.c
perl -CSD D:/EPICS/base/bin/win32-x86/mkmf.pl  -m nclistmgr.d -I. -I../O.Common -I. -I. -I.. -I../../../ADApp/netCDFSrc/inc -I../../../ADApp/netCDFSrc/libsrc -I../../../ADApp/netCDFSrc/libdispatch -I../../../ADApp/netCDFSrc/liblib -I../../../include/compiler/msvc -I../../../include/os/WIN32 -I../../../include       -I\EPICS/base/include/compiler/msvc -I\EPICS/base/include/os/WIN32 -I\EPICS/base/include         -I\EPICS/support/asyn/include  -I\EPICS/support/areaDetector/ADBinaries/include/os/WIN32 -I\EPICS/support/areaDetector/ADBinaries/include   -I\EPICS/support/areaDetector/ADCore/include                             nclistmgr.d ../../../ADApp/netCDFSrc/libsrc/nclistmgr.c
perl -CSD D:/EPICS/base/bin/win32-x86/mkmf.pl  -m nc3dispatch.d -I. -I../O.Common -I. -I. -I.. -I../../../ADApp/netCDFSrc/inc -I../../../ADApp/netCDFSrc/libsrc -I../../../ADApp/netCDFSrc/libdispatch -I../../../ADApp/netCDFSrc/liblib -I../../../include/compiler/msvc -I../../../include/os/WIN32 -I../../../include       -I\EPICS/base/include/compiler/msvc -I\EPICS/base/include/os/WIN32 -I\EPICS/base/include         -I\EPICS/support/asyn/include  -I\EPICS/support/areaDetector/ADBinaries/include/os/WIN32 -I\EPICS/support/areaDetector/ADBinaries/include   -I\EPICS/support/areaDetector/ADCore/include                             nc3dispatch.d ../../../ADApp/netCDFSrc/libsrc/nc3dispatch.c
perl -CSD D:/EPICS/base/bin/win32-x86/mkmf.pl  -m nc.d -I. -I../O.Common -I. -I. -I.. -I../../../ADApp/netCDFSrc/inc -I../../../ADApp/netCDFSrc/libsrc -I../../../ADApp/netCDFSrc/libdispatch -I../../../ADApp/netCDFSrc/liblib -I../../../include/compiler/msvc -I../../../include/os/WIN32 -I../../../include       -I\EPICS/base/include/compiler/msvc -I\EPICS/base/include/os/WIN32 -I\EPICS/base/include         -I\EPICS/support/asyn/include  -I\EPICS/support/areaDetector/ADBinaries/include/os/WIN32 -I\EPICS/support/areaDetector/ADBinaries/include   -I\EPICS/support/areaDetector/ADCore/include                             nc.d ../../../ADApp/netCDFSrc/libsrc/nc.c
perl -CSD D:/EPICS/base/bin/win32-x86/mkmf.pl  -m lookup3.d -I. -I../O.Common -I. -I. -I.. -I../../../ADApp/netCDFSrc/inc -I../../../ADApp/netCDFSrc/libsrc -I../../../ADApp/netCDFSrc/libdispatch -I../../../ADApp/netCDFSrc/liblib -I../../../include/compiler/msvc -I../../../include/os/WIN32 -I../../../include       -I\EPICS/base/include/compiler/msvc -I\EPICS/base/include/os/WIN32 -I\EPICS/base/include         -I\EPICS/support/asyn/include  -I\EPICS/support/areaDetector/ADBinaries/include/os/WIN32 -I\EPICS/support/areaDetector/ADBinaries/include   -I\EPICS/support/areaDetector/ADCore/include                             lookup3.d ../../../ADApp/netCDFSrc/libsrc/lookup3.c
perl -CSD D:/EPICS/base/bin/win32-x86/mkmf.pl  -m dim.d -I. -I../O.Common -I. -I. -I.. -I../../../ADApp/netCDFSrc/inc -I../../../ADApp/netCDFSrc/libsrc -I../../../ADApp/netCDFSrc/libdispatch -I../../../ADApp/netCDFSrc/liblib -I../../../include/compiler/msvc -I../../../include/os/WIN32 -I../../../include       -I\EPICS/base/include/compiler/msvc -I\EPICS/base/include/os/WIN32 -I\EPICS/base/include         -I\EPICS/support/asyn/include  -I\EPICS/support/areaDetector/ADBinaries/include/os/WIN32 -I\EPICS/support/areaDetector/ADBinaries/include   -I\EPICS/support/areaDetector/ADCore/include                             dim.d ../../../ADApp/netCDFSrc/libsrc/dim.c
perl -CSD D:/EPICS/base/bin/win32-x86/mkmf.pl  -m attr.d -I. -I../O.Common -I. -I. -I.. -I../../../ADApp/netCDFSrc/inc -I../../../ADApp/netCDFSrc/libsrc -I../../../ADApp/netCDFSrc/libdispatch -I../../../ADApp/netCDFSrc/liblib -I../../../include/compiler/msvc -I../../../include/os/WIN32 -I../../../include       -I\EPICS/base/include/compiler/msvc -I\EPICS/base/include/os/WIN32 -I\EPICS/base/include         -I\EPICS/support/asyn/include  -I\EPICS/support/areaDetector/ADBinaries/include/os/WIN32 -I\EPICS/support/areaDetector/ADBinaries/include   -I\EPICS/support/areaDetector/ADCore/include                             attr.d ../../../ADApp/netCDFSrc/libsrc/attr.c
"Installing generic include file ../../../include/netcdf.h"
cl                -nologo -D__STDC__=0 -D_CRT_SECURE_NO_DEPRECATE -D_CRT_NONSTDC_NO_DEPRECATE   -Ox -GL -Oy-   -W3 -w44355     -DHAVE_CONFIG_H -DDLL_NETCDF -DDLL_EXPORT    -MD -DEPICS_BUILD_DLL -DEPICS_CALL_DLL   -I. -I../O.Common -I. -I. -I.. -I../../../ADApp/netCDFSrc/inc -I../../../ADApp/netCDFSrc/libsrc -I../../../ADApp/netCDFSrc/libdispatch -I../../../ADApp/netCDFSrc/liblib -I../../../include/compiler/msvc -I../../../include/os/WIN32 -I../../../include       -I\EPICS/base/include/compiler/msvc -I\EPICS/base/include/os/WIN32 -I\EPICS/base/include         -I\EPICS/support/asyn/include  -I\EPICS/support/areaDetector/ADBinaries/include/os/WIN32 -I\EPICS/support/areaDetector/ADBinaries/include   -I\EPICS/support/areaDetector/ADCore/include                             -c ../../../ADApp/netCDFSrc/libsrc/attr.c
attr.c
cl                -nologo -D__STDC__=0 -D_CRT_SECURE_NO_DEPRECATE -D_CRT_NONSTDC_NO_DEPRECATE   -Ox -GL -Oy-   -W3 -w44355     -DHAVE_CONFIG_H -DDLL_NETCDF -DDLL_EXPORT    -MD -DEPICS_BUILD_DLL -DEPICS_CALL_DLL   -I. -I../O.Common -I. -I. -I.. -I../../../ADApp/netCDFSrc/inc -I../../../ADApp/netCDFSrc/libsrc -I../../../ADApp/netCDFSrc/libdispatch -I../../../ADApp/netCDFSrc/liblib -I../../../include/compiler/msvc -I../../../include/os/WIN32 -I../../../include       -I\EPICS/base/include/compiler/msvc -I\EPICS/base/include/os/WIN32 -I\EPICS/base/include         -I\EPICS/support/asyn/include  -I\EPICS/support/areaDetector/ADBinaries/include/os/WIN32 -I\EPICS/support/areaDetector/ADBinaries/include   -I\EPICS/support/areaDetector/ADCore/include                             -c ../../../ADApp/netCDFSrc/libsrc/dim.c
dim.c
../../../ADApp/netCDFSrc/libsrc/dim.c(108) : warning C4018: '>=' : signed/unsigned mismatch
../../../ADApp/netCDFSrc/libsrc/dim.c(156) : warning C4018: '>=' : signed/unsigned mismatch
cl                -nologo -D__STDC__=0 -D_CRT_SECURE_NO_DEPRECATE -D_CRT_NONSTDC_NO_DEPRECATE   -Ox -GL -Oy-   -W3 -w44355     -DHAVE_CONFIG_H -DDLL_NETCDF -DDLL_EXPORT    -MD -DEPICS_BUILD_DLL -DEPICS_CALL_DLL   -I. -I../O.Common -I. -I. -I.. -I../../../ADApp/netCDFSrc/inc -I../../../ADApp/netCDFSrc/libsrc -I../../../ADApp/netCDFSrc/libdispatch -I../../../ADApp/netCDFSrc/liblib -I../../../include/compiler/msvc -I../../../include/os/WIN32 -I../../../include       -I\EPICS/base/include/compiler/msvc -I\EPICS/base/include/os/WIN32 -I\EPICS/base/include         -I\EPICS/support/asyn/include  -I\EPICS/support/areaDetector/ADBinaries/include/os/WIN32 -I\EPICS/support/areaDetector/ADBinaries/include   -I\EPICS/support/areaDetector/ADCore/include                             -c ../../../ADApp/netCDFSrc/libsrc/lookup3.c
lookup3.c
cl                -nologo -D__STDC__=0 -D_CRT_SECURE_NO_DEPRECATE -D_CRT_NONSTDC_NO_DEPRECATE   -Ox -GL -Oy-   -W3 -w44355     -DHAVE_CONFIG_H -DDLL_NETCDF -DDLL_EXPORT    -MD -DEPICS_BUILD_DLL -DEPICS_CALL_DLL   -I. -I../O.Common -I. -I. -I.. -I../../../ADApp/netCDFSrc/inc -I../../../ADApp/netCDFSrc/libsrc -I../../../ADApp/netCDFSrc/libdispatch -I../../../ADApp/netCDFSrc/liblib -I../../../include/compiler/msvc -I../../../include/os/WIN32 -I../../../include       -I\EPICS/base/include/compiler/msvc -I\EPICS/base/include/os/WIN32 -I\EPICS/base/include         -I\EPICS/support/asyn/include  -I\EPICS/support/areaDetector/ADBinaries/include/os/WIN32 -I\EPICS/support/areaDetector/ADBinaries/include   -I\EPICS/support/areaDetector/ADCore/include                             -c ../../../ADApp/netCDFSrc/libsrc/nc.c
nc.c
../../../ADApp/netCDFSrc/libsrc/nc.c(469) : warning C4244: 'initializing' : conversion from '__int64' to 'size_t', possible loss of data
../../../ADApp/netCDFSrc/libsrc/nc.c(837) : warning C4018: '<' : signed/unsigned mismatch
cl                -nologo -D__STDC__=0 -D_CRT_SECURE_NO_DEPRECATE -D_CRT_NONSTDC_NO_DEPRECATE   -Ox -GL -Oy-   -W3 -w44355     -DHAVE_CONFIG_H -DDLL_NETCDF -DDLL_EXPORT    -MD -DEPICS_BUILD_DLL -DEPICS_CALL_DLL   -I. -I../O.Common -I. -I. -I.. -I../../../ADApp/netCDFSrc/inc -I../../../ADApp/netCDFSrc/libsrc -I../../../ADApp/netCDFSrc/libdispatch -I../../../ADApp/netCDFSrc/liblib -I../../../include/compiler/msvc -I../../../include/os/WIN32 -I../../../include       -I\EPICS/base/include/compiler/msvc -I\EPICS/base/include/os/WIN32 -I\EPICS/base/include         -I\EPICS/support/asyn/include  -I\EPICS/support/areaDetector/ADBinaries/include/os/WIN32 -I\EPICS/support/areaDetector/ADBinaries/include   -I\EPICS/support/areaDetector/ADCore/include                             -c ../../../ADApp/netCDFSrc/libsrc/nc3dispatch.c
nc3dispatch.c
cl                -nologo -D__STDC__=0 -D_CRT_SECURE_NO_DEPRECATE -D_CRT_NONSTDC_NO_DEPRECATE   -Ox -GL -Oy-   -W3 -w44355     -DHAVE_CONFIG_H -DDLL_NETCDF -DDLL_EXPORT    -MD -DEPICS_BUILD_DLL -DEPICS_CALL_DLL   -I. -I../O.Common -I. -I. -I.. -I../../../ADApp/netCDFSrc/inc -I../../../ADApp/netCDFSrc/libsrc -I../../../ADApp/netCDFSrc/libdispatch -I../../../ADApp/netCDFSrc/liblib -I../../../include/compiler/msvc -I../../../include/os/WIN32 -I../../../include       -I\EPICS/base/include/compiler/msvc -I\EPICS/base/include/os/WIN32 -I\EPICS/base/include         -I\EPICS/support/asyn/include  -I\EPICS/support/areaDetector/ADBinaries/include/os/WIN32 -I\EPICS/support/areaDetector/ADBinaries/include   -I\EPICS/support/areaDetector/ADCore/include                             -c ../../../ADApp/netCDFSrc/libsrc/nclistmgr.c
nclistmgr.c
cl                -nologo -D__STDC__=0 -D_CRT_SECURE_NO_DEPRECATE -D_CRT_NONSTDC_NO_DEPRECATE   -Ox -GL -Oy-   -W3 -w44355     -DHAVE_CONFIG_H -DDLL_NETCDF -DDLL_EXPORT    -MD -DEPICS_BUILD_DLL -DEPICS_CALL_DLL   -I. -I../O.Common -I. -I. -I.. -I../../../ADApp/netCDFSrc/inc -I../../../ADApp/netCDFSrc/libsrc -I../../../ADApp/netCDFSrc/libdispatch -I../../../ADApp/netCDFSrc/liblib -I../../../include/compiler/msvc -I../../../include/os/WIN32 -I../../../include       -I\EPICS/base/include/compiler/msvc -I\EPICS/base/include/os/WIN32 -I\EPICS/base/include         -I\EPICS/support/asyn/include  -I\EPICS/support/areaDetector/ADBinaries/include/os/WIN32 -I\EPICS/support/areaDetector/ADBinaries/include   -I\EPICS/support/areaDetector/ADCore/include                             -c ../../../ADApp/netCDFSrc/libsrc/ncx.c
ncx.c
../../../ADApp/netCDFSrc/libsrc/ncx.c(370) : warning C4244: '=' : conversion from 'ix_short' to 'schar', possible loss of data
../../../ADApp/netCDFSrc/libsrc/ncx.c(381) : warning C4244: '=' : conversion from 'ix_short' to 'uchar', possible loss of data
../../../ADApp/netCDFSrc/libsrc/ncx.c(603) : warning C4244: 'initializing' : conversion from 'const float' to 'ix_short', possible loss of data
../../../ADApp/netCDFSrc/libsrc/ncx.c(613) : warning C4244: 'initializing' : conversion from 'const double' to 'ix_short', possible loss of data
../../../ADApp/netCDFSrc/libsrc/ncx.c(786) : warning C4244: '=' : conversion from 'ix_int' to 'float', possible loss of data
cl                -nologo -D__STDC__=0 -D_CRT_SECURE_NO_DEPRECATE -D_CRT_NONSTDC_NO_DEPRECATE   -Ox -GL -Oy-   -W3 -w44355     -DHAVE_CONFIG_H -DDLL_NETCDF -DDLL_EXPORT    -MD -DEPICS_BUILD_DLL -DEPICS_CALL_DLL   -I. -I../O.Common -I. -I. -I.. -I../../../ADApp/netCDFSrc/inc -I../../../ADApp/netCDFSrc/libsrc -I../../../ADApp/netCDFSrc/libdispatch -I../../../ADApp/netCDFSrc/liblib -I../../../include/compiler/msvc -I../../../include/os/WIN32 -I../../../include       -I\EPICS/base/include/compiler/msvc -I\EPICS/base/include/os/WIN32 -I\EPICS/base/include         -I\EPICS/support/asyn/include  -I\EPICS/support/areaDetector/ADBinaries/include/os/WIN32 -I\EPICS/support/areaDetector/ADBinaries/include   -I\EPICS/support/areaDetector/ADCore/include                             -c ../../../ADApp/netCDFSrc/libsrc/posixio.c
posixio.c
../../../ADApp/netCDFSrc/libsrc/posixio.c(618) : warning C4244: 'function' : conversion from '__int64' to 'const size_t', possible loss of data
../../../ADApp/netCDFSrc/libsrc/posixio.c(625) : warning C4244: '=' : conversion from '__int64' to 'size_t', possible loss of data
../../../ADApp/netCDFSrc/libsrc/posixio.c(628) : warning C4244: '+=' : conversion from '__int64' to 'size_t', possible loss of data
cl                -nologo -D__STDC__=0 -D_CRT_SECURE_NO_DEPRECATE -D_CRT_NONSTDC_NO_DEPRECATE   -Ox -GL -Oy-   -W3 -w44355     -DHAVE_CONFIG_H -DDLL_NETCDF -DDLL_EXPORT    -MD -DEPICS_BUILD_DLL -DEPICS_CALL_DLL   -I. -I../O.Common -I. -I. -I.. -I../../../ADApp/netCDFSrc/inc -I../../../ADApp/netCDFSrc/libsrc -I../../../ADApp/netCDFSrc/libdispatch -I../../../ADApp/netCDFSrc/liblib -I../../../include/compiler/msvc -I../../../include/os/WIN32 -I../../../include       -I\EPICS/base/include/compiler/msvc -I\EPICS/base/include/os/WIN32 -I\EPICS/base/include         -I\EPICS/support/asyn/include  -I\EPICS/support/areaDetector/ADBinaries/include/os/WIN32 -I\EPICS/support/areaDetector/ADBinaries/include   -I\EPICS/support/areaDetector/ADCore/include                             -c ../../../ADApp/netCDFSrc/libsrc/putget.c
putget.c
../../../ADApp/netCDFSrc/libsrc/putget.c(420) : warning C4244: 'function' : conversion from '__int64' to 'size_t', possible loss of data
cl                -nologo -D__STDC__=0 -D_CRT_SECURE_NO_DEPRECATE -D_CRT_NONSTDC_NO_DEPRECATE   -Ox -GL -Oy-   -W3 -w44355     -DHAVE_CONFIG_H -DDLL_NETCDF -DDLL_EXPORT    -MD -DEPICS_BUILD_DLL -DEPICS_CALL_DLL   -I. -I../O.Common -I. -I. -I.. -I../../../ADApp/netCDFSrc/inc -I../../../ADApp/netCDFSrc/libsrc -I../../../ADApp/netCDFSrc/libdispatch -I../../../ADApp/netCDFSrc/liblib -I../../../include/compiler/msvc -I../../../include/os/WIN32 -I../../../include       -I\EPICS/base/include/compiler/msvc -I\EPICS/base/include/os/WIN32 -I\EPICS/base/include         -I\EPICS/support/asyn/include  -I\EPICS/support/areaDetector/ADBinaries/include/os/WIN32 -I\EPICS/support/areaDetector/ADBinaries/include   -I\EPICS/support/areaDetector/ADCore/include                             -c ../../../ADApp/netCDFSrc/libsrc/string.c
string.c
cl                -nologo -D__STDC__=0 -D_CRT_SECURE_NO_DEPRECATE -D_CRT_NONSTDC_NO_DEPRECATE   -Ox -GL -Oy-   -W3 -w44355     -DHAVE_CONFIG_H -DDLL_NETCDF -DDLL_EXPORT    -MD -DEPICS_BUILD_DLL -DEPICS_CALL_DLL   -I. -I../O.Common -I. -I. -I.. -I../../../ADApp/netCDFSrc/inc -I../../../ADApp/netCDFSrc/libsrc -I../../../ADApp/netCDFSrc/libdispatch -I../../../ADApp/netCDFSrc/liblib -I../../../include/compiler/msvc -I../../../include/os/WIN32 -I../../../include       -I\EPICS/base/include/compiler/msvc -I\EPICS/base/include/os/WIN32 -I\EPICS/base/include         -I\EPICS/support/asyn/include  -I\EPICS/support/areaDetector/ADBinaries/include/os/WIN32 -I\EPICS/support/areaDetector/ADBinaries/include   -I\EPICS/support/areaDetector/ADCore/include                             -c ../../../ADApp/netCDFSrc/libsrc/utf8proc.c
utf8proc.c
../../../ADApp/netCDFSrc/libsrc/utf8proc.c(167) : warning C4244: '=' : conversion from 'int32_t' to 'uint8_t', possible loss of data
../../../ADApp/netCDFSrc/libsrc/utf8proc.c(170) : warning C4244: '=' : conversion from 'int32_t' to 'uint8_t', possible loss of data
../../../ADApp/netCDFSrc/libsrc/utf8proc.c(180) : warning C4244: '=' : conversion from 'int32_t' to 'uint8_t', possible loss of data
../../../ADApp/netCDFSrc/libsrc/utf8proc.c(185) : warning C4244: '=' : conversion from 'int32_t' to 'uint8_t', possible loss of data
cl                -nologo -D__STDC__=0 -D_CRT_SECURE_NO_DEPRECATE -D_CRT_NONSTDC_NO_DEPRECATE   -Ox -GL -Oy-   -W3 -w44355     -DHAVE_CONFIG_H -DDLL_NETCDF -DDLL_EXPORT    -MD -DEPICS_BUILD_DLL -DEPICS_CALL_DLL   -I. -I../O.Common -I. -I. -I.. -I../../../ADApp/netCDFSrc/inc -I../../../ADApp/netCDFSrc/libsrc -I../../../ADApp/netCDFSrc/libdispatch -I../../../ADApp/netCDFSrc/liblib -I../../../include/compiler/msvc -I../../../include/os/WIN32 -I../../../include       -I\EPICS/base/include/compiler/msvc -I\EPICS/base/include/os/WIN32 -I\EPICS/base/include         -I\EPICS/support/asyn/include  -I\EPICS/support/areaDetector/ADBinaries/include/os/WIN32 -I\EPICS/support/areaDetector/ADBinaries/include   -I\EPICS/support/areaDetector/ADCore/include                             -c ../../../ADApp/netCDFSrc/libsrc/v1hpg.c
v1hpg.c
../../../ADApp/netCDFSrc/libsrc/v1hpg.c(1315) : warning C4244: '=' : conversion from '__int64' to 'size_t', possible loss of data
cl                -nologo -D__STDC__=0 -D_CRT_SECURE_NO_DEPRECATE -D_CRT_NONSTDC_NO_DEPRECATE   -Ox -GL -Oy-   -W3 -w44355     -DHAVE_CONFIG_H -DDLL_NETCDF -DDLL_EXPORT    -MD -DEPICS_BUILD_DLL -DEPICS_CALL_DLL   -I. -I../O.Common -I. -I. -I.. -I../../../ADApp/netCDFSrc/inc -I../../../ADApp/netCDFSrc/libsrc -I../../../ADApp/netCDFSrc/libdispatch -I../../../ADApp/netCDFSrc/liblib -I../../../include/compiler/msvc -I../../../include/os/WIN32 -I../../../include       -I\EPICS/base/include/compiler/msvc -I\EPICS/base/include/os/WIN32 -I\EPICS/base/include         -I\EPICS/support/asyn/include  -I\EPICS/support/areaDetector/ADBinaries/include/os/WIN32 -I\EPICS/support/areaDetector/ADBinaries/include   -I\EPICS/support/areaDetector/ADCore/include                             -c ../../../ADApp/netCDFSrc/libsrc/var.c
var.c
../../../ADApp/netCDFSrc/libsrc/var.c(450) : warning C4244: '=' : conversion from '__int64' to 'size_t', possible loss of data
../../../ADApp/netCDFSrc/libsrc/var.c(490) : warning C4018: '<' : signed/unsigned mismatch
cl                -nologo -D__STDC__=0 -D_CRT_SECURE_NO_DEPRECATE -D_CRT_NONSTDC_NO_DEPRECATE   -Ox -GL -Oy-   -W3 -w44355     -DHAVE_CONFIG_H -DDLL_NETCDF -DDLL_EXPORT    -MD -DEPICS_BUILD_DLL -DEPICS_CALL_DLL   -I. -I../O.Common -I. -I. -I.. -I../../../ADApp/netCDFSrc/inc -I../../../ADApp/netCDFSrc/libsrc -I../../../ADApp/netCDFSrc/libdispatch -I../../../ADApp/netCDFSrc/liblib -I../../../include/compiler/msvc -I../../../include/os/WIN32 -I../../../include       -I\EPICS/base/include/compiler/msvc -I\EPICS/base/include/os/WIN32 -I\EPICS/base/include         -I\EPICS/support/asyn/include  -I\EPICS/support/areaDetector/ADBinaries/include/os/WIN32 -I\EPICS/support/areaDetector/ADBinaries/include   -I\EPICS/support/areaDetector/ADCore/include                             -c ../../../ADApp/netCDFSrc/libdispatch/att.c
att.c
cl                -nologo -D__STDC__=0 -D_CRT_SECURE_NO_DEPRECATE -D_CRT_NONSTDC_NO_DEPRECATE   -Ox -GL -Oy-   -W3 -w44355     -DHAVE_CONFIG_H -DDLL_NETCDF -DDLL_EXPORT    -MD -DEPICS_BUILD_DLL -DEPICS_CALL_DLL   -I. -I../O.Common -I. -I. -I.. -I../../../ADApp/netCDFSrc/inc -I../../../ADApp/netCDFSrc/libsrc -I../../../ADApp/netCDFSrc/libdispatch -I../../../ADApp/netCDFSrc/liblib -I../../../include/compiler/msvc -I../../../include/os/WIN32 -I../../../include       -I\EPICS/base/include/compiler/msvc -I\EPICS/base/include/os/WIN32 -I\EPICS/base/include         -I\EPICS/support/asyn/include  -I\EPICS/support/areaDetector/ADBinaries/include/os/WIN32 -I\EPICS/support/areaDetector/ADBinaries/include   -I\EPICS/support/areaDetector/ADCore/include                             -c ../../../ADApp/netCDFSrc/libdispatch/dim1.c
dim1.c
cl                -nologo -D__STDC__=0 -D_CRT_SECURE_NO_DEPRECATE -D_CRT_NONSTDC_NO_DEPRECATE   -Ox -GL -Oy-   -W3 -w44355     -DHAVE_CONFIG_H -DDLL_NETCDF -DDLL_EXPORT    -MD -DEPICS_BUILD_DLL -DEPICS_CALL_DLL   -I. -I../O.Common -I. -I. -I.. -I../../../ADApp/netCDFSrc/inc -I../../../ADApp/netCDFSrc/libsrc -I../../../ADApp/netCDFSrc/libdispatch -I../../../ADApp/netCDFSrc/liblib -I../../../include/compiler/msvc -I../../../include/os/WIN32 -I../../../include       -I\EPICS/base/include/compiler/msvc -I\EPICS/base/include/os/WIN32 -I\EPICS/base/include         -I\EPICS/support/asyn/include  -I\EPICS/support/areaDetector/ADBinaries/include/os/WIN32 -I\EPICS/support/areaDetector/ADBinaries/include   -I\EPICS/support/areaDetector/ADCore/include                             -c ../../../ADApp/netCDFSrc/libdispatch/dispatch.c
dispatch.c
cl                -nologo -D__STDC__=0 -D_CRT_SECURE_NO_DEPRECATE -D_CRT_NONSTDC_NO_DEPRECATE   -Ox -GL -Oy-   -W3 -w44355     -DHAVE_CONFIG_H -DDLL_NETCDF -DDLL_EXPORT    -MD -DEPICS_BUILD_DLL -DEPICS_CALL_DLL   -I. -I../O.Common -I. -I. -I.. -I../../../ADApp/netCDFSrc/inc -I../../../ADApp/netCDFSrc/libsrc -I../../../ADApp/netCDFSrc/libdispatch -I../../../ADApp/netCDFSrc/liblib -I../../../include/compiler/msvc -I../../../include/os/WIN32 -I../../../include       -I\EPICS/base/include/compiler/msvc -I\EPICS/base/include/os/WIN32 -I\EPICS/base/include         -I\EPICS/support/asyn/include  -I\EPICS/support/areaDetector/ADBinaries/include/os/WIN32 -I\EPICS/support/areaDetector/ADBinaries/include   -I\EPICS/support/areaDetector/ADCore/include                             -c ../../../ADApp/netCDFSrc/libdispatch/error.c
error.c
cl                -nologo -D__STDC__=0 -D_CRT_SECURE_NO_DEPRECATE -D_CRT_NONSTDC_NO_DEPRECATE   -Ox -GL -Oy-   -W3 -w44355     -DHAVE_CONFIG_H -DDLL_NETCDF -DDLL_EXPORT    -MD -DEPICS_BUILD_DLL -DEPICS_CALL_DLL   -I. -I../O.Common -I. -I. -I.. -I../../../ADApp/netCDFSrc/inc -I../../../ADApp/netCDFSrc/libsrc -I../../../ADApp/netCDFSrc/libdispatch -I../../../ADApp/netCDFSrc/liblib -I../../../include/compiler/msvc -I../../../include/os/WIN32 -I../../../include       -I\EPICS/base/include/compiler/msvc -I\EPICS/base/include/os/WIN32 -I\EPICS/base/include         -I\EPICS/support/asyn/include  -I\EPICS/support/areaDetector/ADBinaries/include/os/WIN32 -I\EPICS/support/areaDetector/ADBinaries/include   -I\EPICS/support/areaDetector/ADCore/include                             -c ../../../ADApp/netCDFSrc/libdispatch/file.c
file.c
cl                -nologo -D__STDC__=0 -D_CRT_SECURE_NO_DEPRECATE -D_CRT_NONSTDC_NO_DEPRECATE   -Ox -GL -Oy-   -W3 -w44355     -DHAVE_CONFIG_H -DDLL_NETCDF -DDLL_EXPORT    -MD -DEPICS_BUILD_DLL -DEPICS_CALL_DLL   -I. -I../O.Common -I. -I. -I.. -I../../../ADApp/netCDFSrc/inc -I../../../ADApp/netCDFSrc/libsrc -I../../../ADApp/netCDFSrc/libdispatch -I../../../ADApp/netCDFSrc/liblib -I../../../include/compiler/msvc -I../../../include/os/WIN32 -I../../../include       -I\EPICS/base/include/compiler/msvc -I\EPICS/base/include/os/WIN32 -I\EPICS/base/include         -I\EPICS/support/asyn/include  -I\EPICS/support/areaDetector/ADBinaries/include/os/WIN32 -I\EPICS/support/areaDetector/ADBinaries/include   -I\EPICS/support/areaDetector/ADCore/include                             -c ../../../ADApp/netCDFSrc/libdispatch/nc_uri.c
nc_uri.c
cl                -nologo -D__STDC__=0 -D_CRT_SECURE_NO_DEPRECATE -D_CRT_NONSTDC_NO_DEPRECATE   -Ox -GL -Oy-   -W3 -w44355     -DHAVE_CONFIG_H -DDLL_NETCDF -DDLL_EXPORT    -MD -DEPICS_BUILD_DLL -DEPICS_CALL_DLL   -I. -I../O.Common -I. -I. -I.. -I../../../ADApp/netCDFSrc/inc -I../../../ADApp/netCDFSrc/libsrc -I../../../ADApp/netCDFSrc/libdispatch -I../../../ADApp/netCDFSrc/liblib -I../../../include/compiler/msvc -I../../../include/os/WIN32 -I../../../include       -I\EPICS/base/include/compiler/msvc -I\EPICS/base/include/os/WIN32 -I\EPICS/base/include         -I\EPICS/support/asyn/include  -I\EPICS/support/areaDetector/ADBinaries/include/os/WIN32 -I\EPICS/support/areaDetector/ADBinaries/include   -I\EPICS/support/areaDetector/ADCore/include                             -c ../../../ADApp/netCDFSrc/libdispatch/var1.c
var1.c
../../../ADApp/netCDFSrc/libdispatch/var1.c(296) : warning C4018: '<' : signed/unsigned mismatch
../../../ADApp/netCDFSrc/libdispatch/var1.c(558) : warning C4018: '<' : signed/unsigned mismatch
cl                -nologo -D__STDC__=0 -D_CRT_SECURE_NO_DEPRECATE -D_CRT_NONSTDC_NO_DEPRECATE   -Ox -GL -Oy-   -W3 -w44355     -DHAVE_CONFIG_H -DDLL_NETCDF -DDLL_EXPORT    -MD -DEPICS_BUILD_DLL -DEPICS_CALL_DLL   -I. -I../O.Common -I. -I. -I.. -I../../../ADApp/netCDFSrc/inc -I../../../ADApp/netCDFSrc/libsrc -I../../../ADApp/netCDFSrc/libdispatch -I../../../ADApp/netCDFSrc/liblib -I../../../include/compiler/msvc -I../../../include/os/WIN32 -I../../../include       -I\EPICS/base/include/compiler/msvc -I\EPICS/base/include/os/WIN32 -I\EPICS/base/include         -I\EPICS/support/asyn/include  -I\EPICS/support/areaDetector/ADBinaries/include/os/WIN32 -I\EPICS/support/areaDetector/ADBinaries/include   -I\EPICS/support/areaDetector/ADCore/include                             -c ../../../ADApp/netCDFSrc/liblib/stub.c
stub.c
link -nologo /subsystem:windows /dll -LTCG -incremental:no -opt:ref -release       -out:netCDF.dll -implib:netCDF.lib         attr.obj dim.obj lookup3.obj nc.obj nc3dispatch.obj nclistmgr.obj ncx.obj posixio.obj putget.obj string.obj utf8proc.obj v1hpg.obj var.obj att.obj dim1.obj dispatch.obj error.obj file.obj nc_uri.obj var1.obj stub.obj      
   Creating library netCDF.lib and object netCDF.exp
Generating code
Finished generating code
"Installing shared library ../../../bin/win32-x86/netCDF.dll"
"Installing library ../../../lib/win32-x86/netCDF.lib"
cl                -nologo -D__STDC__=0 -D_CRT_SECURE_NO_DEPRECATE -D_CRT_NONSTDC_NO_DEPRECATE   -Ox -GL -Oy-   -W3 -w44355     -DHAVE_CONFIG_H -DDLL_NETCDF -DDLL_EXPORT    -MD -DEPICS_BUILD_DLL -DEPICS_CALL_DLL   -I. -I../O.Common -I. -I. -I.. -I../../../ADApp/netCDFSrc/inc -I../../../ADApp/netCDFSrc/libsrc -I../../../ADApp/netCDFSrc/libdispatch -I../../../ADApp/netCDFSrc/liblib -I../../../include/compiler/msvc -I../../../include/os/WIN32 -I../../../include       -I\EPICS/base/include/compiler/msvc -I\EPICS/base/include/os/WIN32 -I\EPICS/base/include         -I\EPICS/support/asyn/include  -I\EPICS/support/areaDetector/ADBinaries/include/os/WIN32 -I\EPICS/support/areaDetector/ADBinaries/include   -I\EPICS/support/areaDetector/ADCore/include                             -c ../test_big_classic.c
test_big_classic.c
link -nologo  -LTCG -incremental:no -opt:ref -release               -out:test_big_classic.exe       test_big_classic.obj      ../../../lib/win32-x86/netCDF.lib   
Generating code
Finished generating code
"Installing created executable ../../../bin/win32-x86/test_big_classic.exe"
make[4]: Leaving directory 'D:/EPICS/support/areaDetector/ADCore/ADApp/netCDFSrc/O.win32-x86'
make[3]: Leaving directory 'D:/EPICS/support/areaDetector/ADCore/ADApp/netCDFSrc'
make -C ./nexusSrc install 
make[3]: Entering directory 'D:/EPICS/support/areaDetector/ADCore/ADApp/nexusSrc'
perl -CSD D:/EPICS/base/bin/win32-x86/makeMakefile.pl O.win32-x86 ../../..
perl -CSD -MExtUtils::Command -e mkpath O.Common
make -C O.win32-x86 -f ../Makefile TOP=../../.. \
    T_A=win32-x86 install
make[4]: Entering directory 'D:/EPICS/support/areaDetector/ADCore/ADApp/nexusSrc/O.win32-x86'
perl -CSD D:/EPICS/base/bin/win32-x86/mkmf.pl  -m stptok.d -I. -I../O.Common -I. -I. -I.. -I../../../include/compiler/msvc -I../../../include/os/WIN32 -I../../../include       -I\EPICS/base/include/compiler/msvc -I\EPICS/base/include/os/WIN32 -I\EPICS/base/include         -I\EPICS/support/asyn/include  -I\EPICS/support/areaDetector/ADBinaries/include/os/WIN32 -I\EPICS/support/areaDetector/ADBinaries/include   -I\EPICS/support/areaDetector/ADCore/include                          -I/usr/local64/include    stptok.d ../stptok.c
perl -CSD D:/EPICS/base/bin/win32-x86/mkmf.pl  -m nxxml.d -I. -I../O.Common -I. -I. -I.. -I../../../include/compiler/msvc -I../../../include/os/WIN32 -I../../../include       -I\EPICS/base/include/compiler/msvc -I\EPICS/base/include/os/WIN32 -I\EPICS/base/include         -I\EPICS/support/asyn/include  -I\EPICS/support/areaDetector/ADBinaries/include/os/WIN32 -I\EPICS/support/areaDetector/ADBinaries/include   -I\EPICS/support/areaDetector/ADCore/include                          -I/usr/local64/include    nxxml.d ../nxxml.c
perl -CSD D:/EPICS/base/bin/win32-x86/mkmf.pl  -m nxstack.d -I. -I../O.Common -I. -I. -I.. -I../../../include/compiler/msvc -I../../../include/os/WIN32 -I../../../include       -I\EPICS/base/include/compiler/msvc -I\EPICS/base/include/os/WIN32 -I\EPICS/base/include         -I\EPICS/support/asyn/include  -I\EPICS/support/areaDetector/ADBinaries/include/os/WIN32 -I\EPICS/support/areaDetector/ADBinaries/include   -I\EPICS/support/areaDetector/ADCore/include                          -I/usr/local64/include    nxstack.d ../nxstack.c
perl -CSD D:/EPICS/base/bin/win32-x86/mkmf.pl  -m nxio.d -I. -I../O.Common -I. -I. -I.. -I../../../include/compiler/msvc -I../../../include/os/WIN32 -I../../../include       -I\EPICS/base/include/compiler/msvc -I\EPICS/base/include/os/WIN32 -I\EPICS/base/include         -I\EPICS/support/asyn/include  -I\EPICS/support/areaDetector/ADBinaries/include/os/WIN32 -I\EPICS/support/areaDetector/ADBinaries/include   -I\EPICS/support/areaDetector/ADCore/include                          -I/usr/local64/include    nxio.d ../nxio.c
perl -CSD D:/EPICS/base/bin/win32-x86/mkmf.pl  -m nxdataset.d -I. -I../O.Common -I. -I. -I.. -I../../../include/compiler/msvc -I../../../include/os/WIN32 -I../../../include       -I\EPICS/base/include/compiler/msvc -I\EPICS/base/include/os/WIN32 -I\EPICS/base/include         -I\EPICS/support/asyn/include  -I\EPICS/support/areaDetector/ADBinaries/include/os/WIN32 -I\EPICS/support/areaDetector/ADBinaries/include   -I\EPICS/support/areaDetector/ADCore/include                          -I/usr/local64/include    nxdataset.d ../nxdataset.c
perl -CSD D:/EPICS/base/bin/win32-x86/mkmf.pl  -m napiu.d -I. -I../O.Common -I. -I. -I.. -I../../../include/compiler/msvc -I../../../include/os/WIN32 -I../../../include       -I\EPICS/base/include/compiler/msvc -I\EPICS/base/include/os/WIN32 -I\EPICS/base/include         -I\EPICS/support/asyn/include  -I\EPICS/support/areaDetector/ADBinaries/include/os/WIN32 -I\EPICS/support/areaDetector/ADBinaries/include   -I\EPICS/support/areaDetector/ADCore/include                          -I/usr/local64/include    napiu.d ../napiu.c
perl -CSD D:/EPICS/base/bin/win32-x86/mkmf.pl  -m napi5.d -I. -I../O.Common -I. -I. -I.. -I../../../include/compiler/msvc -I../../../include/os/WIN32 -I../../../include       -I\EPICS/base/include/compiler/msvc -I\EPICS/base/include/os/WIN32 -I\EPICS/base/include         -I\EPICS/support/asyn/include  -I\EPICS/support/areaDetector/ADBinaries/include/os/WIN32 -I\EPICS/support/areaDetector/ADBinaries/include   -I\EPICS/support/areaDetector/ADCore/include                          -I/usr/local64/include    napi5.d ../napi5.c
perl -CSD D:/EPICS/base/bin/win32-x86/mkmf.pl  -m napi.d -I. -I../O.Common -I. -I. -I.. -I../../../include/compiler/msvc -I../../../include/os/WIN32 -I../../../include       -I\EPICS/base/include/compiler/msvc -I\EPICS/base/include/os/WIN32 -I\EPICS/base/include         -I\EPICS/support/asyn/include  -I\EPICS/support/areaDetector/ADBinaries/include/os/WIN32 -I\EPICS/support/areaDetector/ADBinaries/include   -I\EPICS/support/areaDetector/ADCore/include                          -I/usr/local64/include    napi.d ../napi.c
"Installing generic include file ../../../include/napi.h"
"Installing generic include file ../../../include/napiconfig.h"
"Installing generic include file ../../../include/nxconfig.h"
cl                -nologo -D__STDC__=0 -D_CRT_SECURE_NO_DEPRECATE -D_CRT_NONSTDC_NO_DEPRECATE   -Ox -GL -Oy-   -W3 -w44355     -DHDF5 -D_FILE_OFFSET_BITS=64 -DH5_NO_DEPRECATED_SYMBOLS -DH5Gopen_vers=2 -DH5_BUILT_AS_DYNAMIC_LIB    -MD -DEPICS_BUILD_DLL -DEPICS_CALL_DLL   -I. -I../O.Common -I. -I. -I.. -I../../../include/compiler/msvc -I../../../include/os/WIN32 -I../../../include       -I\EPICS/base/include/compiler/msvc -I\EPICS/base/include/os/WIN32 -I\EPICS/base/include         -I\EPICS/support/asyn/include  -I\EPICS/support/areaDetector/ADBinaries/include/os/WIN32 -I\EPICS/support/areaDetector/ADBinaries/include   -I\EPICS/support/areaDetector/ADCore/include                          -I/usr/local64/include    -c ../napi.c
napi.c
cl                -nologo -D__STDC__=0 -D_CRT_SECURE_NO_DEPRECATE -D_CRT_NONSTDC_NO_DEPRECATE   -Ox -GL -Oy-   -W3 -w44355     -DHDF5 -D_FILE_OFFSET_BITS=64 -DH5_NO_DEPRECATED_SYMBOLS -DH5Gopen_vers=2 -DH5_BUILT_AS_DYNAMIC_LIB    -MD -DEPICS_BUILD_DLL -DEPICS_CALL_DLL   -I. -I../O.Common -I. -I. -I.. -I../../../include/compiler/msvc -I../../../include/os/WIN32 -I../../../include       -I\EPICS/base/include/compiler/msvc -I\EPICS/base/include/os/WIN32 -I\EPICS/base/include         -I\EPICS/support/asyn/include  -I\EPICS/support/areaDetector/ADBinaries/include/os/WIN32 -I\EPICS/support/areaDetector/ADBinaries/include   -I\EPICS/support/areaDetector/ADCore/include                          -I/usr/local64/include    -c ../napi5.c
napi5.c
../napi5.c(176) : warning C4244: '=' : conversion from 'hid_t' to 'int', possible loss of data
../napi5.c(244) : warning C4244: '=' : conversion from 'hid_t' to 'int', possible loss of data
../napi5.c(253) : warning C4244: '=' : conversion from 'hid_t' to 'int', possible loss of data
../napi5.c(449) : warning C4244: '=' : conversion from 'hid_t' to 'herr_t', possible loss of data
../napi5.c(500) : warning C4244: '=' : conversion from 'hid_t' to 'herr_t', possible loss of data
../napi5.c(772) : warning C4244: '=' : conversion from 'hid_t' to 'herr_t', possible loss of data
../napi5.c(785) : warning C4244: '=' : conversion from 'hid_t' to 'herr_t', possible loss of data
../napi5.c(789) : warning C4244: '=' : conversion from 'hid_t' to 'herr_t', possible loss of data
../napi5.c(801) : warning C4244: '=' : conversion from 'hid_t' to 'herr_t', possible loss of data
../napi5.c(808) : warning C4244: '=' : conversion from 'hid_t' to 'herr_t', possible loss of data
../napi5.c(892) : warning C4244: '=' : conversion from 'hid_t' to 'int', possible loss of data
../napi5.c(899) : warning C4244: '=' : conversion from 'hid_t' to 'int', possible loss of data
../napi5.c(906) : warning C4244: '=' : conversion from 'hid_t' to 'int', possible loss of data
../napi5.c(999) : warning C4244: '=' : conversion from 'hid_t' to 'int', possible loss of data
../napi5.c(1038) : warning C4244: '=' : conversion from 'hid_t' to 'herr_t', possible loss of data
../napi5.c(1148) : warning C4244: '=' : conversion from 'hid_t' to 'int', possible loss of data
../napi5.c(1238) : warning C4244: '=' : conversion from 'hid_t' to 'herr_t', possible loss of data
../napi5.c(2084) : warning C4244: '=' : conversion from 'hid_t' to 'int', possible loss of data
../napi5.c(2127) : warning C4244: '=' : conversion from 'hid_t' to 'int', possible loss of data
../napi5.c(2174) : warning C4244: '=' : conversion from 'hid_t' to 'int', possible loss of data
../napi5.c(2182) : warning C4244: '=' : conversion from 'hid_t' to 'int', possible loss of data
../napi5.c(2184) : warning C4244: '=' : conversion from 'hid_t' to 'int', possible loss of data
cl                -nologo -D__STDC__=0 -D_CRT_SECURE_NO_DEPRECATE -D_CRT_NONSTDC_NO_DEPRECATE   -Ox -GL -Oy-   -W3 -w44355     -DHDF5 -D_FILE_OFFSET_BITS=64 -DH5_NO_DEPRECATED_SYMBOLS -DH5Gopen_vers=2 -DH5_BUILT_AS_DYNAMIC_LIB    -MD -DEPICS_BUILD_DLL -DEPICS_CALL_DLL   -I. -I../O.Common -I. -I. -I.. -I../../../include/compiler/msvc -I../../../include/os/WIN32 -I../../../include       -I\EPICS/base/include/compiler/msvc -I\EPICS/base/include/os/WIN32 -I\EPICS/base/include         -I\EPICS/support/asyn/include  -I\EPICS/support/areaDetector/ADBinaries/include/os/WIN32 -I\EPICS/support/areaDetector/ADBinaries/include   -I\EPICS/support/areaDetector/ADCore/include                          -I/usr/local64/include    -c ../napiu.c
napiu.c
cl                -nologo -D__STDC__=0 -D_CRT_SECURE_NO_DEPRECATE -D_CRT_NONSTDC_NO_DEPRECATE   -Ox -GL -Oy-   -W3 -w44355     -DHDF5 -D_FILE_OFFSET_BITS=64 -DH5_NO_DEPRECATED_SYMBOLS -DH5Gopen_vers=2 -DH5_BUILT_AS_DYNAMIC_LIB    -MD -DEPICS_BUILD_DLL -DEPICS_CALL_DLL   -I. -I../O.Common -I. -I. -I.. -I../../../include/compiler/msvc -I../../../include/os/WIN32 -I../../../include       -I\EPICS/base/include/compiler/msvc -I\EPICS/base/include/os/WIN32 -I\EPICS/base/include         -I\EPICS/support/asyn/include  -I\EPICS/support/areaDetector/ADBinaries/include/os/WIN32 -I\EPICS/support/areaDetector/ADBinaries/include   -I\EPICS/support/areaDetector/ADCore/include                          -I/usr/local64/include    -c ../nxdataset.c
nxdataset.c
cl                -nologo -D__STDC__=0 -D_CRT_SECURE_NO_DEPRECATE -D_CRT_NONSTDC_NO_DEPRECATE   -Ox -GL -Oy-   -W3 -w44355     -DHDF5 -D_FILE_OFFSET_BITS=64 -DH5_NO_DEPRECATED_SYMBOLS -DH5Gopen_vers=2 -DH5_BUILT_AS_DYNAMIC_LIB    -MD -DEPICS_BUILD_DLL -DEPICS_CALL_DLL   -I. -I../O.Common -I. -I. -I.. -I../../../include/compiler/msvc -I../../../include/os/WIN32 -I../../../include       -I\EPICS/base/include/compiler/msvc -I\EPICS/base/include/os/WIN32 -I\EPICS/base/include         -I\EPICS/support/asyn/include  -I\EPICS/support/areaDetector/ADBinaries/include/os/WIN32 -I\EPICS/support/areaDetector/ADBinaries/include   -I\EPICS/support/areaDetector/ADCore/include                          -I/usr/local64/include    -c ../nxio.c
nxio.c
cl                -nologo -D__STDC__=0 -D_CRT_SECURE_NO_DEPRECATE -D_CRT_NONSTDC_NO_DEPRECATE   -Ox -GL -Oy-   -W3 -w44355     -DHDF5 -D_FILE_OFFSET_BITS=64 -DH5_NO_DEPRECATED_SYMBOLS -DH5Gopen_vers=2 -DH5_BUILT_AS_DYNAMIC_LIB    -MD -DEPICS_BUILD_DLL -DEPICS_CALL_DLL   -I. -I../O.Common -I. -I. -I.. -I../../../include/compiler/msvc -I../../../include/os/WIN32 -I../../../include       -I\EPICS/base/include/compiler/msvc -I\EPICS/base/include/os/WIN32 -I\EPICS/base/include         -I\EPICS/support/asyn/include  -I\EPICS/support/areaDetector/ADBinaries/include/os/WIN32 -I\EPICS/support/areaDetector/ADBinaries/include   -I\EPICS/support/areaDetector/ADCore/include                          -I/usr/local64/include    -c ../nxstack.c
nxstack.c
cl                -nologo -D__STDC__=0 -D_CRT_SECURE_NO_DEPRECATE -D_CRT_NONSTDC_NO_DEPRECATE   -Ox -GL -Oy-   -W3 -w44355     -DHDF5 -D_FILE_OFFSET_BITS=64 -DH5_NO_DEPRECATED_SYMBOLS -DH5Gopen_vers=2 -DH5_BUILT_AS_DYNAMIC_LIB    -MD -DEPICS_BUILD_DLL -DEPICS_CALL_DLL   -I. -I../O.Common -I. -I. -I.. -I../../../include/compiler/msvc -I../../../include/os/WIN32 -I../../../include       -I\EPICS/base/include/compiler/msvc -I\EPICS/base/include/os/WIN32 -I\EPICS/base/include         -I\EPICS/support/asyn/include  -I\EPICS/support/areaDetector/ADBinaries/include/os/WIN32 -I\EPICS/support/areaDetector/ADBinaries/include   -I\EPICS/support/areaDetector/ADCore/include                          -I/usr/local64/include    -c ../nxxml.c
nxxml.c
cl                -nologo -D__STDC__=0 -D_CRT_SECURE_NO_DEPRECATE -D_CRT_NONSTDC_NO_DEPRECATE   -Ox -GL -Oy-   -W3 -w44355     -DHDF5 -D_FILE_OFFSET_BITS=64 -DH5_NO_DEPRECATED_SYMBOLS -DH5Gopen_vers=2 -DH5_BUILT_AS_DYNAMIC_LIB    -MD -DEPICS_BUILD_DLL -DEPICS_CALL_DLL   -I. -I../O.Common -I. -I. -I.. -I../../../include/compiler/msvc -I../../../include/os/WIN32 -I../../../include       -I\EPICS/base/include/compiler/msvc -I\EPICS/base/include/os/WIN32 -I\EPICS/base/include         -I\EPICS/support/asyn/include  -I\EPICS/support/areaDetector/ADBinaries/include/os/WIN32 -I\EPICS/support/areaDetector/ADBinaries/include   -I\EPICS/support/areaDetector/ADCore/include                          -I/usr/local64/include    -c ../stptok.c
stptok.c
link -nologo /subsystem:windows /dll -LTCG -incremental:no -opt:ref -release       -out:NeXus.dll -implib:NeXus.lib         napi.obj napi5.obj napiu.obj nxdataset.obj nxio.obj nxstack.obj nxxml.obj stptok.obj      \EPICS/support/areaDetector/ADBinaries/lib/win32-x86/hdf5.lib  \EPICS/support/areaDetector/ADBinaries/lib/win32-x86/szip.lib  \EPICS/support/areaDetector/ADBinaries/lib/win32-x86/zlib.lib 
Generating code
Finished generating code
"Installing shared library ../../../bin/win32-x86/NeXus.dll"
"Installing library ../../../lib/win32-x86/NeXus.lib"
installEpics.pl: No such file 'NeXus.lib' at D:/EPICS/base/bin/win32-x86/installEpics.pl line 53.
\EPICS/base/configure/RULES_BUILD:391: recipe for target '../../../lib/win32-x86/NeXus.lib' failed
make[4]: *** [../../../lib/win32-x86/NeXus.lib] Error 2
make[4]: Leaving directory 'D:/EPICS/support/areaDetector/ADCore/ADApp/nexusSrc/O.win32-x86'
\EPICS/base/configure/RULES_ARCHS:61: recipe for target 'install.win32-x86' failed
make[3]: *** [install.win32-x86] Error 2
make[3]: Leaving directory 'D:/EPICS/support/areaDetector/ADCore/ADApp/nexusSrc'
\EPICS/base/configure/RULES_DIRS:88: recipe for target 'nexusSrc.install' failed
make[2]: *** [nexusSrc.install] Error 2
make[2]: Leaving directory 'D:/EPICS/support/areaDetector/ADCore/ADApp'
\EPICS/base/configure/RULES_DIRS:88: recipe for target 'ADApp.install' failed
make[1]: *** [ADApp.install] Error 2
make[1]: Leaving directory 'D:/EPICS/support/areaDetector/ADCore'
\EPICS/base/configure/RULES_DIRS:88: recipe for target '\EPICS/support/areaDetector/ADCore.install' failed
make: *** [\EPICS/support/areaDetector/ADCore.install] Error 2
make: Leaving directory 'D:/epics/support/areaDetector'
