make.exe -C \epics\support/areaDetector-R3-3-2/ADSupport install 
make.exe -C ./configure install 
make.exe -C ./supportApp install 
make.exe -C O.windows-x64-debug -f ../Makefile TOP=../.. \
    T_A=windows-x64-debug install
make.exe -C ./netCDFSrc install 
make.exe -C ./jpegSrc install 
make.exe -C ./zlibSrc install 
make.exe -C O.windows-x64-debug -f ../Makefile TOP=../../.. \
    T_A=windows-x64-debug install
make.exe -C O.windows-x64-debug -f ../Makefile TOP=../../.. \
    T_A=windows-x64-debug install
make.exe -C O.windows-x64-debug -f ../Makefile TOP=../../.. \
    T_A=windows-x64-debug install
make.exe[3]: Entering directory 'D:/epics/support/areaDetector-R3-3-2/ADSupport/configure/O.windows-x64-debug'
perl -CSD D:/epics/base/bin/windows-x64-debug/convertRelease.pl checkRelease
make.exe[3]: Leaving directory 'D:/epics/support/areaDetector-R3-3-2/ADSupport/configure/O.windows-x64-debug'
make.exe -C ./szipSrc install 
make.exe[4]: Nothing to be done for 'install'.
make.exe[4]: Nothing to be done for 'install'.
make.exe -C ./bloscSrc install 
make.exe -C ./tiffSrc install 
make.exe -C O.windows-x64-debug -f ../Makefile TOP=../../.. \
    T_A=windows-x64-debug install
make.exe -C ./xml2Src install 
make.exe -C O.windows-x64-debug -f ../Makefile TOP=../../.. \
    T_A=windows-x64-debug install
make.exe -C O.windows-x64-debug -f ../Makefile TOP=../../.. \
    T_A=windows-x64-debug install
make.exe -C O.windows-x64-debug -f ../Makefile TOP=../../.. \
    T_A=windows-x64-debug install
make.exe[4]: Nothing to be done for 'install'.
make.exe[4]: Nothing to be done for 'install'.
make.exe -C ./hdf5Src install 
make.exe -C O.windows-x64-debug -f ../Makefile TOP=../../.. \
    T_A=windows-x64-debug install
make.exe[4]: Nothing to be done for 'install'.
make.exe -C ./GraphicsMagickSrc install 
make.exe -C ./bzlib install 
make.exe -C ./lcms install 
make.exe -C ./ttf install 
make.exe -C ./src install 
make.exe -C O.windows-x64-debug -f ../Makefile TOP=../../../.. \
    T_A=windows-x64-debug install
make.exe -C ./builds install 
make.exe -C O.windows-x64-debug -f ../Makefile TOP=../../../../.. \
    T_A=windows-x64-debug install
make.exe -C ./windows install 
make.exe -C ./src install 
make.exe -C ./wmf install 
make.exe -C O.windows-x64-debug -f ../Makefile TOP=../../../../../.. \
    T_A=windows-x64-debug install
make.exe -C ./hdf5_hlSrc install 
make.exe -C ./src install 
make.exe -C O.windows-x64-debug -f ../Makefile TOP=../../../../.. \
    T_A=windows-x64-debug install
make.exe[7]: Nothing to be done for 'install'.
make.exe -C ./webp install 
make.exe -C O.windows-x64-debug -f ../Makefile TOP=../../.. \
    T_A=windows-x64-debug install
make.exe -C O.windows-x64-debug -f ../Makefile TOP=../../../../.. \
    T_A=windows-x64-debug install
make.exe -C ./src install 
make.exe[6]: Nothing to be done for 'install'.
make.exe -C ./nexusSrc install 
make.exe -C O.windows-x64-debug -f ../Makefile TOP=../../../../.. \
    T_A=windows-x64-debug install
make.exe -C ./png install 
make.exe -C O.windows-x64-debug -f ../Makefile TOP=../../.. \
    T_A=windows-x64-debug install
make.exe -C O.windows-x64-debug -f ../Makefile TOP=../../../.. \
    T_A=windows-x64-debug install
make.exe -C ./jp2 install 
make.exe -C ./jbig install 
make.exe -C ./src install 
make.exe -C ./libjbig install 
make.exe -C ./libjasper install 
make.exe -C O.windows-x64-debug -f ../Makefile TOP=../../../../.. \
    T_A=windows-x64-debug install
make.exe -C ./magick install 
make.exe -C O.windows-x64-debug -f ../Makefile TOP=../../../../../.. \
    T_A=windows-x64-debug install
make.exe -C O.windows-x64-debug -f ../Makefile TOP=../../../.. \
    T_A=windows-x64-debug install
make.exe -C ./filters install 
make.exe -C ./coders install 
make.exe -C O.windows-x64-debug -f ../Makefile TOP=../../../.. \
    T_A=windows-x64-debug install
make.exe -C O.windows-x64-debug -f ../Makefile TOP=../../../.. \
    T_A=windows-x64-debug install
make.exe -C ./Magick++ install 
make.exe -C ./lib install 
make.exe -C O.windows-x64-debug -f ../Makefile TOP=../../../../.. \
    T_A=windows-x64-debug install
make.exe -C \epics\support/areaDetector-R3-3-2/ADCore install 
make.exe -C ./configure install 
make.exe -C ./ADApp install 
make.exe -C O.windows-x64-debug -f ../Makefile TOP=../.. \
    T_A=windows-x64-debug install
make.exe -C ./Db install 
make.exe -C ./ADSrc install 
make.exe -C ./op install 
make.exe[3]: Nothing to be done for 'install'.
make.exe -C O.windows-x64-debug -f ../Makefile TOP=../../.. \
    T_A=windows-x64-debug install
make.exe -C O.windows-x64-debug -f ../Makefile TOP=../../.. \
    T_A=windows-x64-debug install
make.exe[3]: Entering directory 'D:/epics/support/areaDetector-R3-3-2/ADCore/configure/O.windows-x64-debug'
perl -CSD D:/epics/base/bin/windows-x64-debug/convertRelease.pl checkRelease
make.exe[3]: Leaving directory 'D:/epics/support/areaDetector-R3-3-2/ADCore/configure/O.windows-x64-debug'
make.exe[4]: Nothing to be done for 'install'.
make.exe -C ./pluginSrc install 
make.exe[4]: Nothing to be done for 'install'.
make.exe -C O.windows-x64-debug -f ../Makefile TOP=../../.. \
    T_A=windows-x64-debug install
make.exe[4]: Nothing to be done for 'install'.
make.exe -C ./pluginTests install 
make.exe -C O.windows-x64-debug -f ../Makefile TOP=../../.. \
    T_A=windows-x64-debug install
make.exe[4]: Nothing to be done for 'install'.
make.exe -C \epics\support/areaDetector-R3-3-2/ADSimDetector install 
make.exe -C \epics\support/areaDetector-R3-3-2/ADAndor install 
make.exe -C \epics\support/areaDetector-R3-3-2/ADPICam install 
make.exe -C \epics\support/areaDetector-R3-3-2/ADPvCam install 
make.exe -C ./configure install 
make.exe -C ./configure install 
make.exe -C ./configure install 
make.exe -C ./configure install 
make.exe -C O.windows-x64-debug -f ../Makefile TOP=../.. \
    T_A=windows-x64-debug install
make.exe -C O.windows-x64-debug -f ../Makefile TOP=../.. \
    T_A=windows-x64-debug install
make.exe -C O.windows-x64-debug -f ../Makefile TOP=../.. \
    T_A=windows-x64-debug install
make.exe -C O.windows-x64-debug -f ../Makefile TOP=../.. \
    T_A=windows-x64-debug install
make.exe[3]: Entering directory 'D:/epics/support/areaDetector-R3-3-2/ADSimDetector/configure/O.windows-x64-debug'
perl -CSD D:/epics/base/bin/windows-x64-debug/convertRelease.pl checkRelease
make.exe[3]: Leaving directory 'D:/epics/support/areaDetector-R3-3-2/ADSimDetector/configure/O.windows-x64-debug'
make.exe[3]: Entering directory 'D:/epics/support/areaDetector-R3-3-2/ADPICam/configure/O.windows-x64-debug'
perl -CSD D:/epics/base/bin/windows-x64-debug/convertRelease.pl checkRelease
make.exe[3]: Leaving directory 'D:/epics/support/areaDetector-R3-3-2/ADPICam/configure/O.windows-x64-debug'
make.exe -C ./simDetectorApp install 
make.exe -C ./PICamSupport install 
make.exe[3]: Entering directory 'D:/epics/support/areaDetector-R3-3-2/ADAndor/configure/O.windows-x64-debug'
perl -CSD D:/epics/base/bin/windows-x64-debug/convertRelease.pl checkRelease
make.exe[3]: Leaving directory 'D:/epics/support/areaDetector-R3-3-2/ADAndor/configure/O.windows-x64-debug'
make.exe -C ./andorSupport install 
make.exe[3]: Entering directory 'D:/epics/support/areaDetector-R3-3-2/ADPvCam/configure/O.windows-x64-debug'
perl -CSD D:/epics/base/bin/windows-x64-debug/convertRelease.pl checkRelease
make.exe[3]: Leaving directory 'D:/epics/support/areaDetector-R3-3-2/ADPvCam/configure/O.windows-x64-debug'
make.exe -C ./pvcamSupport install 
make.exe -C ./src install 
make.exe -C O.windows-x64-debug -f ../Makefile TOP=..//.. \
    T_A=windows-x64-debug install
make.exe -C O.windows-x64-debug -f ../Makefile TOP=../.. \
    T_A=windows-x64-debug install
make.exe -C O.windows-x64-debug -f ../Makefile TOP=../.. \
    T_A=windows-x64-debug install
make.exe -C O.windows-x64-debug -f ../Makefile TOP=../../.. \
    T_A=windows-x64-debug install
make.exe[3]: Nothing to be done for 'install'.
make.exe -C ./PICamApp install 
make.exe[3]: Nothing to be done for 'install'.
make.exe -C ./andorApp install 
make.exe[3]: Entering directory 'D:/epics/support/areaDetector-R3-3-2/ADPvCam/pvcamSupport/O.windows-x64-debug'
"Installing pvcam64.lib"
make.exe[3]: Leaving directory 'D:/epics/support/areaDetector-R3-3-2/ADPvCam/pvcamSupport/O.windows-x64-debug'
make.exe[3]: Entering directory 'D:/epics/support/areaDetector-R3-3-2/ADPvCam/pvcamSupport/O.windows-x64-debug'
"Installing pvcam64.dll"
make.exe[3]: Leaving directory 'D:/epics/support/areaDetector-R3-3-2/ADPvCam/pvcamSupport/O.windows-x64-debug'
make.exe -C ./pvcamApp install 
make.exe -C ./src install 
make.exe -C ./src install 
make.exe -C ./src install 
make.exe -C ./Db install 
make.exe -C O.windows-x64-debug -f ../Makefile TOP=../../.. \
    T_A=windows-x64-debug install
make.exe -C O.windows-x64-debug -f ../Makefile TOP=../../.. \
    T_A=windows-x64-debug install
make.exe -C O.windows-x64-debug -f ../Makefile TOP=../../.. \
    T_A=windows-x64-debug install
make.exe -C O.windows-x64-debug -f ../Makefile TOP=../../.. \
    T_A=windows-x64-debug install
make.exe[4]: Nothing to be done for 'install'.
make.exe -C ./Db install 
make.exe[4]: Nothing to be done for 'install'.
make.exe -C ./Db install 
make.exe[4]: Nothing to be done for 'install'.
make.exe -C ./op install 
make.exe -C O.windows-x64-debug -f ../Makefile TOP=../../.. \
    T_A=windows-x64-debug install
make.exe -C O.windows-x64-debug -f ../Makefile TOP=../../.. \
    T_A=windows-x64-debug install
make.exe[3]: Nothing to be done for 'install'.
make.exe -C ./iocs install 
make.exe[4]: Nothing to be done for 'install'.
make.exe -C ./iocs install 
make.exe[4]: Nothing to be done for 'install'.
make.exe -C ./iocs install 
make.exe -C ./simDetectorNoIOC install 
make.exe[4]: Entering directory 'D:/epics/support/areaDetector-R3-3-2/ADPvCam/pvcamApp/src/O.windows-x64-debug'
link -nologo -subsystem:windows -dll -debug -incremental:no -fixed:no -MACHINE:X64      -out:pvCam.dll -implib:pvCam.lib         pvCam.obj drvPVCamEpics.obj      ../../../lib/windows-x64-debug/pvcam64.lib  \epics\support/areaDetector-R3-3-2/ADCore/lib/windows-x64-debug/ADBase.lib  \epics\support/asyn/lib/windows-x64-debug/asyn.lib  \epics\support/areaDetector-R3-3-2/ADSupport/lib/windows-x64-debug/Magick++.lib  \epics\support/areaDetector-R3-3-2/ADSupport/lib/windows-x64-debug/coders.lib  \epics\support/areaDetector-R3-3-2/ADSupport/lib/windows-x64-debug/Magick.lib  \epics\support/areaDetector-R3-3-2/ADSupport/lib/windows-x64-debug/jbig.lib  \epics\support/areaDetector-R3-3-2/ADSupport/lib/windows-x64-debug/jp2.lib  \epics\support/areaDetector-R3-3-2/ADSupport/lib/windows-x64-debug/bzlib.lib  \epics\support/areaDetector-R3-3-2/ADSupport/lib/windows-x64-debug/png.lib  \epics\support/areaDetector-R3-3-2/ADSupport/lib/windows-x64-debug/webp.lib  \epics\support/areaDetector-R3-3-2/ADSupport/lib/windows-x64-debug/lcms.lib  \epics\support/areaDetector-R3-3-2/ADSupport/lib/windows-x64-debug/ttf.lib  \epics\support/areaDetector-R3-3-2/ADSupport/lib/windows-x64-debug/wmf.lib  \epics\support/areaDetector-R3-3-2/ADSupport/lib/windows-x64-debug/filters.lib  \epics\support/areaDetector-R3-3-2/ADSupport/lib/windows-x64-debug/tiff.lib  \epics\support/areaDetector-R3-3-2/ADSupport/lib/windows-x64-debug/jpeg.lib  \epics\support/areaDetector-R3-3-2/ADSupport/lib/windows-x64-debug/xml2.lib  \epics\support/areaDetector-R3-3-2/ADSupport/lib/windows-x64-debug/NeXus.lib  \epics\support/areaDetector-R3-3-2/ADSupport/lib/windows-x64-debug/hdf5.lib  \epics\support/areaDetector-R3-3-2/ADSupport/lib/windows-x64-debug/szip.lib  \epics\support/areaDetector-R3-3-2/ADSupport/lib/windows-x64-debug/zlib.lib  \epics\base/lib/windows-x64-debug/dbRecStd.lib  \epics\base/lib/windows-x64-debug/dbCore.lib  \epics\base/lib/windows-x64-debug/ca.lib  \epics\base/lib/windows-x64-debug/Com.lib gdi32.lib oleaut32.lib
   Creating library pvCam.lib and object pvCam.exp
make.exe[4]: Leaving directory 'D:/epics/support/areaDetector-R3-3-2/ADPvCam/pvcamApp/src/O.windows-x64-debug'
make.exe -C ./PICamIOC install 
make.exe -C ./andorIOC install 
make.exe -C ./configure install 
make.exe -C ./Db install 
make.exe -C ./configure install 
make.exe -C O.windows-x64-debug -f ../Makefile TOP=../.. \
    T_A=windows-x64-debug install
make.exe -C ./configure install 
make.exe[3]: Entering directory 'D:/epics/support/areaDetector-R3-3-2/ADPvCam/pvcamApp/Db'
perl -CSD D:/epics/base/bin/windows-x64-debug/makeMakefile.pl O.windows-x64-debug ../../..
make.exe[3]: Leaving directory 'D:/epics/support/areaDetector-R3-3-2/ADPvCam/pvcamApp/Db'
make.exe -C O.windows-x64-debug -f ../Makefile TOP=../../.. \
    T_A=windows-x64-debug install
make.exe -C O.windows-x64-debug -f ../Makefile TOP=../.. \
    T_A=windows-x64-debug install
make.exe -C O.windows-x64-debug -f ../Makefile TOP=../.. \
    T_A=windows-x64-debug install
make.exe[5]: Entering directory 'D:/epics/support/areaDetector-R3-3-2/ADSimDetector/iocs/simDetectorNoIOC/configure/O.windows-x64-debug'
perl -CSD D:/epics/base/bin/windows-x64-debug/convertRelease.pl checkRelease
make.exe[5]: Leaving directory 'D:/epics/support/areaDetector-R3-3-2/ADSimDetector/iocs/simDetectorNoIOC/configure/O.windows-x64-debug'
make.exe -C ./simDetectorNoIOCApp install 
make.exe[4]: Nothing to be done for 'install'.
make.exe -C ./iocs install 
make.exe[5]: Entering directory 'D:/epics/support/areaDetector-R3-3-2/ADPICam/iocs/PICamIOC/configure/O.windows-x64-debug'
perl -CSD D:/epics/base/bin/windows-x64-debug/convertRelease.pl checkRelease
make.exe[5]: Leaving directory 'D:/epics/support/areaDetector-R3-3-2/ADPICam/iocs/PICamIOC/configure/O.windows-x64-debug'
make.exe -C ./PICamApp install 
make.exe -C ./src install 
make.exe[5]: Entering directory 'D:/epics/support/areaDetector-R3-3-2/ADAndor/iocs/andorIOC/configure/O.windows-x64-debug'
perl -CSD D:/epics/base/bin/windows-x64-debug/convertRelease.pl checkRelease
make.exe[5]: Leaving directory 'D:/epics/support/areaDetector-R3-3-2/ADAndor/iocs/andorIOC/configure/O.windows-x64-debug'
make.exe -C ./andorApp install 
make.exe -C ./pvcamIOC install 
make.exe -C ./src install 
make.exe -C O.windows-x64-debug -f ../Makefile TOP=../../.. \
    T_A=windows-x64-debug install
make.exe -C ./configure install 
make.exe -C ./src install 
make.exe -C O.windows-x64-debug -f ../Makefile TOP=../../.. \
    T_A=windows-x64-debug install
make.exe -C O.windows-x64-debug -f ../Makefile TOP=../../.. \
    T_A=windows-x64-debug install
make.exe[4]: Entering directory 'D:/epics/support/areaDetector-R3-3-2/ADPvCam/iocs/pvcamIOC/configure'
perl -CSD D:/epics/base/bin/windows-x64-debug/makeMakefile.pl O.windows-x64-debug ../..
make.exe[4]: Leaving directory 'D:/epics/support/areaDetector-R3-3-2/ADPvCam/iocs/pvcamIOC/configure'
make.exe -C O.windows-x64-debug -f ../Makefile TOP=../.. \
    T_A=windows-x64-debug install
make.exe[6]: Nothing to be done for 'install'.
make.exe -C ./simDetectorIOC install 
make.exe[5]: Entering directory 'D:/epics/support/areaDetector-R3-3-2/ADPvCam/iocs/pvcamIOC/configure/O.windows-x64-debug'
perl -CSD D:/epics/base/bin/windows-x64-debug/convertRelease.pl checkRelease
make.exe[5]: Leaving directory 'D:/epics/support/areaDetector-R3-3-2/ADPvCam/iocs/pvcamIOC/configure/O.windows-x64-debug'
make.exe -C ./pvcamApp install 
make.exe -C ./configure install 
make.exe -C ./src install 
make.exe -C O.windows-x64-debug -f ../Makefile TOP=../.. \
    T_A=windows-x64-debug install
make.exe[6]: Nothing to be done for 'install'.
make.exe -C ./iocBoot install 
make.exe[6]: Nothing to be done for 'install'.
make.exe -C ./iocBoot install 
make.exe[5]: Entering directory 'D:/epics/support/areaDetector-R3-3-2/ADPvCam/iocs/pvcamIOC/pvcamApp/src'
perl -CSD D:/epics/base/bin/windows-x64-debug/makeMakefile.pl O.windows-x64-debug ../../..
make.exe[5]: Leaving directory 'D:/epics/support/areaDetector-R3-3-2/ADPvCam/iocs/pvcamIOC/pvcamApp/src'
make.exe -C O.windows-x64-debug -f ../Makefile TOP=../../.. \
    T_A=windows-x64-debug install
make.exe -C ./iocPICam install 
make.exe -C ./iocAndor install 
make.exe[5]: Entering directory 'D:/epics/support/areaDetector-R3-3-2/ADSimDetector/iocs/simDetectorIOC/configure/O.windows-x64-debug'
perl -CSD D:/epics/base/bin/windows-x64-debug/convertRelease.pl checkRelease
make.exe[5]: Leaving directory 'D:/epics/support/areaDetector-R3-3-2/ADSimDetector/iocs/simDetectorIOC/configure/O.windows-x64-debug'
make.exe -C ./simDetectorApp install 
make.exe[5]: Nothing to be done for 'install'.
make.exe -C ./iocBoot install 
make.exe[6]: Entering directory 'D:/epics/support/areaDetector-R3-3-2/ADPvCam/iocs/pvcamIOC/pvcamApp/src/O.windows-x64-debug'
perl -CSD D:/epics/base/bin/windows-x64-debug/mkmf.pl  -m pvCamAppMain.d -I. -I../O.Common -I. -I. -I.. -I../../../include/compiler/msvc -I../../../include/os/WIN32 -I../../../include  -I../../../../../include/os/WIN32 -I../../../../../include      -I\epics\support/asyn/include     -I\epics\support/areaDetector-R3-3-2/ADSupport/include/os/WIN32 -I\epics\support/areaDetector-R3-3-2/ADSupport/include   -I\epics\support/areaDetector-R3-3-2/ADCore/include  -I\epics\support/autosave/include/os/WIN32 -I\epics\support/autosave/include   -I\epics\support/busy/include   -I\epics\support/calc/include   -I\epics\support/seq/include   -I\epics\support/sscan/include -I\epics\base/include/compiler/msvc -I\epics\base/include/os/WIN32 -I\epics\base/include        pvCamAppMain.obj ../pvCamAppMain.cpp
make.exe[6]: Leaving directory 'D:/epics/support/areaDetector-R3-3-2/ADPvCam/iocs/pvcamIOC/pvcamApp/src/O.windows-x64-debug'
make.exe[5]: Nothing to be done for 'install'.
make.exe -C ./iocBoot install 
make.exe -C ./Db install 
make.exe -C ./iocPvCam install 
make.exe -C ./iocSimDetector install 
make.exe[6]: Entering directory 'D:/epics/support/areaDetector-R3-3-2/ADPvCam/iocs/pvcamIOC/pvcamApp/src/O.windows-x64-debug'
perl -CSD D:/epics/base/bin/windows-x64-debug/registerRecordDeviceDriver.pl   -I. -I.. -I../O.Common -I../../../dbd -I../../../../../dbd -I\epics\support/asyn/dbd -I\epics\support/areaDetector-R3-3-2/ADCore/dbd -I\epics\support/autosave/dbd -I\epics\support/busy/dbd -I\epics\support/calc/dbd -I\epics\support/seq/dbd -I\epics\support/sscan/dbd -I\epics\base/dbd    -o pvCamApp_registerRecordDeviceDriver.cpp ../O.Common/pvCamApp.dbd pvCamApp_registerRecordDeviceDriver D:/epics/support/areaDetector-R3-3-2/ADPvCam/iocs/pvcamIOC
make.exe[6]: Leaving directory 'D:/epics/support/areaDetector-R3-3-2/ADPvCam/iocs/pvcamIOC/pvcamApp/src/O.windows-x64-debug'
make.exe -C O.windows-x64-debug -f ../Makefile TOP=../../.. \
    T_A=windows-x64-debug install
make.exe[5]: Nothing to be done for 'install'.
make.exe -C \epics\support/areaDetector-R3-3-2/ADURL install 
make.exe[5]: Nothing to be done for 'install'.
make.exe -C ./iocHDF5Test install 
make.exe[1]: Entering directory 'D:/epics/support/areaDetector-R3-3-2/ADURL'
EPICS/Release.pm: Undefined macro $(SUPPORT) used 
EPICS/Release.pm: Undefined macro $(SUPPORT) used 
EPICS/Release.pm: Undefined macro $(SUPPORT) used 
make.exe[1]: Leaving directory 'D:/epics/support/areaDetector-R3-3-2/ADURL'
make.exe[6]: Nothing to be done for 'install'.
make.exe -C ./src install 
make.exe -C ./configure install 
make.exe[5]: Nothing to be done for 'install'.
make.exe -C ./urlApp install 
make.exe[2]: Entering directory 'D:/epics/support/areaDetector-R3-3-2/ADURL/configure'
EPICS/Release.pm: Undefined macro $(SUPPORT) used 
EPICS/Release.pm: Undefined macro $(SUPPORT) used 
EPICS/Release.pm: Undefined macro $(SUPPORT) used 
EPICS/Release.pm: Undefined macro $(SUPPORT) used 
make.exe[2]: Leaving directory 'D:/epics/support/areaDetector-R3-3-2/ADURL/configure'
make.exe[2]: Entering directory 'D:/epics/support/areaDetector-R3-3-2/ADURL/urlApp'
EPICS/Release.pm: Undefined macro $(SUPPORT) used 
EPICS/Release.pm: Undefined macro $(SUPPORT) used 
EPICS/Release.pm: Undefined macro $(SUPPORT) used 
make.exe[2]: Leaving directory 'D:/epics/support/areaDetector-R3-3-2/ADURL/urlApp'
make.exe -C O.windows-x64-debug -f ../Makefile TOP=../.. \
    T_A=windows-x64-debug install
make.exe -C O.windows-x64-debug -f ../Makefile TOP=../../.. \
    T_A=windows-x64-debug install
make.exe -C ./src install 
make.exe[3]: Entering directory 'D:/epics/support/areaDetector-R3-3-2/ADURL/configure/O.windows-x64-debug'
EPICS/Release.pm: Undefined macro $(SUPPORT) used 
EPICS/Release.pm: Undefined macro $(SUPPORT) used 
make.exe[3]: Leaving directory 'D:/epics/support/areaDetector-R3-3-2/ADURL/configure/O.windows-x64-debug'
make.exe[3]: Entering directory 'D:/epics/support/areaDetector-R3-3-2/ADURL/urlApp/src'
EPICS/Release.pm: Undefined macro $(SUPPORT) used 
EPICS/Release.pm: Undefined macro $(SUPPORT) used 
EPICS/Release.pm: Undefined macro $(SUPPORT) used 
EPICS/Release.pm: Undefined macro $(SUPPORT) used 
make.exe[3]: Leaving directory 'D:/epics/support/areaDetector-R3-3-2/ADURL/urlApp/src'
make.exe[6]: Entering directory 'D:/epics/support/areaDetector-R3-3-2/ADPvCam/iocs/pvcamIOC/pvcamApp/src/O.windows-x64-debug'
perl -CSD D:/epics/base/bin/windows-x64-debug/mkmf.pl  -m pvCamApp_registerRecordDeviceDriver.d -I. -I../O.Common -I. -I. -I.. -I../../../include/compiler/msvc -I../../../include/os/WIN32 -I../../../include  -I../../../../../include/os/WIN32 -I../../../../../include      -I\epics\support/asyn/include     -I\epics\support/areaDetector-R3-3-2/ADSupport/include/os/WIN32 -I\epics\support/areaDetector-R3-3-2/ADSupport/include   -I\epics\support/areaDetector-R3-3-2/ADCore/include  -I\epics\support/autosave/include/os/WIN32 -I\epics\support/autosave/include   -I\epics\support/busy/include   -I\epics\support/calc/include   -I\epics\support/seq/include   -I\epics\support/sscan/include -I\epics\base/include/compiler/msvc -I\epics\base/include/os/WIN32 -I\epics\base/include        pvCamApp_registerRecordDeviceDriver.obj pvCamApp_registerRecordDeviceDriver.cpp
make.exe[6]: Leaving directory 'D:/epics/support/areaDetector-R3-3-2/ADPvCam/iocs/pvcamIOC/pvcamApp/src/O.windows-x64-debug'
make.exe -C O.windows-x64-debug -f ../Makefile TOP=../../.. \
    T_A=windows-x64-debug install
make.exe[3]: Entering directory 'D:/epics/support/areaDetector-R3-3-2/ADURL/configure/O.windows-x64-debug'
perl -CSD D:/epics/base/bin/windows-x64-debug/convertRelease.pl checkRelease
EPICS/Release.pm: Undefined macro $(SUPPORT) used 
EPICS/Release.pm: Undefined macro $(SUPPORT) used 
make.exe[3]: Leaving directory 'D:/epics/support/areaDetector-R3-3-2/ADURL/configure/O.windows-x64-debug'
make.exe -C ./Db install 
make.exe[4]: Entering directory 'D:/epics/support/areaDetector-R3-3-2/ADURL/urlApp/src/O.windows-x64-debug'
EPICS/Release.pm: Undefined macro $(SUPPORT) used 
EPICS/Release.pm: Undefined macro $(SUPPORT) used 
EPICS/Release.pm: Undefined macro $(SUPPORT) used 
make.exe[4]: Leaving directory 'D:/epics/support/areaDetector-R3-3-2/ADURL/urlApp/src/O.windows-x64-debug'
make.exe[3]: Entering directory 'D:/epics/support/areaDetector-R3-3-2/ADURL/urlApp/Db'
EPICS/Release.pm: Undefined macro $(SUPPORT) used 
EPICS/Release.pm: Undefined macro $(SUPPORT) used 
EPICS/Release.pm: Undefined macro $(SUPPORT) used 
EPICS/Release.pm: Undefined macro $(SUPPORT) used 
make.exe[3]: Leaving directory 'D:/epics/support/areaDetector-R3-3-2/ADURL/urlApp/Db'
make.exe -C O.windows-x64-debug -f ../Makefile TOP=../../.. \
    T_A=windows-x64-debug install
make.exe[4]: Nothing to be done for 'install'.
make.exe[4]: Entering directory 'D:/epics/support/areaDetector-R3-3-2/ADURL/urlApp/Db/O.windows-x64-debug'
EPICS/Release.pm: Undefined macro $(SUPPORT) used 
EPICS/Release.pm: Undefined macro $(SUPPORT) used 
make.exe[4]: Leaving directory 'D:/epics/support/areaDetector-R3-3-2/ADURL/urlApp/Db/O.windows-x64-debug'
make.exe[4]: Nothing to be done for 'install'.
make.exe[6]: Nothing to be done for 'install'.
make.exe[6]: Entering directory 'D:/epics/support/areaDetector-R3-3-2/ADPvCam/iocs/pvcamIOC/pvcamApp/src/O.windows-x64-debug'
cl -EHsc -GR                -nologo -FC -D__STDC__=0 -D_CRT_SECURE_NO_DEPRECATE -D_CRT_NONSTDC_NO_DEPRECATE   -RTCsu -Zi -FS   -W3 -w44355 -w44344 -w44251     -DH5_BUILT_AS_DYNAMIC_LIB    -MDd -DEPICS_BUILD_DLL -DEPICS_CALL_DLL -TP  -I. -I../O.Common -I. -I. -I.. -I../../../include/compiler/msvc -I../../../include/os/WIN32 -I../../../include  -I../../../../../include/os/WIN32 -I../../../../../include      -I\epics\support/asyn/include     -I\epics\support/areaDetector-R3-3-2/ADSupport/include/os/WIN32 -I\epics\support/areaDetector-R3-3-2/ADSupport/include   -I\epics\support/areaDetector-R3-3-2/ADCore/include  -I\epics\support/autosave/include/os/WIN32 -I\epics\support/autosave/include   -I\epics\support/busy/include   -I\epics\support/calc/include   -I\epics\support/seq/include   -I\epics\support/sscan/include -I\epics\base/include/compiler/msvc -I\epics\base/include/os/WIN32 -I\epics\base/include        -c ../pvCamAppMain.cpp
pvCamAppMain.cpp
make.exe[6]: Leaving directory 'D:/epics/support/areaDetector-R3-3-2/ADPvCam/iocs/pvcamIOC/pvcamApp/src/O.windows-x64-debug'
make.exe[6]: Entering directory 'D:/epics/support/areaDetector-R3-3-2/ADPvCam/iocs/pvcamIOC/pvcamApp/src/O.windows-x64-debug'
cl -EHsc -GR                -nologo -FC -D__STDC__=0 -D_CRT_SECURE_NO_DEPRECATE -D_CRT_NONSTDC_NO_DEPRECATE   -RTCsu -Zi -FS   -W3 -w44355 -w44344 -w44251     -DH5_BUILT_AS_DYNAMIC_LIB    -MDd -DEPICS_BUILD_DLL -DEPICS_CALL_DLL -TP  -I. -I../O.Common -I. -I. -I.. -I../../../include/compiler/msvc -I../../../include/os/WIN32 -I../../../include  -I../../../../../include/os/WIN32 -I../../../../../include      -I\epics\support/asyn/include     -I\epics\support/areaDetector-R3-3-2/ADSupport/include/os/WIN32 -I\epics\support/areaDetector-R3-3-2/ADSupport/include   -I\epics\support/areaDetector-R3-3-2/ADCore/include  -I\epics\support/autosave/include/os/WIN32 -I\epics\support/autosave/include   -I\epics\support/busy/include   -I\epics\support/calc/include   -I\epics\support/seq/include   -I\epics\support/sscan/include -I\epics\base/include/compiler/msvc -I\epics\base/include/os/WIN32 -I\epics\base/include        -c pvCamApp_registerRecordDeviceDriver.cpp
pvCamApp_registerRecordDeviceDriver.cpp
make.exe[6]: Leaving directory 'D:/epics/support/areaDetector-R3-3-2/ADPvCam/iocs/pvcamIOC/pvcamApp/src/O.windows-x64-debug'
make.exe[6]: Entering directory 'D:/epics/support/areaDetector-R3-3-2/ADPvCam/iocs/pvcamIOC/pvcamApp/src/O.windows-x64-debug'
link -nologo  -debug -incremental:no -fixed:no -MACHINE:X64              -out:pvCamApp.exe        pvCamApp_registerRecordDeviceDriver.obj pvCamAppMain.obj     ../../../../../lib/windows-x64-debug/pvCam.lib  ../../../../../lib/windows-x64-debug/pvcam64.lib  \epics\support/areaDetector-R3-3-2/ADCore/lib/windows-x64-debug/NDPlugin.lib  \epics\support/areaDetector-R3-3-2/ADCore/lib/windows-x64-debug/ADBase.lib  \epics\support/areaDetector-R3-3-2/ADSupport/lib/windows-x64-debug/Magick++.lib  \epics\support/areaDetector-R3-3-2/ADSupport/lib/windows-x64-debug/coders.lib  \epics\support/areaDetector-R3-3-2/ADSupport/lib/windows-x64-debug/Magick.lib  \epics\support/areaDetector-R3-3-2/ADSupport/lib/windows-x64-debug/jbig.lib  \epics\support/areaDetector-R3-3-2/ADSupport/lib/windows-x64-debug/jp2.lib  \epics\support/areaDetector-R3-3-2/ADSupport/lib/windows-x64-debug/bzlib.lib  \epics\support/areaDetector-R3-3-2/ADSupport/lib/windows-x64-debug/png.lib  \epics\support/areaDetector-R3-3-2/ADSupport/lib/windows-x64-debug/webp.lib  \epics\support/areaDetector-R3-3-2/ADSupport/lib/windows-x64-debug/lcms.lib  \epics\support/areaDetector-R3-3-2/ADSupport/lib/windows-x64-debug/ttf.lib  \epics\support/areaDetector-R3-3-2/ADSupport/lib/windows-x64-debug/wmf.lib  \epics\support/areaDetector-R3-3-2/ADSupport/lib/windows-x64-debug/filters.lib  \epics\support/areaDetector-R3-3-2/ADSupport/lib/windows-x64-debug/tiff.lib  \epics\support/areaDetector-R3-3-2/ADSupport/lib/windows-x64-debug/jpeg.lib  \epics\support/areaDetector-R3-3-2/ADSupport/lib/windows-x64-debug/xml2.lib  \epics\support/areaDetector-R3-3-2/ADSupport/lib/windows-x64-debug/NeXus.lib  \epics\support/areaDetector-R3-3-2/ADSupport/lib/windows-x64-debug/hdf5.lib  \epics\support/areaDetector-R3-3-2/ADSupport/lib/windows-x64-debug/szip.lib  \epics\support/areaDetector-R3-3-2/ADSupport/lib/windows-x64-debug/zlib.lib  \epics\support/asyn/lib/windows-x64-debug/asyn.lib  \epics\support/autosave/lib/windows-x64-debug/autosave.lib  \epics\support/busy/lib/windows-x64-debug/busy.lib  \epics\support/calc/lib/windows-x64-debug/calc.lib  \epics\support/sscan/lib/windows-x64-debug/sscan.lib  \epics\support/seq/lib/windows-x64-debug/seq.lib  \epics\support/seq/lib/windows-x64-debug/pv.lib  \epics\base/lib/windows-x64-debug/dbRecStd.lib  \epics\base/lib/windows-x64-debug/dbCore.lib  \epics\base/lib/windows-x64-debug/ca.lib  \epics\base/lib/windows-x64-debug/Com.lib gdi32.lib oleaut32.lib psapi.lib  
make.exe[6]: Leaving directory 'D:/epics/support/areaDetector-R3-3-2/ADPvCam/iocs/pvcamIOC/pvcamApp/src/O.windows-x64-debug'
make.exe[6]: Entering directory 'D:/epics/support/areaDetector-R3-3-2/ADPvCam/iocs/pvcamIOC/pvcamApp/src/O.windows-x64-debug'
mkdir ../../../bin/windows-x64-debug
make.exe[6]: Leaving directory 'D:/epics/support/areaDetector-R3-3-2/ADPvCam/iocs/pvcamIOC/pvcamApp/src/O.windows-x64-debug'
