make.exe -C \epics\support/areaDetector-R3-3-2/ADSupport install 
make.exe -C ./configure install 
make.exe -C ./supportApp install 
make.exe -C O.windows-x64-static -f ../Makefile TOP=../.. \
    T_A=windows-x64-static install
make.exe -C ./netCDFSrc install 
make.exe -C ./jpegSrc install 
make.exe -C ./zlibSrc install 
make.exe -C O.windows-x64-static -f ../Makefile TOP=../../.. \
    T_A=windows-x64-static install
make.exe -C O.windows-x64-static -f ../Makefile TOP=../../.. \
    T_A=windows-x64-static install
make.exe -C O.windows-x64-static -f ../Makefile TOP=../../.. \
    T_A=windows-x64-static install
make.exe[3]: Entering directory 'D:/epics/support/areaDetector-R3-3-2/ADSupport/configure/O.windows-x64-static'
perl -CSD D:/epics/base/bin/windows-x64-static/convertRelease.pl checkRelease
make.exe[3]: Leaving directory 'D:/epics/support/areaDetector-R3-3-2/ADSupport/configure/O.windows-x64-static'
make.exe -C ./szipSrc install 
make.exe[4]: Nothing to be done for 'install'.
make.exe[4]: Nothing to be done for 'install'.
make.exe -C ./bloscSrc install 
make.exe -C ./tiffSrc install 
make.exe[4]: Nothing to be done for 'install'.
make.exe -C ./xml2Src install 
make.exe -C O.windows-x64-static -f ../Makefile TOP=../../.. \
    T_A=windows-x64-static install
make.exe -C O.windows-x64-static -f ../Makefile TOP=../../.. \
    T_A=windows-x64-static install
make.exe -C O.windows-x64-static -f ../Makefile TOP=../../.. \
    T_A=windows-x64-static install
make.exe -C O.windows-x64-static -f ../Makefile TOP=../../.. \
    T_A=windows-x64-static install
make.exe[4]: Nothing to be done for 'install'.
make.exe[4]: Nothing to be done for 'install'.
make.exe -C ./hdf5Src install 
make.exe[4]: Nothing to be done for 'install'.
make.exe -C O.windows-x64-static -f ../Makefile TOP=../../.. \
    T_A=windows-x64-static install
make.exe[4]: Nothing to be done for 'install'.
make.exe -C ./GraphicsMagickSrc install 
make.exe -C ./bzlib install 
make.exe -C ./lcms install 
make.exe -C ./ttf install 
make.exe -C O.windows-x64-static -f ../Makefile TOP=../../../.. \
    T_A=windows-x64-static install
make.exe -C ./src install 
make.exe -C ./builds install 
make.exe -C ./windows install 
make.exe -C O.windows-x64-static -f ../Makefile TOP=../../../../.. \
    T_A=windows-x64-static install
make.exe[5]: Nothing to be done for 'install'.
make.exe -C ./src install 
make.exe -C O.windows-x64-static -f ../Makefile TOP=../../../../../.. \
    T_A=windows-x64-static install
make.exe[4]: Nothing to be done for 'install'.
make.exe -C ./wmf install 
make.exe[6]: Nothing to be done for 'install'.
make.exe -C ./hdf5_hlSrc install 
make.exe -C O.windows-x64-static -f ../Makefile TOP=../../../../.. \
    T_A=windows-x64-static install
make.exe -C ./src install 
make.exe[7]: Nothing to be done for 'install'.
make.exe -C ./webp install 
make.exe -C O.windows-x64-static -f ../Makefile TOP=../../.. \
    T_A=windows-x64-static install
make.exe -C O.windows-x64-static -f ../Makefile TOP=../../../../.. \
    T_A=windows-x64-static install
make.exe -C ./src install 
make.exe[4]: Nothing to be done for 'install'.
make.exe -C ./png install 
make.exe -C O.windows-x64-static -f ../Makefile TOP=../../../../.. \
    T_A=windows-x64-static install
make.exe[6]: Nothing to be done for 'install'.
make.exe -C ./nexusSrc install 
make.exe -C O.windows-x64-static -f ../Makefile TOP=../../../.. \
    T_A=windows-x64-static install
make.exe -C O.windows-x64-static -f ../Makefile TOP=../../.. \
    T_A=windows-x64-static install
make.exe[5]: Nothing to be done for 'install'.
make.exe -C ./jp2 install 
make.exe[4]: Nothing to be done for 'install'.
make.exe -C ./jbig install 
make.exe -C ./src install 
make.exe[6]: Nothing to be done for 'install'.
make.exe -C ./libjbig install 
make.exe -C ./libjasper install 
make.exe -C O.windows-x64-static -f ../Makefile TOP=../../../../.. \
    T_A=windows-x64-static install
make.exe[6]: Nothing to be done for 'install'.
make.exe -C ./magick install 
make.exe -C O.windows-x64-static -f ../Makefile TOP=../../../../../.. \
    T_A=windows-x64-static install
make.exe -C O.windows-x64-static -f ../Makefile TOP=../../../.. \
    T_A=windows-x64-static install
make.exe[6]: Nothing to be done for 'install'.
make.exe[7]: Nothing to be done for 'install'.
make.exe[5]: Nothing to be done for 'install'.
make.exe -C ./filters install 
make.exe -C ./coders install 
make.exe -C O.windows-x64-static -f ../Makefile TOP=../../../.. \
    T_A=windows-x64-static install
make.exe -C O.windows-x64-static -f ../Makefile TOP=../../../.. \
    T_A=windows-x64-static install
make.exe[5]: Nothing to be done for 'install'.
make.exe[5]: Nothing to be done for 'install'.
make.exe -C ./Magick++ install 
make.exe -C ./lib install 
make.exe -C O.windows-x64-static -f ../Makefile TOP=../../../../.. \
    T_A=windows-x64-static install
make.exe[6]: Nothing to be done for 'install'.
make.exe -C \epics\support/areaDetector-R3-3-2/ADCore install 
make.exe -C ./configure install 
make.exe -C ./ADApp install 
make.exe -C O.windows-x64-static -f ../Makefile TOP=../.. \
    T_A=windows-x64-static install
make.exe -C ./Db install 
make.exe -C ./ADSrc install 
make.exe -C ./op install 
make.exe -C O.windows-x64-static -f ../Makefile TOP=../../.. \
    T_A=windows-x64-static install
make.exe[3]: Nothing to be done for 'install'.
make.exe -C O.windows-x64-static -f ../Makefile TOP=../../.. \
    T_A=windows-x64-static install
make.exe[3]: Entering directory 'D:/epics/support/areaDetector-R3-3-2/ADCore/configure/O.windows-x64-static'
perl -CSD D:/epics/base/bin/windows-x64-static/convertRelease.pl checkRelease
make.exe[3]: Leaving directory 'D:/epics/support/areaDetector-R3-3-2/ADCore/configure/O.windows-x64-static'
make.exe[4]: Nothing to be done for 'install'.
make.exe -C ./pluginSrc install 
make.exe[4]: Nothing to be done for 'install'.
make.exe -C O.windows-x64-static -f ../Makefile TOP=../../.. \
    T_A=windows-x64-static install
make.exe[4]: Nothing to be done for 'install'.
make.exe -C ./pluginTests install 
make.exe -C O.windows-x64-static -f ../Makefile TOP=../../.. \
    T_A=windows-x64-static install
make.exe[4]: Nothing to be done for 'install'.
make.exe -C \epics\support/areaDetector-R3-3-2/ADSimDetector install 
make.exe -C \epics\support/areaDetector-R3-3-2/ADAndor install 
make.exe -C \epics\support/areaDetector-R3-3-2/ADPICam install 
make.exe -C \epics\support/areaDetector-R3-3-2/ADPvCam install 
make.exe -C ./configure install 
make.exe -C ./configure install 
make.exe -C ./configure install 
make.exe -C ./configure install 
make.exe -C O.windows-x64-static -f ../Makefile TOP=../.. \
    T_A=windows-x64-static install
make.exe -C O.windows-x64-static -f ../Makefile TOP=../.. \
    T_A=windows-x64-static install
make.exe -C O.windows-x64-static -f ../Makefile TOP=../.. \
    T_A=windows-x64-static install
make.exe -C O.windows-x64-static -f ../Makefile TOP=../.. \
    T_A=windows-x64-static install
make.exe[3]: Entering directory 'D:/epics/support/areaDetector-R3-3-2/ADPICam/configure/O.windows-x64-static'
perl -CSD D:/epics/base/bin/windows-x64-static/convertRelease.pl checkRelease
make.exe[3]: Leaving directory 'D:/epics/support/areaDetector-R3-3-2/ADPICam/configure/O.windows-x64-static'
make.exe[3]: Entering directory 'D:/epics/support/areaDetector-R3-3-2/ADPvCam/configure/O.windows-x64-static'
perl -CSD D:/epics/base/bin/windows-x64-static/convertRelease.pl checkRelease
make.exe[3]: Leaving directory 'D:/epics/support/areaDetector-R3-3-2/ADPvCam/configure/O.windows-x64-static'
make.exe -C ./PICamSupport install 
make.exe -C ./pvcamSupport install 
make.exe[3]: Entering directory 'D:/epics/support/areaDetector-R3-3-2/ADAndor/configure/O.windows-x64-static'
perl -CSD D:/epics/base/bin/windows-x64-static/convertRelease.pl checkRelease
make.exe[3]: Leaving directory 'D:/epics/support/areaDetector-R3-3-2/ADAndor/configure/O.windows-x64-static'
make.exe[3]: Entering directory 'D:/epics/support/areaDetector-R3-3-2/ADSimDetector/configure/O.windows-x64-static'
perl -CSD D:/epics/base/bin/windows-x64-static/convertRelease.pl checkRelease
make.exe[3]: Leaving directory 'D:/epics/support/areaDetector-R3-3-2/ADSimDetector/configure/O.windows-x64-static'
make.exe -C ./andorSupport install 
make.exe -C ./simDetectorApp install 
make.exe -C O.windows-x64-static -f ../Makefile TOP=../.. \
    T_A=windows-x64-static install
make.exe -C O.windows-x64-static -f ../Makefile TOP=..//.. \
    T_A=windows-x64-static install
make.exe -C ./src install 
make.exe -C O.windows-x64-static -f ../Makefile TOP=../.. \
    T_A=windows-x64-static install
make.exe -C O.windows-x64-static -f ../Makefile TOP=../../.. \
    T_A=windows-x64-static install
make.exe[3]: Nothing to be done for 'install'.
make.exe[3]: Nothing to be done for 'install'.
make.exe -C ./PICamApp install 
make.exe -C ./andorApp install 
make.exe[3]: Entering directory 'D:/epics/support/areaDetector-R3-3-2/ADPvCam/pvcamSupport/O.windows-x64-static'
"Installing pvcam64.lib"
make.exe[3]: Leaving directory 'D:/epics/support/areaDetector-R3-3-2/ADPvCam/pvcamSupport/O.windows-x64-static'
make.exe[3]: Entering directory 'D:/epics/support/areaDetector-R3-3-2/ADPvCam/pvcamSupport/O.windows-x64-static'
"Installing pvcam64.dll"
make.exe[3]: Leaving directory 'D:/epics/support/areaDetector-R3-3-2/ADPvCam/pvcamSupport/O.windows-x64-static'
make.exe -C ./pvcamApp install 
make.exe -C ./src install 
make.exe -C ./src install 
make.exe[4]: Nothing to be done for 'install'.
make.exe -C ./Db install 
make.exe -C ./src install 
make.exe -C O.windows-x64-static -f ../Makefile TOP=../../.. \
    T_A=windows-x64-static install
make.exe -C O.windows-x64-static -f ../Makefile TOP=../../.. \
    T_A=windows-x64-static install
make.exe -C O.windows-x64-static -f ../Makefile TOP=../../.. \
    T_A=windows-x64-static install
make.exe -C O.windows-x64-static -f ../Makefile TOP=../../.. \
    T_A=windows-x64-static install
make.exe[4]: Nothing to be done for 'install'.
make.exe -C ./Db install 
make.exe[4]: Nothing to be done for 'install'.
make.exe[4]: Nothing to be done for 'install'.
make.exe -C ./Db install 
make.exe -C ./op install 
make.exe -C O.windows-x64-static -f ../Makefile TOP=../../.. \
    T_A=windows-x64-static install
make.exe[3]: Nothing to be done for 'install'.
make.exe -C ./iocs install 
make.exe -C O.windows-x64-static -f ../Makefile TOP=../../.. \
    T_A=windows-x64-static install
make.exe[4]: Entering directory 'D:/epics/support/areaDetector-R3-3-2/ADPvCam/pvcamApp/src/O.windows-x64-static'
lib -nologo -verbose -out:pvCam.lib         pvCam.obj drvPVCamEpics.obj
Appending drvPVCamEpics.obj
Appending pvCam.obj
make.exe[4]: Leaving directory 'D:/epics/support/areaDetector-R3-3-2/ADPvCam/pvcamApp/src/O.windows-x64-static'
make.exe -C ./Db install 
make.exe -C ./simDetectorNoIOC install 
make.exe[4]: Nothing to be done for 'install'.
make.exe -C ./iocs install 
make.exe[4]: Nothing to be done for 'install'.
make.exe -C ./iocs install 
make.exe -C O.windows-x64-static -f ../Makefile TOP=../../.. \
    T_A=windows-x64-static install
make.exe -C ./configure install 
make.exe -C ./PICamIOC install 
make.exe -C ./andorIOC install 
make.exe -C O.windows-x64-static -f ../Makefile TOP=../.. \
    T_A=windows-x64-static install
make.exe[4]: Nothing to be done for 'install'.
make.exe -C ./iocs install 
make.exe -C ./configure install 
make.exe -C ./configure install 
make.exe -C ./pvcamIOC install 
make.exe -C O.windows-x64-static -f ../Makefile TOP=../.. \
    T_A=windows-x64-static install
make.exe -C O.windows-x64-static -f ../Makefile TOP=../.. \
    T_A=windows-x64-static install
make.exe[5]: Entering directory 'D:/epics/support/areaDetector-R3-3-2/ADSimDetector/iocs/simDetectorNoIOC/configure/O.windows-x64-static'
perl -CSD D:/epics/base/bin/windows-x64-static/convertRelease.pl checkRelease
make.exe[5]: Leaving directory 'D:/epics/support/areaDetector-R3-3-2/ADSimDetector/iocs/simDetectorNoIOC/configure/O.windows-x64-static'
make.exe -C ./simDetectorNoIOCApp install 
make.exe -C ./configure install 
make.exe -C ./src install 
make.exe[5]: Entering directory 'D:/epics/support/areaDetector-R3-3-2/ADPICam/iocs/PICamIOC/configure/O.windows-x64-static'
perl -CSD D:/epics/base/bin/windows-x64-static/convertRelease.pl checkRelease
make.exe[5]: Leaving directory 'D:/epics/support/areaDetector-R3-3-2/ADPICam/iocs/PICamIOC/configure/O.windows-x64-static'
make.exe -C ./PICamApp install 
make.exe -C O.windows-x64-static -f ../Makefile TOP=../.. \
    T_A=windows-x64-static install
make.exe[5]: Entering directory 'D:/epics/support/areaDetector-R3-3-2/ADAndor/iocs/andorIOC/configure/O.windows-x64-static'
perl -CSD D:/epics/base/bin/windows-x64-static/convertRelease.pl checkRelease
make.exe[5]: Leaving directory 'D:/epics/support/areaDetector-R3-3-2/ADAndor/iocs/andorIOC/configure/O.windows-x64-static'
make.exe -C ./andorApp install 
make.exe -C O.windows-x64-static -f ../Makefile TOP=../../.. \
    T_A=windows-x64-static install
make.exe -C ./src install 
make.exe -C ./src install 
make.exe -C O.windows-x64-static -f ../Makefile TOP=../../.. \
    T_A=windows-x64-static install
make.exe[5]: Entering directory 'D:/epics/support/areaDetector-R3-3-2/ADPvCam/iocs/pvcamIOC/configure/O.windows-x64-static'
perl -CSD D:/epics/base/bin/windows-x64-static/convertRelease.pl checkRelease
make.exe[5]: Leaving directory 'D:/epics/support/areaDetector-R3-3-2/ADPvCam/iocs/pvcamIOC/configure/O.windows-x64-static'
make.exe -C ./pvcamApp install 
make.exe -C O.windows-x64-static -f ../Makefile TOP=../../.. \
    T_A=windows-x64-static install
make.exe -C ./src install 
make.exe[6]: Nothing to be done for 'install'.
make.exe -C ./simDetectorIOC install 
make.exe -C O.windows-x64-static -f ../Makefile TOP=../../.. \
    T_A=windows-x64-static install
make.exe -C ./configure install 
make.exe -C O.windows-x64-static -f ../Makefile TOP=../.. \
    T_A=windows-x64-static install
make.exe[6]: Nothing to be done for 'install'.
make.exe -C ./iocBoot install 
make.exe[6]: Nothing to be done for 'install'.
make.exe -C ./iocBoot install 
make.exe -C ./iocPICam install 
make.exe -C ./iocAndor install 
make.exe[5]: Entering directory 'D:/epics/support/areaDetector-R3-3-2/ADSimDetector/iocs/simDetectorIOC/configure/O.windows-x64-static'
perl -CSD D:/epics/base/bin/windows-x64-static/convertRelease.pl checkRelease
make.exe[5]: Leaving directory 'D:/epics/support/areaDetector-R3-3-2/ADSimDetector/iocs/simDetectorIOC/configure/O.windows-x64-static'
make.exe -C ./simDetectorApp install 
make.exe[5]: Nothing to be done for 'install'.
make.exe -C ./iocBoot install 
make.exe[5]: Nothing to be done for 'install'.
make.exe -C ./iocBoot install 
make.exe -C ./Db install 
make.exe -C ./iocPvCam install 
make.exe -C ./iocSimDetector install 
make.exe -C O.windows-x64-static -f ../Makefile TOP=../../.. \
    T_A=windows-x64-static install
make.exe[5]: Nothing to be done for 'install'.
make.exe -C \epics\support/areaDetector-R3-3-2/ADURL install 
make.exe[5]: Nothing to be done for 'install'.
make.exe -C ./iocHDF5Test install 
make.exe[1]: Entering directory 'D:/epics/support/areaDetector-R3-3-2/ADURL'
EPICS/Release.pm: Undefined macro $(SUPPORT) used 
EPICS/Release.pm: Undefined macro $(SUPPORT) used 
make.exe[1]: Leaving directory 'D:/epics/support/areaDetector-R3-3-2/ADURL'
make.exe -C ./configure install 
make.exe[6]: Nothing to be done for 'install'.
make.exe -C ./src install 
make.exe[5]: Nothing to be done for 'install'.
make.exe -C ./urlApp install 
make.exe[2]: Entering directory 'D:/epics/support/areaDetector-R3-3-2/ADURL/configure'
EPICS/Release.pm: Undefined macro $(SUPPORT) used 
EPICS/Release.pm: Undefined macro $(SUPPORT) used 
make.exe[2]: Leaving directory 'D:/epics/support/areaDetector-R3-3-2/ADURL/configure'
make.exe[2]: Entering directory 'D:/epics/support/areaDetector-R3-3-2/ADURL/urlApp'
EPICS/Release.pm: Undefined macro $(SUPPORT) used 
EPICS/Release.pm: Undefined macro $(SUPPORT) used 
EPICS/Release.pm: Undefined macro $(SUPPORT) used 
EPICS/Release.pm: Undefined macro $(SUPPORT) used 
make.exe[2]: Leaving directory 'D:/epics/support/areaDetector-R3-3-2/ADURL/urlApp'
make.exe -C O.windows-x64-static -f ../Makefile TOP=../.. \
    T_A=windows-x64-static install
make.exe -C ./src install 
make.exe -C O.windows-x64-static -f ../Makefile TOP=../../.. \
    T_A=windows-x64-static install
make.exe[3]: Entering directory 'D:/epics/support/areaDetector-R3-3-2/ADURL/configure/O.windows-x64-static'
EPICS/Release.pm: Undefined macro $(SUPPORT) used 
EPICS/Release.pm: Undefined macro $(SUPPORT) used 
make.exe[3]: Leaving directory 'D:/epics/support/areaDetector-R3-3-2/ADURL/configure/O.windows-x64-static'
make.exe[3]: Entering directory 'D:/epics/support/areaDetector-R3-3-2/ADURL/urlApp/src'
EPICS/Release.pm: Undefined macro $(SUPPORT) used 
EPICS/Release.pm: Undefined macro $(SUPPORT) used 
EPICS/Release.pm: Undefined macro $(SUPPORT) used 
make.exe[3]: Leaving directory 'D:/epics/support/areaDetector-R3-3-2/ADURL/urlApp/src'
make.exe[6]: Entering directory 'D:/epics/support/areaDetector-R3-3-2/ADPvCam/iocs/pvcamIOC/pvcamApp/src/O.windows-x64-static'
link -nologo   -incremental:no -opt:ref -release  -MACHINE:X64              -out:pvCamApp.exe        pvCamApp_registerRecordDeviceDriver.obj pvCamAppMain.obj     ../../../../../lib/windows-x64-static/pvCam.lib  ../../../../../lib/windows-x64-static/pvcam64.lib  \epics\support/areaDetector-R3-3-2/ADCore/lib/windows-x64-static/NDPlugin.lib  \epics\support/areaDetector-R3-3-2/ADCore/lib/windows-x64-static/ADBase.lib  \epics\support/areaDetector-R3-3-2/ADSupport/lib/windows-x64-static/Magick++.lib  \epics\support/areaDetector-R3-3-2/ADSupport/lib/windows-x64-static/coders.lib  \epics\support/areaDetector-R3-3-2/ADSupport/lib/windows-x64-static/Magick.lib  \epics\support/areaDetector-R3-3-2/ADSupport/lib/windows-x64-static/jbig.lib  \epics\support/areaDetector-R3-3-2/ADSupport/lib/windows-x64-static/jp2.lib  \epics\support/areaDetector-R3-3-2/ADSupport/lib/windows-x64-static/bzlib.lib  \epics\support/areaDetector-R3-3-2/ADSupport/lib/windows-x64-static/png.lib  \epics\support/areaDetector-R3-3-2/ADSupport/lib/windows-x64-static/webp.lib  \epics\support/areaDetector-R3-3-2/ADSupport/lib/windows-x64-static/lcms.lib  \epics\support/areaDetector-R3-3-2/ADSupport/lib/windows-x64-static/ttf.lib  \epics\support/areaDetector-R3-3-2/ADSupport/lib/windows-x64-static/wmf.lib  \epics\support/areaDetector-R3-3-2/ADSupport/lib/windows-x64-static/filters.lib  \epics\support/areaDetector-R3-3-2/ADSupport/lib/windows-x64-static/tiff.lib  \epics\support/areaDetector-R3-3-2/ADSupport/lib/windows-x64-static/jpeg.lib  \epics\support/areaDetector-R3-3-2/ADSupport/lib/windows-x64-static/xml2.lib  \epics\support/areaDetector-R3-3-2/ADSupport/lib/windows-x64-static/NeXus.lib  \epics\support/areaDetector-R3-3-2/ADSupport/lib/windows-x64-static/hdf5.lib  \epics\support/areaDetector-R3-3-2/ADSupport/lib/windows-x64-static/szip.lib  \epics\support/areaDetector-R3-3-2/ADSupport/lib/windows-x64-static/zlib.lib  \epics\support/asyn/lib/windows-x64-static/asyn.lib  \epics\support/autosave/lib/windows-x64-static/autosave.lib  \epics\support/busy/lib/windows-x64-static/busy.lib  \epics\support/calc/lib/windows-x64-static/calc.lib  \epics\support/sscan/lib/windows-x64-static/sscan.lib  \epics\support/seq/lib/windows-x64-static/seq.lib  \epics\support/seq/lib/windows-x64-static/pv.lib  \epics\base/lib/windows-x64-static/dbRecStd.lib  \epics\base/lib/windows-x64-static/dbCore.lib  \epics\base/lib/windows-x64-static/ca.lib  \epics\base/lib/windows-x64-static/Com.lib gdi32.lib oleaut32.lib psapi.lib ws2_32.lib advapi32.lib user32.lib kernel32.lib winmm.lib     
   Creating library pvCamApp.lib and object pvCamApp.exp
NDPlugin.lib(NDFileHDF5LayoutXML.obj) : warning LNK4217: locally defined symbol xmlFree imported in function "private: int __cdecl hdf5::LayoutXML::process_node(void)" (?process_node@LayoutXML@hdf5@@AEAAHXZ)
make.exe[6]: Leaving directory 'D:/epics/support/areaDetector-R3-3-2/ADPvCam/iocs/pvcamIOC/pvcamApp/src/O.windows-x64-static'
make.exe -C O.windows-x64-static -f ../Makefile TOP=../../.. \
    T_A=windows-x64-static install
make.exe[3]: Entering directory 'D:/epics/support/areaDetector-R3-3-2/ADURL/configure/O.windows-x64-static'
perl -CSD D:/epics/base/bin/windows-x64-static/convertRelease.pl checkRelease
EPICS/Release.pm: Undefined macro $(SUPPORT) used 
EPICS/Release.pm: Undefined macro $(SUPPORT) used 
make.exe[3]: Leaving directory 'D:/epics/support/areaDetector-R3-3-2/ADURL/configure/O.windows-x64-static'
make.exe -C ./Db install 
make.exe[6]: Entering directory 'D:/epics/support/areaDetector-R3-3-2/ADPvCam/iocs/pvcamIOC/pvcamApp/src/O.windows-x64-static'
mkdir ../../../bin/windows-x64-static
make.exe[6]: Leaving directory 'D:/epics/support/areaDetector-R3-3-2/ADPvCam/iocs/pvcamIOC/pvcamApp/src/O.windows-x64-static'
make.exe[4]: Entering directory 'D:/epics/support/areaDetector-R3-3-2/ADURL/urlApp/src/O.windows-x64-static'
EPICS/Release.pm: Undefined macro $(SUPPORT) used 
EPICS/Release.pm: Undefined macro $(SUPPORT) used 
make.exe[4]: Leaving directory 'D:/epics/support/areaDetector-R3-3-2/ADURL/urlApp/src/O.windows-x64-static'
make.exe[3]: Entering directory 'D:/epics/support/areaDetector-R3-3-2/ADURL/urlApp/Db'
EPICS/Release.pm: Undefined macro $(SUPPORT) used 
EPICS/Release.pm: Undefined macro $(SUPPORT) used 
make.exe[3]: Leaving directory 'D:/epics/support/areaDetector-R3-3-2/ADURL/urlApp/Db'
make.exe -C O.windows-x64-static -f ../Makefile TOP=../../.. \
    T_A=windows-x64-static install
make.exe[4]: Nothing to be done for 'install'.
make.exe[4]: Entering directory 'D:/epics/support/areaDetector-R3-3-2/ADURL/urlApp/Db/O.windows-x64-static'
EPICS/Release.pm: Undefined macro $(SUPPORT) used 
EPICS/Release.pm: Undefined macro $(SUPPORT) used 
EPICS/Release.pm: Undefined macro $(SUPPORT) used 
make.exe[4]: Leaving directory 'D:/epics/support/areaDetector-R3-3-2/ADURL/urlApp/Db/O.windows-x64-static'
make.exe[4]: Nothing to be done for 'install'.
make.exe[6]: Nothing to be done for 'install'.
