  pvArrayPlugin.cpp
  pvCopy.cpp
  pvDeadbandPlugin.cpp
  pvPlugin.cpp
  pvTimestampPlugin.cpp
  pvDatabase.cpp
  pvRecord.cpp
  channelLocal.cpp
  channelProviderLocal.cpp
  monitorFactory.cpp
  registerChannelProviderLocal.cpp
  processRecord.cpp
  processRecordRegister.cpp
  removeRecord.cpp
  removeRecordRegister.cpp
  traceRecord.cpp
  traceRecordRegister.cpp
  controlSupport.cpp
  scalarAlarmSupport.cpp
  Generating Code...
     Creating library C:\Users\ktn98257\repos\epics.dotnet\Debug_DLL\pvDatabase.lib and object C:\Users\ktn98257\repos\epics.dotnet\Debug_DLL\pvDatabase.exp
  pvDatabase.vcxproj -> C:\Users\ktn98257\repos\epics.dotnet\Debug_DLL\pvDatabase.dll
