c:\users\ktn98257\repos\epics.dotnet\base-3.15.6\src\std\o.common\aairecord.h
c:\users\ktn98257\repos\epics.dotnet\base-3.15.6\src\std\o.common\aaorecord.h
c:\users\ktn98257\repos\epics.dotnet\base-3.15.6\src\std\o.common\birecord.h
c:\users\ktn98257\repos\epics.dotnet\base-3.15.6\src\std\o.common\borecord.h
c:\users\ktn98257\repos\epics.dotnet\base-3.15.6\src\std\o.common\calcoutrecord.h
c:\users\ktn98257\repos\epics.dotnet\base-3.15.6\src\std\o.common\calcrecord.h
c:\users\ktn98257\repos\epics.dotnet\base-3.15.6\src\std\o.common\dfanoutrecord.h
c:\users\ktn98257\repos\epics.dotnet\base-3.15.6\src\std\o.common\eventrecord.h
c:\users\ktn98257\repos\epics.dotnet\base-3.15.6\src\std\o.common\fanoutrecord.h
c:\users\ktn98257\repos\epics.dotnet\base-3.15.6\src\std\o.common\histogramrecord.h
c:\users\ktn98257\repos\epics.dotnet\base-3.15.6\src\std\o.common\longinrecord.h
c:\users\ktn98257\repos\epics.dotnet\base-3.15.6\src\std\o.common\longoutrecord.h
c:\users\ktn98257\repos\epics.dotnet\base-3.15.6\src\std\o.common\mbbidirectrecord.h
c:\users\ktn98257\repos\epics.dotnet\base-3.15.6\src\std\o.common\mbbirecord.h
c:\users\ktn98257\repos\epics.dotnet\base-3.15.6\src\std\o.common\mbbodirectrecord.h
c:\users\ktn98257\repos\epics.dotnet\base-3.15.6\src\std\o.common\mbborecord.h
c:\users\ktn98257\repos\epics.dotnet\base-3.15.6\src\std\o.common\permissiverecord.h
c:\users\ktn98257\repos\epics.dotnet\base-3.15.6\src\std\o.common\selrecord.h
c:\users\ktn98257\repos\epics.dotnet\base-3.15.6\src\std\o.common\seqrecord.h
c:\users\ktn98257\repos\epics.dotnet\base-3.15.6\src\std\o.common\staterecord.h
c:\users\ktn98257\repos\epics.dotnet\base-3.15.6\src\std\o.common\stringinrecord.h
c:\users\ktn98257\repos\epics.dotnet\base-3.15.6\src\std\o.common\stringoutrecord.h
c:\users\ktn98257\repos\epics.dotnet\base-3.15.6\src\std\o.common\subarrayrecord.h
c:\users\ktn98257\repos\epics.dotnet\base-3.15.6\src\std\o.common\subrecord.h
c:\users\ktn98257\repos\epics.dotnet\base-3.15.6\src\std\o.common\airecord.dbd
c:\users\ktn98257\repos\epics.dotnet\base-3.15.6\src\std\o.common\aorecord.dbd
c:\users\ktn98257\repos\epics.dotnet\base-3.15.6\src\std\o.common\asubrecord.dbd
c:\users\ktn98257\repos\epics.dotnet\base-3.15.6\src\std\o.common\compressrecord.dbd
c:\users\ktn98257\repos\epics.dotnet\base-3.15.6\src\std\o.common\waveformrecord.dbd
c:\users\ktn98257\repos\epics.dotnet\base-3.15.6\src\std\o.common\airecord.h
c:\users\ktn98257\repos\epics.dotnet\base-3.15.6\src\std\o.common\aorecord.h
c:\users\ktn98257\repos\epics.dotnet\base-3.15.6\src\std\o.common\compressrecord.h
c:\users\ktn98257\repos\epics.dotnet\base-3.15.6\src\std\o.common\waveformrecord.h
c:\users\ktn98257\repos\epics.dotnet\base-3.15.6\src\std\o.common\asubrecord.h
c:\users\ktn98257\repos\epics.dotnet\base-3.15.6\src\std\o.common\lsirecord.h
c:\users\ktn98257\repos\epics.dotnet\base-3.15.6\src\std\o.common\lsorecord.h
c:\users\ktn98257\repos\epics.dotnet\base-3.15.6\src\std\o.common\printfrecord.h
c:\users\ktn98257\repos\epics.dotnet\base-3.15.6\src\std\o.common\filters.dbd
c:\users\ktn98257\repos\epics.dotnet\base-3.15.6\src\std\debug_lib\aairecord.obj
c:\users\ktn98257\repos\epics.dotnet\base-3.15.6\src\std\debug_lib\aaorecord.obj
c:\users\ktn98257\repos\epics.dotnet\base-3.15.6\src\std\debug_lib\airecord.obj
c:\users\ktn98257\repos\epics.dotnet\base-3.15.6\src\std\debug_lib\aorecord.obj
c:\users\ktn98257\repos\epics.dotnet\base-3.15.6\src\std\debug_lib\arr.obj
c:\users\ktn98257\repos\epics.dotnet\base-3.15.6\src\std\debug_lib\assubrecordfunctions.obj
c:\users\ktn98257\repos\epics.dotnet\base-3.15.6\src\std\debug_lib\asubrecord.obj
c:\users\ktn98257\repos\epics.dotnet\base-3.15.6\src\std\debug_lib\birecord.obj
c:\users\ktn98257\repos\epics.dotnet\base-3.15.6\src\std\debug_lib\borecord.obj
c:\users\ktn98257\repos\epics.dotnet\base-3.15.6\src\std\debug_lib\calcoutrecord.obj
c:\users\ktn98257\repos\epics.dotnet\base-3.15.6\src\std\debug_lib\calcrecord.obj
c:\users\ktn98257\repos\epics.dotnet\base-3.15.6\src\std\debug_lib\compressrecord.obj
c:\users\ktn98257\repos\epics.dotnet\base-3.15.6\src\std\debug_lib\dbnd.obj
c:\users\ktn98257\repos\epics.dotnet\base-3.15.6\src\std\debug_lib\devaaisoft.obj
c:\users\ktn98257\repos\epics.dotnet\base-3.15.6\src\std\debug_lib\devaaosoft.obj
c:\users\ktn98257\repos\epics.dotnet\base-3.15.6\src\std\debug_lib\devaisoft.obj
c:\users\ktn98257\repos\epics.dotnet\base-3.15.6\src\std\debug_lib\devaisoftraw.obj
c:\users\ktn98257\repos\epics.dotnet\base-3.15.6\src\std\debug_lib\devaosoft.obj
c:\users\ktn98257\repos\epics.dotnet\base-3.15.6\src\std\debug_lib\devaosoftcallback.obj
c:\users\ktn98257\repos\epics.dotnet\base-3.15.6\src\std\debug_lib\devaosoftraw.obj
c:\users\ktn98257\repos\epics.dotnet\base-3.15.6\src\std\debug_lib\devbidbstate.obj
c:\users\ktn98257\repos\epics.dotnet\base-3.15.6\src\std\debug_lib\devbisoft.obj
c:\users\ktn98257\repos\epics.dotnet\base-3.15.6\src\std\debug_lib\devbisoftraw.obj
c:\users\ktn98257\repos\epics.dotnet\base-3.15.6\src\std\debug_lib\devbodbstate.obj
c:\users\ktn98257\repos\epics.dotnet\base-3.15.6\src\std\debug_lib\devbosoft.obj
c:\users\ktn98257\repos\epics.dotnet\base-3.15.6\src\std\debug_lib\devbosoftcallback.obj
c:\users\ktn98257\repos\epics.dotnet\base-3.15.6\src\std\debug_lib\devbosoftraw.obj
c:\users\ktn98257\repos\epics.dotnet\base-3.15.6\src\std\debug_lib\devcalcoutsoft.obj
c:\users\ktn98257\repos\epics.dotnet\base-3.15.6\src\std\debug_lib\devcalcoutsoftcallback.obj
c:\users\ktn98257\repos\epics.dotnet\base-3.15.6\src\std\debug_lib\devenviron.obj
c:\users\ktn98257\repos\epics.dotnet\base-3.15.6\src\std\debug_lib\deveventsoft.obj
c:\users\ktn98257\repos\epics.dotnet\base-3.15.6\src\std\debug_lib\devhistogramsoft.obj
c:\users\ktn98257\repos\epics.dotnet\base-3.15.6\src\std\debug_lib\devlisoft.obj
c:\users\ktn98257\repos\epics.dotnet\base-3.15.6\src\std\debug_lib\devlosoft.obj
c:\users\ktn98257\repos\epics.dotnet\base-3.15.6\src\std\debug_lib\devlosoftcallback.obj
c:\users\ktn98257\repos\epics.dotnet\base-3.15.6\src\std\debug_lib\devlsisoft.obj
c:\users\ktn98257\repos\epics.dotnet\base-3.15.6\src\std\debug_lib\devlsosoft.obj
c:\users\ktn98257\repos\epics.dotnet\base-3.15.6\src\std\debug_lib\devlsosoftcallback.obj
c:\users\ktn98257\repos\epics.dotnet\base-3.15.6\src\std\debug_lib\devmbbidirectsoft.obj
c:\users\ktn98257\repos\epics.dotnet\base-3.15.6\src\std\debug_lib\devmbbidirectsoftraw.obj
c:\users\ktn98257\repos\epics.dotnet\base-3.15.6\src\std\debug_lib\devmbbisoft.obj
c:\users\ktn98257\repos\epics.dotnet\base-3.15.6\src\std\debug_lib\devmbbisoftraw.obj
c:\users\ktn98257\repos\epics.dotnet\base-3.15.6\src\std\debug_lib\devmbbodirectsoft.obj
c:\users\ktn98257\repos\epics.dotnet\base-3.15.6\src\std\debug_lib\devmbbodirectsoftcallback.obj
c:\users\ktn98257\repos\epics.dotnet\base-3.15.6\src\std\debug_lib\devmbbodirectsoftraw.obj
c:\users\ktn98257\repos\epics.dotnet\base-3.15.6\src\std\debug_lib\devmbbosoft.obj
c:\users\ktn98257\repos\epics.dotnet\base-3.15.6\src\std\debug_lib\devmbbosoftcallback.obj
c:\users\ktn98257\repos\epics.dotnet\base-3.15.6\src\std\debug_lib\devmbbosoftraw.obj
c:\users\ktn98257\repos\epics.dotnet\base-3.15.6\src\std\debug_lib\devprintfsoft.obj
c:\users\ktn98257\repos\epics.dotnet\base-3.15.6\src\std\debug_lib\devprintfsoftcallback.obj
c:\users\ktn98257\repos\epics.dotnet\base-3.15.6\src\std\debug_lib\devsasoft.obj
c:\users\ktn98257\repos\epics.dotnet\base-3.15.6\src\std\debug_lib\devsisoft.obj
c:\users\ktn98257\repos\epics.dotnet\base-3.15.6\src\std\debug_lib\devsosoft.obj
c:\users\ktn98257\repos\epics.dotnet\base-3.15.6\src\std\debug_lib\devsosoftcallback.obj
c:\users\ktn98257\repos\epics.dotnet\base-3.15.6\src\std\debug_lib\devstdio.obj
c:\users\ktn98257\repos\epics.dotnet\base-3.15.6\src\std\debug_lib\devtimestamp.obj
c:\users\ktn98257\repos\epics.dotnet\base-3.15.6\src\std\debug_lib\devwfsoft.obj
c:\users\ktn98257\repos\epics.dotnet\base-3.15.6\src\std\debug_lib\dfanoutrecord.obj
c:\users\ktn98257\repos\epics.dotnet\base-3.15.6\src\std\debug_lib\eventrecord.obj
c:\users\ktn98257\repos\epics.dotnet\base-3.15.6\src\std\debug_lib\fanoutrecord.obj
c:\users\ktn98257\repos\epics.dotnet\base-3.15.6\src\std\debug_lib\histogramrecord.obj
c:\users\ktn98257\repos\epics.dotnet\base-3.15.6\src\std\debug_lib\longinrecord.obj
c:\users\ktn98257\repos\epics.dotnet\base-3.15.6\src\std\debug_lib\longoutrecord.obj
c:\users\ktn98257\repos\epics.dotnet\base-3.15.6\src\std\debug_lib\lsirecord.obj
c:\users\ktn98257\repos\epics.dotnet\base-3.15.6\src\std\debug_lib\lsorecord.obj
c:\users\ktn98257\repos\epics.dotnet\base-3.15.6\src\std\debug_lib\mbbidirectrecord.obj
c:\users\ktn98257\repos\epics.dotnet\base-3.15.6\src\std\debug_lib\mbbirecord.obj
c:\users\ktn98257\repos\epics.dotnet\base-3.15.6\src\std\debug_lib\mbbodirectrecord.obj
c:\users\ktn98257\repos\epics.dotnet\base-3.15.6\src\std\debug_lib\mbborecord.obj
c:\users\ktn98257\repos\epics.dotnet\base-3.15.6\src\std\debug_lib\permissiverecord.obj
c:\users\ktn98257\repos\epics.dotnet\base-3.15.6\src\std\debug_lib\printfrecord.obj
c:\users\ktn98257\repos\epics.dotnet\base-3.15.6\src\std\debug_lib\selrecord.obj
c:\users\ktn98257\repos\epics.dotnet\base-3.15.6\src\std\debug_lib\seqrecord.obj
c:\users\ktn98257\repos\epics.dotnet\base-3.15.6\src\std\debug_lib\staterecord.obj
c:\users\ktn98257\repos\epics.dotnet\base-3.15.6\src\std\debug_lib\stringinrecord.obj
c:\users\ktn98257\repos\epics.dotnet\base-3.15.6\src\std\debug_lib\stringoutrecord.obj
c:\users\ktn98257\repos\epics.dotnet\base-3.15.6\src\std\debug_lib\subarrayrecord.obj
c:\users\ktn98257\repos\epics.dotnet\base-3.15.6\src\std\debug_lib\subrecord.obj
c:\users\ktn98257\repos\epics.dotnet\base-3.15.6\src\std\debug_lib\sync.obj
c:\users\ktn98257\repos\epics.dotnet\base-3.15.6\src\std\debug_lib\ts.obj
c:\users\ktn98257\repos\epics.dotnet\base-3.15.6\src\std\debug_lib\waveformrecord.obj
c:\users\ktn98257\repos\epics.dotnet\base-3.15.6\src\std\debug_lib\dbrecstd.idb
c:\users\ktn98257\repos\epics.dotnet\base-3.15.6\src\std\debug_lib\dbrecstd.pdb
c:\users\ktn98257\repos\epics.dotnet\base-3.15.6\src\std\debug_lib\aairecord.sbr
c:\users\ktn98257\repos\epics.dotnet\base-3.15.6\src\std\debug_lib\aaorecord.sbr
c:\users\ktn98257\repos\epics.dotnet\base-3.15.6\src\std\debug_lib\airecord.sbr
c:\users\ktn98257\repos\epics.dotnet\base-3.15.6\src\std\debug_lib\aorecord.sbr
c:\users\ktn98257\repos\epics.dotnet\base-3.15.6\src\std\debug_lib\arr.sbr
c:\users\ktn98257\repos\epics.dotnet\base-3.15.6\src\std\debug_lib\assubrecordfunctions.sbr
c:\users\ktn98257\repos\epics.dotnet\base-3.15.6\src\std\debug_lib\asubrecord.sbr
c:\users\ktn98257\repos\epics.dotnet\base-3.15.6\src\std\debug_lib\birecord.sbr
c:\users\ktn98257\repos\epics.dotnet\base-3.15.6\src\std\debug_lib\borecord.sbr
c:\users\ktn98257\repos\epics.dotnet\base-3.15.6\src\std\debug_lib\calcoutrecord.sbr
c:\users\ktn98257\repos\epics.dotnet\base-3.15.6\src\std\debug_lib\calcrecord.sbr
c:\users\ktn98257\repos\epics.dotnet\base-3.15.6\src\std\debug_lib\compressrecord.sbr
c:\users\ktn98257\repos\epics.dotnet\base-3.15.6\src\std\debug_lib\dbnd.sbr
c:\users\ktn98257\repos\epics.dotnet\base-3.15.6\src\std\debug_lib\devaaisoft.sbr
c:\users\ktn98257\repos\epics.dotnet\base-3.15.6\src\std\debug_lib\devaaosoft.sbr
c:\users\ktn98257\repos\epics.dotnet\base-3.15.6\src\std\debug_lib\devaisoft.sbr
c:\users\ktn98257\repos\epics.dotnet\base-3.15.6\src\std\debug_lib\devaisoftcallback.sbr
c:\users\ktn98257\repos\epics.dotnet\base-3.15.6\src\std\debug_lib\devaisoftraw.sbr
c:\users\ktn98257\repos\epics.dotnet\base-3.15.6\src\std\debug_lib\devaosoft.sbr
c:\users\ktn98257\repos\epics.dotnet\base-3.15.6\src\std\debug_lib\devaosoftcallback.sbr
c:\users\ktn98257\repos\epics.dotnet\base-3.15.6\src\std\debug_lib\devaosoftraw.sbr
c:\users\ktn98257\repos\epics.dotnet\base-3.15.6\src\std\debug_lib\devbidbstate.sbr
c:\users\ktn98257\repos\epics.dotnet\base-3.15.6\src\std\debug_lib\devbisoft.sbr
c:\users\ktn98257\repos\epics.dotnet\base-3.15.6\src\std\debug_lib\devbisoftcallback.sbr
c:\users\ktn98257\repos\epics.dotnet\base-3.15.6\src\std\debug_lib\devbisoftraw.sbr
c:\users\ktn98257\repos\epics.dotnet\base-3.15.6\src\std\debug_lib\devbodbstate.sbr
c:\users\ktn98257\repos\epics.dotnet\base-3.15.6\src\std\debug_lib\devbosoft.sbr
c:\users\ktn98257\repos\epics.dotnet\base-3.15.6\src\std\debug_lib\devbosoftcallback.sbr
c:\users\ktn98257\repos\epics.dotnet\base-3.15.6\src\std\debug_lib\devbosoftraw.sbr
c:\users\ktn98257\repos\epics.dotnet\base-3.15.6\src\std\debug_lib\devcalcoutsoft.sbr
c:\users\ktn98257\repos\epics.dotnet\base-3.15.6\src\std\debug_lib\devcalcoutsoftcallback.sbr
c:\users\ktn98257\repos\epics.dotnet\base-3.15.6\src\std\debug_lib\devenviron.sbr
c:\users\ktn98257\repos\epics.dotnet\base-3.15.6\src\std\debug_lib\deveventsoft.sbr
c:\users\ktn98257\repos\epics.dotnet\base-3.15.6\src\std\debug_lib\devgeneraltime.sbr
c:\users\ktn98257\repos\epics.dotnet\base-3.15.6\src\std\debug_lib\devhistogramsoft.sbr
c:\users\ktn98257\repos\epics.dotnet\base-3.15.6\src\std\debug_lib\devlisoft.sbr
c:\users\ktn98257\repos\epics.dotnet\base-3.15.6\src\std\debug_lib\devlisoftcallback.sbr
c:\users\ktn98257\repos\epics.dotnet\base-3.15.6\src\std\debug_lib\devlosoft.sbr
c:\users\ktn98257\repos\epics.dotnet\base-3.15.6\src\std\debug_lib\devlosoftcallback.sbr
c:\users\ktn98257\repos\epics.dotnet\base-3.15.6\src\std\debug_lib\devlsisoft.sbr
c:\users\ktn98257\repos\epics.dotnet\base-3.15.6\src\std\debug_lib\devlsosoft.sbr
c:\users\ktn98257\repos\epics.dotnet\base-3.15.6\src\std\debug_lib\devlsosoftcallback.sbr
c:\users\ktn98257\repos\epics.dotnet\base-3.15.6\src\std\debug_lib\devmbbidirectsoft.sbr
c:\users\ktn98257\repos\epics.dotnet\base-3.15.6\src\std\debug_lib\devmbbidirectsoftcallback.sbr
c:\users\ktn98257\repos\epics.dotnet\base-3.15.6\src\std\debug_lib\devmbbidirectsoftraw.sbr
c:\users\ktn98257\repos\epics.dotnet\base-3.15.6\src\std\debug_lib\devmbbisoft.sbr
c:\users\ktn98257\repos\epics.dotnet\base-3.15.6\src\std\debug_lib\devmbbisoftcallback.sbr
c:\users\ktn98257\repos\epics.dotnet\base-3.15.6\src\std\debug_lib\devmbbisoftraw.sbr
c:\users\ktn98257\repos\epics.dotnet\base-3.15.6\src\std\debug_lib\devmbbodirectsoft.sbr
c:\users\ktn98257\repos\epics.dotnet\base-3.15.6\src\std\debug_lib\devmbbodirectsoftcallback.sbr
c:\users\ktn98257\repos\epics.dotnet\base-3.15.6\src\std\debug_lib\devmbbodirectsoftraw.sbr
c:\users\ktn98257\repos\epics.dotnet\base-3.15.6\src\std\debug_lib\devmbbosoft.sbr
c:\users\ktn98257\repos\epics.dotnet\base-3.15.6\src\std\debug_lib\devmbbosoftcallback.sbr
c:\users\ktn98257\repos\epics.dotnet\base-3.15.6\src\std\debug_lib\devmbbosoftraw.sbr
c:\users\ktn98257\repos\epics.dotnet\base-3.15.6\src\std\debug_lib\devprintfsoft.sbr
c:\users\ktn98257\repos\epics.dotnet\base-3.15.6\src\std\debug_lib\devprintfsoftcallback.sbr
c:\users\ktn98257\repos\epics.dotnet\base-3.15.6\src\std\debug_lib\devsasoft.sbr
c:\users\ktn98257\repos\epics.dotnet\base-3.15.6\src\std\debug_lib\devsisoft.sbr
c:\users\ktn98257\repos\epics.dotnet\base-3.15.6\src\std\debug_lib\devsisoftcallback.sbr
c:\users\ktn98257\repos\epics.dotnet\base-3.15.6\src\std\debug_lib\devsosoft.sbr
c:\users\ktn98257\repos\epics.dotnet\base-3.15.6\src\std\debug_lib\devsosoftcallback.sbr
c:\users\ktn98257\repos\epics.dotnet\base-3.15.6\src\std\debug_lib\devstdio.sbr
c:\users\ktn98257\repos\epics.dotnet\base-3.15.6\src\std\debug_lib\devtimestamp.sbr
c:\users\ktn98257\repos\epics.dotnet\base-3.15.6\src\std\debug_lib\devwfsoft.sbr
c:\users\ktn98257\repos\epics.dotnet\base-3.15.6\src\std\debug_lib\dfanoutrecord.sbr
c:\users\ktn98257\repos\epics.dotnet\base-3.15.6\src\std\debug_lib\eventrecord.sbr
c:\users\ktn98257\repos\epics.dotnet\base-3.15.6\src\std\debug_lib\fanoutrecord.sbr
c:\users\ktn98257\repos\epics.dotnet\base-3.15.6\src\std\debug_lib\histogramrecord.sbr
c:\users\ktn98257\repos\epics.dotnet\base-3.15.6\src\std\debug_lib\longinrecord.sbr
c:\users\ktn98257\repos\epics.dotnet\base-3.15.6\src\std\debug_lib\longoutrecord.sbr
c:\users\ktn98257\repos\epics.dotnet\base-3.15.6\src\std\debug_lib\lsirecord.sbr
c:\users\ktn98257\repos\epics.dotnet\base-3.15.6\src\std\debug_lib\lsorecord.sbr
c:\users\ktn98257\repos\epics.dotnet\base-3.15.6\src\std\debug_lib\mbbidirectrecord.sbr
c:\users\ktn98257\repos\epics.dotnet\base-3.15.6\src\std\debug_lib\mbbirecord.sbr
c:\users\ktn98257\repos\epics.dotnet\base-3.15.6\src\std\debug_lib\mbbodirectrecord.sbr
c:\users\ktn98257\repos\epics.dotnet\base-3.15.6\src\std\debug_lib\mbborecord.sbr
c:\users\ktn98257\repos\epics.dotnet\base-3.15.6\src\std\debug_lib\permissiverecord.sbr
c:\users\ktn98257\repos\epics.dotnet\base-3.15.6\src\std\debug_lib\printfrecord.sbr
c:\users\ktn98257\repos\epics.dotnet\base-3.15.6\src\std\debug_lib\selrecord.sbr
c:\users\ktn98257\repos\epics.dotnet\base-3.15.6\src\std\debug_lib\seqrecord.sbr
c:\users\ktn98257\repos\epics.dotnet\base-3.15.6\src\std\debug_lib\staterecord.sbr
c:\users\ktn98257\repos\epics.dotnet\base-3.15.6\src\std\debug_lib\stringinrecord.sbr
c:\users\ktn98257\repos\epics.dotnet\base-3.15.6\src\std\debug_lib\stringoutrecord.sbr
c:\users\ktn98257\repos\epics.dotnet\base-3.15.6\src\std\debug_lib\subarrayrecord.sbr
c:\users\ktn98257\repos\epics.dotnet\base-3.15.6\src\std\debug_lib\subrecord.sbr
c:\users\ktn98257\repos\epics.dotnet\base-3.15.6\src\std\debug_lib\sync.sbr
c:\users\ktn98257\repos\epics.dotnet\base-3.15.6\src\std\debug_lib\ts.sbr
c:\users\ktn98257\repos\epics.dotnet\base-3.15.6\src\std\debug_lib\waveformrecord.sbr
c:\users\ktn98257\repos\epics.dotnet\base-3.15.6\src\std\debug_lib\dbrecstd.tlog\cl.command.1.tlog
c:\users\ktn98257\repos\epics.dotnet\base-3.15.6\src\std\debug_lib\dbrecstd.tlog\custombuild.command.1.tlog
c:\users\ktn98257\repos\epics.dotnet\base-3.15.6\src\std\debug_lib\dbrecstd.tlog\custombuild.read.1.tlog
c:\users\ktn98257\repos\epics.dotnet\base-3.15.6\src\std\debug_lib\dbrecstd.tlog\custombuild.write.1.tlog
