  Performing Custom Build Tools
  Performing Custom Build Tools
  Performing Custom Build Tools
  Performing Custom Build Tools
  Performing Custom Build Tools
  Performing Custom Build Tools
  Performing Custom Build Tools
  Performing Custom Build Tools
  Performing Custom Build Tools
  Performing Custom Build Tools
  Performing Custom Build Tools
  Performing Custom Build Tools
  Performing Custom Build Tools
  Performing Custom Build Tools
  Performing Custom Build Tools
  Performing Custom Build Tools
  Performing Custom Build Tools
  Performing Custom Build Tools
  Performing Custom Build Tools
  Performing Custom Build Tools
  Performing Custom Build Tools
  Performing Custom Build Tools
  Performing Custom Build Tools
  Performing Custom Build Tools
  Performing Custom Build Tools
  Performing Custom Build Tools
  Performing Custom Build Tools
  Performing Custom Build Tools
  Performing Custom Build Tools
  Performing Custom Build Tools
  Performing Custom Build Tools
  Performing Custom Build Tools
  Performing Custom Build Tools
  Performing Custom Build Tools
  Performing Custom Build Tools
  Performing Custom Build Tools
  Performing Custom Build Tools
  Performing Custom Build Tools
  asSubRecordFunctions.c
  devAaiSoft.c
  devAaoSoft.c
  devAiSoft.c
  devAiSoftCallback.c
C:\Users\ktn98257\repos\epics.dotnet\base-3.15.6\src\std\dev\devAiSoftCallback.c(113,26): error C2039: 'precord': is not a member of 'pv_link'
C:\Users\ktn98257\repos\epics.dotnet\include\link.h(82): message : see declaration of 'pv_link'
  devAiSoftRaw.c
  devAoSoft.c
  devAoSoftCallback.c
  devAoSoftRaw.c
  devBiDbState.c
  devBiSoft.c
  devBiSoftCallback.c
C:\Users\ktn98257\repos\epics.dotnet\base-3.15.6\src\std\dev\devBiSoftCallback.c(111,26): error C2039: 'precord': is not a member of 'pv_link'
C:\Users\ktn98257\repos\epics.dotnet\include\link.h(82): message : see declaration of 'pv_link'
  devBiSoftRaw.c
  devBoDbState.c
  devBoSoft.c
  devBoSoftCallback.c
  devBoSoftRaw.c
  devCalcoutSoft.c
  devCalcoutSoftCallback.c
  devEnviron.c
  Generating Code...
  Compiling...
  devEventSoft.c
  devGeneralTime.c
C:\Users\ktn98257\repos\epics.dotnet\base-3.15.6\src\std\dev\devGeneralTime.c(39,24): error C2065: 'epicsTimeERROR': undeclared identifier
  devHistogramSoft.c
  devLiSoft.c
  devLiSoftCallback.c
C:\Users\ktn98257\repos\epics.dotnet\base-3.15.6\src\std\dev\devLiSoftCallback.c(111,26): error C2039: 'precord': is not a member of 'pv_link'
C:\Users\ktn98257\repos\epics.dotnet\include\link.h(82): message : see declaration of 'pv_link'
  devLoSoft.c
  devLoSoftCallback.c
  devLsiSoft.c
  devLsoSoft.c
  devLsoSoftCallback.c
  devMbbiDirectSoft.c
  devMbbiDirectSoftCallback.c
C:\Users\ktn98257\repos\epics.dotnet\base-3.15.6\src\std\dev\devMbbiDirectSoftCallback.c(111,26): error C2039: 'precord': is not a member of 'pv_link'
C:\Users\ktn98257\repos\epics.dotnet\include\link.h(82): message : see declaration of 'pv_link'
  devMbbiDirectSoftRaw.c
  devMbbiSoft.c
  devMbbiSoftCallback.c
C:\Users\ktn98257\repos\epics.dotnet\base-3.15.6\src\std\dev\devMbbiSoftCallback.c(111,26): error C2039: 'precord': is not a member of 'pv_link'
C:\Users\ktn98257\repos\epics.dotnet\include\link.h(82): message : see declaration of 'pv_link'
  devMbbiSoftRaw.c
  devMbboDirectSoft.c
  devMbboDirectSoftCallback.c
  devMbboDirectSoftRaw.c
  devMbboSoft.c
  Generating Code...
  Compiling...
  devMbboSoftCallback.c
  devMbboSoftRaw.c
  devPrintfSoft.c
  devPrintfSoftCallback.c
  devSASoft.c
  devSiSoft.c
  devSiSoftCallback.c
C:\Users\ktn98257\repos\epics.dotnet\base-3.15.6\src\std\dev\devSiSoftCallback.c(113,26): error C2039: 'precord': is not a member of 'pv_link'
C:\Users\ktn98257\repos\epics.dotnet\include\link.h(82): message : see declaration of 'pv_link'
  devSoSoft.c
  devSoSoftCallback.c
  devStdio.c
  devTimestamp.c
  devWfSoft.c
  arr.c
  dbnd.c
  sync.c
  ts.c
  aaiRecord.c
  aaoRecord.c
  aiRecord.c
  aoRecord.c
  Generating Code...
  Compiling...
  aSubRecord.c
  biRecord.c
  boRecord.c
  calcoutRecord.c
  calcRecord.c
  compressRecord.c
  dfanoutRecord.c
  eventRecord.c
  fanoutRecord.c
  histogramRecord.c
  longinRecord.c
  longoutRecord.c
  lsiRecord.c
C:\Users\ktn98257\repos\epics.dotnet\base-3.15.6\src\std\rec\lsiRecord.c(48,30): warning C4267: '=': conversion from 'size_t' to 'epicsUInt16', possible loss of data
  lsoRecord.c
C:\Users\ktn98257\repos\epics.dotnet\base-3.15.6\src\std\rec\lsoRecord.c(52,30): warning C4267: '=': conversion from 'size_t' to 'epicsUInt16', possible loss of data
  mbbiDirectRecord.c
  mbbiRecord.c
  mbboDirectRecord.c
  mbboRecord.c
  permissiveRecord.c
  printfRecord.c
C:\Users\ktn98257\repos\epics.dotnet\base-3.15.6\src\std\rec\printfRecord.c(304,30): warning C4267: '=': conversion from 'size_t' to 'epicsUInt16', possible loss of data
  Generating Code...
  Compiling...
  selRecord.c
  seqRecord.c
C:\Users\ktn98257\repos\epics.dotnet\base-3.15.6\src\std\rec\seqRecord.c(209,33): warning C4133: 'function': incompatible types - from 'seqRecord *' to 'dbCommon *'
  stateRecord.c
  stringinRecord.c
  stringoutRecord.c
  subArrayRecord.c
  subRecord.c
  waveformRecord.c
  Generating Code...
