  Performing Custom Build Tools
  createRequest.cpp
  requestmapper.cpp
  Compare.cpp
  Convert.cpp
  FieldCreateFactory.cpp
  printer.cpp
  PVArray.cpp
  PVDataCreateFactory.cpp
  PVField.cpp
  PVScalar.cpp
  PVScalarArray.cpp
  PVStructure.cpp
  PVStructureArray.cpp
  pvSubArrayCopy.cpp
  PVUnion.cpp
  PVUnionArray.cpp
  StandardField.cpp
  StandardPVField.cpp
  TypeFunc.cpp
  parseany.cpp
  Generating Code...
  Compiling...
  parsehelper.cpp
  parseinto.cpp
  print.cpp
  anyscalar.cpp
  bitSet.cpp
  debugPtr.cpp
  epicsException.cpp
  event.cpp
  parseToPOD.cpp
  pvUnitTest.cpp
  reftrack.cpp
  serializeHelper.cpp
  status.cpp
  thread.cpp
  timer.cpp
  typeCast.cpp
  alarm.cpp
  pvAlarm.cpp
  pvControl.cpp
  pvDisplay.cpp
  Generating Code...
  Compiling...
  pvEnumerated.cpp
  pvTimeStamp.cpp
  timeStamp.cpp
  bitSetUtil.cpp
  pvdVersion.cpp
  valueBuilder.cpp
  Generating Code...
     Creating library C:\Users\ktn98257\repos\epics.dotnet\x64\Debug_DLL\pvData.lib and object C:\Users\ktn98257\repos\epics.dotnet\x64\Debug_DLL\pvData.exp
  pvData.vcxproj -> C:\Users\ktn98257\repos\epics.dotnet\x64\Debug_DLL\pvData.dll
