c:\users\ktn98257\repos\epics.dotnet\base-3.15.6\src\ca\legacy\pcas\debug_lib\beaconanomalygovernor.obj
c:\users\ktn98257\repos\epics.dotnet\base-3.15.6\src\ca\legacy\pcas\debug_lib\beacontimer.obj
c:\users\ktn98257\repos\epics.dotnet\base-3.15.6\src\ca\legacy\pcas\debug_lib\canetaddr.obj
c:\users\ktn98257\repos\epics.dotnet\base-3.15.6\src\ca\legacy\pcas\debug_lib\casasyncioi.obj
c:\users\ktn98257\repos\epics.dotnet\base-3.15.6\src\ca\legacy\pcas\debug_lib\casasyncpvattachio.obj
c:\users\ktn98257\repos\epics.dotnet\base-3.15.6\src\ca\legacy\pcas\debug_lib\casasyncpvattachioi.obj
c:\users\ktn98257\repos\epics.dotnet\base-3.15.6\src\ca\legacy\pcas\debug_lib\casasyncpvexistio.obj
c:\users\ktn98257\repos\epics.dotnet\base-3.15.6\src\ca\legacy\pcas\debug_lib\casasyncpvexistioi.obj
c:\users\ktn98257\repos\epics.dotnet\base-3.15.6\src\ca\legacy\pcas\debug_lib\casasyncreadio.obj
c:\users\ktn98257\repos\epics.dotnet\base-3.15.6\src\ca\legacy\pcas\debug_lib\casasyncreadioi.obj
c:\users\ktn98257\repos\epics.dotnet\base-3.15.6\src\ca\legacy\pcas\debug_lib\casasyncwriteio.obj
c:\users\ktn98257\repos\epics.dotnet\base-3.15.6\src\ca\legacy\pcas\debug_lib\casasyncwriteioi.obj
c:\users\ktn98257\repos\epics.dotnet\base-3.15.6\src\ca\legacy\pcas\debug_lib\casbufferfactory.obj
c:\users\ktn98257\repos\epics.dotnet\base-3.15.6\src\ca\legacy\pcas\debug_lib\caschannel.obj
c:\users\ktn98257\repos\epics.dotnet\base-3.15.6\src\ca\legacy\pcas\debug_lib\caschanneli.obj
c:\users\ktn98257\repos\epics.dotnet\base-3.15.6\src\ca\legacy\pcas\debug_lib\cascoreclient.obj
c:\users\ktn98257\repos\epics.dotnet\base-3.15.6\src\ca\legacy\pcas\debug_lib\casctx.obj
c:\users\ktn98257\repos\epics.dotnet\base-3.15.6\src\ca\legacy\pcas\debug_lib\casdgintfio.obj
c:\users\ktn98257\repos\epics.dotnet\base-3.15.6\src\ca\legacy\pcas\debug_lib\casdgintfos.obj
c:\users\ktn98257\repos\epics.dotnet\base-3.15.6\src\ca\legacy\pcas\debug_lib\caserver.obj
c:\users\ktn98257\repos\epics.dotnet\base-3.15.6\src\ca\legacy\pcas\debug_lib\caserveri.obj
c:\users\ktn98257\repos\epics.dotnet\base-3.15.6\src\ca\legacy\pcas\debug_lib\caserverio.obj
c:\users\ktn98257\repos\epics.dotnet\base-3.15.6\src\ca\legacy\pcas\debug_lib\caserveros.obj
c:\users\ktn98257\repos\epics.dotnet\base-3.15.6\src\ca\legacy\pcas\debug_lib\caseventmask.obj
c:\users\ktn98257\repos\epics.dotnet\base-3.15.6\src\ca\legacy\pcas\debug_lib\caseventsys.obj
c:\users\ktn98257\repos\epics.dotnet\base-3.15.6\src\ca\legacy\pcas\debug_lib\casintfio.obj
c:\users\ktn98257\repos\epics.dotnet\base-3.15.6\src\ca\legacy\pcas\debug_lib\casintfos.obj
c:\users\ktn98257\repos\epics.dotnet\base-3.15.6\src\ca\legacy\pcas\debug_lib\casmonevent.obj
c:\users\ktn98257\repos\epics.dotnet\base-3.15.6\src\ca\legacy\pcas\debug_lib\casmonitor.obj
c:\users\ktn98257\repos\epics.dotnet\base-3.15.6\src\ca\legacy\pcas\debug_lib\caspv.obj
c:\users\ktn98257\repos\epics.dotnet\base-3.15.6\src\ca\legacy\pcas\debug_lib\casstreamio.obj
c:\users\ktn98257\repos\epics.dotnet\base-3.15.6\src\ca\legacy\pcas\debug_lib\casstreamos.obj
c:\users\ktn98257\repos\epics.dotnet\base-3.15.6\src\ca\legacy\pcas\debug_lib\chanintfforpv.obj
c:\users\ktn98257\repos\epics.dotnet\base-3.15.6\src\ca\legacy\pcas\debug_lib\channeldestroyevent.obj
c:\users\ktn98257\repos\epics.dotnet\base-3.15.6\src\ca\legacy\pcas\debug_lib\clientbufmemorymanager.obj
c:\users\ktn98257\repos\epics.dotnet\base-3.15.6\src\ca\legacy\pcas\debug_lib\inbuf.obj
c:\users\ktn98257\repos\epics.dotnet\base-3.15.6\src\ca\legacy\pcas\debug_lib\ioblocked.obj
c:\users\ktn98257\repos\epics.dotnet\base-3.15.6\src\ca\legacy\pcas\debug_lib\ipignoreentry.obj
c:\users\ktn98257\repos\epics.dotnet\base-3.15.6\src\ca\legacy\pcas\debug_lib\outbuf.obj
c:\users\ktn98257\repos\epics.dotnet\base-3.15.6\src\ca\legacy\pcas\debug_lib\pvattachreturn.obj
c:\users\ktn98257\repos\epics.dotnet\base-3.15.6\src\ca\legacy\pcas\debug_lib\pvexistreturn.obj
c:\users\ktn98257\repos\epics.dotnet\base-3.15.6\src\ca\legacy\pcas\debug_lib\templateinstances.obj
c:\users\ktn98257\repos\epics.dotnet\base-3.15.6\src\ca\legacy\pcas\debug_lib\cas.idb
c:\users\ktn98257\repos\epics.dotnet\base-3.15.6\src\ca\legacy\pcas\debug_lib\cas.pdb
c:\users\ktn98257\repos\epics.dotnet\base-3.15.6\src\ca\legacy\pcas\debug_lib\beaconanomalygovernor.sbr
c:\users\ktn98257\repos\epics.dotnet\base-3.15.6\src\ca\legacy\pcas\debug_lib\beacontimer.sbr
c:\users\ktn98257\repos\epics.dotnet\base-3.15.6\src\ca\legacy\pcas\debug_lib\canetaddr.sbr
c:\users\ktn98257\repos\epics.dotnet\base-3.15.6\src\ca\legacy\pcas\debug_lib\casasyncioi.sbr
c:\users\ktn98257\repos\epics.dotnet\base-3.15.6\src\ca\legacy\pcas\debug_lib\casasyncpvattachio.sbr
c:\users\ktn98257\repos\epics.dotnet\base-3.15.6\src\ca\legacy\pcas\debug_lib\casasyncpvattachioi.sbr
c:\users\ktn98257\repos\epics.dotnet\base-3.15.6\src\ca\legacy\pcas\debug_lib\casasyncpvexistio.sbr
c:\users\ktn98257\repos\epics.dotnet\base-3.15.6\src\ca\legacy\pcas\debug_lib\casasyncpvexistioi.sbr
c:\users\ktn98257\repos\epics.dotnet\base-3.15.6\src\ca\legacy\pcas\debug_lib\casasyncreadio.sbr
c:\users\ktn98257\repos\epics.dotnet\base-3.15.6\src\ca\legacy\pcas\debug_lib\casasyncreadioi.sbr
c:\users\ktn98257\repos\epics.dotnet\base-3.15.6\src\ca\legacy\pcas\debug_lib\casasyncwriteio.sbr
c:\users\ktn98257\repos\epics.dotnet\base-3.15.6\src\ca\legacy\pcas\debug_lib\casasyncwriteioi.sbr
c:\users\ktn98257\repos\epics.dotnet\base-3.15.6\src\ca\legacy\pcas\debug_lib\casbufferfactory.sbr
c:\users\ktn98257\repos\epics.dotnet\base-3.15.6\src\ca\legacy\pcas\debug_lib\caschannel.sbr
c:\users\ktn98257\repos\epics.dotnet\base-3.15.6\src\ca\legacy\pcas\debug_lib\caschanneli.sbr
c:\users\ktn98257\repos\epics.dotnet\base-3.15.6\src\ca\legacy\pcas\debug_lib\cascoreclient.sbr
c:\users\ktn98257\repos\epics.dotnet\base-3.15.6\src\ca\legacy\pcas\debug_lib\casctx.sbr
c:\users\ktn98257\repos\epics.dotnet\base-3.15.6\src\ca\legacy\pcas\debug_lib\casdgintfio.sbr
c:\users\ktn98257\repos\epics.dotnet\base-3.15.6\src\ca\legacy\pcas\debug_lib\casdgintfos.sbr
c:\users\ktn98257\repos\epics.dotnet\base-3.15.6\src\ca\legacy\pcas\debug_lib\caserver.sbr
c:\users\ktn98257\repos\epics.dotnet\base-3.15.6\src\ca\legacy\pcas\debug_lib\caserveri.sbr
c:\users\ktn98257\repos\epics.dotnet\base-3.15.6\src\ca\legacy\pcas\debug_lib\caserverio.sbr
c:\users\ktn98257\repos\epics.dotnet\base-3.15.6\src\ca\legacy\pcas\debug_lib\caserveros.sbr
c:\users\ktn98257\repos\epics.dotnet\base-3.15.6\src\ca\legacy\pcas\debug_lib\caseventmask.sbr
c:\users\ktn98257\repos\epics.dotnet\base-3.15.6\src\ca\legacy\pcas\debug_lib\caseventsys.sbr
c:\users\ktn98257\repos\epics.dotnet\base-3.15.6\src\ca\legacy\pcas\debug_lib\casintfio.sbr
c:\users\ktn98257\repos\epics.dotnet\base-3.15.6\src\ca\legacy\pcas\debug_lib\casintfos.sbr
c:\users\ktn98257\repos\epics.dotnet\base-3.15.6\src\ca\legacy\pcas\debug_lib\casmonevent.sbr
c:\users\ktn98257\repos\epics.dotnet\base-3.15.6\src\ca\legacy\pcas\debug_lib\casmonitor.sbr
c:\users\ktn98257\repos\epics.dotnet\base-3.15.6\src\ca\legacy\pcas\debug_lib\caspv.sbr
c:\users\ktn98257\repos\epics.dotnet\base-3.15.6\src\ca\legacy\pcas\debug_lib\casstreamio.sbr
c:\users\ktn98257\repos\epics.dotnet\base-3.15.6\src\ca\legacy\pcas\debug_lib\casstreamos.sbr
c:\users\ktn98257\repos\epics.dotnet\base-3.15.6\src\ca\legacy\pcas\debug_lib\chanintfforpv.sbr
c:\users\ktn98257\repos\epics.dotnet\base-3.15.6\src\ca\legacy\pcas\debug_lib\channeldestroyevent.sbr
c:\users\ktn98257\repos\epics.dotnet\base-3.15.6\src\ca\legacy\pcas\debug_lib\clientbufmemorymanager.sbr
c:\users\ktn98257\repos\epics.dotnet\base-3.15.6\src\ca\legacy\pcas\debug_lib\inbuf.sbr
c:\users\ktn98257\repos\epics.dotnet\base-3.15.6\src\ca\legacy\pcas\debug_lib\ioblocked.sbr
c:\users\ktn98257\repos\epics.dotnet\base-3.15.6\src\ca\legacy\pcas\debug_lib\ipignoreentry.sbr
c:\users\ktn98257\repos\epics.dotnet\base-3.15.6\src\ca\legacy\pcas\debug_lib\outbuf.sbr
c:\users\ktn98257\repos\epics.dotnet\base-3.15.6\src\ca\legacy\pcas\debug_lib\pvattachreturn.sbr
c:\users\ktn98257\repos\epics.dotnet\base-3.15.6\src\ca\legacy\pcas\debug_lib\pvexistreturn.sbr
c:\users\ktn98257\repos\epics.dotnet\base-3.15.6\src\ca\legacy\pcas\debug_lib\templateinstances.sbr
c:\users\ktn98257\repos\epics.dotnet\base-3.15.6\src\ca\legacy\pcas\debug_lib\cas.tlog\cl.command.1.tlog
